<?xml version="1.0" encoding="UTF-8"?>
<coverage generated="1771844707496" clover="3.2.0">
  <project timestamp="1771844707497" name="All files">
    <metrics statements="2664" coveredstatements="2290" conditionals="2140" coveredconditionals="1332" methods="508" coveredmethods="408" elements="5312" coveredelements="4030" complexity="0" loc="2664" ncloc="2664" packages="26" files="64" classes="64"/>
    <package name="src">
      <metrics statements="49" coveredstatements="48" conditionals="10" coveredconditionals="8" methods="5" coveredmethods="4"/>
      <file name="app.controller.ts" path="C:\Users\Hassa\Documents\Magnus_Copo_documents\Magnus_Copo_Workspace_Files\Split_flow_final_prod\backend\src\app.controller.ts">
        <metrics statements="6" coveredstatements="6" conditionals="4" coveredconditionals="3" methods="2" coveredmethods="2"/>
        <line num="1" count="5" type="stmt"/>
        <line num="2" count="5" type="stmt"/>
        <line num="5" count="5" type="stmt"/>
        <line num="6" count="1" type="cond" truecount="3" falsecount="1"/>
        <line num="9" count="5" type="stmt"/>
        <line num="10" count="1" type="stmt"/>
      </file>
      <file name="app.module.ts" path="C:\Users\Hassa\Documents\Magnus_Copo_documents\Magnus_Copo_Workspace_Files\Split_flow_final_prod\backend\src\app.module.ts">
        <metrics statements="21" coveredstatements="20" conditionals="0" coveredconditionals="0" methods="1" coveredmethods="0"/>
        <line num="1" count="4" type="stmt"/>
        <line num="2" count="4" type="stmt"/>
        <line num="3" count="4" type="stmt"/>
        <line num="4" count="4" type="stmt"/>
        <line num="5" count="4" type="stmt"/>
        <line num="6" count="4" type="stmt"/>
        <line num="7" count="4" type="stmt"/>
        <line num="8" count="4" type="stmt"/>
        <line num="9" count="4" type="stmt"/>
        <line num="10" count="4" type="stmt"/>
        <line num="11" count="4" type="stmt"/>
        <line num="12" count="4" type="stmt"/>
        <line num="13" count="4" type="stmt"/>
        <line num="14" count="4" type="stmt"/>
        <line num="15" count="4" type="stmt"/>
        <line num="16" count="4" type="stmt"/>
        <line num="17" count="4" type="stmt"/>
        <line num="18" count="4" type="stmt"/>
        <line num="19" count="4" type="stmt"/>
        <line num="28" count="0" type="stmt"/>
        <line num="63" count="4" type="stmt"/>
      </file>
      <file name="app.service.ts" path="C:\Users\Hassa\Documents\Magnus_Copo_documents\Magnus_Copo_Workspace_Files\Split_flow_final_prod\backend\src\app.service.ts">
        <metrics statements="3" coveredstatements="3" conditionals="0" coveredconditionals="0" methods="1" coveredmethods="1"/>
        <line num="1" count="5" type="stmt"/>
        <line num="4" count="5" type="stmt"/>
        <line num="6" count="1" type="stmt"/>
      </file>
      <file name="main.ts" path="C:\Users\Hassa\Documents\Magnus_Copo_documents\Magnus_Copo_Workspace_Files\Split_flow_final_prod\backend\src\main.ts">
        <metrics statements="19" coveredstatements="19" conditionals="6" coveredconditionals="5" methods="1" coveredmethods="1"/>
        <line num="1" count="3" type="stmt"/>
        <line num="2" count="3" type="stmt"/>
        <line num="3" count="3" type="stmt"/>
        <line num="4" count="3" type="stmt"/>
        <line num="5" count="3" type="stmt"/>
        <line num="8" count="3" type="stmt"/>
        <line num="10" count="3" type="stmt"/>
        <line num="12" count="3" type="stmt"/>
        <line num="13" count="3" type="stmt"/>
        <line num="14" count="3" type="stmt"/>
        <line num="17" count="3" type="cond" truecount="2" falsecount="0"/>
        <line num="18" count="1" type="stmt"/>
        <line num="19" count="2" type="cond" truecount="2" falsecount="0"/>
        <line num="20" count="1" type="stmt"/>
        <line num="22" count="1" type="stmt"/>
        <line num="25" count="3" type="stmt"/>
        <line num="31" count="3" type="stmt"/>
        <line num="39" count="3" type="cond" truecount="1" falsecount="1"/>
        <line num="42" count="3" type="stmt"/>
      </file>
    </package>
    <package name="src.admin">
      <metrics statements="32" coveredstatements="32" conditionals="22" coveredconditionals="19" methods="10" coveredmethods="10"/>
      <file name="admin.controller.ts" path="C:\Users\Hassa\Documents\Magnus_Copo_documents\Magnus_Copo_Workspace_Files\Split_flow_final_prod\backend\src\admin\admin.controller.ts">
        <metrics statements="9" coveredstatements="9" conditionals="4" coveredconditionals="3" methods="3" coveredmethods="3"/>
        <line num="1" count="6" type="stmt"/>
        <line num="2" count="6" type="stmt"/>
        <line num="3" count="6" type="stmt"/>
        <line num="4" count="6" type="stmt"/>
        <line num="7" count="16" type="stmt"/>
        <line num="11" count="6" type="stmt"/>
        <line num="12" count="2" type="cond" truecount="3" falsecount="1"/>
        <line num="16" count="6" type="stmt"/>
        <line num="17" count="1" type="stmt"/>
      </file>
      <file name="admin.module.ts" path="C:\Users\Hassa\Documents\Magnus_Copo_documents\Magnus_Copo_Workspace_Files\Split_flow_final_prod\backend\src\admin\admin.module.ts">
        <metrics statements="6" coveredstatements="6" conditionals="0" coveredconditionals="0" methods="0" coveredmethods="0"/>
        <line num="1" count="4" type="stmt"/>
        <line num="2" count="4" type="stmt"/>
        <line num="3" count="4" type="stmt"/>
        <line num="4" count="4" type="stmt"/>
        <line num="5" count="4" type="stmt"/>
        <line num="12" count="4" type="stmt"/>
      </file>
      <file name="admin.service.ts" path="C:\Users\Hassa\Documents\Magnus_Copo_documents\Magnus_Copo_Workspace_Files\Split_flow_final_prod\backend\src\admin\admin.service.ts">
        <metrics statements="17" coveredstatements="17" conditionals="18" coveredconditionals="16" methods="7" coveredmethods="7"/>
        <line num="1" count="7" type="stmt"/>
        <line num="2" count="7" type="stmt"/>
        <line num="3" count="7" type="stmt"/>
        <line num="6" count="7" type="stmt"/>
        <line num="8" count="38" type="cond" truecount="6" falsecount="2"/>
        <line num="9" count="38" type="stmt"/>
        <line num="13" count="37" type="stmt"/>
        <line num="18" count="38" type="stmt"/>
        <line num="19" count="37" type="stmt"/>
        <line num="20" count="38" type="cond" truecount="2" falsecount="0"/>
        <line num="23" count="37" type="stmt"/>
        <line num="24" count="38" type="cond" truecount="2" falsecount="0"/>
        <line num="28" count="37" type="stmt"/>
        <line num="31" count="37" type="stmt"/>
        <line num="32" count="38" type="stmt"/>
        <line num="33" count="4" type="cond" truecount="2" falsecount="0"/>
        <line num="37" count="37" type="stmt"/>
      </file>
    </package>
    <package name="src.announcements">
      <metrics statements="37" coveredstatements="37" conditionals="8" coveredconditionals="6" methods="13" coveredmethods="13"/>
      <file name="announcements.controller.ts" path="C:\Users\Hassa\Documents\Magnus_Copo_documents\Magnus_Copo_Workspace_Files\Split_flow_final_prod\backend\src\announcements\announcements.controller.ts">
        <metrics statements="17" coveredstatements="17" conditionals="4" coveredconditionals="3" methods="6" coveredmethods="6"/>
        <line num="1" count="5" type="stmt"/>
        <line num="11" count="5" type="stmt"/>
        <line num="12" count="5" type="stmt"/>
        <line num="13" count="5" type="stmt"/>
        <line num="14" count="5" type="stmt"/>
        <line num="18" count="5" type="stmt"/>
        <line num="19" count="6" type="cond" truecount="3" falsecount="1"/>
        <line num="23" count="5" type="stmt"/>
        <line num="24" count="1" type="stmt"/>
        <line num="28" count="5" type="stmt"/>
        <line num="29" count="1" type="stmt"/>
        <line num="33" count="5" type="stmt"/>
        <line num="34" count="1" type="stmt"/>
        <line num="38" count="5" type="stmt"/>
        <line num="39" count="1" type="stmt"/>
        <line num="44" count="5" type="stmt"/>
        <line num="45" count="1" type="stmt"/>
      </file>
      <file name="announcements.module.ts" path="C:\Users\Hassa\Documents\Magnus_Copo_documents\Magnus_Copo_Workspace_Files\Split_flow_final_prod\backend\src\announcements\announcements.module.ts">
        <metrics statements="7" coveredstatements="7" conditionals="0" coveredconditionals="0" methods="0" coveredmethods="0"/>
        <line num="1" count="4" type="stmt"/>
        <line num="2" count="4" type="stmt"/>
        <line num="3" count="4" type="stmt"/>
        <line num="4" count="4" type="stmt"/>
        <line num="5" count="4" type="stmt"/>
        <line num="9" count="4" type="stmt"/>
        <line num="21" count="4" type="stmt"/>
      </file>
      <file name="announcements.service.ts" path="C:\Users\Hassa\Documents\Magnus_Copo_documents\Magnus_Copo_Workspace_Files\Split_flow_final_prod\backend\src\announcements\announcements.service.ts">
        <metrics statements="13" coveredstatements="13" conditionals="4" coveredconditionals="3" methods="7" coveredmethods="7"/>
        <line num="1" count="6" type="stmt"/>
        <line num="2" count="6" type="stmt"/>
        <line num="3" count="6" type="stmt"/>
        <line num="4" count="6" type="stmt"/>
        <line num="10" count="6" type="stmt"/>
        <line num="13" count="50" type="cond" truecount="3" falsecount="1"/>
        <line num="17" count="25" type="stmt"/>
        <line num="22" count="25" type="stmt"/>
        <line num="26" count="1" type="stmt"/>
        <line num="34" count="1" type="stmt"/>
        <line num="38" count="1" type="stmt"/>
        <line num="44" count="20" type="stmt"/>
        <line num="50" count="1" type="stmt"/>
      </file>
    </package>
    <package name="src.announcements.schemas">
      <metrics statements="11" coveredstatements="11" conditionals="4" coveredconditionals="3" methods="0" coveredmethods="0"/>
      <file name="announcement.schema.ts" path="C:\Users\Hassa\Documents\Magnus_Copo_documents\Magnus_Copo_Workspace_Files\Split_flow_final_prod\backend\src\announcements\schemas\announcement.schema.ts">
        <metrics statements="11" coveredstatements="11" conditionals="4" coveredconditionals="3" methods="0" coveredmethods="0"/>
        <line num="1" count="6" type="stmt"/>
        <line num="2" count="6" type="stmt"/>
        <line num="3" count="6" type="stmt"/>
        <line num="8" count="6" type="stmt"/>
        <line num="10" count="6" type="stmt"/>
        <line num="13" count="6" type="stmt"/>
        <line num="16" count="6" type="stmt"/>
        <line num="19" count="6" type="cond" truecount="3" falsecount="1"/>
        <line num="22" count="6" type="stmt"/>
        <line num="28" count="6" type="stmt"/>
        <line num="31" count="6" type="stmt"/>
      </file>
    </package>
    <package name="src.auth">
      <metrics statements="160" coveredstatements="113" conditionals="119" coveredconditionals="56" methods="29" coveredmethods="22"/>
      <file name="auth.controller.ts" path="C:\Users\Hassa\Documents\Magnus_Copo_documents\Magnus_Copo_Workspace_Files\Split_flow_final_prod\backend\src\auth\auth.controller.ts">
        <metrics statements="30" coveredstatements="30" conditionals="22" coveredconditionals="17" methods="9" coveredmethods="9"/>
        <line num="1" count="5" type="stmt"/>
        <line num="10" count="5" type="stmt"/>
        <line num="11" count="5" type="stmt"/>
        <line num="12" count="5" type="stmt"/>
        <line num="13" count="5" type="stmt"/>
        <line num="14" count="5" type="stmt"/>
        <line num="15" count="5" type="stmt"/>
        <line num="16" count="5" type="stmt"/>
        <line num="19" count="5" type="stmt"/>
        <line num="20" count="13" type="cond" truecount="3" falsecount="1"/>
        <line num="26" count="5" type="stmt"/>
        <line num="29" count="1" type="stmt"/>
        <line num="35" count="5" type="cond" truecount="3" falsecount="1"/>
        <line num="36" count="1" type="stmt"/>
        <line num="41" count="5" type="cond" truecount="3" falsecount="1"/>
        <line num="42" count="1" type="stmt"/>
        <line num="47" count="5" type="cond" truecount="3" falsecount="1"/>
        <line num="48" count="1" type="stmt"/>
        <line num="56" count="5" type="stmt"/>
        <line num="59" count="1" type="stmt"/>
        <line num="66" count="5" type="stmt"/>
        <line num="67" count="1" type="stmt"/>
        <line num="71" count="5" type="stmt"/>
        <line num="72" count="4" type="stmt"/>
        <line num="73" count="4" type="cond" truecount="2" falsecount="0"/>
        <line num="74" count="3" type="stmt"/>
        <line num="76" count="1" type="stmt"/>
        <line num="86" count="5" type="stmt"/>
        <line num="87" count="4" type="stmt"/>
        <line num="88" count="4" type="stmt"/>
      </file>
      <file name="auth.module.ts" path="C:\Users\Hassa\Documents\Magnus_Copo_documents\Magnus_Copo_Workspace_Files\Split_flow_final_prod\backend\src\auth\auth.module.ts">
        <metrics statements="12" coveredstatements="10" conditionals="0" coveredconditionals="0" methods="2" coveredmethods="0"/>
        <line num="1" count="4" type="stmt"/>
        <line num="2" count="4" type="stmt"/>
        <line num="3" count="4" type="stmt"/>
        <line num="4" count="4" type="stmt"/>
        <line num="5" count="4" type="stmt"/>
        <line num="6" count="4" type="stmt"/>
        <line num="7" count="4" type="stmt"/>
        <line num="8" count="4" type="stmt"/>
        <line num="9" count="4" type="stmt"/>
        <line num="13" count="0" type="stmt"/>
        <line num="17" count="0" type="stmt"/>
        <line num="28" count="4" type="stmt"/>
      </file>
      <file name="auth.service.ts" path="C:\Users\Hassa\Documents\Magnus_Copo_documents\Magnus_Copo_Workspace_Files\Split_flow_final_prod\backend\src\auth\auth.service.ts">
        <metrics statements="118" coveredstatements="73" conditionals="97" coveredconditionals="39" methods="18" coveredmethods="13"/>
        <line num="1" count="8" type="stmt"/>
        <line num="8" count="8" type="stmt"/>
        <line num="9" count="8" type="stmt"/>
        <line num="10" count="8" type="stmt"/>
        <line num="11" count="8" type="stmt"/>
        <line num="12" count="8" type="stmt"/>
        <line num="15" count="8" type="stmt"/>
        <line num="16" count="29" type="stmt"/>
        <line num="17" count="29" type="stmt"/>
        <line num="22" count="29" type="stmt"/>
        <line num="23" count="29" type="cond" truecount="6" falsecount="2"/>
        <line num="24" count="29" type="stmt"/>
        <line num="28" count="5" type="stmt"/>
        <line num="35" count="5" type="stmt"/>
        <line num="42" count="5" type="stmt"/>
        <line num="43" count="5" type="stmt"/>
        <line num="44" count="5" type="stmt"/>
        <line num="48" count="3" type="stmt"/>
        <line num="49" count="3" type="cond" truecount="4" falsecount="0"/>
        <line num="50" count="1" type="stmt"/>
        <line num="51" count="1" type="stmt"/>
        <line num="53" count="2" type="stmt"/>
        <line num="57" count="0" type="cond" truecount="0" falsecount="2"/>
        <line num="58" count="0" type="cond" truecount="0" falsecount="2"/>
        <line num="59" count="0" type="stmt"/>
        <line num="63" count="0" type="cond" truecount="0" falsecount="2"/>
        <line num="68" count="0" type="cond" truecount="0" falsecount="2"/>
        <line num="69" count="0" type="stmt"/>
        <line num="79" count="0" type="cond" truecount="0" falsecount="2"/>
        <line num="80" count="0" type="cond" truecount="0" falsecount="2"/>
        <line num="84" count="0" type="stmt"/>
        <line num="88" count="0" type="cond" truecount="0" falsecount="4"/>
        <line num="89" count="0" type="stmt"/>
        <line num="92" count="0" type="cond" truecount="0" falsecount="2"/>
        <line num="93" count="0" type="stmt"/>
        <line num="97" count="0" type="cond" truecount="0" falsecount="4"/>
        <line num="98" count="0" type="stmt"/>
        <line num="100" count="0" type="stmt"/>
        <line num="101" count="0" type="stmt"/>
        <line num="102" count="0" type="cond" truecount="0" falsecount="2"/>
        <line num="103" count="0" type="stmt"/>
        <line num="106" count="0" type="cond" truecount="0" falsecount="2"/>
        <line num="107" count="0" type="stmt"/>
        <line num="112" count="0" type="stmt"/>
        <line num="114" count="0" type="cond" truecount="0" falsecount="3"/>
        <line num="116" count="0" type="stmt"/>
        <line num="128" count="0" type="stmt"/>
        <line num="135" count="0" type="stmt"/>
        <line num="140" count="0" type="stmt"/>
        <line num="141" count="0" type="cond" truecount="0" falsecount="4"/>
        <line num="142" count="0" type="stmt"/>
        <line num="144" count="0" type="cond" truecount="0" falsecount="2"/>
        <line num="145" count="0" type="stmt"/>
        <line num="148" count="0" type="stmt"/>
        <line num="155" count="0" type="stmt"/>
        <line num="163" count="0" type="cond" truecount="0" falsecount="3"/>
        <line num="167" count="0" type="stmt"/>
        <line num="170" count="0" type="cond" truecount="0" falsecount="2"/>
        <line num="171" count="0" type="stmt"/>
        <line num="174" count="0" type="stmt"/>
        <line num="179" count="0" type="cond" truecount="0" falsecount="2"/>
        <line num="180" count="0" type="cond" truecount="0" falsecount="2"/>
        <line num="181" count="0" type="stmt"/>
        <line num="185" count="0" type="cond" truecount="0" falsecount="4"/>
        <line num="187" count="0" type="cond" truecount="0" falsecount="2"/>
        <line num="189" count="0" type="stmt"/>
        <line num="196" count="0" type="stmt"/>
        <line num="200" count="4" type="cond" truecount="2" falsecount="0"/>
        <line num="201" count="4" type="stmt"/>
        <line num="207" count="4" type="stmt"/>
        <line num="208" count="4" type="stmt"/>
        <line num="209" count="4" type="stmt"/>
        <line num="211" count="4" type="stmt"/>
        <line num="225" count="7" type="stmt"/>
        <line num="226" count="7" type="stmt"/>
        <line num="228" count="1" type="stmt"/>
        <line num="231" count="6" type="cond" truecount="4" falsecount="0"/>
        <line num="232" count="2" type="stmt"/>
        <line num="235" count="4" type="stmt"/>
        <line num="236" count="4" type="cond" truecount="4" falsecount="0"/>
        <line num="237" count="2" type="stmt"/>
        <line num="240" count="2" type="stmt"/>
        <line num="244" count="2" type="cond" truecount="2" falsecount="0"/>
        <line num="245" count="1" type="stmt"/>
        <line num="248" count="1" type="stmt"/>
        <line num="253" count="1" type="stmt"/>
        <line num="254" count="1" type="stmt"/>
        <line num="255" count="1" type="stmt"/>
        <line num="257" count="1" type="stmt"/>
        <line num="264" count="1" type="stmt"/>
        <line num="265" count="1" type="stmt"/>
        <line num="270" count="12" type="stmt"/>
        <line num="271" count="12" type="cond" truecount="4" falsecount="0"/>
        <line num="272" count="1" type="stmt"/>
        <line num="276" count="12" type="stmt"/>
        <line num="278" count="60" type="stmt"/>
        <line num="279" count="12" type="cond" truecount="1" falsecount="1"/>
        <line num="280" count="12" type="cond" truecount="4" falsecount="0"/>
        <line num="281" count="6" type="stmt"/>
        <line num="287" count="6" type="stmt"/>
        <line num="288" count="6" type="cond" truecount="2" falsecount="0"/>
        <line num="289" count="2" type="stmt"/>
        <line num="294" count="4" type="stmt"/>
        <line num="295" count="4" type="stmt"/>
        <line num="296" count="4" type="stmt"/>
        <line num="304" count="4" type="stmt"/>
        <line num="305" count="4" type="cond" truecount="2" falsecount="0"/>
        <line num="307" count="3" type="stmt"/>
        <line num="308" count="3" type="cond" truecount="2" falsecount="0"/>
        <line num="310" count="2" type="stmt"/>
        <line num="311" count="2" type="stmt"/>
        <line num="313" count="2" type="stmt"/>
        <line num="314" count="2" type="stmt"/>
        <line num="315" count="2" type="stmt"/>
        <line num="319" count="3" type="stmt"/>
        <line num="320" count="3" type="cond" truecount="2" falsecount="0"/>
        <line num="321" count="2" type="stmt"/>
        <line num="322" count="2" type="stmt"/>
      </file>
    </package>
    <package name="src.auth.dto">
      <metrics statements="20" coveredstatements="16" conditionals="4" coveredconditionals="3" methods="0" coveredmethods="0"/>
      <file name="login.dto.ts" path="C:\Users\Hassa\Documents\Magnus_Copo_documents\Magnus_Copo_Workspace_Files\Split_flow_final_prod\backend\src\auth\dto\login.dto.ts">
        <metrics statements="4" coveredstatements="0" conditionals="0" coveredconditionals="0" methods="0" coveredmethods="0"/>
        <line num="1" count="0" type="stmt"/>
        <line num="3" count="0" type="stmt"/>
        <line num="6" count="0" type="stmt"/>
        <line num="9" count="0" type="stmt"/>
      </file>
      <file name="register.dto.ts" path="C:\Users\Hassa\Documents\Magnus_Copo_documents\Magnus_Copo_Workspace_Files\Split_flow_final_prod\backend\src\auth\dto\register.dto.ts">
        <metrics statements="11" coveredstatements="11" conditionals="4" coveredconditionals="3" methods="0" coveredmethods="0"/>
        <line num="1" count="5" type="stmt"/>
        <line num="12" count="5" type="stmt"/>
        <line num="15" count="5" type="stmt"/>
        <line num="17" count="5" type="stmt"/>
        <line num="19" count="5" type="stmt"/>
        <line num="34" count="5" type="stmt"/>
        <line num="42" count="5" type="stmt"/>
        <line num="46" count="5" type="stmt"/>
        <line num="50" count="5" type="stmt"/>
        <line num="54" count="5" type="cond" truecount="3" falsecount="1"/>
        <line num="58" count="5" type="stmt"/>
      </file>
      <file name="social-login.dto.ts" path="C:\Users\Hassa\Documents\Magnus_Copo_documents\Magnus_Copo_Workspace_Files\Split_flow_final_prod\backend\src\auth\dto\social-login.dto.ts">
        <metrics statements="5" coveredstatements="5" conditionals="0" coveredconditionals="0" methods="0" coveredmethods="0"/>
        <line num="1" count="5" type="stmt"/>
        <line num="3" count="5" type="stmt"/>
        <line num="6" count="5" type="stmt"/>
        <line num="10" count="5" type="stmt"/>
        <line num="14" count="5" type="stmt"/>
      </file>
    </package>
    <package name="src.auth.guards">
      <metrics statements="52" coveredstatements="51" conditionals="47" coveredconditionals="43" methods="7" coveredmethods="7"/>
      <file name="jwt-auth.guard.ts" path="C:\Users\Hassa\Documents\Magnus_Copo_documents\Magnus_Copo_Workspace_Files\Split_flow_final_prod\backend\src\auth\guards\jwt-auth.guard.ts">
        <metrics statements="3" coveredstatements="3" conditionals="0" coveredconditionals="0" methods="0" coveredmethods="0"/>
        <line num="1" count="13" type="stmt"/>
        <line num="2" count="13" type="stmt"/>
        <line num="5" count="13" type="stmt"/>
      </file>
      <file name="local-auth.guard.ts" path="C:\Users\Hassa\Documents\Magnus_Copo_documents\Magnus_Copo_Workspace_Files\Split_flow_final_prod\backend\src\auth\guards\local-auth.guard.ts">
        <metrics statements="3" coveredstatements="3" conditionals="0" coveredconditionals="0" methods="0" coveredmethods="0"/>
        <line num="1" count="5" type="stmt"/>
        <line num="2" count="5" type="stmt"/>
        <line num="5" count="5" type="stmt"/>
      </file>
      <file name="permissions.guard.ts" path="C:\Users\Hassa\Documents\Magnus_Copo_documents\Magnus_Copo_Workspace_Files\Split_flow_final_prod\backend\src\auth\guards\permissions.guard.ts">
        <metrics statements="28" coveredstatements="27" conditionals="31" coveredconditionals="27" methods="4" coveredmethods="4"/>
        <line num="1" count="6" type="stmt"/>
        <line num="7" count="6" type="stmt"/>
        <line num="19" count="6" type="stmt"/>
        <line num="53" count="6" type="stmt"/>
        <line num="86" count="6" type="stmt"/>
        <line num="87" count="12" type="cond" truecount="2" falsecount="0"/>
        <line num="89" count="9" type="cond" truecount="2" falsecount="0"/>
        <line num="92" count="9" type="stmt"/>
        <line num="93" count="9" type="cond" truecount="5" falsecount="0"/>
        <line num="94" count="2" type="cond" truecount="1" falsecount="1"/>
        <line num="96" count="9" type="cond" truecount="3" falsecount="1"/>
        <line num="97" count="0" type="cond" truecount="0" falsecount="2"/>
        <line num="100" count="9" type="stmt"/>
        <line num="104" count="6" type="stmt"/>
        <line num="105" count="5" type="cond" truecount="4" falsecount="0"/>
        <line num="108" count="5" type="stmt"/>
        <line num="112" count="5" type="cond" truecount="4" falsecount="0"/>
        <line num="113" count="1" type="stmt"/>
        <line num="116" count="4" type="stmt"/>
        <line num="119" count="4" type="stmt"/>
        <line num="121" count="4" type="cond" truecount="2" falsecount="0"/>
        <line num="124" count="3" type="cond" truecount="2" falsecount="0"/>
        <line num="126" count="2" type="stmt"/>
        <line num="127" count="2" type="stmt"/>
        <line num="128" count="3" type="stmt"/>
        <line num="131" count="2" type="cond" truecount="2" falsecount="0"/>
        <line num="132" count="1" type="stmt"/>
        <line num="135" count="1" type="stmt"/>
      </file>
      <file name="roles.guard.ts" path="C:\Users\Hassa\Documents\Magnus_Copo_documents\Magnus_Copo_Workspace_Files\Split_flow_final_prod\backend\src\auth\guards\roles.guard.ts">
        <metrics statements="18" coveredstatements="18" conditionals="16" coveredconditionals="16" methods="3" coveredmethods="3"/>
        <line num="1" count="9" type="stmt"/>
        <line num="7" count="9" type="stmt"/>
        <line num="10" count="9" type="stmt"/>
        <line num="11" count="32" type="cond" truecount="4" falsecount="0"/>
        <line num="14" count="5" type="stmt"/>
        <line num="15" count="5" type="cond" truecount="2" falsecount="0"/>
        <line num="16" count="1" type="stmt"/>
        <line num="18" count="4" type="stmt"/>
        <line num="19" count="4" type="stmt"/>
        <line num="21" count="4" type="cond" truecount="2" falsecount="0"/>
        <line num="24" count="3" type="cond" truecount="2" falsecount="0"/>
        <line num="26" count="2" type="stmt"/>
        <line num="27" count="2" type="cond" truecount="2" falsecount="0"/>
        <line num="28" count="1" type="cond" truecount="2" falsecount="0"/>
        <line num="30" count="1" type="stmt"/>
        <line num="33" count="2" type="cond" truecount="2" falsecount="0"/>
        <line num="34" count="1" type="stmt"/>
        <line num="37" count="1" type="stmt"/>
      </file>
    </package>
    <package name="src.auth.strategies">
      <metrics statements="25" coveredstatements="25" conditionals="22" coveredconditionals="18" methods="6" coveredmethods="6"/>
      <file name="jwt.strategy.ts" path="C:\Users\Hassa\Documents\Magnus_Copo_documents\Magnus_Copo_Workspace_Files\Split_flow_final_prod\backend\src\auth\strategies\jwt.strategy.ts">
        <metrics statements="7" coveredstatements="7" conditionals="6" coveredconditionals="5" methods="2" coveredmethods="2"/>
        <line num="1" count="5" type="stmt"/>
        <line num="2" count="5" type="stmt"/>
        <line num="3" count="5" type="stmt"/>
        <line num="4" count="5" type="stmt"/>
        <line num="7" count="5" type="stmt"/>
        <line num="9" count="2" type="stmt"/>
        <line num="17" count="1" type="stmt"/>
      </file>
      <file name="local.strategy.ts" path="C:\Users\Hassa\Documents\Magnus_Copo_documents\Magnus_Copo_Workspace_Files\Split_flow_final_prod\backend\src\auth\strategies\local.strategy.ts">
        <metrics statements="18" coveredstatements="18" conditionals="16" coveredconditionals="13" methods="4" coveredmethods="4"/>
        <line num="1" count="5" type="stmt"/>
        <line num="2" count="5" type="stmt"/>
        <line num="3" count="5" type="stmt"/>
        <line num="5" count="5" type="stmt"/>
        <line num="8" count="5" type="stmt"/>
        <line num="9" count="4" type="cond" truecount="3" falsecount="1"/>
        <line num="10" count="4" type="stmt"/>
        <line num="14" count="4" type="cond" truecount="1" falsecount="1"/>
        <line num="15" count="4" type="stmt"/>
        <line num="23" count="4" type="stmt"/>
        <line num="25" count="11" type="cond" truecount="2" falsecount="0"/>
        <line num="27" count="4" type="stmt"/>
        <line num="28" count="20" type="cond" truecount="2" falsecount="0"/>
        <line num="31" count="4" type="stmt"/>
        <line num="36" count="4" type="stmt"/>
        <line num="37" count="4" type="cond" truecount="2" falsecount="0"/>
        <line num="38" count="1" type="stmt"/>
        <line num="40" count="3" type="stmt"/>
      </file>
    </package>
    <package name="src.finance">
      <metrics statements="820" coveredstatements="616" conditionals="766" coveredconditionals="378" methods="142" coveredmethods="112"/>
      <file name="finance.controller.ts" path="C:\Users\Hassa\Documents\Magnus_Copo_documents\Magnus_Copo_Workspace_Files\Split_flow_final_prod\backend\src\finance\finance.controller.ts">
        <metrics statements="38" coveredstatements="38" conditionals="18" coveredconditionals="11" methods="17" coveredmethods="17"/>
        <line num="1" count="5" type="stmt"/>
        <line num="13" count="5" type="stmt"/>
        <line num="14" count="5" type="stmt"/>
        <line num="15" count="5" type="stmt"/>
        <line num="26" count="5" type="stmt"/>
        <line num="27" count="16" type="cond" truecount="3" falsecount="1"/>
        <line num="32" count="5" type="stmt"/>
        <line num="36" count="1" type="stmt"/>
        <line num="40" count="5" type="stmt"/>
        <line num="45" count="1" type="stmt"/>
        <line num="54" count="5" type="stmt"/>
        <line num="62" count="1" type="stmt"/>
        <line num="71" count="5" type="stmt"/>
        <line num="79" count="1" type="stmt"/>
        <line num="90" count="5" type="stmt"/>
        <line num="91" count="1" type="stmt"/>
        <line num="95" count="5" type="stmt"/>
        <line num="99" count="1" type="stmt"/>
        <line num="103" count="5" type="stmt"/>
        <line num="104" count="1" type="stmt"/>
        <line num="108" count="5" type="stmt"/>
        <line num="113" count="1" type="stmt"/>
        <line num="117" count="5" type="stmt"/>
        <line num="118" count="1" type="stmt"/>
        <line num="127" count="5" type="stmt"/>
        <line num="141" count="1" type="stmt"/>
        <line num="157" count="5" type="stmt"/>
        <line num="162" count="1" type="stmt"/>
        <line num="172" count="5" type="stmt"/>
        <line num="173" count="1" type="stmt"/>
        <line num="180" count="5" type="stmt"/>
        <line num="184" count="1" type="stmt"/>
        <line num="191" count="5" type="stmt"/>
        <line num="195" count="1" type="cond" truecount="1" falsecount="1"/>
        <line num="197" count="4" type="stmt"/>
        <line num="199" count="1" type="stmt"/>
        <line num="206" count="5" type="stmt"/>
        <line num="218" count="1" type="stmt"/>
      </file>
      <file name="finance.module.ts" path="C:\Users\Hassa\Documents\Magnus_Copo_documents\Magnus_Copo_Workspace_Files\Split_flow_final_prod\backend\src\finance\finance.module.ts">
        <metrics statements="8" coveredstatements="8" conditionals="0" coveredconditionals="0" methods="0" coveredmethods="0"/>
        <line num="1" count="4" type="stmt"/>
        <line num="2" count="4" type="stmt"/>
        <line num="3" count="4" type="stmt"/>
        <line num="4" count="4" type="stmt"/>
        <line num="5" count="4" type="stmt"/>
        <line num="11" count="4" type="stmt"/>
        <line num="12" count="4" type="stmt"/>
        <line num="27" count="4" type="stmt"/>
      </file>
      <file name="finance.service.ts" path="C:\Users\Hassa\Documents\Magnus_Copo_documents\Magnus_Copo_Workspace_Files\Split_flow_final_prod\backend\src\finance\finance.service.ts">
        <metrics statements="774" coveredstatements="570" conditionals="748" coveredconditionals="367" methods="125" coveredmethods="95"/>
        <line num="1" count="6" type="stmt"/>
        <line num="7" count="6" type="stmt"/>
        <line num="9" count="6" type="stmt"/>
        <line num="10" count="6" type="stmt"/>
        <line num="11" count="6" type="stmt"/>
        <line num="12" count="6" type="stmt"/>
        <line num="13" count="6" type="stmt"/>
        <line num="16" count="6" type="stmt"/>
        <line num="19" count="24" type="cond" truecount="6" falsecount="2"/>
        <line num="20" count="24" type="cond" truecount="3" falsecount="1"/>
        <line num="21" count="24" type="cond" truecount="3" falsecount="1"/>
        <line num="22" count="24" type="stmt"/>
        <line num="27" count="167" type="cond" truecount="2" falsecount="0"/>
        <line num="28" count="108" type="cond" truecount="2" falsecount="0"/>
        <line num="30" count="13" type="cond" truecount="2" falsecount="0"/>
        <line num="31" count="9" type="cond" truecount="2" falsecount="0"/>
        <line num="32" count="1" type="cond" truecount="1" falsecount="1"/>
        <line num="33" count="1" type="stmt"/>
        <line num="37" count="15" type="cond" truecount="1" falsecount="1"/>
        <line num="41" count="9" type="cond" truecount="1" falsecount="2"/>
        <line num="45" count="4" type="cond" truecount="2" falsecount="0"/>
        <line num="46" count="2" type="stmt"/>
        <line num="49" count="3" type="stmt"/>
        <line num="55" count="3" type="cond" truecount="1" falsecount="1"/>
        <line num="56" count="3" type="cond" truecount="1" falsecount="1"/>
        <line num="57" count="0" type="stmt"/>
        <line num="58" count="0" type="cond" truecount="0" falsecount="2"/>
        <line num="60" count="3" type="stmt"/>
        <line num="69" count="8" type="cond" truecount="1" falsecount="1"/>
        <line num="71" count="0" type="cond" truecount="0" falsecount="2"/>
        <line num="74" count="8" type="stmt"/>
        <line num="76" count="8" type="cond" truecount="1" falsecount="2"/>
        <line num="80" count="8" type="stmt"/>
        <line num="81" count="8" type="stmt"/>
        <line num="89" count="8" type="cond" truecount="1" falsecount="1"/>
        <line num="95" count="0" type="stmt"/>
        <line num="96" count="0" type="stmt"/>
        <line num="99" count="8" type="cond" truecount="2" falsecount="2"/>
        <line num="100" count="0" type="cond" truecount="0" falsecount="4"/>
        <line num="101" count="0" type="stmt"/>
        <line num="103" count="0" type="stmt"/>
        <line num="106" count="8" type="stmt"/>
        <line num="116" count="8" type="cond" truecount="1" falsecount="1"/>
        <line num="117" count="8" type="cond" truecount="1" falsecount="1"/>
        <line num="122" count="0" type="stmt"/>
        <line num="124" count="8" type="cond" truecount="4" falsecount="0"/>
        <line num="125" count="1" type="stmt"/>
        <line num="127" count="7" type="stmt"/>
        <line num="144" count="8" type="cond" truecount="2" falsecount="0"/>
        <line num="145" count="8" type="cond" truecount="2" falsecount="0"/>
        <line num="146" count="8" type="cond" truecount="2" falsecount="0"/>
        <line num="147" count="8" type="cond" truecount="2" falsecount="0"/>
        <line num="152" count="8" type="stmt"/>
        <line num="158" count="8" type="stmt"/>
        <line num="163" count="8" type="stmt"/>
        <line num="167" count="8" type="cond" truecount="1" falsecount="1"/>
        <line num="175" count="0" type="stmt"/>
        <line num="176" count="0" type="stmt"/>
        <line num="180" count="8" type="cond" truecount="3" falsecount="1"/>
        <line num="182" count="8" type="stmt"/>
        <line num="190" count="8" type="stmt"/>
        <line num="206" count="0" type="cond" truecount="0" falsecount="4"/>
        <line num="208" count="0" type="stmt"/>
        <line num="209" count="0" type="cond" truecount="0" falsecount="2"/>
        <line num="210" count="0" type="cond" truecount="0" falsecount="2"/>
        <line num="212" count="0" type="stmt"/>
        <line num="213" count="0" type="cond" truecount="0" falsecount="2"/>
        <line num="214" count="0" type="cond" truecount="0" falsecount="2"/>
        <line num="216" count="0" type="stmt"/>
        <line num="228" count="29" type="cond" truecount="3" falsecount="1"/>
        <line num="229" count="29" type="stmt"/>
        <line num="233" count="8" type="cond" truecount="1" falsecount="1"/>
        <line num="235" count="8" type="cond" truecount="1" falsecount="1"/>
        <line num="239" count="8" type="stmt"/>
        <line num="240" count="8" type="stmt"/>
        <line num="242" count="4" type="cond" truecount="1" falsecount="1"/>
        <line num="244" count="4" type="stmt"/>
        <line num="246" count="8" type="stmt"/>
        <line num="248" count="4" type="cond" truecount="2" falsecount="0"/>
        <line num="249" count="3" type="stmt"/>
        <line num="252" count="3" type="stmt"/>
        <line num="256" count="8" type="stmt"/>
        <line num="257" count="8" type="stmt"/>
        <line num="258" count="10" type="stmt"/>
        <line num="261" count="8" type="stmt"/>
        <line num="278" count="8" type="stmt"/>
        <line num="279" count="8" type="stmt"/>
        <line num="280" count="4" type="cond" truecount="2" falsecount="0"/>
        <line num="281" count="4" type="cond" truecount="2" falsecount="0"/>
        <line num="282" count="4" type="cond" truecount="1" falsecount="2"/>
        <line num="284" count="4" type="cond" truecount="4" falsecount="0"/>
        <line num="288" count="4" type="stmt"/>
        <line num="295" count="8" type="stmt"/>
        <line num="306" count="8" type="stmt"/>
        <line num="307" count="8" type="stmt"/>
        <line num="308" count="8" type="stmt"/>
        <line num="310" count="8" type="stmt"/>
        <line num="311" count="4" type="stmt"/>
        <line num="312" count="4" type="cond" truecount="4" falsecount="0"/>
        <line num="313" count="3" type="cond" truecount="3" falsecount="0"/>
        <line num="314" count="3" type="stmt"/>
        <line num="317" count="8" type="stmt"/>
        <line num="318" count="8" type="stmt"/>
        <line num="319" count="10" type="cond" truecount="2" falsecount="0"/>
        <line num="321" count="7" type="cond" truecount="3" falsecount="0"/>
        <line num="322" count="7" type="stmt"/>
        <line num="325" count="8" type="stmt"/>
        <line num="335" count="8" type="cond" truecount="2" falsecount="0"/>
        <line num="337" count="3" type="cond" truecount="2" falsecount="0"/>
        <line num="339" count="3" type="cond" truecount="2" falsecount="0"/>
        <line num="341" count="1" type="stmt"/>
        <line num="356" count="8" type="cond" truecount="2" falsecount="0"/>
        <line num="359" count="8" type="cond" truecount="2" falsecount="0"/>
        <line num="361" count="8" type="cond" truecount="2" falsecount="0"/>
        <line num="367" count="8" type="cond" truecount="2" falsecount="0"/>
        <line num="371" count="8" type="stmt"/>
        <line num="376" count="8" type="stmt"/>
        <line num="381" count="8" type="stmt"/>
        <line num="382" count="8" type="cond" truecount="2" falsecount="0"/>
        <line num="384" count="8" type="cond" truecount="4" falsecount="0"/>
        <line num="385" count="8" type="stmt"/>
        <line num="389" count="8" type="cond" truecount="3" falsecount="0"/>
        <line num="391" count="8" type="cond" truecount="4" falsecount="0"/>
        <line num="397" count="8" type="cond" truecount="2" falsecount="0"/>
        <line num="402" count="8" type="cond" truecount="2" falsecount="0"/>
        <line num="410" count="8" type="stmt"/>
        <line num="416" count="8" type="stmt"/>
        <line num="421" count="8" type="stmt"/>
        <line num="429" count="8" type="stmt"/>
        <line num="464" count="4" type="cond" truecount="2" falsecount="4"/>
        <line num="465" count="0" type="stmt"/>
        <line num="467" count="4" type="cond" truecount="1" falsecount="1"/>
        <line num="468" count="4" type="cond" truecount="4" falsecount="0"/>
        <line num="470" count="3" type="stmt"/>
        <line num="471" count="3" type="cond" truecount="2" falsecount="3"/>
        <line num="472" count="3" type="cond" truecount="2" falsecount="3"/>
        <line num="474" count="3" type="stmt"/>
        <line num="478" count="10" type="cond" truecount="1" falsecount="1"/>
        <line num="479" count="16" type="cond" truecount="1" falsecount="1"/>
        <line num="480" count="16" type="cond" truecount="1" falsecount="1"/>
        <line num="482" count="16" type="cond" truecount="2" falsecount="0"/>
        <line num="483" count="16" type="cond" truecount="1" falsecount="1"/>
        <line num="484" count="16" type="stmt"/>
        <line num="487" count="10" type="stmt"/>
        <line num="488" count="10" type="cond" truecount="2" falsecount="0"/>
        <line num="489" count="10" type="stmt"/>
        <line num="490" count="16" type="stmt"/>
        <line num="494" count="10" type="cond" truecount="2" falsecount="3"/>
        <line num="495" count="0" type="stmt"/>
        <line num="501" count="10" type="stmt"/>
        <line num="502" count="10" type="stmt"/>
        <line num="503" count="16" type="stmt"/>
        <line num="504" count="16" type="cond" truecount="1" falsecount="1"/>
        <line num="505" count="16" type="cond" truecount="1" falsecount="1"/>
        <line num="506" count="16" type="stmt"/>
        <line num="510" count="10" type="stmt"/>
        <line num="518" count="3" type="cond" truecount="1" falsecount="1"/>
        <line num="519" count="6" type="stmt"/>
        <line num="520" count="0" type="stmt"/>
        <line num="529" count="9" type="stmt"/>
        <line num="530" count="9" type="cond" truecount="1" falsecount="1"/>
        <line num="531" count="14" type="stmt"/>
        <line num="532" count="14" type="stmt"/>
        <line num="533" count="14" type="cond" truecount="3" falsecount="1"/>
        <line num="535" count="9" type="stmt"/>
        <line num="536" count="9" type="stmt"/>
        <line num="537" count="9" type="cond" truecount="2" falsecount="2"/>
        <line num="538" count="9" type="stmt"/>
        <line num="550" count="3" type="stmt"/>
        <line num="555" count="3" type="stmt"/>
        <line num="556" count="3" type="stmt"/>
        <line num="557" count="6" type="stmt"/>
        <line num="559" count="3" type="stmt"/>
        <line num="560" count="3" type="stmt"/>
        <line num="571" count="9" type="stmt"/>
        <line num="572" count="9" type="cond" truecount="1" falsecount="1"/>
        <line num="574" count="9" type="cond" truecount="2" falsecount="0"/>
        <line num="576" count="2" type="stmt"/>
        <line num="578" count="2" type="stmt"/>
        <line num="579" count="2" type="cond" truecount="1" falsecount="1"/>
        <line num="580" count="2" type="stmt"/>
        <line num="582" count="2" type="cond" truecount="3" falsecount="1"/>
        <line num="583" count="0" type="stmt"/>
        <line num="586" count="2" type="stmt"/>
        <line num="593" count="3" type="stmt"/>
        <line num="594" count="3" type="cond" truecount="1" falsecount="1"/>
        <line num="596" count="0" type="stmt"/>
        <line num="598" count="0" type="cond" truecount="0" falsecount="2"/>
        <line num="599" count="0" type="cond" truecount="0" falsecount="2"/>
        <line num="601" count="0" type="stmt"/>
        <line num="602" count="0" type="cond" truecount="0" falsecount="4"/>
        <line num="603" count="0" type="stmt"/>
        <line num="608" count="0" type="stmt"/>
        <line num="612" count="3" type="cond" truecount="4" falsecount="0"/>
        <line num="613" count="1" type="stmt"/>
        <line num="623" count="2" type="stmt"/>
        <line num="626" count="2" type="stmt"/>
        <line num="628" count="2" type="cond" truecount="2" falsecount="0"/>
        <line num="629" count="1" type="stmt"/>
        <line num="640" count="1" type="cond" truecount="1" falsecount="1"/>
        <line num="641" count="0" type="stmt"/>
        <line num="646" count="1" type="stmt"/>
        <line num="647" count="1" type="stmt"/>
        <line num="649" count="1" type="cond" truecount="1" falsecount="1"/>
        <line num="650" count="0" type="stmt"/>
        <line num="655" count="1" type="stmt"/>
        <line num="657" count="1" type="stmt"/>
        <line num="658" count="1" type="cond" truecount="1" falsecount="1"/>
        <line num="660" count="1" type="cond" truecount="1" falsecount="1"/>
        <line num="661" count="2" type="stmt"/>
        <line num="662" count="2" type="cond" truecount="1" falsecount="1"/>
        <line num="665" count="1" type="stmt"/>
        <line num="673" count="1" type="stmt"/>
        <line num="674" count="1" type="cond" truecount="2" falsecount="0"/>
        <line num="676" count="1" type="cond" truecount="1" falsecount="1"/>
        <line num="677" count="0" type="stmt"/>
        <line num="680" count="1" type="stmt"/>
        <line num="681" count="1" type="cond" truecount="1" falsecount="1"/>
        <line num="682" count="0" type="stmt"/>
        <line num="685" count="1" type="stmt"/>
        <line num="689" count="1" type="stmt"/>
        <line num="690" count="1" type="stmt"/>
        <line num="691" count="1" type="stmt"/>
        <line num="710" count="1" type="stmt"/>
        <line num="713" count="1" type="stmt"/>
        <line num="716" count="1" type="cond" truecount="1" falsecount="1"/>
        <line num="717" count="1" type="stmt"/>
        <line num="720" count="1" type="stmt"/>
        <line num="723" count="1" type="stmt"/>
        <line num="727" count="1" type="stmt"/>
        <line num="743" count="1" type="cond" truecount="3" falsecount="1"/>
        <line num="744" count="0" type="stmt"/>
        <line num="748" count="1" type="cond" truecount="1" falsecount="1"/>
        <line num="752" count="0" type="stmt"/>
        <line num="763" count="1" type="cond" truecount="2" falsecount="2"/>
        <line num="764" count="0" type="stmt"/>
        <line num="767" count="1" type="cond" truecount="1" falsecount="1"/>
        <line num="768" count="1" type="cond" truecount="1" falsecount="1"/>
        <line num="769" count="0" type="stmt"/>
        <line num="773" count="1" type="stmt"/>
        <line num="776" count="0" type="stmt"/>
        <line num="782" count="0" type="cond" truecount="0" falsecount="2"/>
        <line num="783" count="0" type="stmt"/>
        <line num="786" count="0" type="stmt"/>
        <line num="787" count="0" type="stmt"/>
        <line num="788" count="0" type="cond" truecount="0" falsecount="4"/>
        <line num="789" count="0" type="stmt"/>
        <line num="792" count="0" type="cond" truecount="0" falsecount="2"/>
        <line num="793" count="0" type="cond" truecount="0" falsecount="2"/>
        <line num="796" count="0" type="cond" truecount="0" falsecount="2"/>
        <line num="800" count="0" type="stmt"/>
        <line num="804" count="0" type="stmt"/>
        <line num="811" count="1" type="stmt"/>
        <line num="812" count="1" type="stmt"/>
        <line num="818" count="1" type="stmt"/>
        <line num="828" count="1" type="stmt"/>
        <line num="829" count="2" type="stmt"/>
        <line num="830" count="2" type="cond" truecount="4" falsecount="0"/>
        <line num="831" count="1" type="stmt"/>
        <line num="839" count="1" type="stmt"/>
        <line num="840" count="1" type="stmt"/>
        <line num="841" count="0" type="cond" truecount="0" falsecount="2"/>
        <line num="842" count="0" type="stmt"/>
        <line num="852" count="4" type="cond" truecount="2" falsecount="0"/>
        <line num="853" count="1" type="stmt"/>
        <line num="857" count="3" type="cond" truecount="1" falsecount="1"/>
        <line num="858" count="0" type="stmt"/>
        <line num="867" count="3" type="cond" truecount="1" falsecount="1"/>
        <line num="868" count="0" type="stmt"/>
        <line num="873" count="3" type="stmt"/>
        <line num="874" count="6" type="stmt"/>
        <line num="876" count="3" type="cond" truecount="2" falsecount="0"/>
        <line num="877" count="1" type="stmt"/>
        <line num="882" count="2" type="cond" truecount="1" falsecount="1"/>
        <line num="883" count="0" type="stmt"/>
        <line num="888" count="1" type="stmt"/>
        <line num="889" count="1" type="stmt"/>
        <line num="890" count="2" type="cond" truecount="1" falsecount="1"/>
        <line num="892" count="1" type="stmt"/>
        <line num="900" count="1" type="stmt"/>
        <line num="907" count="1" type="stmt"/>
        <line num="908" count="1" type="stmt"/>
        <line num="909" count="0" type="stmt"/>
        <line num="922" count="1" type="stmt"/>
        <line num="929" count="1" type="stmt"/>
        <line num="930" count="1" type="stmt"/>
        <line num="931" count="0" type="stmt"/>
        <line num="944" count="2" type="stmt"/>
        <line num="945" count="2" type="stmt"/>
        <line num="946" count="0" type="cond" truecount="0" falsecount="2"/>
        <line num="947" count="0" type="cond" truecount="0" falsecount="2"/>
        <line num="951" count="0" type="stmt"/>
        <line num="954" count="2" type="stmt"/>
        <line num="962" count="2" type="cond" truecount="1" falsecount="1"/>
        <line num="964" count="2" type="stmt"/>
        <line num="965" count="4" type="cond" truecount="2" falsecount="0"/>
        <line num="967" count="2" type="cond" truecount="2" falsecount="0"/>
        <line num="968" count="2" type="stmt"/>
        <line num="973" count="2" type="cond" truecount="1" falsecount="1"/>
        <line num="975" count="0" type="stmt"/>
        <line num="976" count="0" type="stmt"/>
        <line num="977" count="0" type="stmt"/>
        <line num="978" count="0" type="stmt"/>
        <line num="991" count="3" type="stmt"/>
        <line num="992" count="3" type="stmt"/>
        <line num="996" count="0" type="stmt"/>
        <line num="1008" count="0" type="cond" truecount="0" falsecount="2"/>
        <line num="1010" count="0" type="cond" truecount="0" falsecount="2"/>
        <line num="1011" count="0" type="stmt"/>
        <line num="1013" count="0" type="cond" truecount="0" falsecount="2"/>
        <line num="1014" count="0" type="stmt"/>
        <line num="1016" count="0" type="stmt"/>
        <line num="1027" count="0" type="cond" truecount="0" falsecount="2"/>
        <line num="1029" count="0" type="cond" truecount="0" falsecount="2"/>
        <line num="1030" count="0" type="stmt"/>
        <line num="1033" count="0" type="stmt"/>
        <line num="1038" count="0" type="cond" truecount="0" falsecount="2"/>
        <line num="1040" count="0" type="stmt"/>
        <line num="1041" count="0" type="cond" truecount="0" falsecount="4"/>
        <line num="1042" count="0" type="stmt"/>
        <line num="1044" count="0" type="cond" truecount="0" falsecount="4"/>
        <line num="1045" count="0" type="stmt"/>
        <line num="1050" count="0" type="stmt"/>
        <line num="1062" count="0" type="stmt"/>
        <line num="1063" count="0" type="cond" truecount="0" falsecount="2"/>
        <line num="1064" count="0" type="stmt"/>
        <line num="1067" count="0" type="cond" truecount="0" falsecount="2"/>
        <line num="1068" count="0" type="stmt"/>
        <line num="1071" count="0" type="stmt"/>
        <line num="1075" count="0" type="cond" truecount="0" falsecount="2"/>
        <line num="1076" count="0" type="stmt"/>
        <line num="1081" count="0" type="stmt"/>
        <line num="1082" count="0" type="cond" truecount="0" falsecount="2"/>
        <line num="1084" count="0" type="cond" truecount="0" falsecount="4"/>
        <line num="1088" count="0" type="stmt"/>
        <line num="1091" count="0" type="stmt"/>
        <line num="1097" count="0" type="stmt"/>
        <line num="1111" count="0" type="stmt"/>
        <line num="1127" count="1" type="stmt"/>
        <line num="1132" count="1" type="cond" truecount="1" falsecount="1"/>
        <line num="1133" count="0" type="stmt"/>
        <line num="1135" count="1" type="cond" truecount="1" falsecount="1"/>
        <line num="1136" count="0" type="stmt"/>
        <line num="1138" count="1" type="stmt"/>
        <line num="1142" count="1" type="stmt"/>
        <line num="1143" count="1" type="stmt"/>
        <line num="1144" count="1" type="stmt"/>
        <line num="1145" count="1" type="stmt"/>
        <line num="1146" count="1" type="stmt"/>
        <line num="1147" count="1" type="stmt"/>
        <line num="1149" count="1" type="stmt"/>
        <line num="1150" count="1" type="stmt"/>
        <line num="1151" count="1" type="cond" truecount="1" falsecount="1"/>
        <line num="1152" count="1" type="cond" truecount="1" falsecount="1"/>
        <line num="1154" count="1" type="cond" truecount="1" falsecount="1"/>
        <line num="1155" count="1" type="cond" truecount="2" falsecount="0"/>
        <line num="1158" count="1" type="cond" truecount="2" falsecount="1"/>
        <line num="1159" count="1" type="stmt"/>
        <line num="1160" count="1" type="cond" truecount="1" falsecount="1"/>
        <line num="1161" count="1" type="cond" truecount="2" falsecount="0"/>
        <line num="1165" count="1" type="cond" truecount="3" falsecount="0"/>
        <line num="1166" count="1" type="cond" truecount="1" falsecount="1"/>
        <line num="1168" count="0" type="cond" truecount="0" falsecount="2"/>
        <line num="1169" count="0" type="stmt"/>
        <line num="1170" count="0" type="cond" truecount="0" falsecount="2"/>
        <line num="1171" count="0" type="stmt"/>
        <line num="1174" count="1" type="stmt"/>
        <line num="1188" count="1" type="stmt"/>
        <line num="1189" count="1" type="stmt"/>
        <line num="1195" count="0" type="stmt"/>
        <line num="1199" count="1" type="stmt"/>
        <line num="1200" count="1" type="stmt"/>
        <line num="1201" count="0" type="stmt"/>
        <line num="1207" count="1" type="stmt"/>
        <line num="1208" count="0" type="stmt"/>
        <line num="1213" count="0" type="stmt"/>
        <line num="1217" count="4" type="stmt"/>
        <line num="1220" count="4" type="cond" truecount="2" falsecount="0"/>
        <line num="1222" count="3" type="stmt"/>
        <line num="1223" count="3" type="cond" truecount="1" falsecount="1"/>
        <line num="1224" count="0" type="stmt"/>
        <line num="1226" count="3" type="stmt"/>
        <line num="1227" count="3" type="stmt"/>
        <line num="1228" count="2" type="stmt"/>
        <line num="1230" count="1" type="stmt"/>
        <line num="1231" count="1" type="stmt"/>
        <line num="1232" count="1" type="stmt"/>
        <line num="1238" count="1" type="stmt"/>
        <line num="1239" count="1" type="cond" truecount="1" falsecount="1"/>
        <line num="1241" count="1" type="stmt"/>
        <line num="1242" count="1" type="cond" truecount="2" falsecount="0"/>
        <line num="1243" count="1" type="stmt"/>
        <line num="1252" count="1" type="stmt"/>
        <line num="1253" count="1" type="stmt"/>
        <line num="1259" count="1" type="stmt"/>
        <line num="1265" count="1" type="stmt"/>
        <line num="1285" count="1" type="stmt"/>
        <line num="1287" count="1" type="cond" truecount="1" falsecount="1"/>
        <line num="1288" count="1" type="stmt"/>
        <line num="1297" count="1" type="stmt"/>
        <line num="1306" count="4" type="stmt"/>
        <line num="1307" count="4" type="cond" truecount="1" falsecount="1"/>
        <line num="1308" count="4" type="stmt"/>
        <line num="1310" count="3" type="stmt"/>
        <line num="1311" count="3" type="stmt"/>
        <line num="1312" count="3" type="cond" truecount="1" falsecount="1"/>
        <line num="1314" count="3" type="stmt"/>
        <line num="1315" count="3" type="stmt"/>
        <line num="1316" count="3" type="stmt"/>
        <line num="1317" count="2" type="stmt"/>
        <line num="1319" count="2" type="stmt"/>
        <line num="1320" count="2" type="cond" truecount="2" falsecount="0"/>
        <line num="1322" count="2" type="stmt"/>
        <line num="1329" count="2" type="cond" truecount="2" falsecount="0"/>
        <line num="1330" count="1" type="stmt"/>
        <line num="1331" count="1" type="stmt"/>
        <line num="1332" count="1" type="stmt"/>
        <line num="1333" count="1" type="stmt"/>
        <line num="1336" count="1" type="stmt"/>
        <line num="1338" count="1" type="cond" truecount="1" falsecount="1"/>
        <line num="1339" count="1" type="stmt"/>
        <line num="1340" count="1" type="stmt"/>
        <line num="1343" count="1" type="stmt"/>
        <line num="1344" count="1" type="stmt"/>
        <line num="1357" count="2" type="cond" truecount="1" falsecount="1"/>
        <line num="1358" count="0" type="stmt"/>
        <line num="1360" count="2" type="stmt"/>
        <line num="1362" count="2" type="stmt"/>
        <line num="1366" count="2" type="stmt"/>
        <line num="1367" count="2" type="stmt"/>
        <line num="1368" count="2" type="stmt"/>
        <line num="1369" count="2" type="stmt"/>
        <line num="1371" count="2" type="stmt"/>
        <line num="1373" count="2" type="stmt"/>
        <line num="1379" count="2" type="stmt"/>
        <line num="1386" count="2" type="stmt"/>
        <line num="1387" count="2" type="stmt"/>
        <line num="1388" count="2" type="cond" truecount="1" falsecount="1"/>
        <line num="1389" count="2" type="cond" truecount="1" falsecount="1"/>
        <line num="1390" count="2" type="cond" truecount="1" falsecount="1"/>
        <line num="1392" count="2" type="stmt"/>
        <line num="1394" count="4" type="stmt"/>
        <line num="1401" count="4" type="stmt"/>
        <line num="1429" count="1" type="cond" truecount="1" falsecount="1"/>
        <line num="1430" count="0" type="stmt"/>
        <line num="1432" count="1" type="stmt"/>
        <line num="1434" count="1" type="stmt"/>
        <line num="1435" count="1" type="stmt"/>
        <line num="1436" count="0" type="stmt"/>
        <line num="1438" count="1" type="stmt"/>
        <line num="1441" count="1" type="stmt"/>
        <line num="1444" count="1" type="cond" truecount="2" falsecount="0"/>
        <line num="1445" count="1" type="cond" truecount="2" falsecount="2"/>
        <line num="1446" count="0" type="stmt"/>
        <line num="1450" count="1" type="cond" truecount="1" falsecount="1"/>
        <line num="1451" count="1" type="cond" truecount="1" falsecount="1"/>
        <line num="1452" count="1" type="stmt"/>
        <line num="1453" count="1" type="stmt"/>
        <line num="1455" count="1" type="stmt"/>
        <line num="1469" count="1" type="cond" truecount="1" falsecount="1"/>
        <line num="1470" count="1" type="cond" truecount="2" falsecount="0"/>
        <line num="1471" count="1" type="stmt"/>
        <line num="1474" count="1" type="stmt"/>
        <line num="1493" count="1" type="stmt"/>
        <line num="1494" count="1" type="stmt"/>
        <line num="1501" count="1" type="stmt"/>
        <line num="1513" count="1" type="stmt"/>
        <line num="1514" count="1" type="stmt"/>
        <line num="1515" count="1" type="stmt"/>
        <line num="1519" count="1" type="cond" truecount="1" falsecount="1"/>
        <line num="1520" count="1" type="stmt"/>
        <line num="1521" count="1" type="stmt"/>
        <line num="1526" count="0" type="cond" truecount="0" falsecount="2"/>
        <line num="1527" count="0" type="stmt"/>
        <line num="1530" count="0" type="stmt"/>
        <line num="1531" count="0" type="stmt"/>
        <line num="1532" count="0" type="cond" truecount="0" falsecount="2"/>
        <line num="1534" count="0" type="stmt"/>
        <line num="1538" count="1" type="stmt"/>
        <line num="1539" count="1" type="cond" truecount="1" falsecount="1"/>
        <line num="1540" count="1" type="stmt"/>
        <line num="1544" count="1" type="stmt"/>
        <line num="1548" count="1" type="stmt"/>
        <line num="1549" count="1" type="cond" truecount="1" falsecount="1"/>
        <line num="1552" count="1" type="cond" truecount="2" falsecount="1"/>
        <line num="1555" count="1" type="stmt"/>
        <line num="1557" count="1" type="stmt"/>
        <line num="1560" count="1" type="cond" truecount="1" falsecount="1"/>
        <line num="1561" count="1" type="stmt"/>
        <line num="1565" count="1" type="stmt"/>
        <line num="1566" count="1" type="cond" truecount="1" falsecount="1"/>
        <line num="1567" count="1" type="stmt"/>
        <line num="1573" count="1" type="stmt"/>
        <line num="1574" count="1" type="cond" truecount="1" falsecount="1"/>
        <line num="1575" count="1" type="stmt"/>
        <line num="1597" count="2" type="stmt"/>
        <line num="1598" count="2" type="cond" truecount="1" falsecount="1"/>
        <line num="1599" count="0" type="stmt"/>
        <line num="1601" count="2" type="stmt"/>
        <line num="1602" count="2" type="cond" truecount="1" falsecount="1"/>
        <line num="1603" count="2" type="stmt"/>
        <line num="1605" count="0" type="stmt"/>
        <line num="1606" count="0" type="stmt"/>
        <line num="1608" count="0" type="stmt"/>
        <line num="1609" count="0" type="stmt"/>
        <line num="1610" count="0" type="stmt"/>
        <line num="1615" count="0" type="stmt"/>
        <line num="1621" count="0" type="stmt"/>
        <line num="1624" count="0" type="cond" truecount="0" falsecount="2"/>
        <line num="1626" count="0" type="cond" truecount="0" falsecount="2"/>
        <line num="1627" count="0" type="cond" truecount="0" falsecount="2"/>
        <line num="1628" count="0" type="stmt"/>
        <line num="1630" count="0" type="stmt"/>
        <line num="1644" count="0" type="stmt"/>
        <line num="1646" count="0" type="stmt"/>
        <line num="1662" count="1" type="stmt"/>
        <line num="1663" count="1" type="cond" truecount="1" falsecount="1"/>
        <line num="1664" count="0" type="stmt"/>
        <line num="1666" count="1" type="stmt"/>
        <line num="1667" count="1" type="cond" truecount="1" falsecount="1"/>
        <line num="1668" count="0" type="stmt"/>
        <line num="1671" count="1" type="stmt"/>
        <line num="1673" count="1" type="stmt"/>
        <line num="1684" count="1" type="stmt"/>
        <line num="1688" count="1" type="cond" truecount="1" falsecount="1"/>
        <line num="1691" count="1" type="stmt"/>
        <line num="1692" count="1" type="stmt"/>
        <line num="1696" count="1" type="stmt"/>
        <line num="1697" count="1" type="stmt"/>
        <line num="1699" count="1" type="stmt"/>
        <line num="1714" count="0" type="stmt"/>
        <line num="1715" count="0" type="cond" truecount="0" falsecount="2"/>
        <line num="1716" count="0" type="stmt"/>
        <line num="1718" count="0" type="stmt"/>
        <line num="1719" count="0" type="stmt"/>
        <line num="1720" count="0" type="cond" truecount="0" falsecount="2"/>
        <line num="1722" count="0" type="stmt"/>
        <line num="1731" count="0" type="stmt"/>
        <line num="1733" count="0" type="stmt"/>
        <line num="1734" count="0" type="cond" truecount="0" falsecount="2"/>
        <line num="1736" count="0" type="stmt"/>
        <line num="1737" count="0" type="stmt"/>
        <line num="1738" count="0" type="stmt"/>
        <line num="1741" count="0" type="cond" truecount="0" falsecount="2"/>
        <line num="1744" count="0" type="cond" truecount="0" falsecount="2"/>
        <line num="1748" count="0" type="stmt"/>
        <line num="1751" count="0" type="cond" truecount="0" falsecount="2"/>
        <line num="1752" count="0" type="stmt"/>
        <line num="1756" count="0" type="cond" truecount="0" falsecount="2"/>
        <line num="1758" count="0" type="stmt"/>
        <line num="1759" count="0" type="cond" truecount="0" falsecount="2"/>
        <line num="1761" count="0" type="stmt"/>
        <line num="1776" count="0" type="stmt"/>
        <line num="1787" count="1" type="stmt"/>
        <line num="1789" count="1" type="stmt"/>
        <line num="1793" count="1" type="stmt"/>
        <line num="1794" count="1" type="stmt"/>
        <line num="1795" count="1" type="stmt"/>
        <line num="1796" count="1" type="stmt"/>
        <line num="1797" count="1" type="stmt"/>
        <line num="1798" count="1" type="stmt"/>
        <line num="1799" count="1" type="stmt"/>
        <line num="1801" count="1" type="stmt"/>
        <line num="1802" count="1" type="stmt"/>
        <line num="1803" count="1" type="cond" truecount="1" falsecount="1"/>
        <line num="1804" count="1" type="stmt"/>
        <line num="1805" count="1" type="stmt"/>
        <line num="1806" count="0" type="cond" truecount="0" falsecount="2"/>
        <line num="1807" count="0" type="stmt"/>
        <line num="1808" count="0" type="stmt"/>
        <line num="1809" count="0" type="cond" truecount="0" falsecount="2"/>
        <line num="1810" count="0" type="stmt"/>
        <line num="1811" count="0" type="stmt"/>
        <line num="1815" count="1" type="stmt"/>
        <line num="1836" count="1" type="stmt"/>
        <line num="1837" count="1" type="stmt"/>
        <line num="1838" count="1" type="stmt"/>
        <line num="1839" count="1" type="cond" truecount="1" falsecount="1"/>
        <line num="1845" count="1" type="cond" truecount="1" falsecount="1"/>
        <line num="1846" count="1" type="cond" truecount="3" falsecount="0"/>
        <line num="1849" count="1" type="cond" truecount="1" falsecount="1"/>
        <line num="1850" count="0" type="stmt"/>
        <line num="1853" count="1" type="stmt"/>
        <line num="1855" count="1" type="stmt"/>
        <line num="1873" count="1" type="stmt"/>
        <line num="1874" count="1" type="stmt"/>
        <line num="1875" count="1" type="stmt"/>
        <line num="1876" count="1" type="stmt"/>
        <line num="1892" count="1" type="cond" truecount="1" falsecount="1"/>
        <line num="1893" count="1" type="cond" truecount="1" falsecount="1"/>
        <line num="1894" count="1" type="cond" truecount="1" falsecount="1"/>
        <line num="1895" count="1" type="cond" truecount="1" falsecount="1"/>
        <line num="1896" count="1" type="cond" truecount="1" falsecount="1"/>
        <line num="1897" count="1" type="stmt"/>
        <line num="1898" count="1" type="cond" truecount="1" falsecount="1"/>
        <line num="1900" count="1" type="stmt"/>
        <line num="1901" count="1" type="stmt"/>
        <line num="1902" count="1" type="cond" truecount="1" falsecount="1"/>
        <line num="1903" count="1" type="stmt"/>
        <line num="1904" count="1" type="stmt"/>
        <line num="1905" count="0" type="cond" truecount="0" falsecount="2"/>
        <line num="1906" count="0" type="stmt"/>
        <line num="1907" count="0" type="stmt"/>
        <line num="1908" count="0" type="cond" truecount="0" falsecount="2"/>
        <line num="1909" count="0" type="stmt"/>
        <line num="1910" count="0" type="stmt"/>
        <line num="1914" count="1" type="stmt"/>
        <line num="1915" count="1" type="stmt"/>
        <line num="1921" count="1" type="stmt"/>
        <line num="1939" count="2" type="cond" truecount="1" falsecount="1"/>
        <line num="1941" count="2" type="cond" truecount="1" falsecount="1"/>
        <line num="1943" count="2" type="cond" truecount="1" falsecount="1"/>
        <line num="1944" count="0" type="stmt"/>
        <line num="1949" count="2" type="stmt"/>
        <line num="1954" count="2" type="stmt"/>
        <line num="1955" count="2" type="stmt"/>
        <line num="1956" count="2" type="stmt"/>
        <line num="1957" count="2" type="cond" truecount="2" falsecount="0"/>
        <line num="1958" count="2" type="cond" truecount="2" falsecount="0"/>
        <line num="1959" count="2" type="cond" truecount="2" falsecount="0"/>
        <line num="1960" count="2" type="cond" truecount="2" falsecount="0"/>
        <line num="1961" count="2" type="cond" truecount="2" falsecount="0"/>
        <line num="1962" count="2" type="stmt"/>
        <line num="1963" count="0" type="cond" truecount="0" falsecount="2"/>
        <line num="1967" count="2" type="stmt"/>
        <line num="1983" count="2" type="cond" truecount="2" falsecount="0"/>
        <line num="1984" count="1" type="stmt"/>
        <line num="1996" count="1" type="stmt"/>
        <line num="2012" count="1" type="stmt"/>
        <line num="2014" count="16" type="stmt"/>
        <line num="2016" count="13" type="stmt"/>
        <line num="2018" count="0" type="stmt"/>
        <line num="2022" count="1" type="stmt"/>
        <line num="2030" count="1" type="stmt"/>
        <line num="2031" count="1" type="stmt"/>
        <line num="2032" count="1" type="stmt"/>
        <line num="2033" count="1" type="stmt"/>
        <line num="2034" count="1" type="stmt"/>
        <line num="2036" count="1" type="stmt"/>
        <line num="2038" count="0" type="cond" truecount="0" falsecount="2"/>
        <line num="2039" count="0" type="cond" truecount="0" falsecount="4"/>
        <line num="2040" count="0" type="stmt"/>
        <line num="2045" count="1" type="stmt"/>
        <line num="2047" count="0" type="cond" truecount="0" falsecount="2"/>
        <line num="2048" count="0" type="cond" truecount="0" falsecount="4"/>
        <line num="2049" count="0" type="stmt"/>
        <line num="2054" count="1" type="stmt"/>
        <line num="2056" count="0" type="cond" truecount="0" falsecount="2"/>
        <line num="2057" count="0" type="cond" truecount="0" falsecount="4"/>
        <line num="2058" count="0" type="stmt"/>
        <line num="2063" count="1" type="stmt"/>
        <line num="2064" count="1" type="stmt"/>
        <line num="2065" count="1" type="stmt"/>
        <line num="2066" count="0" type="stmt"/>
        <line num="2069" count="1" type="stmt"/>
        <line num="2070" count="1" type="stmt"/>
        <line num="2077" count="1" type="stmt"/>
        <line num="2078" count="1" type="stmt"/>
        <line num="2079" count="1" type="stmt"/>
        <line num="2084" count="1" type="stmt"/>
        <line num="2089" count="1" type="stmt"/>
        <line num="2090" count="1" type="stmt"/>
        <line num="2092" count="1" type="stmt"/>
        <line num="2093" count="1" type="stmt"/>
        <line num="2095" count="1" type="stmt"/>
        <line num="2096" count="1" type="stmt"/>
        <line num="2097" count="1" type="stmt"/>
        <line num="2098" count="1" type="stmt"/>
        <line num="2099" count="1" type="stmt"/>
        <line num="2101" count="1" type="stmt"/>
        <line num="2102" count="2" type="stmt"/>
        <line num="2103" count="2" type="stmt"/>
        <line num="2104" count="2" type="stmt"/>
        <line num="2109" count="2" type="stmt"/>
        <line num="2111" count="1" type="stmt"/>
        <line num="2112" count="2" type="stmt"/>
        <line num="2113" count="2" type="stmt"/>
        <line num="2114" count="2" type="stmt"/>
        <line num="2121" count="1" type="stmt"/>
        <line num="2122" count="1" type="stmt"/>
        <line num="2123" count="1" type="stmt"/>
        <line num="2124" count="1" type="stmt"/>
        <line num="2125" count="1" type="stmt"/>
        <line num="2126" count="1" type="stmt"/>
        <line num="2128" count="1" type="stmt"/>
        <line num="2129" count="1" type="stmt"/>
        <line num="2130" count="0" type="stmt"/>
        <line num="2131" count="0" type="stmt"/>
        <line num="2132" count="0" type="stmt"/>
        <line num="2133" count="0" type="stmt"/>
        <line num="2136" count="1" type="stmt"/>
        <line num="2137" count="1" type="stmt"/>
        <line num="2138" count="1" type="stmt"/>
        <line num="2139" count="1" type="stmt"/>
        <line num="2140" count="1" type="stmt"/>
        <line num="2141" count="1" type="stmt"/>
        <line num="2143" count="1" type="stmt"/>
        <line num="2144" count="1" type="stmt"/>
        <line num="2145" count="0" type="stmt"/>
        <line num="2146" count="0" type="stmt"/>
        <line num="2147" count="0" type="stmt"/>
        <line num="2148" count="0" type="stmt"/>
        <line num="2151" count="1" type="stmt"/>
        <line num="2152" count="1" type="stmt"/>
        <line num="2153" count="1" type="stmt"/>
        <line num="2154" count="1" type="stmt"/>
        <line num="2155" count="1" type="stmt"/>
        <line num="2156" count="1" type="stmt"/>
        <line num="2158" count="1" type="stmt"/>
        <line num="2159" count="1" type="stmt"/>
        <line num="2160" count="0" type="stmt"/>
        <line num="2161" count="0" type="stmt"/>
        <line num="2162" count="0" type="stmt"/>
        <line num="2163" count="0" type="stmt"/>
        <line num="2166" count="1" type="stmt"/>
        <line num="2167" count="1" type="stmt"/>
        <line num="2168" count="1" type="stmt"/>
        <line num="2183" count="1" type="stmt"/>
        <line num="2184" count="1" type="stmt"/>
        <line num="2185" count="13" type="stmt"/>
        <line num="2188" count="1" type="stmt"/>
        <line num="2189" count="1" type="stmt"/>
        <line num="2190" count="1" type="stmt"/>
        <line num="2195" count="1" type="stmt"/>
        <line num="2200" count="1" type="stmt"/>
        <line num="2201" count="1" type="stmt"/>
        <line num="2202" count="1" type="stmt"/>
        <line num="2203" count="1" type="stmt"/>
        <line num="2204" count="1" type="stmt"/>
        <line num="2205" count="1" type="stmt"/>
        <line num="2206" count="1" type="stmt"/>
        <line num="2207" count="1" type="stmt"/>
        <line num="2208" count="1" type="stmt"/>
        <line num="2209" count="1" type="stmt"/>
        <line num="2210" count="1" type="stmt"/>
        <line num="2211" count="1" type="stmt"/>
        <line num="2212" count="1" type="stmt"/>
        <line num="2213" count="1" type="stmt"/>
        <line num="2214" count="1" type="stmt"/>
        <line num="2216" count="1" type="stmt"/>
        <line num="2217" count="7" type="stmt"/>
        <line num="2220" count="1" type="stmt"/>
        <line num="2221" count="1" type="stmt"/>
        <line num="2222" count="1" type="stmt"/>
        <line num="2223" count="13" type="stmt"/>
        <line num="2224" count="13" type="stmt"/>
        <line num="2225" count="13" type="stmt"/>
        <line num="2226" count="13" type="stmt"/>
        <line num="2231" count="13" type="stmt"/>
        <line num="2232" count="13" type="stmt"/>
        <line num="2240" count="1" type="stmt"/>
        <line num="2241" count="1" type="stmt"/>
        <line num="2242" count="0" type="stmt"/>
        <line num="2258" count="0" type="stmt"/>
        <line num="2259" count="0" type="stmt"/>
        <line num="2261" count="0" type="stmt"/>
        <line num="2262" count="0" type="cond" truecount="0" falsecount="2"/>
        <line num="2263" count="0" type="stmt"/>
        <line num="2264" count="0" type="stmt"/>
        <line num="2272" count="0" type="stmt"/>
        <line num="2275" count="1" type="stmt"/>
        <line num="2290" count="1" type="stmt"/>
        <line num="2291" count="1" type="stmt"/>
        <line num="2292" count="1" type="stmt"/>
        <line num="2293" count="13" type="stmt"/>
        <line num="2300" count="1" type="stmt"/>
        <line num="2305" count="1" type="stmt"/>
        <line num="2306" count="1" type="stmt"/>
        <line num="2321" count="2" type="stmt"/>
        <line num="2327" count="2" type="cond" truecount="2" falsecount="0"/>
        <line num="2328" count="2" type="stmt"/>
        <line num="2335" count="1" type="cond" truecount="1" falsecount="1"/>
        <line num="2338" count="1" type="cond" truecount="1" falsecount="1"/>
        <line num="2339" count="1" type="stmt"/>
      </file>
    </package>
    <package name="src.finance.dto">
      <metrics statements="22" coveredstatements="17" conditionals="0" coveredconditionals="0" methods="5" coveredmethods="0"/>
      <file name="create-spending.dto.ts" path="C:\Users\Hassa\Documents\Magnus_Copo_documents\Magnus_Copo_Workspace_Files\Split_flow_final_prod\backend\src\finance\dto\create-spending.dto.ts">
        <metrics statements="22" coveredstatements="17" conditionals="0" coveredconditionals="0" methods="5" coveredmethods="0"/>
        <line num="1" count="5" type="stmt"/>
        <line num="2" count="5" type="stmt"/>
        <line num="18" count="5" type="stmt"/>
        <line num="22" count="5" type="stmt"/>
        <line num="25" count="5" type="stmt"/>
        <line num="26" count="0" type="stmt"/>
        <line num="29" count="5" type="stmt"/>
        <line num="33" count="5" type="stmt"/>
        <line num="38" count="5" type="stmt"/>
        <line num="42" count="5" type="stmt"/>
        <line num="46" count="5" type="stmt"/>
        <line num="48" count="0" type="stmt"/>
        <line num="51" count="0" type="stmt"/>
        <line num="52" count="5" type="stmt"/>
        <line num="54" count="0" type="stmt"/>
        <line num="57" count="5" type="stmt"/>
        <line num="61" count="5" type="stmt"/>
        <line num="65" count="5" type="stmt"/>
        <line num="69" count="5" type="stmt"/>
        <line num="71" count="0" type="stmt"/>
        <line num="74" count="5" type="stmt"/>
        <line num="79" count="5" type="stmt"/>
      </file>
    </package>
    <package name="src.finance.schemas">
      <metrics statements="30" coveredstatements="30" conditionals="28" coveredconditionals="21" methods="0" coveredmethods="0"/>
      <file name="finance.schema.ts" path="C:\Users\Hassa\Documents\Magnus_Copo_documents\Magnus_Copo_Workspace_Files\Split_flow_final_prod\backend\src\finance\schemas\finance.schema.ts">
        <metrics statements="30" coveredstatements="30" conditionals="28" coveredconditionals="21" methods="0" coveredmethods="0"/>
        <line num="1" count="21" type="stmt"/>
        <line num="2" count="21" type="stmt"/>
        <line num="3" count="21" type="stmt"/>
        <line num="4" count="21" type="stmt"/>
        <line num="9" count="21" type="stmt"/>
        <line num="11" count="21" type="cond" truecount="3" falsecount="1"/>
        <line num="15" count="21" type="stmt"/>
        <line num="18" count="21" type="stmt"/>
        <line num="21" count="21" type="cond" truecount="3" falsecount="1"/>
        <line num="24" count="21" type="stmt"/>
        <line num="27" count="21" type="stmt"/>
        <line num="29" count="21" type="stmt"/>
[...]
        <line num="1796" count="1" type="stmt"/>
        <line num="1797" count="1" type="stmt"/>
        <line num="1804" count="1" type="stmt"/>
        <line num="1806" count="0" type="stmt"/>
        <line num="1809" count="1" type="stmt"/>
        <line num="1813" count="1" type="stmt"/>
        <line num="1815" count="1" type="stmt"/>
        <line num="1823" count="1" type="stmt"/>
        <line num="1825" count="1" type="stmt"/>
        <line num="1833" count="1" type="stmt"/>
        <line num="1838" count="1" type="cond" truecount="1" falsecount="1"/>
        <line num="1839" count="1" type="stmt"/>
        <line num="1842" count="0" type="stmt"/>
        <line num="1846" count="1" type="stmt"/>
        <line num="1851" count="1" type="cond" truecount="1" falsecount="1"/>
        <line num="1852" count="1" type="stmt"/>
        <line num="1855" count="0" type="stmt"/>
      </file>
    </package>
    <package name="src.projects.dto">
      <metrics statements="29" coveredstatements="29" conditionals="0" coveredconditionals="0" methods="0" coveredmethods="0"/>
      <file name="create-project.dto.ts" path="C:\Users\Hassa\Documents\Magnus_Copo_documents\Magnus_Copo_Workspace_Files\Split_flow_final_prod\backend\src\projects\dto\create-project.dto.ts">
        <metrics statements="10" coveredstatements="10" conditionals="0" coveredconditionals="0" methods="0" coveredmethods="0"/>
        <line num="1" count="5" type="stmt"/>
        <line num="9" count="5" type="stmt"/>
        <line num="12" count="5" type="stmt"/>
        <line num="16" count="5" type="stmt"/>
        <line num="20" count="5" type="stmt"/>
        <line num="24" count="5" type="stmt"/>
        <line num="28" count="5" type="stmt"/>
        <line num="32" count="5" type="stmt"/>
        <line num="36" count="5" type="stmt"/>
        <line num="40" count="5" type="stmt"/>
      </file>
      <file name="update-market-news-item.dto.ts" path="C:\Users\Hassa\Documents\Magnus_Copo_documents\Magnus_Copo_Workspace_Files\Split_flow_final_prod\backend\src\projects\dto\update-market-news-item.dto.ts">
        <metrics statements="9" coveredstatements="9" conditionals="0" coveredconditionals="0" methods="0" coveredmethods="0"/>
        <line num="1" count="5" type="stmt"/>
        <line num="3" count="5" type="stmt"/>
        <line num="6" count="5" type="stmt"/>
        <line num="10" count="5" type="stmt"/>
        <line num="14" count="5" type="stmt"/>
        <line num="18" count="5" type="stmt"/>
        <line num="22" count="5" type="stmt"/>
        <line num="28" count="5" type="stmt"/>
        <line num="32" count="5" type="stmt"/>
      </file>
      <file name="update-market-price.dto.ts" path="C:\Users\Hassa\Documents\Magnus_Copo_documents\Magnus_Copo_Workspace_Files\Split_flow_final_prod\backend\src\projects\dto\update-market-price.dto.ts">
        <metrics statements="10" coveredstatements="10" conditionals="0" coveredconditionals="0" methods="0" coveredmethods="0"/>
        <line num="1" count="5" type="stmt"/>
        <line num="3" count="5" type="stmt"/>
        <line num="6" count="5" type="stmt"/>
        <line num="10" count="5" type="stmt"/>
        <line num="14" count="5" type="stmt"/>
        <line num="18" count="5" type="stmt"/>
        <line num="22" count="5" type="stmt"/>
        <line num="26" count="5" type="stmt"/>
        <line num="32" count="5" type="stmt"/>
        <line num="36" count="5" type="stmt"/>
      </file>
    </package>
    <package name="src.projects.schemas">
      <metrics statements="57" coveredstatements="57" conditionals="14" coveredconditionals="11" methods="1" coveredmethods="1"/>
      <file name="market-news-item.schema.ts" path="C:\Users\Hassa\Documents\Magnus_Copo_documents\Magnus_Copo_Workspace_Files\Split_flow_final_prod\backend\src\projects\schemas\market-news-item.schema.ts">
        <metrics statements="10" coveredstatements="10" conditionals="0" coveredconditionals="0" methods="0" coveredmethods="0"/>
        <line num="1" count="15" type="stmt"/>
        <line num="7" count="15" type="stmt"/>
        <line num="9" count="15" type="stmt"/>
        <line num="12" count="15" type="stmt"/>
        <line num="15" count="15" type="stmt"/>
        <line num="18" count="15" type="stmt"/>
        <line num="21" count="15" type="stmt"/>
        <line num="24" count="15" type="stmt"/>
        <line num="27" count="15" type="stmt"/>
        <line num="30" count="15" type="stmt"/>
      </file>
      <file name="market-price.schema.ts" path="C:\Users\Hassa\Documents\Magnus_Copo_documents\Magnus_Copo_Workspace_Files\Split_flow_final_prod\backend\src\projects\schemas\market-price.schema.ts">
        <metrics statements="11" coveredstatements="11" conditionals="0" coveredconditionals="0" methods="0" coveredmethods="0"/>
        <line num="1" count="15" type="stmt"/>
        <line num="7" count="15" type="stmt"/>
        <line num="9" count="15" type="stmt"/>
        <line num="12" count="15" type="stmt"/>
        <line num="15" count="15" type="stmt"/>
        <line num="18" count="15" type="stmt"/>
        <line num="21" count="15" type="stmt"/>
        <line num="24" count="15" type="stmt"/>
        <line num="27" count="15" type="stmt"/>
        <line num="30" count="15" type="stmt"/>
        <line num="33" count="15" type="stmt"/>
      </file>
      <file name="project.schema.ts" path="C:\Users\Hassa\Documents\Magnus_Copo_documents\Magnus_Copo_Workspace_Files\Split_flow_final_prod\backend\src\projects\schemas\project.schema.ts">
        <metrics statements="36" coveredstatements="36" conditionals="14" coveredconditionals="11" methods="1" coveredmethods="1"/>
        <line num="1" count="22" type="stmt"/>
        <line num="2" count="22" type="stmt"/>
        <line num="3" count="22" type="stmt"/>
        <line num="7" count="22" type="cond" truecount="2" falsecount="0"/>
        <line num="8" count="22" type="stmt"/>
        <line num="9" count="22" type="stmt"/>
        <line num="10" count="22" type="stmt"/>
        <line num="11" count="22" type="stmt"/>
        <line num="15" count="22" type="stmt"/>
        <line num="17" count="22" type="cond" truecount="3" falsecount="1"/>
        <line num="20" count="22" type="stmt"/>
        <line num="23" count="22" type="stmt"/>
        <line num="26" count="22" type="stmt"/>
        <line num="29" count="22" type="stmt"/>
        <line num="33" count="22" type="stmt"/>
        <line num="35" count="22" type="stmt"/>
        <line num="38" count="22" type="stmt"/>
        <line num="41" count="22" type="cond" truecount="3" falsecount="1"/>
        <line num="44" count="22" type="stmt"/>
        <line num="47" count="22" type="stmt"/>
        <line num="50" count="22" type="stmt"/>
        <line num="53" count="22" type="stmt"/>
        <line num="56" count="22" type="stmt"/>
        <line num="59" count="22" type="stmt"/>
        <line num="62" count="22" type="stmt"/>
        <line num="65" count="22" type="stmt"/>
        <line num="68" count="22" type="stmt"/>
        <line num="71" count="22" type="stmt"/>
        <line num="74" count="22" type="stmt"/>
        <line num="77" count="22" type="stmt"/>
        <line num="80" count="22" type="stmt"/>
        <line num="83" count="22" type="stmt"/>
        <line num="86" count="22" type="cond" truecount="3" falsecount="1"/>
        <line num="89" count="22" type="stmt"/>
        <line num="92" count="22" type="stmt"/>
        <line num="95" count="22" type="stmt"/>
      </file>
    </package>
    <package name="src.uploads">
      <metrics statements="17" coveredstatements="14" conditionals="11" coveredconditionals="4" methods="3" coveredmethods="1"/>
      <file name="uploads.controller.ts" path="C:\Users\Hassa\Documents\Magnus_Copo_documents\Magnus_Copo_Workspace_Files\Split_flow_final_prod\backend\src\uploads\uploads.controller.ts">
        <metrics statements="13" coveredstatements="10" conditionals="11" coveredconditionals="4" methods="3" coveredmethods="1"/>
        <line num="1" count="5" type="stmt"/>
        <line num="9" count="5" type="stmt"/>
        <line num="10" count="5" type="stmt"/>
        <line num="11" count="5" type="stmt"/>
        <line num="12" count="5" type="stmt"/>
        <line num="16" count="5" type="stmt"/>
        <line num="28" count="0" type="stmt"/>
        <line num="30" count="0" type="stmt"/>
        <line num="32" count="0" type="stmt"/>
        <line num="37" count="5" type="cond" truecount="2" falsecount="3"/>
        <line num="39" count="2" type="cond" truecount="1" falsecount="2"/>
        <line num="41" count="1" type="cond" truecount="1" falsecount="2"/>
        <line num="44" count="1" type="stmt"/>
      </file>
      <file name="uploads.module.ts" path="C:\Users\Hassa\Documents\Magnus_Copo_documents\Magnus_Copo_Workspace_Files\Split_flow_final_prod\backend\src\uploads\uploads.module.ts">
        <metrics statements="4" coveredstatements="4" conditionals="0" coveredconditionals="0" methods="0" coveredmethods="0"/>
        <line num="1" count="4" type="stmt"/>
        <line num="2" count="4" type="stmt"/>
        <line num="3" count="4" type="stmt"/>
        <line num="9" count="4" type="stmt"/>
      </file>
    </package>
    <package name="src.users">
      <metrics statements="143" coveredstatements="141" conditionals="147" coveredconditionals="116" methods="41" coveredmethods="39"/>
      <file name="users.controller.ts" path="C:\Users\Hassa\Documents\Magnus_Copo_documents\Magnus_Copo_Workspace_Files\Split_flow_final_prod\backend\src\users\users.controller.ts">
        <metrics statements="66" coveredstatements="66" conditionals="94" coveredconditionals="77" methods="20" coveredmethods="20"/>
        <line num="1" count="5" type="stmt"/>
        <line num="14" count="5" type="stmt"/>
        <line num="15" count="5" type="stmt"/>
        <line num="16" count="5" type="stmt"/>
        <line num="17" count="5" type="stmt"/>
        <line num="19" count="5" type="stmt"/>
        <line num="23" count="5" type="stmt"/>
        <line num="25" count="14" type="cond" truecount="6" falsecount="2"/>
        <line num="26" count="14" type="stmt"/>
        <line num="27" count="14" type="stmt"/>
        <line num="31" count="4" type="cond" truecount="1" falsecount="1"/>
        <line num="32" count="4" type="cond" truecount="1" falsecount="1"/>
        <line num="33" count="4" type="stmt"/>
        <line num="34" count="4" type="stmt"/>
        <line num="35" count="4" type="stmt"/>
        <line num="39" count="6" type="cond" truecount="1" falsecount="1"/>
        <line num="40" count="6" type="cond" truecount="2" falsecount="0"/>
        <line num="41" count="6" type="cond" truecount="2" falsecount="0"/>
        <line num="43" count="6" type="stmt"/>
        <line num="61" count="1" type="cond" truecount="1" falsecount="1"/>
        <line num="62" count="1" type="cond" truecount="2" falsecount="0"/>
        <line num="63" count="1" type="cond" truecount="1" falsecount="1"/>
        <line num="65" count="1" type="stmt"/>
        <line num="85" count="5" type="stmt"/>
        <line num="86" count="1" type="stmt"/>
        <line num="88" count="1" type="stmt"/>
        <line num="92" count="5" type="stmt"/>
        <line num="93" count="1" type="stmt"/>
        <line num="94" count="1" type="stmt"/>
        <line num="98" count="5" type="stmt"/>
        <line num="99" count="1" type="stmt"/>
        <line num="100" count="1" type="stmt"/>
        <line num="113" count="1" type="cond" truecount="2" falsecount="0"/>
        <line num="117" count="5" type="stmt"/>
        <line num="119" count="1" type="stmt"/>
        <line num="120" count="1" type="stmt"/>
        <line num="121" count="1" type="cond" truecount="1" falsecount="1"/>
        <line num="122" count="1" type="cond" truecount="1" falsecount="1"/>
        <line num="123" count="1" type="cond" truecount="1" falsecount="1"/>
        <line num="124" count="1" type="cond" truecount="1" falsecount="1"/>
        <line num="125" count="1" type="stmt"/>
        <line num="126" count="1" type="stmt"/>
        <line num="130" count="5" type="stmt"/>
        <line num="131" count="1" type="stmt"/>
        <line num="132" count="1" type="stmt"/>
        <line num="136" count="5" type="stmt"/>
        <line num="137" count="1" type="stmt"/>
        <line num="138" count="1" type="stmt"/>
        <line num="142" count="1" type="cond" truecount="1" falsecount="1"/>
        <line num="146" count="5" type="stmt"/>
        <line num="147" count="2" type="stmt"/>
        <line num="154" count="2" type="stmt"/>
        <line num="158" count="2" type="stmt"/>
        <line num="166" count="5" type="stmt"/>
        <line num="167" count="1" type="stmt"/>
        <line num="168" count="1" type="stmt"/>
        <line num="181" count="5" type="stmt"/>
        <line num="182" count="1" type="stmt"/>
        <line num="183" count="1" type="stmt"/>
        <line num="191" count="5" type="stmt"/>
        <line num="192" count="1" type="stmt"/>
        <line num="200" count="5" type="stmt"/>
        <line num="201" count="1" type="stmt"/>
        <line num="202" count="1" type="stmt"/>
        <line num="211" count="5" type="stmt"/>
        <line num="212" count="1" type="stmt"/>
      </file>
      <file name="users.module.ts" path="C:\Users\Hassa\Documents\Magnus_Copo_documents\Magnus_Copo_Workspace_Files\Split_flow_final_prod\backend\src\users\users.module.ts">
        <metrics statements="12" coveredstatements="11" conditionals="0" coveredconditionals="0" methods="1" coveredmethods="0"/>
        <line num="1" count="4" type="stmt"/>
        <line num="2" count="4" type="stmt"/>
        <line num="3" count="4" type="stmt"/>
        <line num="4" count="4" type="stmt"/>
        <line num="5" count="4" type="stmt"/>
        <line num="6" count="4" type="stmt"/>
        <line num="7" count="4" type="stmt"/>
        <line num="8" count="4" type="stmt"/>
        <line num="9" count="4" type="stmt"/>
        <line num="13" count="4" type="stmt"/>
        <line num="27" count="0" type="stmt"/>
        <line num="33" count="4" type="stmt"/>
      </file>
      <file name="users.service.ts" path="C:\Users\Hassa\Documents\Magnus_Copo_documents\Magnus_Copo_Workspace_Files\Split_flow_final_prod\backend\src\users\users.service.ts">
        <metrics statements="65" coveredstatements="64" conditionals="53" coveredconditionals="39" methods="20" coveredmethods="19"/>
        <line num="1" count="13" type="stmt"/>
        <line num="6" count="13" type="stmt"/>
        <line num="7" count="13" type="stmt"/>
        <line num="8" count="13" type="stmt"/>
        <line num="9" count="13" type="stmt"/>
        <line num="10" count="13" type="stmt"/>
        <line num="11" count="13" type="stmt"/>
        <line num="12" count="13" type="stmt"/>
        <line num="16" count="13" type="stmt"/>
        <line num="22" count="13" type="stmt"/>
        <line num="24" count="69" type="cond" truecount="6" falsecount="2"/>
        <line num="26" count="69" type="cond" truecount="3" falsecount="1"/>
        <line num="28" count="69" type="cond" truecount="3" falsecount="1"/>
        <line num="30" count="69" type="cond" truecount="3" falsecount="1"/>
        <line num="32" count="69" type="stmt"/>
        <line num="36" count="1" type="stmt"/>
        <line num="37" count="1" type="stmt"/>
        <line num="38" count="1" type="stmt"/>
        <line num="40" count="1" type="cond" truecount="1" falsecount="1"/>
        <line num="43" count="1" type="cond" truecount="1" falsecount="1"/>
        <line num="46" count="1" type="cond" truecount="1" falsecount="1"/>
        <line num="50" count="1" type="stmt"/>
        <line num="57" count="1" type="stmt"/>
        <line num="61" count="1" type="stmt"/>
        <line num="71" count="26" type="cond" truecount="1" falsecount="1"/>
        <line num="72" count="26" type="cond" truecount="1" falsecount="1"/>
        <line num="74" count="26" type="stmt"/>
        <line num="75" count="26" type="stmt"/>
        <line num="76" count="26" type="stmt"/>
        <line num="78" count="26" type="stmt"/>
        <line num="94" count="2" type="cond" truecount="2" falsecount="0"/>
        <line num="95" count="2" type="cond" truecount="1" falsecount="1"/>
        <line num="99" count="0" type="stmt"/>
        <line num="103" count="1" type="stmt"/>
        <line num="107" count="1" type="stmt"/>
        <line num="113" count="1" type="stmt"/>
        <line num="124" count="1" type="stmt"/>
        <line num="133" count="1" type="stmt"/>
        <line num="139" count="1" type="stmt"/>
        <line num="145" count="1" type="stmt"/>
        <line num="151" count="1" type="stmt"/>
        <line num="162" count="3" type="stmt"/>
        <line num="163" count="3" type="cond" truecount="2" falsecount="0"/>
        <line num="166" count="2" type="stmt"/>
        <line num="167" count="2" type="cond" truecount="2" falsecount="0"/>
        <line num="168" count="1" type="stmt"/>
        <line num="174" count="1" type="stmt"/>
        <line num="175" count="1" type="stmt"/>
        <line num="180" count="1" type="stmt"/>
        <line num="195" count="1" type="stmt"/>
        <line num="203" count="1" type="stmt"/>
        <line num="205" count="1" type="stmt"/>
        <line num="212" count="28" type="stmt"/>
        <line num="213" count="28" type="cond" truecount="2" falsecount="0"/>
        <line num="215" count="26" type="cond" truecount="1" falsecount="1"/>
        <line num="216" count="26" type="stmt"/>
        <line num="226" count="26" type="stmt"/>
        <line num="283" count="26" type="stmt"/>
        <line num="284" count="301" type="cond" truecount="1" falsecount="1"/>
        <line num="285" count="1" type="stmt"/>
        <line num="287" count="301" type="stmt"/>
        <line num="298" count="26" type="stmt"/>
        <line num="323" count="2" type="stmt"/>
        <line num="330" count="2" type="stmt"/>
        <line num="338" count="1" type="stmt"/>
      </file>
    </package>
    <package name="src.users.schemas">
      <metrics statements="24" coveredstatements="24" conditionals="18" coveredconditionals="11" methods="1" coveredmethods="1"/>
      <file name="user.schema.ts" path="C:\Users\Hassa\Documents\Magnus_Copo_documents\Magnus_Copo_Workspace_Files\Split_flow_final_prod\backend\src\users\schemas\user.schema.ts">
        <metrics statements="24" coveredstatements="24" conditionals="18" coveredconditionals="11" methods="1" coveredmethods="1"/>
        <line num="1" count="25" type="stmt"/>
        <line num="6" count="25" type="cond" truecount="2" falsecount="0"/>
        <line num="7" count="25" type="stmt"/>
        <line num="8" count="25" type="stmt"/>
        <line num="9" count="25" type="stmt"/>
        <line num="10" count="25" type="stmt"/>
        <line num="11" count="25" type="stmt"/>
        <line num="15" count="25" type="stmt"/>
        <line num="17" count="25" type="stmt"/>
        <line num="20" count="25" type="stmt"/>
        <line num="23" count="25" type="stmt"/>
        <line num="26" count="25" type="stmt"/>
        <line num="29" count="25" type="stmt"/>
        <line num="32" count="25" type="stmt"/>
        <line num="35" count="25" type="stmt"/>
        <line num="38" count="25" type="cond" truecount="2" falsecount="2"/>
        <line num="41" count="25" type="cond" truecount="2" falsecount="2"/>
        <line num="44" count="25" type="cond" truecount="2" falsecount="2"/>
        <line num="47" count="25" type="stmt"/>
        <line num="50" count="25" type="stmt"/>
        <line num="53" count="25" type="stmt"/>
        <line num="56" count="25" type="stmt"/>
        <line num="59" count="25" type="cond" truecount="3" falsecount="1"/>
        <line num="62" count="25" type="stmt"/>
      </file>
    </package>
  </project>
</coverage>
