{"C:\\Users\\Hassa\\Documents\\Magnus_Copo_documents\\Magnus_Copo_Workspace_Files\\Split_flow_final_prod\\backend\\src\\app.controller.ts": {"path":"C:\\Users\\Hassa\\Documents\\Magnus_Copo_documents\\Magnus_Copo_Workspace_Files\\Split_flow_final_prod\\backend\\src\\app.controller.ts","statementMap":{"0":{"start":{"line":1,"column":0},"end":{"line":1,"column":49}},"1":{"start":{"line":2,"column":0},"end":{"line":2,"column":43}},"2":{"start":{"line":5,"column":7},"end":{"line":12,"column":null}},"3":{"start":{"line":6,"column":31},"end":{"line":6,"column":43}},"4":{"start":{"line":10,"column":4},"end":{"line":10,"column":38}},"5":{"start":{"line":5,"column":13},"end":{"line":5,"column":26}},"6":{"start":{"line":9,"column":2},"end":{"line":11,"column":null}},"7":{"start":{"line":5,"column":13},"end":{"line":12,"column":null}}},"fnMap":{"0":{"name":"(anonymous_2)","decl":{"start":{"line":6,"column":2},"end":{"line":6,"column":31}},"loc":{"start":{"line":6,"column":53},"end":{"line":6,"column":57}}},"1":{"name":"(anonymous_3)","decl":{"start":{"line":9,"column":2},"end":{"line":9,"column":10}},"loc":{"start":{"line":9,"column":10},"end":{"line":11,"column":3}}}},"branchMap":{"0":{"loc":{"start":{"line":6,"column":43},"end":{"line":6,"column":56}},"type":"cond-expr","locations":[{"start":{"line":6,"column":53},"end":{"line":6,"column":56}},{"start":{"line":6,"column":53},"end":{"line":6,"column":56}}]},"1":{"loc":{"start":{"line":6,"column":43},"end":{"line":6,"column":53}},"type":"binary-expr","locations":[{"start":{"line":6,"column":43},"end":{"line":6,"column":56}},{"start":{"line":6,"column":43},"end":{"line":6,"column":53}}]}},"s":{"0":5,"1":5,"2":5,"3":1,"4":1,"5":5,"6":5,"7":5},"f":{"0":1,"1":1},"b":{"0":[5,0],"1":[5,5]}}
,"C:\\Users\\Hassa\\Documents\\Magnus_Copo_documents\\Magnus_Copo_Workspace_Files\\Split_flow_final_prod\\backend\\src\\app.module.ts": {"path":"C:\\Users\\Hassa\\Documents\\Magnus_Copo_documents\\Magnus_Copo_Workspace_Files\\Split_flow_final_prod\\backend\\src\\app.module.ts","statementMap":{"0":{"start":{"line":1,"column":0},"end":{"line":1,"column":40}},"1":{"start":{"line":2,"column":0},"end":{"line":2,"column":61}},"2":{"start":{"line":3,"column":0},"end":{"line":3,"column":50}},"3":{"start":{"line":4,"column":0},"end":{"line":4,"column":68}},"4":{"start":{"line":5,"column":0},"end":{"line":5,"column":41}},"5":{"start":{"line":6,"column":0},"end":{"line":6,"column":49}},"6":{"start":{"line":7,"column":0},"end":{"line":7,"column":43}},"7":{"start":{"line":8,"column":0},"end":{"line":8,"column":51}},"8":{"start":{"line":9,"column":0},"end":{"line":9,"column":48}},"9":{"start":{"line":10,"column":0},"end":{"line":10,"column":57}},"10":{"start":{"line":11,"column":0},"end":{"line":11,"column":60}},"11":{"start":{"line":12,"column":0},"end":{"line":12,"column":57}},"12":{"start":{"line":13,"column":0},"end":{"line":13,"column":75}},"13":{"start":{"line":14,"column":0},"end":{"line":14,"column":51}},"14":{"start":{"line":15,"column":0},"end":{"line":15,"column":75}},"15":{"start":{"line":16,"column":0},"end":{"line":16,"column":57}},"16":{"start":{"line":17,"column":0},"end":{"line":17,"column":75}},"17":{"start":{"line":18,"column":0},"end":{"line":18,"column":69}},"18":{"start":{"line":19,"column":0},"end":{"line":19,"column":51}},"19":{"start":{"line":63,"column":7},"end":{"line":63,"column":null}},"20":{"start":{"line":63,"column":13},"end":{"line":63,"column":22}},"21":{"start":{"line":63,"column":13},"end":{"line":63,"column":null}},"22":{"start":{"line":28,"column":59},"end":{"line":30,"column":8}}},"fnMap":{"0":{"name":"(anonymous_1)","decl":{"start":{"line":28,"column":18},"end":{"line":28,"column":23}},"loc":{"start":{"line":28,"column":59},"end":{"line":30,"column":8}}}},"branchMap":{},"s":{"0":4,"1":4,"2":4,"3":4,"4":4,"5":4,"6":4,"7":4,"8":4,"9":4,"10":4,"11":4,"12":4,"13":4,"14":4,"15":4,"16":4,"17":4,"18":4,"19":4,"20":4,"21":4,"22":0},"f":{"0":0},"b":{}}
,"C:\\Users\\Hassa\\Documents\\Magnus_Copo_documents\\Magnus_Copo_Workspace_Files\\Split_flow_final_prod\\backend\\src\\app.service.ts": {"path":"C:\\Users\\Hassa\\Documents\\Magnus_Copo_documents\\Magnus_Copo_Workspace_Files\\Split_flow_final_prod\\backend\\src\\app.service.ts","statementMap":{"0":{"start":{"line":1,"column":0},"end":{"line":1,"column":44}},"1":{"start":{"line":4,"column":7},"end":{"line":8,"column":null}},"2":{"start":{"line":6,"column":4},"end":{"line":6,"column":26}},"3":{"start":{"line":4,"column":13},"end":{"line":4,"column":23}},"4":{"start":{"line":4,"column":13},"end":{"line":8,"column":null}}},"fnMap":{"0":{"name":"(anonymous_1)","decl":{"start":{"line":5,"column":2},"end":{"line":5,"column":10}},"loc":{"start":{"line":5,"column":10},"end":{"line":7,"column":3}}}},"branchMap":{},"s":{"0":5,"1":5,"2":1,"3":5,"4":5},"f":{"0":1},"b":{}}
,"C:\\Users\\Hassa\\Documents\\Magnus_Copo_documents\\Magnus_Copo_Workspace_Files\\Split_flow_final_prod\\backend\\src\\main.ts": {"path":"C:\\Users\\Hassa\\Documents\\Magnus_Copo_documents\\Magnus_Copo_Workspace_Files\\Split_flow_final_prod\\backend\\src\\main.ts","statementMap":{"0":{"start":{"line":1,"column":0},"end":{"line":1,"column":43}},"1":{"start":{"line":2,"column":0},"end":{"line":2,"column":41}},"2":{"start":{"line":3,"column":0},"end":{"line":3,"column":48}},"3":{"start":{"line":4,"column":0},"end":{"line":4,"column":28}},"4":{"start":{"line":5,"column":0},"end":{"line":5,"column":43}},"5":{"start":{"line":8,"column":14},"end":{"line":8,"column":49}},"6":{"start":{"line":10,"column":2},"end":{"line":10,"column":29}},"7":{"start":{"line":12,"column":2},"end":{"line":12,"column":20}},"8":{"start":{"line":13,"column":2},"end":{"line":13,"column":34}},"9":{"start":{"line":14,"column":2},"end":{"line":14,"column":56}},"10":{"start":{"line":17,"column":2},"end":{"line":23,"column":3}},"11":{"start":{"line":18,"column":4},"end":{"line":18,"column":60}},"12":{"start":{"line":19,"column":9},"end":{"line":23,"column":3}},"13":{"start":{"line":20,"column":4},"end":{"line":20,"column":47}},"14":{"start":{"line":22,"column":4},"end":{"line":22,"column":26}},"15":{"start":{"line":25,"column":2},"end":{"line":29,"column":5}},"16":{"start":{"line":31,"column":2},"end":{"line":37,"column":4}},"17":{"start":{"line":39,"column":2},"end":{"line":39,"column":56}},"18":{"start":{"line":42,"column":0},"end":{"line":42,"column":17}}},"fnMap":{"0":{"name":"bootstrap","decl":{"start":{"line":7,"column":15},"end":{"line":7,"column":24}},"loc":{"start":{"line":7,"column":24},"end":{"line":40,"column":1}}}},"branchMap":{"0":{"loc":{"start":{"line":17,"column":2},"end":{"line":23,"column":3}},"type":"if","locations":[{"start":{"line":17,"column":2},"end":{"line":23,"column":3}},{"start":{"line":19,"column":9},"end":{"line":23,"column":3}}]},"1":{"loc":{"start":{"line":19,"column":9},"end":{"line":23,"column":3}},"type":"if","locations":[{"start":{"line":19,"column":9},"end":{"line":23,"column":3}},{"start":{"line":21,"column":9},"end":{"line":23,"column":3}}]},"2":{"loc":{"start":{"line":39,"column":19},"end":{"line":39,"column":43}},"type":"binary-expr","locations":[{"start":{"line":39,"column":19},"end":{"line":39,"column":35}},{"start":{"line":39,"column":39},"end":{"line":39,"column":43}}]}},"s":{"0":3,"1":3,"2":3,"3":3,"4":3,"5":3,"6":3,"7":3,"8":3,"9":3,"10":3,"11":1,"12":2,"13":1,"14":1,"15":3,"16":3,"17":3,"18":3},"f":{"0":3},"b":{"0":[1,2],"1":[1,1],"2":[3,0]}}
,"C:\\Users\\Hassa\\Documents\\Magnus_Copo_documents\\Magnus_Copo_Workspace_Files\\Split_flow_final_prod\\backend\\src\\admin\\admin.controller.ts": {"path":"C:\\Users\\Hassa\\Documents\\Magnus_Copo_documents\\Magnus_Copo_Workspace_Files\\Split_flow_final_prod\\backend\\src\\admin\\admin.controller.ts","statementMap":{"0":{"start":{"line":1,"column":0},"end":{"line":1,"column":73}},"1":{"start":{"line":2,"column":0},"end":{"line":2,"column":47}},"2":{"start":{"line":3,"column":0},"end":{"line":3,"column":61}},"3":{"start":{"line":4,"column":0},"end":{"line":4,"column":56}},"4":{"start":{"line":7,"column":21},"end":{"line":7,"column":72}},"5":{"start":{"line":7,"column":45},"end":{"line":7,"column":72}},"6":{"start":{"line":7,"column":13},"end":{"line":7,"column":21}},"7":{"start":{"line":11,"column":7},"end":{"line":19,"column":null}},"8":{"start":{"line":12,"column":31},"end":{"line":12,"column":45}},"9":{"start":{"line":17,"column":4},"end":{"line":17,"column":40}},"10":{"start":{"line":11,"column":13},"end":{"line":11,"column":28}},"11":{"start":{"line":16,"column":2},"end":{"line":18,"column":null}},"12":{"start":{"line":11,"column":13},"end":{"line":19,"column":null}}},"fnMap":{"0":{"name":"(anonymous_2)","decl":{"start":{"line":7,"column":21},"end":{"line":7,"column":22}},"loc":{"start":{"line":7,"column":45},"end":{"line":7,"column":72}}},"1":{"name":"(anonymous_3)","decl":{"start":{"line":12,"column":2},"end":{"line":12,"column":31}},"loc":{"start":{"line":12,"column":57},"end":{"line":12,"column":61}}},"2":{"name":"(anonymous_4)","decl":{"start":{"line":16,"column":2},"end":{"line":16,"column":10}},"loc":{"start":{"line":16,"column":10},"end":{"line":18,"column":3}}}},"branchMap":{"0":{"loc":{"start":{"line":12,"column":45},"end":{"line":12,"column":60}},"type":"cond-expr","locations":[{"start":{"line":12,"column":57},"end":{"line":12,"column":60}},{"start":{"line":12,"column":57},"end":{"line":12,"column":60}}]},"1":{"loc":{"start":{"line":12,"column":45},"end":{"line":12,"column":57}},"type":"binary-expr","locations":[{"start":{"line":12,"column":45},"end":{"line":12,"column":60}},{"start":{"line":12,"column":45},"end":{"line":12,"column":57}}]}},"s":{"0":6,"1":6,"2":6,"3":6,"4":6,"5":16,"6":6,"7":6,"8":2,"9":1,"10":6,"11":6,"12":6},"f":{"0":16,"1":2,"2":1},"b":{"0":[6,0],"1":[6,6]}}
,"C:\\Users\\Hassa\\Documents\\Magnus_Copo_documents\\Magnus_Copo_Workspace_Files\\Split_flow_final_prod\\backend\\src\\admin\\admin.module.ts": {"path":"C:\\Users\\Hassa\\Documents\\Magnus_Copo_documents\\Magnus_Copo_Workspace_Files\\Split_flow_final_prod\\backend\\src\\admin\\admin.module.ts","statementMap":{"0":{"start":{"line":1,"column":0},"end":{"line":1,"column":40}},"1":{"start":{"line":2,"column":0},"end":{"line":2,"column":47}},"2":{"start":{"line":3,"column":0},"end":{"line":3,"column":53}},"3":{"start":{"line":4,"column":0},"end":{"line":4,"column":61}},"4":{"start":{"line":5,"column":0},"end":{"line":5,"column":52}},"5":{"start":{"line":12,"column":7},"end":{"line":12,"column":null}},"6":{"start":{"line":12,"column":13},"end":{"line":12,"column":24}},"7":{"start":{"line":12,"column":13},"end":{"line":12,"column":null}}},"fnMap":{},"branchMap":{},"s":{"0":4,"1":4,"2":4,"3":4,"4":4,"5":4,"6":4,"7":4},"f":{},"b":{}}
,"C:\\Users\\Hassa\\Documents\\Magnus_Copo_documents\\Magnus_Copo_Workspace_Files\\Split_flow_final_prod\\backend\\src\\admin\\admin.service.ts": {"path":"C:\\Users\\Hassa\\Documents\\Magnus_Copo_documents\\Magnus_Copo_Workspace_Files\\Split_flow_final_prod\\backend\\src\\admin\\admin.service.ts","statementMap":{"0":{"start":{"line":1,"column":0},"end":{"line":1,"column":44}},"1":{"start":{"line":2,"column":0},"end":{"line":2,"column":63}},"2":{"start":{"line":3,"column":0},"end":{"line":3,"column":54}},"3":{"start":{"line":6,"column":7},"end":{"line":49,"column":null}},"4":{"start":{"line":8,"column":21},"end":{"line":8,"column":38}},"5":{"start":{"line":9,"column":21},"end":{"line":9,"column":35}},"6":{"start":{"line":13,"column":21},"end":{"line":16,"column":6}},"7":{"start":{"line":18,"column":27},"end":{"line":18,"column":79}},"8":{"start":{"line":18,"column":50},"end":{"line":18,"column":71}},"9":{"start":{"line":19,"column":24},"end":{"line":21,"column":null}},"10":{"start":{"line":20,"column":18},"end":{"line":20,"column":45}},"11":{"start":{"line":23,"column":24},"end":{"line":25,"column":null}},"12":{"start":{"line":24,"column":18},"end":{"line":24,"column":45}},"13":{"start":{"line":28,"column":27},"end":{"line":28,"column":67}},"14":{"start":{"line":31,"column":29},"end":{"line":35,"column":9}},"15":{"start":{"line":32,"column":6},"end":{"line":34,"column":8}},"16":{"start":{"line":33,"column":42},"end":{"line":33,"column":62}},"17":{"start":{"line":37,"column":4},"end":{"line":47,"column":6}},"18":{"start":{"line":6,"column":13},"end":{"line":6,"column":25}},"19":{"start":{"line":6,"column":13},"end":{"line":49,"column":null}}},"fnMap":{"0":{"name":"(anonymous_2)","decl":{"start":{"line":7,"column":2},"end":{"line":7,"column":null}},"loc":{"start":{"line":9,"column":47},"end":{"line":10,"column":6}}},"1":{"name":"(anonymous_3)","decl":{"start":{"line":12,"column":2},"end":{"line":12,"column":7}},"loc":{"start":{"line":12,"column":16},"end":{"line":48,"column":3}}},"2":{"name":"(anonymous_4)","decl":{"start":{"line":18,"column":43},"end":{"line":18,"column":44}},"loc":{"start":{"line":18,"column":50},"end":{"line":18,"column":71}}},"3":{"name":"(anonymous_5)","decl":{"start":{"line":20,"column":6},"end":{"line":20,"column":7}},"loc":{"start":{"line":20,"column":18},"end":{"line":20,"column":45}}},"4":{"name":"(anonymous_6)","decl":{"start":{"line":24,"column":6},"end":{"line":24,"column":7}},"loc":{"start":{"line":24,"column":18},"end":{"line":24,"column":45}}},"5":{"name":"(anonymous_7)","decl":{"start":{"line":31,"column":45},"end":{"line":31,"column":46}},"loc":{"start":{"line":31,"column":56},"end":{"line":35,"column":5}}},"6":{"name":"(anonymous_8)","decl":{"start":{"line":33,"column":35},"end":{"line":33,"column":36}},"loc":{"start":{"line":33,"column":42},"end":{"line":33,"column":62}}}},"branchMap":{"0":{"loc":{"start":{"line":20,"column":25},"end":{"line":20,"column":44}},"type":"binary-expr","locations":[{"start":{"line":20,"column":25},"end":{"line":20,"column":39}},{"start":{"line":20,"column":43},"end":{"line":20,"column":44}}]},"1":{"loc":{"start":{"line":24,"column":25},"end":{"line":24,"column":44}},"type":"binary-expr","locations":[{"start":{"line":24,"column":25},"end":{"line":24,"column":39}},{"start":{"line":24,"column":43},"end":{"line":24,"column":44}}]},"2":{"loc":{"start":{"line":33,"column":15},"end":{"line":33,"column":75}},"type":"binary-expr","locations":[{"start":{"line":33,"column":15},"end":{"line":33,"column":70}},{"start":{"line":33,"column":74},"end":{"line":33,"column":75}}]},"3":{"loc":{"start":{"line":40,"column":23},"end":{"line":40,"column":78}},"type":"cond-expr","locations":[{"start":{"line":40,"column":41},"end":{"line":40,"column":74}},{"start":{"line":40,"column":77},"end":{"line":40,"column":78}}]},"4":{"loc":{"start":{"line":44,"column":8},"end":{"line":46,"column":13}},"type":"cond-expr","locations":[{"start":{"line":45,"column":12},"end":{"line":45,"column":66}},{"start":{"line":46,"column":12},"end":{"line":46,"column":13}}]},"5":{"loc":{"start":{"line":8,"column":38},"end":{"line":8,"column":null}},"type":"cond-expr","locations":[{"start":{"line":8,"column":53},"end":{"line":8,"column":null}},{"start":{"line":8,"column":53},"end":{"line":8,"column":null}}]},"6":{"loc":{"start":{"line":8,"column":38},"end":{"line":8,"column":53}},"type":"binary-expr","locations":[{"start":{"line":8,"column":38},"end":{"line":8,"column":null}},{"start":{"line":8,"column":38},"end":{"line":8,"column":53}}]},"7":{"loc":{"start":{"line":8,"column":53},"end":{"line":9,"column":null}},"type":"cond-expr","locations":[{"start":{"line":9,"column":47},"end":{"line":9,"column":null}},{"start":{"line":9,"column":47},"end":{"line":9,"column":null}}]},"8":{"loc":{"start":{"line":8,"column":53},"end":{"line":9,"column":47}},"type":"binary-expr","locations":[{"start":{"line":8,"column":53},"end":{"line":9,"column":null}},{"start":{"line":9,"column":35},"end":{"line":9,"column":47}}]}},"s":{"0":7,"1":7,"2":7,"3":7,"4":38,"5":38,"6":37,"7":37,"8":38,"9":37,"10":38,"11":37,"12":38,"13":37,"14":37,"15":38,"16":4,"17":37,"18":7,"19":7},"f":{"0":38,"1":37,"2":38,"3":38,"4":38,"5":38,"6":4},"b":{"0":[38,2],"1":[38,2],"2":[38,36],"3":[35,2],"4":[35,2],"5":[7,0],"6":[7,7],"7":[7,0],"8":[7,7]}}
,"C:\\Users\\Hassa\\Documents\\Magnus_Copo_documents\\Magnus_Copo_Workspace_Files\\Split_flow_final_prod\\backend\\src\\announcements\\announcements.controller.ts": {"path":"C:\\Users\\Hassa\\Documents\\Magnus_Copo_documents\\Magnus_Copo_Workspace_Files\\Split_flow_final_prod\\backend\\src\\announcements\\announcements.controller.ts","statementMap":{"0":{"start":{"line":1,"column":0},"end":{"line":1,"column":null}},"1":{"start":{"line":11,"column":0},"end":{"line":11,"column":63}},"2":{"start":{"line":12,"column":0},"end":{"line":12,"column":61}},"3":{"start":{"line":13,"column":0},"end":{"line":13,"column":50}},"4":{"start":{"line":14,"column":0},"end":{"line":14,"column":56}},"5":{"start":{"line":18,"column":7},"end":{"line":47,"column":null}},"6":{"start":{"line":19,"column":31},"end":{"line":19,"column":53}},"7":{"start":{"line":24,"column":4},"end":{"line":24,"column":72}},"8":{"start":{"line":29,"column":4},"end":{"line":29,"column":47}},"9":{"start":{"line":34,"column":4},"end":{"line":34,"column":49}},"10":{"start":{"line":39,"column":4},"end":{"line":39,"column":69}},"11":{"start":{"line":45,"column":4},"end":{"line":45,"column":48}},"12":{"start":{"line":18,"column":13},"end":{"line":18,"column":36}},"13":{"start":{"line":23,"column":2},"end":{"line":25,"column":null}},"14":{"start":{"line":28,"column":2},"end":{"line":30,"column":null}},"15":{"start":{"line":33,"column":2},"end":{"line":35,"column":null}},"16":{"start":{"line":38,"column":2},"end":{"line":40,"column":null}},"17":{"start":{"line":44,"column":2},"end":{"line":46,"column":null}},"18":{"start":{"line":18,"column":13},"end":{"line":47,"column":null}}},"fnMap":{"0":{"name":"(anonymous_4)","decl":{"start":{"line":19,"column":2},"end":{"line":19,"column":31}},"loc":{"start":{"line":19,"column":73},"end":{"line":19,"column":77}}},"1":{"name":"(anonymous_5)","decl":{"start":{"line":23,"column":2},"end":{"line":23,"column":8}},"loc":{"start":{"line":23,"column":47},"end":{"line":25,"column":3}}},"2":{"name":"(anonymous_6)","decl":{"start":{"line":28,"column":2},"end":{"line":28,"column":9}},"loc":{"start":{"line":28,"column":9},"end":{"line":30,"column":3}}},"3":{"name":"(anonymous_7)","decl":{"start":{"line":33,"column":2},"end":{"line":33,"column":9}},"loc":{"start":{"line":33,"column":33},"end":{"line":35,"column":3}}},"4":{"name":"(anonymous_8)","decl":{"start":{"line":38,"column":2},"end":{"line":38,"column":12}},"loc":{"start":{"line":38,"column":52},"end":{"line":40,"column":3}}},"5":{"name":"(anonymous_9)","decl":{"start":{"line":44,"column":2},"end":{"line":44,"column":8}},"loc":{"start":{"line":44,"column":32},"end":{"line":46,"column":3}}}},"branchMap":{"0":{"loc":{"start":{"line":19,"column":53},"end":{"line":19,"column":76}},"type":"cond-expr","locations":[{"start":{"line":19,"column":73},"end":{"line":19,"column":76}},{"start":{"line":19,"column":73},"end":{"line":19,"column":76}}]},"1":{"loc":{"start":{"line":19,"column":53},"end":{"line":19,"column":73}},"type":"binary-expr","locations":[{"start":{"line":19,"column":53},"end":{"line":19,"column":76}},{"start":{"line":19,"column":53},"end":{"line":19,"column":73}}]}},"s":{"0":5,"1":5,"2":5,"3":5,"4":5,"5":5,"6":6,"7":1,"8":1,"9":1,"10":1,"11":1,"12":5,"13":5,"14":5,"15":5,"16":5,"17":5,"18":5},"f":{"0":6,"1":1,"2":1,"3":1,"4":1,"5":1},"b":{"0":[5,0],"1":[5,5]}}
,"C:\\Users\\Hassa\\Documents\\Magnus_Copo_documents\\Magnus_Copo_Workspace_Files\\Split_flow_final_prod\\backend\\src\\announcements\\announcements.module.ts": {"path":"C:\\Users\\Hassa\\Documents\\Magnus_Copo_documents\\Magnus_Copo_Workspace_Files\\Split_flow_final_prod\\backend\\src\\announcements\\announcements.module.ts","statementMap":{"0":{"start":{"line":1,"column":0},"end":{"line":1,"column":40}},"1":{"start":{"line":2,"column":0},"end":{"line":2,"column":50}},"2":{"start":{"line":3,"column":0},"end":{"line":3,"column":63}},"3":{"start":{"line":4,"column":0},"end":{"line":4,"column":69}},"4":{"start":{"line":5,"column":0},"end":{"line":5,"column":null}},"5":{"start":{"line":9,"column":0},"end":{"line":9,"column":49}},"6":{"start":{"line":21,"column":7},"end":{"line":21,"column":null}},"7":{"start":{"line":21,"column":13},"end":{"line":21,"column":32}},"8":{"start":{"line":21,"column":13},"end":{"line":21,"column":null}}},"fnMap":{},"branchMap":{},"s":{"0":4,"1":4,"2":4,"3":4,"4":4,"5":4,"6":4,"7":4,"8":4},"f":{},"b":{}}
,"C:\\Users\\Hassa\\Documents\\Magnus_Copo_documents\\Magnus_Copo_Workspace_Files\\Split_flow_final_prod\\backend\\src\\announcements\\announcements.service.ts": {"path":"C:\\Users\\Hassa\\Documents\\Magnus_Copo_documents\\Magnus_Copo_Workspace_Files\\Split_flow_final_prod\\backend\\src\\announcements\\announcements.service.ts","statementMap":{"0":{"start":{"line":1,"column":0},"end":{"line":1,"column":44}},"1":{"start":{"line":2,"column":0},"end":{"line":2,"column":47}},"2":{"start":{"line":3,"column":0},"end":{"line":3,"column":33}},"3":{"start":{"line":4,"column":0},"end":{"line":4,"column":null}},"4":{"start":{"line":10,"column":7},"end":{"line":52,"column":null}},"5":{"start":{"line":13,"column":21},"end":{"line":13,"column":40}},"6":{"start":{"line":17,"column":20},"end":{"line":21,"column":6}},"7":{"start":{"line":22,"column":4},"end":{"line":22,"column":26}},"8":{"start":{"line":26,"column":4},"end":{"line":30,"column":14}},"9":{"start":{"line":34,"column":4},"end":{"line":34,"column":54}},"10":{"start":{"line":38,"column":4},"end":{"line":40,"column":14}},"11":{"start":{"line":44,"column":4},"end":{"line":46,"column":14}},"12":{"start":{"line":50,"column":4},"end":{"line":50,"column":63}},"13":{"start":{"line":10,"column":13},"end":{"line":10,"column":33}},"14":{"start":{"line":10,"column":13},"end":{"line":52,"column":null}}},"fnMap":{"0":{"name":"(anonymous_4)","decl":{"start":{"line":11,"column":2},"end":{"line":11,"column":null}},"loc":{"start":{"line":13,"column":67},"end":{"line":14,"column":6}}},"1":{"name":"(anonymous_5)","decl":{"start":{"line":16,"column":2},"end":{"line":16,"column":7}},"loc":{"start":{"line":16,"column":45},"end":{"line":23,"column":3}}},"2":{"name":"(anonymous_6)","decl":{"start":{"line":25,"column":2},"end":{"line":25,"column":7}},"loc":{"start":{"line":25,"column":15},"end":{"line":31,"column":3}}},"3":{"name":"(anonymous_7)","decl":{"start":{"line":33,"column":2},"end":{"line":33,"column":7}},"loc":{"start":{"line":33,"column":26},"end":{"line":35,"column":3}}},"4":{"name":"(anonymous_8)","decl":{"start":{"line":37,"column":2},"end":{"line":37,"column":7}},"loc":{"start":{"line":37,"column":41},"end":{"line":41,"column":3}}},"5":{"name":"(anonymous_9)","decl":{"start":{"line":43,"column":2},"end":{"line":43,"column":7}},"loc":{"start":{"line":43,"column":45},"end":{"line":47,"column":3}}},"6":{"name":"(anonymous_10)","decl":{"start":{"line":49,"column":2},"end":{"line":49,"column":7}},"loc":{"start":{"line":49,"column":25},"end":{"line":51,"column":3}}}},"branchMap":{"0":{"loc":{"start":{"line":13,"column":40},"end":{"line":13,"column":67}},"type":"cond-expr","locations":[{"start":{"line":13,"column":45},"end":{"line":13,"column":67}},{"start":{"line":13,"column":45},"end":{"line":13,"column":67}}]},"1":{"loc":{"start":{"line":13,"column":40},"end":{"line":13,"column":45}},"type":"binary-expr","locations":[{"start":{"line":13,"column":40},"end":{"line":13,"column":67}},{"start":{"line":13,"column":40},"end":{"line":13,"column":45}}]}},"s":{"0":6,"1":6,"2":6,"3":6,"4":6,"5":50,"6":25,"7":25,"8":1,"9":1,"10":1,"11":20,"12":1,"13":6,"14":6},"f":{"0":50,"1":25,"2":1,"3":1,"4":1,"5":20,"6":1},"b":{"0":[6,0],"1":[6,6]}}
,"C:\\Users\\Hassa\\Documents\\Magnus_Copo_documents\\Magnus_Copo_Workspace_Files\\Split_flow_final_prod\\backend\\src\\announcements\\schemas\\announcement.schema.ts": {"path":"C:\\Users\\Hassa\\Documents\\Magnus_Copo_documents\\Magnus_Copo_Workspace_Files\\Split_flow_final_prod\\backend\\src\\announcements\\schemas\\announcement.schema.ts","statementMap":{"0":{"start":{"line":1,"column":0},"end":{"line":1,"column":63}},"1":{"start":{"line":2,"column":0},"end":{"line":2,"column":62}},"2":{"start":{"line":3,"column":0},"end":{"line":3,"column":55}},"3":{"start":{"line":8,"column":7},"end":{"line":29,"column":null}},"4":{"start":{"line":8,"column":13},"end":{"line":8,"column":25}},"5":{"start":{"line":10,"column":2},"end":{"line":10,"column":null}},"6":{"start":{"line":13,"column":2},"end":{"line":13,"column":null}},"7":{"start":{"line":16,"column":2},"end":{"line":16,"column":null}},"8":{"start":{"line":19,"column":2},"end":{"line":19,"column":null}},"9":{"start":{"line":22,"column":2},"end":{"line":22,"column":null}},"10":{"start":{"line":28,"column":2},"end":{"line":28,"column":null}},"11":{"start":{"line":8,"column":13},"end":{"line":29,"column":null}},"12":{"start":{"line":31,"column":13},"end":{"line":31,"column":77}}},"fnMap":{},"branchMap":{"0":{"loc":{"start":{"line":19,"column":13},"end":{"line":19,"column":18}},"type":"cond-expr","locations":[{"start":{"line":19,"column":17},"end":{"line":19,"column":18}},{"start":{"line":19,"column":17},"end":{"line":19,"column":18}}]},"1":{"loc":{"start":{"line":19,"column":13},"end":{"line":19,"column":17}},"type":"binary-expr","locations":[{"start":{"line":19,"column":13},"end":{"line":19,"column":18}},{"start":{"line":19,"column":13},"end":{"line":19,"column":17}}]}},"s":{"0":6,"1":6,"2":6,"3":6,"4":6,"5":6,"6":6,"7":6,"8":6,"9":6,"10":6,"11":6,"12":6},"f":{},"b":{"0":[6,0],"1":[6,6]}}
,"C:\\Users\\Hassa\\Documents\\Magnus_Copo_documents\\Magnus_Copo_Workspace_Files\\Split_flow_final_prod\\backend\\src\\auth\\auth.controller.ts": {"path":"C:\\Users\\Hassa\\Documents\\Magnus_Copo_documents\\Magnus_Copo_Workspace_Files\\Split_flow_final_prod\\backend\\src\\auth\\auth.controller.ts","statementMap":{"0":{"start":{"line":1,"column":0},"end":{"line":1,"column":null}},"1":{"start":{"line":10,"column":0},"end":{"line":10,"column":45}},"2":{"start":{"line":11,"column":0},"end":{"line":11,"column":45}},"3":{"start":{"line":12,"column":0},"end":{"line":12,"column":59}},"4":{"start":{"line":13,"column":0},"end":{"line":13,"column":55}},"5":{"start":{"line":14,"column":0},"end":{"line":14,"column":49}},"6":{"start":{"line":15,"column":0},"end":{"line":15,"column":56}},"7":{"start":{"line":16,"column":0},"end":{"line":16,"column":70}},"8":{"start":{"line":19,"column":7},"end":{"line":93,"column":null}},"9":{"start":{"line":20,"column":31},"end":{"line":20,"column":44}},"10":{"start":{"line":29,"column":4},"end":{"line":29,"column":44}},"11":{"start":{"line":36,"column":4},"end":{"line":36,"column":50}},"12":{"start":{"line":42,"column":4},"end":{"line":42,"column":57}},"13":{"start":{"line":48,"column":4},"end":{"line":51,"column":7}},"14":{"start":{"line":59,"column":4},"end":{"line":61,"column":6}},"15":{"start":{"line":67,"column":4},"end":{"line":67,"column":52}},"16":{"start":{"line":72,"column":25},"end":{"line":72,"column":43}},"17":{"start":{"line":73,"column":4},"end":{"line":75,"column":5}},"18":{"start":{"line":74,"column":6},"end":{"line":74,"column":64}},"19":{"start":{"line":76,"column":4},"end":{"line":76,"column":56}},"20":{"start":{"line":87,"column":24},"end":{"line":87,"column":63}},"21":{"start":{"line":88,"column":4},"end":{"line":91,"column":6}},"22":{"start":{"line":19,"column":13},"end":{"line":19,"column":27}},"23":{"start":{"line":26,"column":8},"end":{"line":30,"column":null}},"24":{"start":{"line":35,"column":8},"end":{"line":37,"column":null}},"25":{"start":{"line":41,"column":8},"end":{"line":43,"column":null}},"26":{"start":{"line":47,"column":8},"end":{"line":52,"column":null}},"27":{"start":{"line":56,"column":8},"end":{"line":62,"column":null}},"28":{"start":{"line":66,"column":2},"end":{"line":68,"column":null}},"29":{"start":{"line":71,"column":2},"end":{"line":77,"column":null}},"30":{"start":{"line":86,"column":2},"end":{"line":92,"column":null}},"31":{"start":{"line":19,"column":13},"end":{"line":93,"column":null}}},"fnMap":{"0":{"name":"(anonymous_4)","decl":{"start":{"line":20,"column":2},"end":{"line":20,"column":31}},"loc":{"start":{"line":20,"column":55},"end":{"line":20,"column":59}}},"1":{"name":"(anonymous_5)","decl":{"start":{"line":26,"column":8},"end":{"line":26,"column":13}},"loc":{"start":{"line":27,"column":77},"end":{"line":30,"column":3}}},"2":{"name":"(anonymous_6)","decl":{"start":{"line":35,"column":8},"end":{"line":35,"column":16}},"loc":{"start":{"line":35,"column":49},"end":{"line":37,"column":3}}},"3":{"name":"(anonymous_7)","decl":{"start":{"line":41,"column":8},"end":{"line":41,"column":19}},"loc":{"start":{"line":41,"column":47},"end":{"line":43,"column":3}}},"4":{"name":"(anonymous_8)","decl":{"start":{"line":47,"column":8},"end":{"line":47,"column":18}},"loc":{"start":{"line":47,"column":46},"end":{"line":52,"column":3}}},"5":{"name":"(anonymous_9)","decl":{"start":{"line":56,"column":8},"end":{"line":56,"column":18}},"loc":{"start":{"line":57,"column":48},"end":{"line":62,"column":3}}},"6":{"name":"(anonymous_10)","decl":{"start":{"line":66,"column":2},"end":{"line":66,"column":8}},"loc":{"start":{"line":66,"column":53},"end":{"line":68,"column":3}}},"7":{"name":"(anonymous_11)","decl":{"start":{"line":71,"column":2},"end":{"line":71,"column":9}},"loc":{"start":{"line":71,"column":49},"end":{"line":77,"column":3}}},"8":{"name":"(anonymous_12)","decl":{"start":{"line":86,"column":2},"end":{"line":86,"column":18}},"loc":{"start":{"line":86,"column":77},"end":{"line":92,"column":3}}}},"branchMap":{"0":{"loc":{"start":{"line":73,"column":4},"end":{"line":75,"column":5}},"type":"if","locations":[{"start":{"line":73,"column":4},"end":{"line":75,"column":5}},{"start":{},"end":{}}]},"1":{"loc":{"start":{"line":35,"column":38},"end":{"line":35,"column":null}},"type":"cond-expr","locations":[{"start":{"line":35,"column":49},"end":{"line":35,"column":null}},{"start":{"line":35,"column":49},"end":{"line":35,"column":null}}]},"2":{"loc":{"start":{"line":35,"column":38},"end":{"line":35,"column":49}},"type":"binary-expr","locations":[{"start":{"line":35,"column":38},"end":{"line":35,"column":null}},{"start":{"line":35,"column":38},"end":{"line":35,"column":49}}]},"3":{"loc":{"start":{"line":41,"column":33},"end":{"line":41,"column":null}},"type":"cond-expr","locations":[{"start":{"line":41,"column":47},"end":{"line":41,"column":null}},{"start":{"line":41,"column":47},"end":{"line":41,"column":null}}]},"4":{"loc":{"start":{"line":41,"column":33},"end":{"line":41,"column":47}},"type":"binary-expr","locations":[{"start":{"line":41,"column":33},"end":{"line":41,"column":null}},{"start":{"line":41,"column":33},"end":{"line":41,"column":47}}]},"5":{"loc":{"start":{"line":47,"column":32},"end":{"line":47,"column":null}},"type":"cond-expr","locations":[{"start":{"line":47,"column":46},"end":{"line":47,"column":null}},{"start":{"line":47,"column":46},"end":{"line":47,"column":null}}]},"6":{"loc":{"start":{"line":47,"column":32},"end":{"line":47,"column":46}},"type":"binary-expr","locations":[{"start":{"line":47,"column":32},"end":{"line":47,"column":null}},{"start":{"line":47,"column":32},"end":{"line":47,"column":46}}]},"7":{"loc":{"start":{"line":58,"column":5},"end":{"line":58,"column":null}},"type":"cond-expr","locations":[{"start":{"line":58,"column":12},"end":{"line":58,"column":null}},{"start":{"line":58,"column":12},"end":{"line":58,"column":null}}]},"8":{"loc":{"start":{"line":58,"column":5},"end":{"line":58,"column":12}},"type":"binary-expr","locations":[{"start":{"line":58,"column":5},"end":{"line":58,"column":null}},{"start":{"line":58,"column":5},"end":{"line":58,"column":12}}]},"9":{"loc":{"start":{"line":20,"column":44},"end":{"line":20,"column":58}},"type":"cond-expr","locations":[{"start":{"line":20,"column":55},"end":{"line":20,"column":58}},{"start":{"line":20,"column":55},"end":{"line":20,"column":58}}]},"10":{"loc":{"start":{"line":20,"column":44},"end":{"line":20,"column":55}},"type":"binary-expr","locations":[{"start":{"line":20,"column":44},"end":{"line":20,"column":58}},{"start":{"line":20,"column":44},"end":{"line":20,"column":55}}]}},"s":{"0":5,"1":5,"2":5,"3":5,"4":5,"5":5,"6":5,"7":5,"8":5,"9":13,"10":1,"11":1,"12":1,"13":1,"14":1,"15":1,"16":4,"17":4,"18":3,"19":1,"20":4,"21":4,"22":5,"23":5,"24":5,"25":5,"26":5,"27":5,"28":5,"29":5,"30":5,"31":5},"f":{"0":13,"1":1,"2":1,"3":1,"4":1,"5":1,"6":1,"7":4,"8":4},"b":{"0":[3,1],"1":[5,0],"2":[5,5],"3":[5,0],"4":[5,5],"5":[5,0],"6":[5,5],"7":[5,0],"8":[5,5],"9":[5,0],"10":[5,5]}}
,"C:\\Users\\Hassa\\Documents\\Magnus_Copo_documents\\Magnus_Copo_Workspace_Files\\Split_flow_final_prod\\backend\\src\\auth\\auth.module.ts": {"path":"C:\\Users\\Hassa\\Documents\\Magnus_Copo_documents\\Magnus_Copo_Workspace_Files\\Split_flow_final_prod\\backend\\src\\auth\\auth.module.ts","statementMap":{"0":{"start":{"line":1,"column":0},"end":{"line":1,"column":52}},"1":{"start":{"line":2,"column":0},"end":{"line":2,"column":45}},"2":{"start":{"line":3,"column":0},"end":{"line":3,"column":52}},"3":{"start":{"line":4,"column":0},"end":{"line":4,"column":50}},"4":{"start":{"line":5,"column":0},"end":{"line":5,"column":60}},"5":{"start":{"line":6,"column":0},"end":{"line":6,"column":56}},"6":{"start":{"line":7,"column":0},"end":{"line":7,"column":40}},"7":{"start":{"line":8,"column":0},"end":{"line":8,"column":61}},"8":{"start":{"line":9,"column":0},"end":{"line":9,"column":51}},"9":{"start":{"line":28,"column":7},"end":{"line":28,"column":null}},"10":{"start":{"line":28,"column":13},"end":{"line":28,"column":23}},"11":{"start":{"line":28,"column":13},"end":{"line":28,"column":null}},"12":{"start":{"line":13,"column":21},"end":{"line":13,"column":32}},"13":{"start":{"line":17,"column":59},"end":{"line":20,"column":8}}},"fnMap":{"0":{"name":"(anonymous_1)","decl":{"start":{"line":13,"column":15},"end":{"line":13,"column":18}},"loc":{"start":{"line":13,"column":21},"end":{"line":13,"column":32}}},"1":{"name":"(anonymous_2)","decl":{"start":{"line":17,"column":18},"end":{"line":17,"column":23}},"loc":{"start":{"line":17,"column":59},"end":{"line":20,"column":8}}}},"branchMap":{},"s":{"0":4,"1":4,"2":4,"3":4,"4":4,"5":4,"6":4,"7":4,"8":4,"9":4,"10":4,"11":4,"12":0,"13":0},"f":{"0":0,"1":0},"b":{}}
,"C:\\Users\\Hassa\\Documents\\Magnus_Copo_documents\\Magnus_Copo_Workspace_Files\\Split_flow_final_prod\\backend\\src\\auth\\auth.service.ts": {"path":"C:\\Users\\Hassa\\Documents\\Magnus_Copo_documents\\Magnus_Copo_Workspace_Files\\Split_flow_final_prod\\backend\\src\\auth\\auth.service.ts","statementMap":{"0":{"start":{"line":1,"column":0},"end":{"line":1,"column":null}},"1":{"start":{"line":8,"column":0},"end":{"line":8,"column":54}},"2":{"start":{"line":9,"column":0},"end":{"line":9,"column":41}},"3":{"start":{"line":10,"column":0},"end":{"line":10,"column":33}},"4":{"start":{"line":11,"column":0},"end":{"line":11,"column":51}},"5":{"start":{"line":12,"column":0},"end":{"line":12,"column":53}},"6":{"start":{"line":15,"column":7},"end":{"line":328,"column":null}},"7":{"start":{"line":16,"column":34},"end":{"line":16,"column":52}},"8":{"start":{"line":17,"column":31},"end":{"line":18,"column":null}},"9":{"start":{"line":23,"column":21},"end":{"line":23,"column":35}},"10":{"start":{"line":24,"column":21},"end":{"line":24,"column":33}},"11":{"start":{"line":28,"column":4},"end":{"line":31,"column":6}},"12":{"start":{"line":35,"column":4},"end":{"line":38,"column":6}},"13":{"start":{"line":42,"column":17},"end":{"line":42,"column":39}},"14":{"start":{"line":43,"column":29},"end":{"line":43,"column":66}},"15":{"start":{"line":44,"column":4},"end":{"line":44,"column":74}},"16":{"start":{"line":48,"column":17},"end":{"line":48,"column":69}},"17":{"start":{"line":49,"column":4},"end":{"line":52,"column":5}},"18":{"start":{"line":50,"column":42},"end":{"line":50,"column":57}},"19":{"start":{"line":51,"column":6},"end":{"line":51,"column":20}},"20":{"start":{"line":53,"column":4},"end":{"line":53,"column":16}},"21":{"start":{"line":57,"column":18},"end":{"line":57,"column":43}},"22":{"start":{"line":58,"column":4},"end":{"line":58,"column":53}},"23":{"start":{"line":58,"column":27},"end":{"line":58,"column":53}},"24":{"start":{"line":59,"column":4},"end":{"line":59,"column":20}},"25":{"start":{"line":63,"column":20},"end":{"line":67,"column":32}},"26":{"start":{"line":68,"column":17},"end":{"line":68,"column":47}},"27":{"start":{"line":69,"column":4},"end":{"line":69,"column":29}},"28":{"start":{"line":79,"column":6},"end":{"line":79,"column":61}},"29":{"start":{"line":80,"column":28},"end":{"line":82,"column":20}},"30":{"start":{"line":84,"column":15},"end":{"line":86,"column":null}},"31":{"start":{"line":88,"column":4},"end":{"line":90,"column":5}},"32":{"start":{"line":89,"column":6},"end":{"line":89,"column":62}},"33":{"start":{"line":92,"column":4},"end":{"line":104,"column":5}},"34":{"start":{"line":93,"column":41},"end":{"line":96,"column":8}},"35":{"start":{"line":97,"column":6},"end":{"line":99,"column":7}},"36":{"start":{"line":98,"column":8},"end":{"line":98,"column":68}},"37":{"start":{"line":100,"column":6},"end":{"line":100,"column":62}},"38":{"start":{"line":101,"column":24},"end":{"line":101,"column":74}},"39":{"start":{"line":102,"column":6},"end":{"line":102,"column":77}},"40":{"start":{"line":102,"column":22},"end":{"line":102,"column":77}},"41":{"start":{"line":103,"column":6},"end":{"line":103,"column":23}},"42":{"start":{"line":106,"column":4},"end":{"line":110,"column":5}},"43":{"start":{"line":107,"column":6},"end":{"line":109,"column":8}},"44":{"start":{"line":112,"column":30},"end":{"line":112,"column":95}},"45":{"start":{"line":114,"column":6},"end":{"line":114,"column":60}},"46":{"start":{"line":116,"column":4},"end":{"line":124,"column":7}},"47":{"start":{"line":128,"column":28},"end":{"line":133,"column":33}},"48":{"start":{"line":135,"column":19},"end":{"line":138,"column":6}},"49":{"start":{"line":140,"column":20},"end":{"line":140,"column":39}},"50":{"start":{"line":141,"column":4},"end":{"line":143,"column":5}},"51":{"start":{"line":142,"column":6},"end":{"line":142,"column":70}},"52":{"start":{"line":144,"column":4},"end":{"line":146,"column":5}},"53":{"start":{"line":145,"column":6},"end":{"line":145,"column":70}},"54":{"start":{"line":148,"column":17},"end":{"line":153,"column":6}},"55":{"start":{"line":155,"column":4},"end":{"line":155,"column":28}},"56":{"start":{"line":163,"column":6},"end":{"line":165,"column":38}},"57":{"start":{"line":167,"column":47},"end":{"line":169,"column":6}},"58":{"start":{"line":170,"column":4},"end":{"line":172,"column":5}},"59":{"start":{"line":171,"column":6},"end":{"line":171,"column":48}},"60":{"start":{"line":174,"column":24},"end":{"line":177,"column":null}},"61":{"start":{"line":179,"column":21},"end":{"line":179,"column":47}},"62":{"start":{"line":180,"column":4},"end":{"line":182,"column":5}},"63":{"start":{"line":181,"column":6},"end":{"line":181,"column":69}},"64":{"start":{"line":185,"column":6},"end":{"line":186,"column":8}},"65":{"start":{"line":187,"column":17},"end":{"line":187,"column":48}},"66":{"start":{"line":189,"column":17},"end":{"line":194,"column":6}},"67":{"start":{"line":196,"column":4},"end":{"line":196,"column":28}},"68":{"start":{"line":200,"column":19},"end":{"line":200,"column":46}},"69":{"start":{"line":201,"column":22},"end":{"line":205,"column":6}},"70":{"start":{"line":207,"column":24},"end":{"line":207,"column":54}},"71":{"start":{"line":208,"column":25},"end":{"line":208,"column":56}},"72":{"start":{"line":209,"column":4},"end":{"line":209,"column":61}},"73":{"start":{"line":211,"column":4},"end":{"line":220,"column":6}},"74":{"start":{"line":225,"column":4},"end":{"line":229,"column":5}},"75":{"start":{"line":226,"column":6},"end":{"line":226,"column":53}},"76":{"start":{"line":228,"column":6},"end":{"line":228,"column":63}},"77":{"start":{"line":231,"column":4},"end":{"line":233,"column":5}},"78":{"start":{"line":232,"column":6},"end":{"line":232,"column":63}},"79":{"start":{"line":235,"column":17},"end":{"line":235,"column":62}},"80":{"start":{"line":236,"column":4},"end":{"line":238,"column":5}},"81":{"start":{"line":237,"column":6},"end":{"line":237,"column":59}},"82":{"start":{"line":240,"column":32},"end":{"line":242,"column":null}},"83":{"start":{"line":244,"column":4},"end":{"line":246,"column":5}},"84":{"start":{"line":245,"column":6},"end":{"line":245,"column":63}},"85":{"start":{"line":248,"column":22},"end":{"line":252,"column":6}},"86":{"start":{"line":253,"column":27},"end":{"line":253,"column":57}},"87":{"start":{"line":254,"column":28},"end":{"line":254,"column":59}},"88":{"start":{"line":255,"column":4},"end":{"line":255,"column":70}},"89":{"start":{"line":257,"column":4},"end":{"line":260,"column":6}},"90":{"start":{"line":264,"column":4},"end":{"line":264,"column":58}},"91":{"start":{"line":265,"column":4},"end":{"line":265,"column":29}},"92":{"start":{"line":270,"column":29},"end":{"line":270,"column":50}},"93":{"start":{"line":271,"column":4},"end":{"line":273,"column":5}},"94":{"start":{"line":272,"column":6},"end":{"line":272,"column":36}},"95":{"start":{"line":276,"column":30},"end":{"line":278,"column":75}},"96":{"start":{"line":278,"column":46},"end":{"line":278,"column":74}},"97":{"start":{"line":279,"column":24},"end":{"line":279,"column":78}},"98":{"start":{"line":280,"column":4},"end":{"line":284,"column":5}},"99":{"start":{"line":281,"column":6},"end":{"line":283,"column":8}},"100":{"start":{"line":287,"column":21},"end":{"line":287,"column":71}},"101":{"start":{"line":288,"column":4},"end":{"line":292,"column":5}},"102":{"start":{"line":289,"column":6},"end":{"line":291,"column":8}},"103":{"start":{"line":294,"column":17},"end":{"line":294,"column":60}},"104":{"start":{"line":295,"column":38},"end":{"line":295,"column":53}},"105":{"start":{"line":296,"column":4},"end":{"line":300,"column":6}},"106":{"start":{"line":304,"column":17},"end":{"line":304,"column":57}},"107":{"start":{"line":305,"column":4},"end":{"line":305,"column":49}},"108":{"start":{"line":305,"column":15},"end":{"line":305,"column":49}},"109":{"start":{"line":307,"column":20},"end":{"line":307,"column":68}},"110":{"start":{"line":308,"column":4},"end":{"line":308,"column":80}},"111":{"start":{"line":308,"column":18},"end":{"line":308,"column":80}},"112":{"start":{"line":310,"column":17},"end":{"line":310,"column":39}},"113":{"start":{"line":311,"column":17},"end":{"line":311,"column":49}},"114":{"start":{"line":313,"column":4},"end":{"line":313,"column":29}},"115":{"start":{"line":314,"column":4},"end":{"line":314,"column":22}},"116":{"start":{"line":315,"column":4},"end":{"line":315,"column":29}},"117":{"start":{"line":319,"column":17},"end":{"line":319,"column":57}},"118":{"start":{"line":320,"column":4},"end":{"line":320,"column":49}},"119":{"start":{"line":320,"column":15},"end":{"line":320,"column":49}},"120":{"start":{"line":321,"column":40},"end":{"line":321,"column":55}},"121":{"start":{"line":322,"column":4},"end":{"line":326,"column":6}},"122":{"start":{"line":15,"column":13},"end":{"line":15,"column":24}},"123":{"start":{"line":15,"column":13},"end":{"line":328,"column":null}},"124":{"start":{"line":22,"column":29},"end":{"line":22,"column":41}}},"fnMap":{"0":{"name":"(anonymous_13)","decl":{"start":{"line":21,"column":2},"end":{"line":21,"column":null}},"loc":{"start":{"line":24,"column":43},"end":{"line":25,"column":6}}},"1":{"name":"(anonymous_14)","decl":{"start":{"line":27,"column":10},"end":{"line":27,"column":24}},"loc":{"start":{"line":27,"column":74},"end":{"line":32,"column":3}}},"2":{"name":"(anonymous_15)","decl":{"start":{"line":34,"column":10},"end":{"line":34,"column":25}},"loc":{"start":{"line":34,"column":75},"end":{"line":39,"column":3}}},"3":{"name":"(anonymous_16)","decl":{"start":{"line":41,"column":10},"end":{"line":41,"column":15}},"loc":{"start":{"line":41,"column":76},"end":{"line":45,"column":3}}},"4":{"name":"(anonymous_17)","decl":{"start":{"line":47,"column":2},"end":{"line":47,"column":7}},"loc":{"start":{"line":47,"column":53},"end":{"line":54,"column":3}}},"5":{"name":"(anonymous_18)","decl":{"start":{"line":56,"column":10},"end":{"line":56,"column":22}},"loc":{"start":{"line":56,"column":55},"end":{"line":60,"column":3}}},"6":{"name":"(anonymous_19)","decl":{"start":{"line":62,"column":10},"end":{"line":62,"column":26}},"loc":{"start":{"line":62,"column":41},"end":{"line":70,"column":3}}},"7":{"name":"(anonymous_20)","decl":{"start":{"line":72,"column":10},"end":{"line":72,"column":15}},"loc":{"start":{"line":77,"column":3},"end":{"line":125,"column":3}}},"8":{"name":"(anonymous_21)","decl":{"start":{"line":127,"column":2},"end":{"line":127,"column":7}},"loc":{"start":{"line":127,"column":39},"end":{"line":156,"column":3}}},"9":{"name":"(anonymous_22)","decl":{"start":{"line":158,"column":2},"end":{"line":158,"column":7}},"loc":{"start":{"line":160,"column":47},"end":{"line":197,"column":3}}},"10":{"name":"(anonymous_23)","decl":{"start":{"line":199,"column":2},"end":{"line":199,"column":7}},"loc":{"start":{"line":199,"column":23},"end":{"line":221,"column":3}}},"11":{"name":"(anonymous_24)","decl":{"start":{"line":223,"column":2},"end":{"line":223,"column":7}},"loc":{"start":{"line":223,"column":42},"end":{"line":261,"column":3}}},"12":{"name":"(anonymous_25)","decl":{"start":{"line":263,"column":2},"end":{"line":263,"column":7}},"loc":{"start":{"line":263,"column":29},"end":{"line":266,"column":3}}},"13":{"name":"(anonymous_26)","decl":{"start":{"line":268,"column":2},"end":{"line":268,"column":7}},"loc":{"start":{"line":268,"column":33},"end":{"line":301,"column":3}}},"14":{"name":"(anonymous_27)","decl":{"start":{"line":278,"column":34},"end":{"line":278,"column":35}},"loc":{"start":{"line":278,"column":46},"end":{"line":278,"column":74}}},"15":{"name":"(anonymous_28)","decl":{"start":{"line":303,"column":2},"end":{"line":303,"column":7}},"loc":{"start":{"line":303,"column":71},"end":{"line":316,"column":3}}},"16":{"name":"(anonymous_29)","decl":{"start":{"line":318,"column":2},"end":{"line":318,"column":7}},"loc":{"start":{"line":318,"column":33},"end":{"line":327,"column":3}}},"17":{"name":"(anonymous_30)","decl":{"start":{"line":22,"column":23},"end":{"line":22,"column":26}},"loc":{"start":{"line":22,"column":29},"end":{"line":22,"column":41}}}},"branchMap":{"0":{"loc":{"start":{"line":49,"column":4},"end":{"line":52,"column":5}},"type":"if","locations":[{"start":{"line":49,"column":4},"end":{"line":52,"column":5}},{"start":{},"end":{}}]},"1":{"loc":{"start":{"line":49,"column":8},"end":{"line":49,"column":63}},"type":"binary-expr","locations":[{"start":{"line":49,"column":8},"end":{"line":49,"column":12}},{"start":{"line":49,"column":17},"end":{"line":49,"column":62}}]},"2":{"loc":{"start":{"line":56,"column":38},"end":{"line":56,"column":55}},"type":"default-arg","locations":[{"start":{"line":56,"column":49},"end":{"line":56,"column":55}}]},"3":{"loc":{"start":{"line":57,"column":25},"end":{"line":57,"column":35}},"type":"binary-expr","locations":[{"start":{"line":57,"column":25},"end":{"line":57,"column":29}},{"start":{"line":57,"column":33},"end":{"line":57,"column":35}}]},"4":{"loc":{"start":{"line":58,"column":4},"end":{"line":58,"column":53}},"type":"if","locations":[{"start":{"line":58,"column":4},"end":{"line":58,"column":53}},{"start":{},"end":{}}]},"5":{"loc":{"start":{"line":63,"column":27},"end":{"line":63,"column":39}},"type":"binary-expr","locations":[{"start":{"line":63,"column":27},"end":{"line":63,"column":33}},{"start":{"line":63,"column":37},"end":{"line":63,"column":39}}]},"6":{"loc":{"start":{"line":68,"column":17},"end":{"line":68,"column":47}},"type":"binary-expr","locations":[{"start":{"line":68,"column":17},"end":{"line":68,"column":24}},{"start":{"line":68,"column":28},"end":{"line":68,"column":47}}]},"7":{"loc":{"start":{"line":79,"column":6},"end":{"line":79,"column":61}},"type":"cond-expr","locations":[{"start":{"line":79,"column":37},"end":{"line":79,"column":48}},{"start":{"line":79,"column":51},"end":{"line":79,"column":61}}]},"8":{"loc":{"start":{"line":80,"column":35},"end":{"line":80,"column":53}},"type":"binary-expr","locations":[{"start":{"line":80,"column":35},"end":{"line":80,"column":47}},{"start":{"line":80,"column":51},"end":{"line":80,"column":53}}]},"9":{"loc":{"start":{"line":88,"column":4},"end":{"line":90,"column":5}},"type":"if","locations":[{"start":{"line":88,"column":4},"end":{"line":90,"column":5}},{"start":{},"end":{}}]},"10":{"loc":{"start":{"line":88,"column":8},"end":{"line":88,"column":32}},"type":"binary-expr","locations":[{"start":{"line":88,"column":8},"end":{"line":88,"column":13}},{"start":{"line":88,"column":17},"end":{"line":88,"column":32}}]},"11":{"loc":{"start":{"line":92,"column":4},"end":{"line":104,"column":5}},"type":"if","locations":[{"start":{"line":92,"column":4},"end":{"line":104,"column":5}},{"start":{},"end":{}}]},"12":{"loc":{"start":{"line":97,"column":6},"end":{"line":99,"column":7}},"type":"if","locations":[{"start":{"line":97,"column":6},"end":{"line":99,"column":7}},{"start":{},"end":{}}]},"13":{"loc":{"start":{"line":97,"column":10},"end":{"line":97,"column":35}},"type":"binary-expr","locations":[{"start":{"line":97,"column":10},"end":{"line":97,"column":20}},{"start":{"line":97,"column":24},"end":{"line":97,"column":35}}]},"14":{"loc":{"start":{"line":102,"column":6},"end":{"line":102,"column":77}},"type":"if","locations":[{"start":{"line":102,"column":6},"end":{"line":102,"column":77}},{"start":{},"end":{}}]},"15":{"loc":{"start":{"line":106,"column":4},"end":{"line":110,"column":5}},"type":"if","locations":[{"start":{"line":106,"column":4},"end":{"line":110,"column":5}},{"start":{},"end":{}}]},"16":{"loc":{"start":{"line":114,"column":6},"end":{"line":114,"column":60}},"type":"binary-expr","locations":[{"start":{"line":114,"column":6},"end":{"line":114,"column":35}},{"start":{"line":114,"column":39},"end":{"line":114,"column":50}},{"start":{"line":114,"column":54},"end":{"line":114,"column":60}}]},"17":{"loc":{"start":{"line":137,"column":16},"end":{"line":137,"column":72}},"type":"cond-expr","locations":[{"start":{"line":137,"column":45},"end":{"line":137,"column":60}},{"start":{"line":137,"column":63},"end":{"line":137,"column":72}}]},"18":{"loc":{"start":{"line":141,"column":4},"end":{"line":143,"column":5}},"type":"if","locations":[{"start":{"line":141,"column":4},"end":{"line":143,"column":5}},{"start":{},"end":{}}]},"19":{"loc":{"start":{"line":141,"column":8},"end":{"line":141,"column":40}},"type":"binary-expr","locations":[{"start":{"line":141,"column":8},"end":{"line":141,"column":21}},{"start":{"line":141,"column":25},"end":{"line":141,"column":40}}]},"20":{"loc":{"start":{"line":144,"column":4},"end":{"line":146,"column":5}},"type":"if","locations":[{"start":{"line":144,"column":4},"end":{"line":146,"column":5}},{"start":{},"end":{}}]},"21":{"loc":{"start":{"line":152,"column":12},"end":{"line":152,"column":37}},"type":"binary-expr","locations":[{"start":{"line":152,"column":12},"end":{"line":152,"column":24}},{"start":{"line":152,"column":28},"end":{"line":152,"column":37}}]},"22":{"loc":{"start":{"line":163,"column":6},"end":{"line":165,"column":38}},"type":"binary-expr","locations":[{"start":{"line":163,"column":6},"end":{"line":163,"column":34}},{"start":{"line":164,"column":6},"end":{"line":164,"column":33}},{"start":{"line":165,"column":6},"end":{"line":165,"column":38}}]},"23":{"loc":{"start":{"line":170,"column":4},"end":{"line":172,"column":5}},"type":"if","locations":[{"start":{"line":170,"column":4},"end":{"line":172,"column":5}},{"start":{},"end":{}}]},"24":{"loc":{"start":{"line":179,"column":28},"end":{"line":179,"column":46}},"type":"binary-expr","locations":[{"start":{"line":179,"column":28},"end":{"line":179,"column":40}},{"start":{"line":179,"column":44},"end":{"line":179,"column":46}}]},"25":{"loc":{"start":{"line":180,"column":4},"end":{"line":182,"column":5}},"type":"if","locations":[{"start":{"line":180,"column":4},"end":{"line":182,"column":5}},{"start":{},"end":{}}]},"26":{"loc":{"start":{"line":185,"column":6},"end":{"line":186,"column":8}},"type":"binary-expr","locations":[{"start":{"line":185,"column":7},"end":{"line":185,"column":74}},{"start":{"line":186,"column":6},"end":{"line":186,"column":8}}]},"27":{"loc":{"start":{"line":185,"column":7},"end":{"line":185,"column":74}},"type":"cond-expr","locations":[{"start":{"line":185,"column":44},"end":{"line":185,"column":57}},{"start":{"line":185,"column":60},"end":{"line":185,"column":74}}]},"28":{"loc":{"start":{"line":187,"column":17},"end":{"line":187,"column":48}},"type":"binary-expr","locations":[{"start":{"line":187,"column":17},"end":{"line":187,"column":30}},{"start":{"line":187,"column":34},"end":{"line":187,"column":48}}]},"29":{"loc":{"start":{"line":200,"column":26},"end":{"line":200,"column":45}},"type":"binary-expr","locations":[{"start":{"line":200,"column":26},"end":{"line":200,"column":34}},{"start":{"line":200,"column":38},"end":{"line":200,"column":45}}]},"30":{"loc":{"start":{"line":231,"column":4},"end":{"line":233,"column":5}},"type":"if","locations":[{"start":{"line":231,"column":4},"end":{"line":233,"column":5}},{"start":{},"end":{}}]},"31":{"loc":{"start":{"line":231,"column":8},"end":{"line":231,"column":52}},"type":"binary-expr","locations":[{"start":{"line":231,"column":8},"end":{"line":231,"column":21}},{"start":{"line":231,"column":25},"end":{"line":231,"column":52}}]},"32":{"loc":{"start":{"line":236,"column":4},"end":{"line":238,"column":5}},"type":"if","locations":[{"start":{"line":236,"column":4},"end":{"line":238,"column":5}},{"start":{},"end":{}}]},"33":{"loc":{"start":{"line":236,"column":8},"end":{"line":236,"column":39}},"type":"binary-expr","locations":[{"start":{"line":236,"column":8},"end":{"line":236,"column":13}},{"start":{"line":236,"column":17},"end":{"line":236,"column":39}}]},"34":{"loc":{"start":{"line":244,"column":4},"end":{"line":246,"column":5}},"type":"if","locations":[{"start":{"line":244,"column":4},"end":{"line":246,"column":5}},{"start":{},"end":{}}]},"35":{"loc":{"start":{"line":271,"column":4},"end":{"line":273,"column":5}},"type":"if","locations":[{"start":{"line":271,"column":4},"end":{"line":273,"column":5}},{"start":{},"end":{}}]},"36":{"loc":{"start":{"line":271,"column":8},"end":{"line":271,"column":72}},"type":"binary-expr","locations":[{"start":{"line":271,"column":8},"end":{"line":271,"column":24}},{"start":{"line":271,"column":28},"end":{"line":271,"column":72}}]},"37":{"loc":{"start":{"line":279,"column":25},"end":{"line":279,"column":48}},"type":"binary-expr","locations":[{"start":{"line":279,"column":25},"end":{"line":279,"column":42}},{"start":{"line":279,"column":46},"end":{"line":279,"column":48}}]},"38":{"loc":{"start":{"line":280,"column":4},"end":{"line":284,"column":5}},"type":"if","locations":[{"start":{"line":280,"column":4},"end":{"line":284,"column":5}},{"start":{},"end":{}}]},"39":{"loc":{"start":{"line":280,"column":8},"end":{"line":280,"column":62}},"type":"binary-expr","locations":[{"start":{"line":280,"column":8},"end":{"line":280,"column":19}},{"start":{"line":280,"column":23},"end":{"line":280,"column":62}}]},"40":{"loc":{"start":{"line":288,"column":4},"end":{"line":292,"column":5}},"type":"if","locations":[{"start":{"line":288,"column":4},"end":{"line":292,"column":5}},{"start":{},"end":{}}]},"41":{"loc":{"start":{"line":305,"column":4},"end":{"line":305,"column":49}},"type":"if","locations":[{"start":{"line":305,"column":4},"end":{"line":305,"column":49}},{"start":{},"end":{}}]},"42":{"loc":{"start":{"line":308,"column":4},"end":{"line":308,"column":80}},"type":"if","locations":[{"start":{"line":308,"column":4},"end":{"line":308,"column":80}},{"start":{},"end":{}}]},"43":{"loc":{"start":{"line":320,"column":4},"end":{"line":320,"column":49}},"type":"if","locations":[{"start":{"line":320,"column":4},"end":{"line":320,"column":49}},{"start":{},"end":{}}]},"44":{"loc":{"start":{"line":23,"column":35},"end":{"line":23,"column":null}},"type":"cond-expr","locations":[{"start":{"line":23,"column":47},"end":{"line":23,"column":null}},{"start":{"line":23,"column":47},"end":{"line":23,"column":null}}]},"45":{"loc":{"start":{"line":23,"column":35},"end":{"line":23,"column":47}},"type":"binary-expr","locations":[{"start":{"line":23,"column":35},"end":{"line":23,"column":null}},{"start":{"line":23,"column":35},"end":{"line":23,"column":47}}]},"46":{"loc":{"start":{"line":23,"column":47},"end":{"line":24,"column":null}},"type":"cond-expr","locations":[{"start":{"line":24,"column":43},"end":{"line":24,"column":null}},{"start":{"line":24,"column":43},"end":{"line":24,"column":null}}]},"47":{"loc":{"start":{"line":23,"column":47},"end":{"line":24,"column":43}},"type":"binary-expr","locations":[{"start":{"line":23,"column":47},"end":{"line":24,"column":null}},{"start":{"line":24,"column":33},"end":{"line":24,"column":43}}]}},"s":{"0":8,"1":8,"2":8,"3":8,"4":8,"5":8,"6":8,"7":29,"8":29,"9":29,"10":29,"11":5,"12":5,"13":5,"14":5,"15":5,"16":3,"17":3,"18":1,"19":1,"20":2,"21":0,"22":0,"23":0,"24":0,"25":0,"26":0,"27":0,"28":0,"29":0,"30":0,"31":0,"32":0,"33":0,"34":0,"35":0,"36":0,"37":0,"38":0,"39":0,"40":0,"41":0,"42":0,"43":0,"44":0,"45":0,"46":0,"47":0,"48":0,"49":0,"50":0,"51":0,"52":0,"53":0,"54":0,"55":0,"56":0,"57":0,"58":0,"59":0,"60":0,"61":0,"62":0,"63":0,"64":0,"65":0,"66":0,"67":0,"68":4,"69":4,"70":4,"71":4,"72":4,"73":4,"74":7,"75":7,"76":1,"77":6,"78":2,"79":4,"80":4,"81":2,"82":2,"83":2,"84":1,"85":1,"86":1,"87":1,"88":1,"89":1,"90":1,"91":1,"92":12,"93":12,"94":1,"95":12,"96":60,"97":12,"98":12,"99":6,"100":6,"101":6,"102":2,"103":4,"104":4,"105":4,"106":4,"107":4,"108":1,"109":3,"110":3,"111":1,"112":2,"113":2,"114":2,"115":2,"116":2,"117":3,"118":3,"119":1,"120":2,"121":2,"122":8,"123":8,"124":29},"f":{"0":29,"1":5,"2":5,"3":5,"4":3,"5":0,"6":0,"7":0,"8":0,"9":0,"10":4,"11":7,"12":1,"13":12,"14":60,"15":4,"16":3,"17":29},"b":{"0":[1,2],"1":[3,2],"2":[0],"3":[0,0],"4":[0,0],"5":[0,0],"6":[0,0],"7":[0,0],"8":[0,0],"9":[0,0],"10":[0,0],"11":[0,0],"12":[0,0],"13":[0,0],"14":[0,0],"15":[0,0],"16":[0,0,0],"17":[0,0],"18":[0,0],"19":[0,0],"20":[0,0],"21":[0,0],"22":[0,0,0],"23":[0,0],"24":[0,0],"25":[0,0],"26":[0,0],"27":[0,0],"28":[0,0],"29":[4,1],"30":[2,4],"31":[6,5],"32":[2,2],"33":[4,3],"34":[1,1],"35":[1,11],"36":[12,12],"37":[12,0],"38":[6,6],"39":[12,12],"40":[2,4],"41":[1,3],"42":[1,2],"43":[1,2],"44":[8,0],"45":[8,8],"46":[8,0],"47":[8,8]}}
,"C:\\Users\\Hassa\\Documents\\Magnus_Copo_documents\\Magnus_Copo_Workspace_Files\\Split_flow_final_prod\\backend\\src\\auth\\dto\\login.dto.ts": {"path":"C:\\Users\\Hassa\\Documents\\Magnus_Copo_documents\\Magnus_Copo_Workspace_Files\\Split_flow_final_prod\\backend\\src\\auth\\dto\\login.dto.ts","statementMap":{"0":{"start":{"line":1,"column":0},"end":{"line":1,"column":55}},"1":{"start":{"line":3,"column":0},"end":{"line":3,"column":13}},"2":{"start":{"line":6,"column":2},"end":{"line":6,"column":null}},"3":{"start":{"line":9,"column":2},"end":{"line":9,"column":null}}},"fnMap":{},"branchMap":{},"s":{"0":0,"1":0,"2":0,"3":0},"f":{},"b":{}}
,"C:\\Users\\Hassa\\Documents\\Magnus_Copo_documents\\Magnus_Copo_Workspace_Files\\Split_flow_final_prod\\backend\\src\\auth\\dto\\register.dto.ts": {"path":"C:\\Users\\Hassa\\Documents\\Magnus_Copo_documents\\Magnus_Copo_Workspace_Files\\Split_flow_final_prod\\backend\\src\\auth\\dto\\register.dto.ts","statementMap":{"0":{"start":{"line":1,"column":0},"end":{"line":1,"column":null}},"1":{"start":{"line":12,"column":0},"end":{"line":12,"column":59}},"2":{"start":{"line":15,"column":30},"end":{"line":15,"column":65}},"3":{"start":{"line":17,"column":0},"end":{"line":17,"column":13}},"4":{"start":{"line":19,"column":2},"end":{"line":19,"column":null}},"5":{"start":{"line":34,"column":2},"end":{"line":34,"column":null}},"6":{"start":{"line":42,"column":2},"end":{"line":42,"column":null}},"7":{"start":{"line":46,"column":2},"end":{"line":46,"column":null}},"8":{"start":{"line":50,"column":2},"end":{"line":50,"column":null}},"9":{"start":{"line":54,"column":2},"end":{"line":54,"column":null}},"10":{"start":{"line":58,"column":2},"end":{"line":58,"column":null}}},"fnMap":{},"branchMap":{"0":{"loc":{"start":{"line":54,"column":8},"end":{"line":54,"column":17}},"type":"cond-expr","locations":[{"start":{"line":54,"column":16},"end":{"line":54,"column":17}},{"start":{"line":54,"column":16},"end":{"line":54,"column":17}}]},"1":{"loc":{"start":{"line":54,"column":8},"end":{"line":54,"column":16}},"type":"binary-expr","locations":[{"start":{"line":54,"column":8},"end":{"line":54,"column":17}},{"start":{"line":54,"column":8},"end":{"line":54,"column":16}}]}},"s":{"0":5,"1":5,"2":5,"3":5,"4":5,"5":5,"6":5,"7":5,"8":5,"9":5,"10":5},"f":{},"b":{"0":[0,5],"1":[5,5]}}
,"C:\\Users\\Hassa\\Documents\\Magnus_Copo_documents\\Magnus_Copo_Workspace_Files\\Split_flow_final_prod\\backend\\src\\auth\\dto\\social-login.dto.ts": {"path":"C:\\Users\\Hassa\\Documents\\Magnus_Copo_documents\\Magnus_Copo_Workspace_Files\\Split_flow_final_prod\\backend\\src\\auth\\dto\\social-login.dto.ts","statementMap":{"0":{"start":{"line":1,"column":0},"end":{"line":1,"column":67}},"1":{"start":{"line":3,"column":0},"end":{"line":3,"column":13}},"2":{"start":{"line":6,"column":2},"end":{"line":6,"column":null}},"3":{"start":{"line":10,"column":2},"end":{"line":10,"column":null}},"4":{"start":{"line":14,"column":2},"end":{"line":14,"column":null}}},"fnMap":{},"branchMap":{},"s":{"0":5,"1":5,"2":5,"3":5,"4":5},"f":{},"b":{}}
,"C:\\Users\\Hassa\\Documents\\Magnus_Copo_documents\\Magnus_Copo_Workspace_Files\\Split_flow_final_prod\\backend\\src\\auth\\guards\\jwt-auth.guard.ts": {"path":"C:\\Users\\Hassa\\Documents\\Magnus_Copo_documents\\Magnus_Copo_Workspace_Files\\Split_flow_final_prod\\backend\\src\\auth\\guards\\jwt-auth.guard.ts","statementMap":{"0":{"start":{"line":1,"column":0},"end":{"line":1,"column":44}},"1":{"start":{"line":2,"column":0},"end":{"line":2,"column":45}},"2":{"start":{"line":5,"column":7},"end":{"line":5,"column":null}},"3":{"start":{"line":5,"column":13},"end":{"line":5,"column":25}},"4":{"start":{"line":5,"column":13},"end":{"line":5,"column":null}}},"fnMap":{},"branchMap":{},"s":{"0":13,"1":13,"2":13,"3":13,"4":13},"f":{},"b":{}}
,"C:\\Users\\Hassa\\Documents\\Magnus_Copo_documents\\Magnus_Copo_Workspace_Files\\Split_flow_final_prod\\backend\\src\\auth\\guards\\local-auth.guard.ts": {"path":"C:\\Users\\Hassa\\Documents\\Magnus_Copo_documents\\Magnus_Copo_Workspace_Files\\Split_flow_final_prod\\backend\\src\\auth\\guards\\local-auth.guard.ts","statementMap":{"0":{"start":{"line":1,"column":0},"end":{"line":1,"column":44}},"1":{"start":{"line":2,"column":0},"end":{"line":2,"column":45}},"2":{"start":{"line":5,"column":7},"end":{"line":5,"column":null}},"3":{"start":{"line":5,"column":13},"end":{"line":5,"column":27}},"4":{"start":{"line":5,"column":13},"end":{"line":5,"column":null}}},"fnMap":{},"branchMap":{},"s":{"0":5,"1":5,"2":5,"3":5,"4":5},"f":{},"b":{}}
,"C:\\Users\\Hassa\\Documents\\Magnus_Copo_documents\\Magnus_Copo_Workspace_Files\\Split_flow_final_prod\\backend\\src\\auth\\guards\\permissions.guard.ts": {"path":"C:\\Users\\Hassa\\Documents\\Magnus_Copo_documents\\Magnus_Copo_Workspace_Files\\Split_flow_final_prod\\backend\\src\\auth\\guards\\permissions.guard.ts","statementMap":{"0":{"start":{"line":86,"column":0},"end":{"line":86,"column":16}},"1":{"start":{"line":1,"column":0},"end":{"line":1,"column":null}},"2":{"start":{"line":7,"column":0},"end":{"line":7,"column":41}},"3":{"start":{"line":19,"column":13},"end":{"line":50,"column":2}},"4":{"start":{"line":53,"column":51},"end":{"line":81,"column":2}},"5":{"start":{"line":87,"column":2},"end":{"line":87,"column":72}},"6":{"start":{"line":87,"column":30},"end":{"line":87,"column":72}},"7":{"start":{"line":89,"column":22},"end":{"line":89,"column":50}},"8":{"start":{"line":92,"column":30},"end":{"line":92,"column":32}},"9":{"start":{"line":93,"column":2},"end":{"line":95,"column":3}},"10":{"start":{"line":94,"column":4},"end":{"line":94,"column":60}},"11":{"start":{"line":96,"column":2},"end":{"line":98,"column":3}},"12":{"start":{"line":97,"column":4},"end":{"line":97,"column":65}},"13":{"start":{"line":100,"column":2},"end":{"line":100,"column":54}},"14":{"start":{"line":104,"column":7},"end":{"line":137,"column":null}},"15":{"start":{"line":105,"column":31},"end":{"line":105,"column":42}},"16":{"start":{"line":108,"column":32},"end":{"line":110,"column":null}},"17":{"start":{"line":112,"column":4},"end":{"line":114,"column":5}},"18":{"start":{"line":113,"column":6},"end":{"line":113,"column":18}},"19":{"start":{"line":116,"column":20},"end":{"line":118,"column":47}},"20":{"start":{"line":119,"column":17},"end":{"line":119,"column":29}},"21":{"start":{"line":121,"column":4},"end":{"line":121,"column":34}},"22":{"start":{"line":121,"column":21},"end":{"line":121,"column":34}},"23":{"start":{"line":124,"column":4},"end":{"line":124,"column":49}},"24":{"start":{"line":124,"column":37},"end":{"line":124,"column":49}},"25":{"start":{"line":126,"column":28},"end":{"line":126,"column":63}},"26":{"start":{"line":127,"column":26},"end":{"line":128,"column":null}},"27":{"start":{"line":128,"column":6},"end":{"line":128,"column":36}},"28":{"start":{"line":131,"column":4},"end":{"line":133,"column":5}},"29":{"start":{"line":132,"column":6},"end":{"line":132,"column":79}},"30":{"start":{"line":135,"column":4},"end":{"line":135,"column":16}},"31":{"start":{"line":104,"column":13},"end":{"line":104,"column":29}},"32":{"start":{"line":104,"column":13},"end":{"line":137,"column":null}}},"fnMap":{"0":{"name":"getAllPermissionsForRole","decl":{"start":{"line":86,"column":16},"end":{"line":86,"column":40}},"loc":{"start":{"line":86,"column":53},"end":{"line":101,"column":1}}},"1":{"name":"(anonymous_3)","decl":{"start":{"line":105,"column":2},"end":{"line":105,"column":31}},"loc":{"start":{"line":105,"column":51},"end":{"line":105,"column":55}}},"2":{"name":"(anonymous_4)","decl":{"start":{"line":107,"column":2},"end":{"line":107,"column":13}},"loc":{"start":{"line":107,"column":39},"end":{"line":136,"column":3}}},"3":{"name":"(anonymous_5)","decl":{"start":{"line":127,"column":51},"end":{"line":127,"column":52}},"loc":{"start":{"line":128,"column":6},"end":{"line":128,"column":36}}}},"branchMap":{"0":{"loc":{"start":{"line":87,"column":2},"end":{"line":87,"column":72}},"type":"if","locations":[{"start":{"line":87,"column":2},"end":{"line":87,"column":72}},{"start":{},"end":{}}]},"1":{"loc":{"start":{"line":89,"column":22},"end":{"line":89,"column":50}},"type":"binary-expr","locations":[{"start":{"line":89,"column":22},"end":{"line":89,"column":44}},{"start":{"line":89,"column":48},"end":{"line":89,"column":50}}]},"2":{"loc":{"start":{"line":93,"column":2},"end":{"line":95,"column":3}},"type":"if","locations":[{"start":{"line":93,"column":2},"end":{"line":95,"column":3}},{"start":{},"end":{}}]},"3":{"loc":{"start":{"line":93,"column":6},"end":{"line":93,"column":76}},"type":"binary-expr","locations":[{"start":{"line":93,"column":6},"end":{"line":93,"column":30}},{"start":{"line":93,"column":34},"end":{"line":93,"column":50}},{"start":{"line":93,"column":54},"end":{"line":93,"column":76}}]},"4":{"loc":{"start":{"line":94,"column":23},"end":{"line":94,"column":57}},"type":"binary-expr","locations":[{"start":{"line":94,"column":23},"end":{"line":94,"column":51}},{"start":{"line":94,"column":55},"end":{"line":94,"column":57}}]},"5":{"loc":{"start":{"line":96,"column":2},"end":{"line":98,"column":3}},"type":"if","locations":[{"start":{"line":96,"column":2},"end":{"line":98,"column":3}},{"start":{},"end":{}}]},"6":{"loc":{"start":{"line":96,"column":6},"end":{"line":96,"column":48}},"type":"binary-expr","locations":[{"start":{"line":96,"column":6},"end":{"line":96,"column":22}},{"start":{"line":96,"column":26},"end":{"line":96,"column":48}}]},"7":{"loc":{"start":{"line":97,"column":23},"end":{"line":97,"column":62}},"type":"binary-expr","locations":[{"start":{"line":97,"column":23},"end":{"line":97,"column":56}},{"start":{"line":97,"column":60},"end":{"line":97,"column":62}}]},"8":{"loc":{"start":{"line":112,"column":4},"end":{"line":114,"column":5}},"type":"if","locations":[{"start":{"line":112,"column":4},"end":{"line":114,"column":5}},{"start":{},"end":{}}]},"9":{"loc":{"start":{"line":112,"column":8},"end":{"line":112,"column":64}},"type":"binary-expr","locations":[{"start":{"line":112,"column":8},"end":{"line":112,"column":28}},{"start":{"line":112,"column":32},"end":{"line":112,"column":64}}]},"10":{"loc":{"start":{"line":121,"column":4},"end":{"line":121,"column":34}},"type":"if","locations":[{"start":{"line":121,"column":4},"end":{"line":121,"column":34}},{"start":{},"end":{}}]},"11":{"loc":{"start":{"line":124,"column":4},"end":{"line":124,"column":49}},"type":"if","locations":[{"start":{"line":124,"column":4},"end":{"line":124,"column":49}},{"start":{},"end":{}}]},"12":{"loc":{"start":{"line":131,"column":4},"end":{"line":133,"column":5}},"type":"if","locations":[{"start":{"line":131,"column":4},"end":{"line":133,"column":5}},{"start":{},"end":{}}]},"13":{"loc":{"start":{"line":105,"column":42},"end":{"line":105,"column":54}},"type":"cond-expr","locations":[{"start":{"line":105,"column":51},"end":{"line":105,"column":54}},{"start":{"line":105,"column":51},"end":{"line":105,"column":54}}]},"14":{"loc":{"start":{"line":105,"column":42},"end":{"line":105,"column":51}},"type":"binary-expr","locations":[{"start":{"line":105,"column":42},"end":{"line":105,"column":54}},{"start":{"line":105,"column":42},"end":{"line":105,"column":51}}]}},"s":{"0":6,"1":6,"2":6,"3":6,"4":6,"5":12,"6":3,"7":9,"8":9,"9":9,"10":2,"11":9,"12":0,"13":9,"14":6,"15":5,"16":5,"17":5,"18":1,"19":4,"20":4,"21":4,"22":1,"23":3,"24":1,"25":2,"26":2,"27":3,"28":2,"29":1,"30":1,"31":6,"32":6},"f":{"0":12,"1":5,"2":5,"3":3},"b":{"0":[3,9],"1":[9,1],"2":[2,7],"3":[9,7,7],"4":[2,0],"5":[0,9],"6":[9,9],"7":[0,0],"8":[1,4],"9":[5,4],"10":[1,3],"11":[1,2],"12":[1,1],"13":[3,3],"14":[6,3]}}
,"C:\\Users\\Hassa\\Documents\\Magnus_Copo_documents\\Magnus_Copo_Workspace_Files\\Split_flow_final_prod\\backend\\src\\auth\\guards\\roles.guard.ts": {"path":"C:\\Users\\Hassa\\Documents\\Magnus_Copo_documents\\Magnus_Copo_Workspace_Files\\Split_flow_final_prod\\backend\\src\\auth\\guards\\roles.guard.ts","statementMap":{"0":{"start":{"line":1,"column":0},"end":{"line":1,"column":null}},"1":{"start":{"line":7,"column":0},"end":{"line":7,"column":41}},"2":{"start":{"line":10,"column":7},"end":{"line":39,"column":null}},"3":{"start":{"line":11,"column":31},"end":{"line":11,"column":42}},"4":{"start":{"line":14,"column":18},"end":{"line":14,"column":77}},"5":{"start":{"line":15,"column":4},"end":{"line":17,"column":5}},"6":{"start":{"line":16,"column":6},"end":{"line":16,"column":18}},"7":{"start":{"line":18,"column":20},"end":{"line":18,"column":55}},"8":{"start":{"line":19,"column":17},"end":{"line":19,"column":29}},"9":{"start":{"line":21,"column":4},"end":{"line":21,"column":34}},"10":{"start":{"line":21,"column":21},"end":{"line":21,"column":34}},"11":{"start":{"line":24,"column":4},"end":{"line":24,"column":49}},"12":{"start":{"line":24,"column":37},"end":{"line":24,"column":49}},"13":{"start":{"line":26,"column":20},"end":{"line":31,"column":6}},"14":{"start":{"line":27,"column":6},"end":{"line":29,"column":7}},"15":{"start":{"line":28,"column":8},"end":{"line":28,"column":70}},"16":{"start":{"line":30,"column":6},"end":{"line":30,"column":32}},"17":{"start":{"line":33,"column":4},"end":{"line":35,"column":5}},"18":{"start":{"line":34,"column":6},"end":{"line":34,"column":63}},"19":{"start":{"line":37,"column":4},"end":{"line":37,"column":16}},"20":{"start":{"line":10,"column":13},"end":{"line":10,"column":23}},"21":{"start":{"line":10,"column":13},"end":{"line":39,"column":null}}},"fnMap":{"0":{"name":"(anonymous_2)","decl":{"start":{"line":11,"column":2},"end":{"line":11,"column":31}},"loc":{"start":{"line":11,"column":51},"end":{"line":11,"column":55}}},"1":{"name":"(anonymous_3)","decl":{"start":{"line":13,"column":2},"end":{"line":13,"column":13}},"loc":{"start":{"line":13,"column":39},"end":{"line":38,"column":3}}},"2":{"name":"(anonymous_4)","decl":{"start":{"line":26,"column":31},"end":{"line":26,"column":32}},"loc":{"start":{"line":26,"column":40},"end":{"line":31,"column":5}}}},"branchMap":{"0":{"loc":{"start":{"line":15,"column":4},"end":{"line":17,"column":5}},"type":"if","locations":[{"start":{"line":15,"column":4},"end":{"line":17,"column":5}},{"start":{},"end":{}}]},"1":{"loc":{"start":{"line":21,"column":4},"end":{"line":21,"column":34}},"type":"if","locations":[{"start":{"line":21,"column":4},"end":{"line":21,"column":34}},{"start":{},"end":{}}]},"2":{"loc":{"start":{"line":24,"column":4},"end":{"line":24,"column":49}},"type":"if","locations":[{"start":{"line":24,"column":4},"end":{"line":24,"column":49}},{"start":{},"end":{}}]},"3":{"loc":{"start":{"line":27,"column":6},"end":{"line":29,"column":7}},"type":"if","locations":[{"start":{"line":27,"column":6},"end":{"line":29,"column":7}},{"start":{},"end":{}}]},"4":{"loc":{"start":{"line":28,"column":15},"end":{"line":28,"column":69}},"type":"binary-expr","locations":[{"start":{"line":28,"column":15},"end":{"line":28,"column":36}},{"start":{"line":28,"column":40},"end":{"line":28,"column":69}}]},"5":{"loc":{"start":{"line":33,"column":4},"end":{"line":35,"column":5}},"type":"if","locations":[{"start":{"line":33,"column":4},"end":{"line":35,"column":5}},{"start":{},"end":{}}]},"6":{"loc":{"start":{"line":11,"column":42},"end":{"line":11,"column":54}},"type":"cond-expr","locations":[{"start":{"line":11,"column":51},"end":{"line":11,"column":54}},{"start":{"line":11,"column":51},"end":{"line":11,"column":54}}]},"7":{"loc":{"start":{"line":11,"column":42},"end":{"line":11,"column":51}},"type":"binary-expr","locations":[{"start":{"line":11,"column":42},"end":{"line":11,"column":54}},{"start":{"line":11,"column":42},"end":{"line":11,"column":51}}]}},"s":{"0":9,"1":9,"2":9,"3":32,"4":5,"5":5,"6":1,"7":4,"8":4,"9":4,"10":1,"11":3,"12":1,"13":2,"14":2,"15":1,"16":1,"17":2,"18":1,"19":1,"20":9,"21":9},"f":{"0":32,"1":5,"2":2},"b":{"0":[1,4],"1":[1,3],"2":[1,2],"3":[1,1],"4":[1,1],"5":[1,1],"6":[6,3],"7":[9,6]}}
,"C:\\Users\\Hassa\\Documents\\Magnus_Copo_documents\\Magnus_Copo_Workspace_Files\\Split_flow_final_prod\\backend\\src\\auth\\strategies\\jwt.strategy.ts": {"path":"C:\\Users\\Hassa\\Documents\\Magnus_Copo_documents\\Magnus_Copo_Workspace_Files\\Split_flow_final_prod\\backend\\src\\auth\\strategies\\jwt.strategy.ts","statementMap":{"0":{"start":{"line":1,"column":0},"end":{"line":1,"column":52}},"1":{"start":{"line":2,"column":0},"end":{"line":2,"column":52}},"2":{"start":{"line":3,"column":0},"end":{"line":3,"column":44}},"3":{"start":{"line":4,"column":0},"end":{"line":4,"column":47}},"4":{"start":{"line":7,"column":7},"end":{"line":19,"column":null}},"5":{"start":{"line":9,"column":4},"end":{"line":13,"column":7}},"6":{"start":{"line":17,"column":4},"end":{"line":17,"column":77}},"7":{"start":{"line":7,"column":13},"end":{"line":7,"column":24}},"8":{"start":{"line":7,"column":13},"end":{"line":19,"column":null}}},"fnMap":{"0":{"name":"(anonymous_2)","decl":{"start":{"line":8,"column":2},"end":{"line":8,"column":14}},"loc":{"start":{"line":8,"column":42},"end":{"line":14,"column":3}}},"1":{"name":"(anonymous_3)","decl":{"start":{"line":16,"column":2},"end":{"line":16,"column":7}},"loc":{"start":{"line":16,"column":29},"end":{"line":18,"column":3}}}},"branchMap":{"0":{"loc":{"start":{"line":12,"column":19},"end":{"line":12,"column":78}},"type":"binary-expr","locations":[{"start":{"line":12,"column":19},"end":{"line":12,"column":58}},{"start":{"line":12,"column":62},"end":{"line":12,"column":78}}]},"1":{"loc":{"start":{"line":8,"column":29},"end":{"line":8,"column":null}},"type":"cond-expr","locations":[{"start":{"line":8,"column":42},"end":{"line":8,"column":null}},{"start":{"line":8,"column":42},"end":{"line":8,"column":null}}]},"2":{"loc":{"start":{"line":8,"column":29},"end":{"line":8,"column":42}},"type":"binary-expr","locations":[{"start":{"line":8,"column":29},"end":{"line":8,"column":null}},{"start":{"line":8,"column":29},"end":{"line":8,"column":42}}]}},"s":{"0":5,"1":5,"2":5,"3":5,"4":5,"5":2,"6":1,"7":5,"8":5},"f":{"0":2,"1":1},"b":{"0":[2,1],"1":[5,0],"2":[5,5]}}
,"C:\\Users\\Hassa\\Documents\\Magnus_Copo_documents\\Magnus_Copo_Workspace_Files\\Split_flow_final_prod\\backend\\src\\auth\\strategies\\local.strategy.ts": {"path":"C:\\Users\\Hassa\\Documents\\Magnus_Copo_documents\\Magnus_Copo_Workspace_Files\\Split_flow_final_prod\\backend\\src\\auth\\strategies\\local.strategy.ts","statementMap":{"0":{"start":{"line":1,"column":0},"end":{"line":1,"column":42}},"1":{"start":{"line":2,"column":0},"end":{"line":2,"column":52}},"2":{"start":{"line":3,"column":0},"end":{"line":3,"column":67}},"3":{"start":{"line":5,"column":0},"end":{"line":5,"column":46}},"4":{"start":{"line":8,"column":7},"end":{"line":42,"column":null}},"5":{"start":{"line":10,"column":4},"end":{"line":10,"column":68}},"6":{"start":{"line":9,"column":31},"end":{"line":9,"column":44}},"7":{"start":{"line":14,"column":18},"end":{"line":14,"column":33}},"8":{"start":{"line":15,"column":34},"end":{"line":21,"column":6}},"9":{"start":{"line":23,"column":28},"end":{"line":25,"column":null}},"10":{"start":{"line":25,"column":8},"end":{"line":25,"column":60}},"11":{"start":{"line":27,"column":31},"end":{"line":28,"column":null}},"12":{"start":{"line":28,"column":17},"end":{"line":28,"column":72}},"13":{"start":{"line":31,"column":31},"end":{"line":34,"column":12}},"14":{"start":{"line":36,"column":17},"end":{"line":36,"column":78}},"15":{"start":{"line":37,"column":4},"end":{"line":39,"column":5}},"16":{"start":{"line":38,"column":6},"end":{"line":38,"column":40}},"17":{"start":{"line":40,"column":4},"end":{"line":40,"column":16}},"18":{"start":{"line":8,"column":13},"end":{"line":8,"column":26}},"19":{"start":{"line":8,"column":13},"end":{"line":42,"column":null}}},"fnMap":{"0":{"name":"(anonymous_2)","decl":{"start":{"line":9,"column":2},"end":{"line":9,"column":31}},"loc":{"start":{"line":9,"column":55},"end":{"line":11,"column":3}}},"1":{"name":"(anonymous_3)","decl":{"start":{"line":13,"column":2},"end":{"line":13,"column":7}},"loc":{"start":{"line":13,"column":63},"end":{"line":41,"column":3}}},"2":{"name":"(anonymous_4)","decl":{"start":{"line":24,"column":6},"end":{"line":24,"column":7}},"loc":{"start":{"line":25,"column":8},"end":{"line":25,"column":60}}},"3":{"name":"(anonymous_5)","decl":{"start":{"line":28,"column":6},"end":{"line":28,"column":7}},"loc":{"start":{"line":28,"column":17},"end":{"line":28,"column":72}}}},"branchMap":{"0":{"loc":{"start":{"line":14,"column":18},"end":{"line":14,"column":33}},"type":"binary-expr","locations":[{"start":{"line":14,"column":18},"end":{"line":14,"column":27}},{"start":{"line":14,"column":31},"end":{"line":14,"column":33}}]},"1":{"loc":{"start":{"line":25,"column":8},"end":{"line":25,"column":60}},"type":"binary-expr","locations":[{"start":{"line":25,"column":8},"end":{"line":25,"column":33}},{"start":{"line":25,"column":37},"end":{"line":25,"column":60}}]},"2":{"loc":{"start":{"line":28,"column":17},"end":{"line":28,"column":72}},"type":"binary-expr","locations":[{"start":{"line":28,"column":17},"end":{"line":28,"column":42}},{"start":{"line":28,"column":46},"end":{"line":28,"column":72}}]},"3":{"loc":{"start":{"line":32,"column":6},"end":{"line":33,"column":74}},"type":"binary-expr","locations":[{"start":{"line":32,"column":6},"end":{"line":32,"column":21}},{"start":{"line":33,"column":7},"end":{"line":33,"column":73}}]},"4":{"loc":{"start":{"line":33,"column":7},"end":{"line":33,"column":73}},"type":"cond-ex
[...]
:{"line":7,"column":33}},"3":{"start":{"line":8,"column":0},"end":{"line":8,"column":33}},"4":{"start":{"line":9,"column":0},"end":{"line":9,"column":59}},"5":{"start":{"line":10,"column":0},"end":{"line":10,"column":78}},"6":{"start":{"line":11,"column":0},"end":{"line":11,"column":79}},"7":{"start":{"line":12,"column":0},"end":{"line":12,"column":null}},"8":{"start":{"line":16,"column":0},"end":{"line":16,"column":null}},"9":{"start":{"line":22,"column":7},"end":{"line":370,"column":null}},"10":{"start":{"line":24,"column":45},"end":{"line":24,"column":56}},"11":{"start":{"line":26,"column":21},"end":{"line":26,"column":35}},"12":{"start":{"line":28,"column":21},"end":{"line":28,"column":36}},"13":{"start":{"line":30,"column":21},"end":{"line":30,"column":40}},"14":{"start":{"line":32,"column":21},"end":{"line":32,"column":40}},"15":{"start":{"line":36,"column":34},"end":{"line":36,"column":47}},"16":{"start":{"line":37,"column":17},"end":{"line":37,"column":39}},"17":{"start":{"line":38,"column":25},"end":{"line":38,"column":58}},"18":{"start":{"line":40,"column":28},"end":{"line":42,"column":20}},"19":{"start":{"line":43,"column":31},"end":{"line":45,"column":12}},"20":{"start":{"line":46,"column":28},"end":{"line":48,"column":12}},"21":{"start":{"line":50,"column":24},"end":{"line":56,"column":6}},"22":{"start":{"line":57,"column":4},"end":{"line":57,"column":30}},"23":{"start":{"line":61,"column":4},"end":{"line":67,"column":14}},"24":{"start":{"line":71,"column":16},"end":{"line":71,"column":47}},"25":{"start":{"line":72,"column":4},"end":{"line":72,"column":26}},"26":{"start":{"line":72,"column":14},"end":{"line":72,"column":26}},"27":{"start":{"line":74,"column":28},"end":{"line":74,"column":45}},"28":{"start":{"line":75,"column":31},"end":{"line":75,"column":48}},"29":{"start":{"line":76,"column":28},"end":{"line":76,"column":57}},"30":{"start":{"line":78,"column":4},"end":{"line":87,"column":14}},"31":{"start":{"line":94,"column":18},"end":{"line":94,"column":66}},"32":{"start":{"line":95,"column":4},"end":{"line":95,"column":80}},"33":{"start":{"line":99,"column":4},"end":{"line":99,"column":46}},"34":{"start":{"line":103,"column":4},"end":{"line":103,"column":40}},"35":{"start":{"line":107,"column":4},"end":{"line":109,"column":14}},"36":{"start":{"line":113,"column":4},"end":{"line":115,"column":14}},"37":{"start":{"line":124,"column":4},"end":{"line":126,"column":14}},"38":{"start":{"line":133,"column":4},"end":{"line":135,"column":14}},"39":{"start":{"line":139,"column":4},"end":{"line":141,"column":14}},"40":{"start":{"line":145,"column":4},"end":{"line":147,"column":14}},"41":{"start":{"line":151,"column":4},"end":{"line":151,"column":70}},"42":{"start":{"line":162,"column":17},"end":{"line":162,"column":61}},"43":{"start":{"line":163,"column":4},"end":{"line":163,"column":61}},"44":{"start":{"line":163,"column":15},"end":{"line":163,"column":61}},"45":{"start":{"line":166,"column":28},"end":{"line":166,"column":77}},"46":{"start":{"line":167,"column":4},"end":{"line":171,"column":5}},"47":{"start":{"line":168,"column":6},"end":{"line":170,"column":8}},"48":{"start":{"line":174,"column":27},"end":{"line":174,"column":49}},"49":{"start":{"line":175,"column":27},"end":{"line":177,"column":null}},"50":{"start":{"line":180,"column":4},"end":{"line":192,"column":14}},"51":{"start":{"line":195,"column":4},"end":{"line":200,"column":14}},"52":{"start":{"line":203,"column":4},"end":{"line":203,"column":76}},"53":{"start":{"line":205,"column":4},"end":{"line":205,"column":29}},"54":{"start":{"line":212,"column":17},"end":{"line":212,"column":61}},"55":{"start":{"line":213,"column":4},"end":{"line":213,"column":61}},"56":{"start":{"line":213,"column":15},"end":{"line":213,"column":61}},"57":{"start":{"line":215,"column":21},"end":{"line":215,"column":59}},"58":{"start":{"line":216,"column":60},"end":{"line":218,"column":6}},"59":{"start":{"line":226,"column":8},"end":{"line":281,"column":6}},"60":{"start":{"line":283,"column":30},"end":{"line":296,"column":6}},"61":{"start":{"line":284,"column":28},"end":{"line":285,"column":null}},"62":{"start":{"line":285,"column":22},"end":{"line":285,"column":60}},"63":{"start":{"line":287,"column":6},"end":{"line":295,"column":8}},"64":{"start":{"line":298,"column":4},"end":{"line":313,"column":6}},"65":{"start":{"line":323,"column":4},"end":{"line":328,"column":14}},"66":{"start":{"line":330,"column":4},"end":{"line":330,"column":32}},"67":{"start":{"line":338,"column":4},"end":{"line":368,"column":6}},"68":{"start":{"line":22,"column":13},"end":{"line":22,"column":25}},"69":{"start":{"line":22,"column":13},"end":{"line":370,"column":null}}},"fnMap":{"0":{"name":"(anonymous_13)","decl":{"start":{"line":23,"column":2},"end":{"line":23,"column":null}},"loc":{"start":{"line":32,"column":67},"end":{"line":33,"column":6}}},"1":{"name":"(anonymous_14)","decl":{"start":{"line":35,"column":2},"end":{"line":35,"column":7}},"loc":{"start":{"line":35,"column":33},"end":{"line":58,"column":3}}},"2":{"name":"(anonymous_15)","decl":{"start":{"line":60,"column":2},"end":{"line":60,"column":7}},"loc":{"start":{"line":60,"column":29},"end":{"line":68,"column":3}}},"3":{"name":"(anonymous_16)","decl":{"start":{"line":70,"column":2},"end":{"line":70,"column":7}},"loc":{"start":{"line":70,"column":43},"end":{"line":88,"column":3}}},"4":{"name":"(anonymous_17)","decl":{"start":{"line":90,"column":2},"end":{"line":90,"column":7}},"loc":{"start":{"line":92,"column":15},"end":{"line":96,"column":3}}},"5":{"name":"(anonymous_18)","decl":{"start":{"line":98,"column":2},"end":{"line":98,"column":7}},"loc":{"start":{"line":98,"column":27},"end":{"line":100,"column":3}}},"6":{"name":"(anonymous_19)","decl":{"start":{"line":102,"column":2},"end":{"line":102,"column":7}},"loc":{"start":{"line":102,"column":15},"end":{"line":104,"column":3}}},"7":{"name":"(anonymous_20)","decl":{"start":{"line":106,"column":2},"end":{"line":106,"column":7}},"loc":{"start":{"line":106,"column":41},"end":{"line":110,"column":3}}},"8":{"name":"(anonymous_21)","decl":{"start":{"line":112,"column":2},"end":{"line":112,"column":7}},"loc":{"start":{"line":112,"column":42},"end":{"line":116,"column":3}}},"9":{"name":"(anonymous_22)","decl":{"start":{"line":118,"column":2},"end":{"line":118,"column":7}},"loc":{"start":{"line":120,"column":17},"end":{"line":127,"column":3}}},"10":{"name":"(anonymous_23)","decl":{"start":{"line":129,"column":2},"end":{"line":129,"column":7}},"loc":{"start":{"line":131,"column":14},"end":{"line":136,"column":3}}},"11":{"name":"(anonymous_24)","decl":{"start":{"line":138,"column":2},"end":{"line":138,"column":7}},"loc":{"start":{"line":138,"column":64},"end":{"line":142,"column":3}}},"12":{"name":"(anonymous_25)","decl":{"start":{"line":144,"column":2},"end":{"line":144,"column":7}},"loc":{"start":{"line":144,"column":40},"end":{"line":148,"column":3}}},"13":{"name":"(anonymous_26)","decl":{"start":{"line":150,"column":2},"end":{"line":150,"column":7}},"loc":{"start":{"line":150,"column":22},"end":{"line":152,"column":3}}},"14":{"name":"(anonymous_27)","decl":{"start":{"line":158,"column":2},"end":{"line":158,"column":7}},"loc":{"start":{"line":160,"column":20},"end":{"line":206,"column":3}}},"15":{"name":"(anonymous_28)","decl":{"start":{"line":211,"column":2},"end":{"line":211,"column":7}},"loc":{"start":{"line":211,"column":37},"end":{"line":314,"column":3}}},"16":{"name":"(anonymous_29)","decl":{"start":{"line":283,"column":46},"end":{"line":283,"column":47}},"loc":{"start":{"line":283,"column":63},"end":{"line":296,"column":5}}},"17":{"name":"(anonymous_30)","decl":{"start":{"line":285,"column":8},"end":{"line":285,"column":9}},"loc":{"start":{"line":285,"column":22},"end":{"line":285,"column":60}}},"18":{"name":"(anonymous_31)","decl":{"start":{"line":319,"column":2},"end":{"line":319,"column":7}},"loc":{"start":{"line":321,"column":21},"end":{"line":331,"column":3}}},"19":{"name":"(anonymous_32)","decl":{"start":{"line":337,"column":2},"end":{"line":337,"column":14}},"loc":{"start":{"line":337,"column":14},"end":{"line":369,"column":3}}}},"branchMap":{"0":{"loc":{"start":{"line":40,"column":35},"end":{"line":40,"column":52}},"type":"binary-expr","locations":[{"start":{"line":40,"column":35},"end":{"line":40,"column":46}},{"start":{"line":40,"column":50},"end":{"line":40,"column":52}}]},"1":{"loc":{"start":{"line":43,"column":31},"end":{"line":45,"column":12}},"type":"cond-expr","locations":[{"start":{"line":44,"column":8},"end":{"line":44,"column":50}},{"start":{"line":45,"column":8},"end":{"line":45,"column":12}}]},"2":{"loc":{"start":{"line":46,"column":28},"end":{"line":48,"column":12}},"type":"cond-expr","locations":[{"start":{"line":47,"column":8},"end":{"line":47,"column":52}},{"start":{"line":48,"column":8},"end":{"line":48,"column":12}}]},"3":{"loc":{"start":{"line":63,"column":22},"end":{"line":63,"column":33}},"type":"binary-expr","locations":[{"start":{"line":63,"column":22},"end":{"line":63,"column":27}},{"start":{"line":63,"column":31},"end":{"line":63,"column":33}}]},"4":{"loc":{"start":{"line":71,"column":23},"end":{"line":71,"column":39}},"type":"binary-expr","locations":[{"start":{"line":71,"column":23},"end":{"line":71,"column":33}},{"start":{"line":71,"column":37},"end":{"line":71,"column":39}}]},"5":{"loc":{"start":{"line":72,"column":4},"end":{"line":72,"column":26}},"type":"if","locations":[{"start":{"line":72,"column":4},"end":{"line":72,"column":26}},{"start":{},"end":{}}]},"6":{"loc":{"start":{"line":94,"column":18},"end":{"line":94,"column":66}},"type":"cond-expr","locations":[{"start":{"line":94,"column":42},"end":{"line":94,"column":53}},{"start":{"line":94,"column":56},"end":{"line":94,"column":66}}]},"7":{"loc":{"start":{"line":95,"column":52},"end":{"line":95,"column":61}},"type":"binary-expr","locations":[{"start":{"line":95,"column":52},"end":{"line":95,"column":55}},{"start":{"line":95,"column":59},"end":{"line":95,"column":61}}]},"8":{"loc":{"start":{"line":163,"column":4},"end":{"line":163,"column":61}},"type":"if","locations":[{"start":{"line":163,"column":4},"end":{"line":163,"column":61}},{"start":{},"end":{}}]},"9":{"loc":{"start":{"line":167,"column":4},"end":{"line":171,"column":5}},"type":"if","locations":[{"start":{"line":167,"column":4},"end":{"line":171,"column":5}},{"start":{},"end":{}}]},"10":{"loc":{"start":{"line":213,"column":4},"end":{"line":213,"column":61}},"type":"if","locations":[{"start":{"line":213,"column":4},"end":{"line":213,"column":61}},{"start":{},"end":{}}]},"11":{"loc":{"start":{"line":215,"column":21},"end":{"line":215,"column":59}},"type":"cond-expr","locations":[{"start":{"line":215,"column":37},"end":{"line":215,"column":52}},{"start":{"line":215,"column":55},"end":{"line":215,"column":59}}]},"12":{"loc":{"start":{"line":284,"column":29},"end":{"line":284,"column":53}},"type":"binary-expr","locations":[{"start":{"line":284,"column":29},"end":{"line":284,"column":47}},{"start":{"line":284,"column":51},"end":{"line":284,"column":53}}]},"13":{"loc":{"start":{"line":292,"column":14},"end":{"line":292,"column":45}},"type":"binary-expr","locations":[{"start":{"line":292,"column":14},"end":{"line":292,"column":33}},{"start":{"line":292,"column":37},"end":{"line":292,"column":45}}]},"14":{"loc":{"start":{"line":293,"column":24},"end":{"line":293,"column":58}},"type":"binary-expr","locations":[{"start":{"line":293,"column":24},"end":{"line":293,"column":53}},{"start":{"line":293,"column":57},"end":{"line":293,"column":58}}]},"15":{"loc":{"start":{"line":294,"column":18},"end":{"line":294,"column":72}},"type":"binary-expr","locations":[{"start":{"line":294,"column":18},"end":{"line":294,"column":42}},{"start":{"line":294,"column":46},"end":{"line":294,"column":64}},{"start":{"line":294,"column":68},"end":{"line":294,"column":72}}]},"16":{"loc":{"start":{"line":24,"column":56},"end":{"line":24,"column":75}},"type":"cond-expr","locations":[{"start":{"line":24,"column":61},"end":{"line":24,"column":75}},{"start":{"line":24,"column":61},"end":{"line":24,"column":75}}]},"17":{"loc":{"start":{"line":24,"column":56},"end":{"line":24,"column":61}},"type":"binary-expr","locations":[{"start":{"line":24,"column":56},"end":{"line":24,"column":75}},{"start":{"line":24,"column":56},"end":{"line":24,"column":61}}]},"18":{"loc":{"start":{"line":24,"column":61},"end":{"line":26,"column":57}},"type":"cond-expr","locations":[{"start":{"line":26,"column":40},"end":{"line":26,"column":57}},{"start":{"line":26,"column":40},"end":{"line":26,"column":57}}]},"19":{"loc":{"start":{"line":24,"column":61},"end":{"line":26,"column":40}},"type":"binary-expr","locations":[{"start":{"line":24,"column":61},"end":{"line":26,"column":57}},{"start":{"line":26,"column":35},"end":{"line":26,"column":40}}]},"20":{"loc":{"start":{"line":26,"column":40},"end":{"line":28,"column":59}},"type":"cond-expr","locations":[{"start":{"line":28,"column":41},"end":{"line":28,"column":59}},{"start":{"line":28,"column":41},"end":{"line":28,"column":59}}]},"21":{"loc":{"start":{"line":26,"column":40},"end":{"line":28,"column":41}},"type":"binary-expr","locations":[{"start":{"line":26,"column":40},"end":{"line":28,"column":59}},{"start":{"line":28,"column":36},"end":{"line":28,"column":41}}]},"22":{"loc":{"start":{"line":28,"column":41},"end":{"line":30,"column":74}},"type":"cond-expr","locations":[{"start":{"line":30,"column":45},"end":{"line":30,"column":74}},{"start":{"line":30,"column":45},"end":{"line":30,"column":74}}]},"23":{"loc":{"start":{"line":28,"column":41},"end":{"line":30,"column":45}},"type":"binary-expr","locations":[{"start":{"line":28,"column":41},"end":{"line":30,"column":74}},{"start":{"line":30,"column":40},"end":{"line":30,"column":45}}]},"24":{"loc":{"start":{"line":30,"column":45},"end":{"line":32,"column":67}},"type":"cond-expr","locations":[{"start":{"line":32,"column":45},"end":{"line":32,"column":67}},{"start":{"line":32,"column":45},"end":{"line":32,"column":67}}]},"25":{"loc":{"start":{"line":30,"column":45},"end":{"line":32,"column":45}},"type":"binary-expr","locations":[{"start":{"line":30,"column":45},"end":{"line":32,"column":67}},{"start":{"line":32,"column":40},"end":{"line":32,"column":45}}]}},"s":{"0":13,"1":13,"2":13,"3":13,"4":13,"5":13,"6":13,"7":13,"8":13,"9":13,"10":69,"11":69,"12":69,"13":69,"14":69,"15":1,"16":1,"17":1,"18":1,"19":1,"20":1,"21":1,"22":1,"23":1,"24":26,"25":26,"26":0,"27":26,"28":26,"29":26,"30":26,"31":2,"32":2,"33":0,"34":1,"35":1,"36":1,"37":1,"38":1,"39":1,"40":1,"41":1,"42":3,"43":3,"44":1,"45":2,"46":2,"47":1,"48":1,"49":1,"50":1,"51":1,"52":1,"53":1,"54":28,"55":28,"56":2,"57":26,"58":26,"59":26,"60":26,"61":301,"62":1,"63":301,"64":26,"65":2,"66":2,"67":1,"68":13,"69":13},"f":{"0":69,"1":1,"2":1,"3":26,"4":2,"5":0,"6":1,"7":1,"8":1,"9":1,"10":1,"11":1,"12":1,"13":1,"14":3,"15":28,"16":301,"17":1,"18":2,"19":1},"b":{"0":[1,0],"1":[1,0],"2":[1,0],"3":[1,0],"4":[26,0],"5":[0,26],"6":[1,1],"7":[2,0],"8":[1,2],"9":[1,1],"10":[2,26],"11":[26,0],"12":[301,0],"13":[301,300],"14":[301,300],"15":[301,301,300],"16":[13,0],"17":[13,13],"18":[13,0],"19":[13,13],"20":[13,0],"21":[13,13],"22":[13,0],"23":[13,13],"24":[13,0],"25":[13,13]}}
,"C:\\Users\\Hassa\\Documents\\Magnus_Copo_documents\\Magnus_Copo_Workspace_Files\\Split_flow_final_prod\\backend\\src\\users\\schemas\\user.schema.ts": {"path":"C:\\Users\\Hassa\\Documents\\Magnus_Copo_documents\\Magnus_Copo_Workspace_Files\\Split_flow_final_prod\\backend\\src\\users\\schemas\\user.schema.ts","statementMap":{"0":{"start":{"line":1,"column":0},"end":{"line":1,"column":63}},"1":{"start":{"line":6,"column":0},"end":{"line":6,"column":null}},"2":{"start":{"line":7,"column":2},"end":{"line":7,"column":null}},"3":{"start":{"line":8,"column":2},"end":{"line":8,"column":null}},"4":{"start":{"line":9,"column":2},"end":{"line":9,"column":null}},"5":{"start":{"line":10,"column":2},"end":{"line":10,"column":null}},"6":{"start":{"line":11,"column":2},"end":{"line":11,"column":null}},"7":{"start":{"line":15,"column":7},"end":{"line":60,"column":null}},"8":{"start":{"line":15,"column":13},"end":{"line":15,"column":17}},"9":{"start":{"line":17,"column":2},"end":{"line":17,"column":null}},"10":{"start":{"line":20,"column":2},"end":{"line":20,"column":null}},"11":{"start":{"line":23,"column":2},"end":{"line":23,"column":null}},"12":{"start":{"line":26,"column":2},"end":{"line":26,"column":null}},"13":{"start":{"line":29,"column":2},"end":{"line":29,"column":null}},"14":{"start":{"line":32,"column":2},"end":{"line":32,"column":null}},"15":{"start":{"line":35,"column":2},"end":{"line":35,"column":null}},"16":{"start":{"line":38,"column":2},"end":{"line":38,"column":null}},"17":{"start":{"line":41,"column":2},"end":{"line":41,"column":null}},"18":{"start":{"line":44,"column":2},"end":{"line":44,"column":null}},"19":{"start":{"line":47,"column":2},"end":{"line":47,"column":null}},"20":{"start":{"line":50,"column":2},"end":{"line":50,"column":null}},"21":{"start":{"line":53,"column":2},"end":{"line":53,"column":null}},"22":{"start":{"line":56,"column":2},"end":{"line":56,"column":null}},"23":{"start":{"line":59,"column":2},"end":{"line":59,"column":null}},"24":{"start":{"line":15,"column":13},"end":{"line":60,"column":null}},"25":{"start":{"line":62,"column":13},"end":{"line":62,"column":61}}},"fnMap":{"0":{"name":"(anonymous_2)","decl":{"start":{"line":6,"column":0},"end":{"line":6,"column":12}},"loc":{"start":{"line":6,"column":20},"end":{"line":12,"column":1}}}},"branchMap":{"0":{"loc":{"start":{"line":6,"column":12},"end":{"line":6,"column":null}},"type":"binary-expr","locations":[{"start":{"line":6,"column":12},"end":{"line":6,"column":20}},{"start":{"line":6,"column":20},"end":{"line":6,"column":null}}]},"1":{"loc":{"start":{"line":38,"column":11},"end":{"line":38,"column":31}},"type":"cond-expr","locations":[{"start":{"line":38,"column":17},"end":{"line":38,"column":31}},{"start":{"line":38,"column":17},"end":{"line":38,"column":31}}]},"2":{"loc":{"start":{"line":38,"column":11},"end":{"line":38,"column":17}},"type":"binary-expr","locations":[{"start":{"line":38,"column":11},"end":{"line":38,"column":31}},{"start":{"line":38,"column":11},"end":{"line":38,"column":17}}]},"3":{"loc":{"start":{"line":41,"column":15},"end":{"line":41,"column":35}},"type":"cond-expr","locations":[{"start":{"line":41,"column":21},"end":{"line":41,"column":35}},{"start":{"line":41,"column":21},"end":{"line":41,"column":35}}]},"4":{"loc":{"start":{"line":41,"column":15},"end":{"line":41,"column":21}},"type":"binary-expr","locations":[{"start":{"line":41,"column":15},"end":{"line":41,"column":35}},{"start":{"line":41,"column":15},"end":{"line":41,"column":21}}]},"5":{"loc":{"start":{"line":44,"column":12},"end":{"line":44,"column":32}},"type":"cond-expr","locations":[{"start":{"line":44,"column":18},"end":{"line":44,"column":32}},{"start":{"line":44,"column":18},"end":{"line":44,"column":32}}]},"6":{"loc":{"start":{"line":44,"column":12},"end":{"line":44,"column":18}},"type":"binary-expr","locations":[{"start":{"line":44,"column":12},"end":{"line":44,"column":32}},{"start":{"line":44,"column":12},"end":{"line":44,"column":18}}]},"7":{"loc":{"start":{"line":59,"column":13},"end":{"line":59,"column":18}},"type":"cond-expr","locations":[{"start":{"line":59,"column":17},"end":{"line":59,"column":18}},{"start":{"line":59,"column":17},"end":{"line":59,"column":18}}]},"8":{"loc":{"start":{"line":59,"column":13},"end":{"line":59,"column":17}},"type":"binary-expr","locations":[{"start":{"line":59,"column":13},"end":{"line":59,"column":18}},{"start":{"line":59,"column":13},"end":{"line":59,"column":17}}]}},"s":{"0":25,"1":25,"2":25,"3":25,"4":25,"5":25,"6":25,"7":25,"8":25,"9":25,"10":25,"11":25,"12":25,"13":25,"14":25,"15":25,"16":25,"17":25,"18":25,"19":25,"20":25,"21":25,"22":25,"23":25,"24":25,"25":25},"f":{"0":25},"b":{"0":[25,25],"1":[0,25],"2":[25,0],"3":[0,25],"4":[25,0],"5":[0,25],"6":[25,0],"7":[25,0],"8":[25,25]}}
}
