TN:
SF:src\app.controller.ts
FN:6,(anonymous_2)
FN:9,(anonymous_3)
FNF:2
FNH:2
FNDA:1,(anonymous_2)
FNDA:1,(anonymous_3)
DA:1,5
DA:2,5
DA:5,5
DA:6,1
DA:9,5
DA:10,1
LF:6
LH:6
BRDA:6,0,0,5
BRDA:6,0,1,0
BRDA:6,1,0,5
BRDA:6,1,1,5
BRF:4
BRH:3
end_of_record
TN:
SF:src\app.module.ts
FN:28,(anonymous_1)
FNF:1
FNH:0
FNDA:0,(anonymous_1)
DA:1,4
DA:2,4
DA:3,4
DA:4,4
DA:5,4
DA:6,4
DA:7,4
DA:8,4
DA:9,4
DA:10,4
DA:11,4
DA:12,4
DA:13,4
DA:14,4
DA:15,4
DA:16,4
DA:17,4
DA:18,4
DA:19,4
DA:28,0
DA:63,4
LF:21
LH:20
BRF:0
BRH:0
end_of_record
TN:
SF:src\app.service.ts
FN:5,(anonymous_1)
FNF:1
FNH:1
FNDA:1,(anonymous_1)
DA:1,5
DA:4,5
DA:6,1
LF:3
LH:3
BRF:0
BRH:0
end_of_record
TN:
SF:src\main.ts
FN:7,bootstrap
FNF:1
FNH:1
FNDA:3,bootstrap
DA:1,3
DA:2,3
DA:3,3
DA:4,3
DA:5,3
DA:8,3
DA:10,3
DA:12,3
DA:13,3
DA:14,3
DA:17,3
DA:18,1
DA:19,2
DA:20,1
DA:22,1
DA:25,3
DA:31,3
DA:39,3
DA:42,3
LF:19
LH:19
BRDA:17,0,0,1
BRDA:17,0,1,2
BRDA:19,1,0,1
BRDA:19,1,1,1
BRDA:39,2,0,3
BRDA:39,2,1,0
BRF:6
BRH:5
end_of_record
TN:
SF:src\admin\admin.controller.ts
FN:7,(anonymous_2)
FN:12,(anonymous_3)
FN:16,(anonymous_4)
FNF:3
FNH:3
FNDA:16,(anonymous_2)
FNDA:2,(anonymous_3)
FNDA:1,(anonymous_4)
DA:1,6
DA:2,6
DA:3,6
DA:4,6
DA:7,16
DA:11,6
DA:12,2
DA:16,6
DA:17,1
LF:9
LH:9
BRDA:12,0,0,6
BRDA:12,0,1,0
BRDA:12,1,0,6
BRDA:12,1,1,6
BRF:4
BRH:3
end_of_record
TN:
SF:src\admin\admin.module.ts
FNF:0
FNH:0
DA:1,4
DA:2,4
DA:3,4
DA:4,4
DA:5,4
DA:12,4
LF:6
LH:6
BRF:0
BRH:0
end_of_record
TN:
SF:src\admin\admin.service.ts
FN:7,(anonymous_2)
FN:12,(anonymous_3)
FN:18,(anonymous_4)
FN:20,(anonymous_5)
FN:24,(anonymous_6)
FN:31,(anonymous_7)
FN:33,(anonymous_8)
FNF:7
FNH:7
FNDA:38,(anonymous_2)
FNDA:37,(anonymous_3)
FNDA:38,(anonymous_4)
FNDA:38,(anonymous_5)
FNDA:38,(anonymous_6)
FNDA:38,(anonymous_7)
FNDA:4,(anonymous_8)
DA:1,7
DA:2,7
DA:3,7
DA:6,7
DA:8,38
DA:9,38
DA:13,37
DA:18,38
DA:19,37
DA:20,38
DA:23,37
DA:24,38
DA:28,37
DA:31,37
DA:32,38
DA:33,4
DA:37,37
LF:17
LH:17
BRDA:20,0,0,38
BRDA:20,0,1,2
BRDA:24,1,0,38
BRDA:24,1,1,2
BRDA:33,2,0,38
BRDA:33,2,1,36
BRDA:40,3,0,35
BRDA:40,3,1,2
BRDA:44,4,0,35
BRDA:44,4,1,2
BRDA:8,5,0,7
BRDA:8,5,1,0
BRDA:8,6,0,7
BRDA:8,6,1,7
BRDA:8,7,0,7
BRDA:8,7,1,0
BRDA:8,8,0,7
BRDA:8,8,1,7
BRF:18
BRH:16
end_of_record
TN:
SF:src\announcements\announcements.controller.ts
FN:19,(anonymous_4)
FN:23,(anonymous_5)
FN:28,(anonymous_6)
FN:33,(anonymous_7)
FN:38,(anonymous_8)
FN:44,(anonymous_9)
FNF:6
FNH:6
FNDA:6,(anonymous_4)
FNDA:1,(anonymous_5)
FNDA:1,(anonymous_6)
FNDA:1,(anonymous_7)
FNDA:1,(anonymous_8)
FNDA:1,(anonymous_9)
DA:1,5
DA:11,5
DA:12,5
DA:13,5
DA:14,5
DA:18,5
DA:19,6
DA:23,5
DA:24,1
DA:28,5
DA:29,1
DA:33,5
DA:34,1
DA:38,5
DA:39,1
DA:44,5
DA:45,1
LF:17
LH:17
BRDA:19,0,0,5
BRDA:19,0,1,0
BRDA:19,1,0,5
BRDA:19,1,1,5
BRF:4
BRH:3
end_of_record
TN:
SF:src\announcements\announcements.module.ts
FNF:0
FNH:0
DA:1,4
DA:2,4
DA:3,4
DA:4,4
DA:5,4
DA:9,4
DA:21,4
LF:7
LH:7
BRF:0
BRH:0
end_of_record
TN:
SF:src\announcements\announcements.service.ts
FN:11,(anonymous_4)
FN:16,(anonymous_5)
FN:25,(anonymous_6)
FN:33,(anonymous_7)
FN:37,(anonymous_8)
FN:43,(anonymous_9)
FN:49,(anonymous_10)
FNF:7
FNH:7
FNDA:50,(anonymous_4)
FNDA:25,(anonymous_5)
FNDA:1,(anonymous_6)
FNDA:1,(anonymous_7)
FNDA:1,(anonymous_8)
FNDA:20,(anonymous_9)
FNDA:1,(anonymous_10)
DA:1,6
DA:2,6
DA:3,6
DA:4,6
DA:10,6
DA:13,50
DA:17,25
DA:22,25
DA:26,1
DA:34,1
DA:38,1
DA:44,20
DA:50,1
LF:13
LH:13
BRDA:13,0,0,6
BRDA:13,0,1,0
BRDA:13,1,0,6
BRDA:13,1,1,6
BRF:4
BRH:3
end_of_record
TN:
SF:src\announcements\schemas\announcement.schema.ts
FNF:0
FNH:0
DA:1,6
DA:2,6
DA:3,6
DA:8,6
DA:10,6
DA:13,6
DA:16,6
DA:19,6
DA:22,6
DA:28,6
DA:31,6
LF:11
LH:11
BRDA:19,0,0,6
BRDA:19,0,1,0
BRDA:19,1,0,6
BRDA:19,1,1,6
BRF:4
BRH:3
end_of_record
TN:
SF:src\auth\auth.controller.ts
FN:20,(anonymous_4)
FN:26,(anonymous_5)
FN:35,(anonymous_6)
FN:41,(anonymous_7)
FN:47,(anonymous_8)
FN:56,(anonymous_9)
FN:66,(anonymous_10)
FN:71,(anonymous_11)
FN:86,(anonymous_12)
FNF:9
FNH:9
FNDA:13,(anonymous_4)
FNDA:1,(anonymous_5)
FNDA:1,(anonymous_6)
FNDA:1,(anonymous_7)
FNDA:1,(anonymous_8)
FNDA:1,(anonymous_9)
FNDA:1,(anonymous_10)
FNDA:4,(anonymous_11)
FNDA:4,(anonymous_12)
DA:1,5
DA:10,5
DA:11,5
DA:12,5
DA:13,5
DA:14,5
DA:15,5
DA:16,5
DA:19,5
DA:20,13
DA:26,5
DA:29,1
DA:35,5
DA:36,1
DA:41,5
DA:42,1
DA:47,5
DA:48,1
DA:56,5
DA:59,1
DA:66,5
DA:67,1
DA:71,5
DA:72,4
DA:73,4
DA:74,3
DA:76,1
DA:86,5
DA:87,4
DA:88,4
LF:30
LH:30
BRDA:73,0,0,3
BRDA:73,0,1,1
BRDA:35,1,0,5
BRDA:35,1,1,0
BRDA:35,2,0,5
BRDA:35,2,1,5
BRDA:41,3,0,5
BRDA:41,3,1,0
BRDA:41,4,0,5
BRDA:41,4,1,5
BRDA:47,5,0,5
BRDA:47,5,1,0
BRDA:47,6,0,5
BRDA:47,6,1,5
BRDA:58,7,0,5
BRDA:58,7,1,0
BRDA:58,8,0,5
BRDA:58,8,1,5
BRDA:20,9,0,5
BRDA:20,9,1,0
BRDA:20,10,0,5
BRDA:20,10,1,5
BRF:22
BRH:17
end_of_record
TN:
SF:src\auth\auth.module.ts
FN:13,(anonymous_1)
FN:17,(anonymous_2)
FNF:2
FNH:0
FNDA:0,(anonymous_1)
FNDA:0,(anonymous_2)
DA:1,4
DA:2,4
DA:3,4
DA:4,4
DA:5,4
DA:6,4
DA:7,4
DA:8,4
DA:9,4
DA:13,0
DA:17,0
DA:28,4
LF:12
LH:10
BRF:0
BRH:0
end_of_record
TN:
SF:src\auth\auth.service.ts
FN:21,(anonymous_13)
FN:27,(anonymous_14)
FN:34,(anonymous_15)
FN:41,(anonymous_16)
FN:47,(anonymous_17)
FN:56,(anonymous_18)
FN:62,(anonymous_19)
FN:72,(anonymous_20)
FN:127,(anonymous_21)
FN:158,(anonymous_22)
FN:199,(anonymous_23)
FN:223,(anonymous_24)
FN:263,(anonymous_25)
FN:268,(anonymous_26)
FN:278,(anonymous_27)
FN:303,(anonymous_28)
FN:318,(anonymous_29)
FN:22,(anonymous_30)
FNF:18
FNH:13
FNDA:29,(anonymous_13)
FNDA:5,(anonymous_14)
FNDA:5,(anonymous_15)
FNDA:5,(anonymous_16)
FNDA:3,(anonymous_17)
FNDA:0,(anonymous_18)
FNDA:0,(anonymous_19)
FNDA:0,(anonymous_20)
FNDA:0,(anonymous_21)
FNDA:0,(anonymous_22)
FNDA:4,(anonymous_23)
FNDA:7,(anonymous_24)
FNDA:1,(anonymous_25)
FNDA:12,(anonymous_26)
FNDA:60,(anonymous_27)
FNDA:4,(anonymous_28)
FNDA:3,(anonymous_29)
FNDA:29,(anonymous_30)
DA:1,8
DA:8,8
DA:9,8
DA:10,8
DA:11,8
DA:12,8
DA:15,8
DA:16,29
DA:17,29
DA:22,29
DA:23,29
DA:24,29
DA:28,5
DA:35,5
DA:42,5
DA:43,5
DA:44,5
DA:48,3
DA:49,3
DA:50,1
DA:51,1
DA:53,2
DA:57,0
DA:58,0
DA:59,0
DA:63,0
DA:68,0
DA:69,0
DA:79,0
DA:80,0
DA:84,0
DA:88,0
DA:89,0
DA:92,0
DA:93,0
DA:97,0
DA:98,0
DA:100,0
DA:101,0
DA:102,0
DA:103,0
DA:106,0
DA:107,0
DA:112,0
DA:114,0
DA:116,0
DA:128,0
DA:135,0
DA:140,0
DA:141,0
DA:142,0
DA:144,0
DA:145,0
DA:148,0
DA:155,0
DA:163,0
DA:167,0
DA:170,0
DA:171,0
DA:174,0
DA:179,0
DA:180,0
DA:181,0
DA:185,0
DA:187,0
DA:189,0
DA:196,0
DA:200,4
DA:201,4
DA:207,4
DA:208,4
DA:209,4
DA:211,4
DA:225,7
DA:226,7
DA:228,1
DA:231,6
DA:232,2
DA:235,4
DA:236,4
DA:237,2
DA:240,2
DA:244,2
DA:245,1
DA:248,1
DA:253,1
DA:254,1
DA:255,1
DA:257,1
DA:264,1
DA:265,1
DA:270,12
DA:271,12
DA:272,1
DA:276,12
DA:278,60
DA:279,12
DA:280,12
DA:281,6
DA:287,6
DA:288,6
DA:289,2
DA:294,4
DA:295,4
DA:296,4
DA:304,4
DA:305,4
DA:307,3
DA:308,3
DA:310,2
DA:311,2
DA:313,2
DA:314,2
DA:315,2
DA:319,3
DA:320,3
DA:321,2
DA:322,2
LF:118
LH:73
BRDA:49,0,0,1
BRDA:49,0,1,2
BRDA:49,1,0,3
BRDA:49,1,1,2
BRDA:56,2,0,0
BRDA:57,3,0,0
BRDA:57,3,1,0
BRDA:58,4,0,0
BRDA:58,4,1,0
BRDA:63,5,0,0
BRDA:63,5,1,0
BRDA:68,6,0,0
BRDA:68,6,1,0
BRDA:79,7,0,0
BRDA:79,7,1,0
BRDA:80,8,0,0
BRDA:80,8,1,0
BRDA:88,9,0,0
BRDA:88,9,1,0
BRDA:88,10,0,0
BRDA:88,10,1,0
BRDA:92,11,0,0
BRDA:92,11,1,0
BRDA:97,12,0,0
BRDA:97,12,1,0
BRDA:97,13,0,0
BRDA:97,13,1,0
BRDA:102,14,0,0
BRDA:102,14,1,0
BRDA:106,15,0,0
BRDA:106,15,1,0
BRDA:114,16,0,0
BRDA:114,16,1,0
BRDA:114,16,2,0
BRDA:137,17,0,0
BRDA:137,17,1,0
BRDA:141,18,0,0
BRDA:141,18,1,0
BRDA:141,19,0,0
BRDA:141,19,1,0
BRDA:144,20,0,0
BRDA:144,20,1,0
BRDA:152,21,0,0
BRDA:152,21,1,0
BRDA:163,22,0,0
BRDA:163,22,1,0
BRDA:163,22,2,0
BRDA:170,23,0,0
BRDA:170,23,1,0
BRDA:179,24,0,0
BRDA:179,24,1,0
BRDA:180,25,0,0
BRDA:180,25,1,0
BRDA:185,26,0,0
BRDA:185,26,1,0
BRDA:185,27,0,0
BRDA:185,27,1,0
BRDA:187,28,0,0
BRDA:187,28,1,0
BRDA:200,29,0,4
BRDA:200,29,1,1
BRDA:231,30,0,2
BRDA:231,30,1,4
BRDA:231,31,0,6
BRDA:231,31,1,5
BRDA:236,32,0,2
BRDA:236,32,1,2
BRDA:236,33,0,4
BRDA:236,33,1,3
BRDA:244,34,0,1
BRDA:244,34,1,1
BRDA:271,35,0,1
BRDA:271,35,1,11
BRDA:271,36,0,12
BRDA:271,36,1,12
BRDA:279,37,0,12
BRDA:279,37,1,0
BRDA:280,38,0,6
BRDA:280,38,1,6
BRDA:280,39,0,12
BRDA:280,39,1,12
BRDA:288,40,0,2
BRDA:288,40,1,4
BRDA:305,41,0,1
BRDA:305,41,1,3
BRDA:308,42,0,1
BRDA:308,42,1,2
BRDA:320,43,0,1
BRDA:320,43,1,2
BRDA:23,44,0,8
BRDA:23,44,1,0
BRDA:23,45,0,8
BRDA:23,45,1,8
BRDA:23,46,0,8
BRDA:23,46,1,0
BRDA:23,47,0,8
BRDA:23,47,1,8
BRF:97
BRH:39
end_of_record
TN:
SF:src\auth\dto\login.dto.ts
FNF:0
FNH:0
DA:1,0
DA:3,0
DA:6,0
DA:9,0
LF:4
LH:0
BRF:0
BRH:0
end_of_record
TN:
SF:src\auth\dto\register.dto.ts
FNF:0
FNH:0
DA:1,5
DA:12,5
DA:15,5
DA:17,5
DA:19,5
DA:34,5
DA:42,5
DA:46,5
DA:50,5
DA:54,5
DA:58,5
LF:11
LH:11
BRDA:54,0,0,0
BRDA:54,0,1,5
BRDA:54,1,0,5
BRDA:54,1,1,5
BRF:4
BRH:3
end_of_record
TN:
SF:src\auth\dto\social-login.dto.ts
FNF:0
FNH:0
DA:1,5
DA:3,5
DA:6,5
DA:10,5
DA:14,5
LF:5
LH:5
BRF:0
BRH:0
end_of_record
TN:
SF:src\auth\guards\jwt-auth.guard.ts
FNF:0
FNH:0
DA:1,13
DA:2,13
DA:5,13
LF:3
LH:3
BRF:0
BRH:0
end_of_record
TN:
SF:src\auth\guards\local-auth.guard.ts
FNF:0
FNH:0
DA:1,5
DA:2,5
DA:5,5
LF:3
LH:3
BRF:0
BRH:0
end_of_record
TN:
SF:src\auth\guards\permissions.guard.ts
FN:86,getAllPermissionsForRole
FN:105,(anonymous_3)
FN:107,(anonymous_4)
FN:127,(anonymous_5)
FNF:4
FNH:4
FNDA:12,getAllPermissionsForRole
FNDA:5,(anonymous_3)
FNDA:5,(anonymous_4)
FNDA:3,(anonymous_5)
DA:1,6
DA:7,6
DA:19,6
DA:53,6
DA:86,6
DA:87,12
DA:89,9
DA:92,9
DA:93,9
DA:94,2
DA:96,9
DA:97,0
DA:100,9
DA:104,6
DA:105,5
DA:108,5
DA:112,5
DA:113,1
DA:116,4
DA:119,4
DA:121,4
DA:124,3
DA:126,2
DA:127,2
DA:128,3
DA:131,2
DA:132,1
DA:135,1
LF:28
LH:27
BRDA:87,0,0,3
BRDA:87,0,1,9
BRDA:89,1,0,9
BRDA:89,1,1,1
BRDA:93,2,0,2
BRDA:93,2,1,7
BRDA:93,3,0,9
BRDA:93,3,1,7
BRDA:93,3,2,7
BRDA:94,4,0,2
BRDA:94,4,1,0
BRDA:96,5,0,0
BRDA:96,5,1,9
BRDA:96,6,0,9
BRDA:96,6,1,9
BRDA:97,7,0,0
BRDA:97,7,1,0
BRDA:112,8,0,1
BRDA:112,8,1,4
BRDA:112,9,0,5
BRDA:112,9,1,4
BRDA:121,10,0,1
BRDA:121,10,1,3
BRDA:124,11,0,1
BRDA:124,11,1,2
BRDA:131,12,0,1
BRDA:131,12,1,1
BRDA:105,13,0,3
BRDA:105,13,1,3
BRDA:105,14,0,6
BRDA:105,14,1,3
BRF:31
BRH:27
end_of_record
TN:
SF:src\auth\guards\roles.guard.ts
FN:11,(anonymous_2)
FN:13,(anonymous_3)
FN:26,(anonymous_4)
FNF:3
FNH:3
FNDA:32,(anonymous_2)
FNDA:5,(anonymous_3)
FNDA:2,(anonymous_4)
DA:1,9
DA:7,9
DA:10,9
DA:11,32
DA:14,5
DA:15,5
DA:16,1
DA:18,4
DA:19,4
DA:21,4
DA:24,3
DA:26,2
DA:27,2
DA:28,1
DA:30,1
DA:33,2
DA:34,1
DA:37,1
LF:18
LH:18
BRDA:15,0,0,1
BRDA:15,0,1,4
BRDA:21,1,0,1
BRDA:21,1,1,3
BRDA:24,2,0,1
BRDA:24,2,1,2
BRDA:27,3,0,1
BRDA:27,3,1,1
BRDA:28,4,0,1
BRDA:28,4,1,1
BRDA:33,5,0,1
BRDA:33,5,1,1
BRDA:11,6,0,6
BRDA:11,6,1,3
BRDA:11,7,0,9
BRDA:11,7,1,6
BRF:16
BRH:16
end_of_record
TN:
SF:src\auth\strategies\jwt.strategy.ts
FN:8,(anonymous_2)
FN:16,(anonymous_3)
FNF:2
FNH:2
FNDA:2,(anonymous_2)
FNDA:1,(anonymous_3)
DA:1,5
DA:2,5
DA:3,5
DA:4,5
DA:7,5
DA:9,2
DA:17,1
LF:7
LH:7
BRDA:12,0,0,2
BRDA:12,0,1,1
BRDA:8,1,0,5
BRDA:8,1,1,0
BRDA:8,2,0,5
BRDA:8,2,1,5
BRF:6
BRH:5
end_of_record
TN:
SF:src\auth\strategies\local.strategy.ts
FN:9,(anonymous_2)
FN:13,(anonymous_3)
FN:24,(anonymous_4)
FN:28,(anonymous_5)
FNF:4
FNH:4
FNDA:4,(anonymous_2)
FNDA:4,(anonymous_3)
FNDA:11,(anonymous_4)
FNDA:20,(anonymous_5)
DA:1,5
DA:2,5
DA:3,5
DA:5,5
DA:8,5
DA:9,4
DA:10,4
DA:14,4
DA:15,4
DA:23,4
DA:25,11
DA:27,4
DA:28,20
DA:31,4
DA:36,4
DA:37,4
DA:38,1
DA:40,3
LF:18
LH:18
BRDA:14,0,0,4
BRDA:14,0,1,0
BRDA:25,1,0,11
BRDA:25,1,1,6
BRDA:28,2,0,20
BRDA:28,2,1,19
BRDA:32,3,0,4
BRDA:32,3,1,1
BRDA:33,4,0,0
BRDA:33,4,1,1
BRDA:37,5,0,1
BRDA:37,5,1,3
BRDA:9,6,0,5
BRDA:9,6,1,0
BRDA:9,7,0,5
BRDA:9,7,1,5
BRF:16
BRH:13
end_of_record
TN:
SF:src\finance\finance.controller.ts
FN:27,(anonymous_4)
FN:32,(anonymous_5)
FN:40,(anonymous_6)
FN:54,(anonymous_7)
FN:71,(anonymous_8)
FN:90,(anonymous_9)
FN:95,(anonymous_10)
FN:103,(anonymous_11)
FN:108,(anonymous_12)
FN:117,(anonymous_13)
FN:127,(anonymous_14)
FN:157,(anonymous_15)
FN:172,(anonymous_16)
FN:180,(anonymous_17)
FN:191,(anonymous_18)
FN:197,(anonymous_19)
FN:206,(anonymous_20)
FNF:17
FNH:17
FNDA:16,(anonymous_4)
FNDA:1,(anonymous_5)
FNDA:1,(anonymous_6)
FNDA:1,(anonymous_7)
FNDA:1,(anonymous_8)
FNDA:1,(anonymous_9)
FNDA:1,(anonymous_10)
FNDA:1,(anonymous_11)
FNDA:1,(anonymous_12)
FNDA:1,(anonymous_13)
FNDA:1,(anonymous_14)
FNDA:1,(anonymous_15)
FNDA:1,(anonymous_16)
FNDA:1,(anonymous_17)
FNDA:1,(anonymous_18)
FNDA:4,(anonymous_19)
FNDA:1,(anonymous_20)
DA:1,5
DA:13,5
DA:14,5
DA:15,5
DA:26,5
DA:27,16
DA:32,5
DA:36,1
DA:40,5
DA:45,1
DA:54,5
DA:62,1
DA:71,5
DA:79,1
DA:90,5
DA:91,1
DA:95,5
DA:99,1
DA:103,5
DA:104,1
DA:108,5
DA:113,1
DA:117,5
DA:118,1
DA:127,5
DA:141,1
DA:157,5
DA:162,1
DA:172,5
DA:173,1
DA:180,5
DA:184,1
DA:191,5
DA:195,1
DA:197,4
DA:199,1
DA:206,5
DA:218,1
LF:38
LH:38
BRDA:65,0,0,1
BRDA:65,0,1,0
BRDA:66,1,0,1
BRDA:66,1,1,0
BRDA:148,2,0,1
BRDA:148,2,1,0
BRDA:149,3,0,1
BRDA:149,3,1,0
BRDA:195,4,0,1
BRDA:195,4,1,0
BRDA:34,5,0,5
BRDA:34,5,1,0
BRDA:34,6,0,5
BRDA:34,6,1,5
BRDA:27,7,0,5
BRDA:27,7,1,0
BRDA:27,8,0,5
BRDA:27,8,1,5
BRF:18
BRH:11
end_of_record
TN:
SF:src\finance\finance.module.ts
FNF:0
FNH:0
DA:1,4
DA:2,4
DA:3,4
DA:4,4
DA:5,4
DA:11,4
DA:12,4
DA:27,4
LF:8
LH:8
BRF:0
BRH:0
end_of_record
TN:
SF:src\finance\finance.service.ts
FN:17,(anonymous_5)
FN:26,(anonymous_6)
FN:36,(anonymous_7)
FN:40,(anonymous_8)
FN:44,(anonymous_9)
FN:49,(anonymous_10)
FN:54,(anonymous_11)
FN:63,(anonymous_12)
FN:71,(anonymous_13)
FN:109,(anonymous_14)
FN:130,(anonymous_15)
FN:202,(anonymous_16)
FN:227,(anonymous_17)
FN:232,(anonymous_18)
FN:241,(anonymous_19)
FN:244,(anonymous_20)
FN:247,(anonymous_21)
FN:258,(anonymous_22)
FN:274,(anonymous_23)
FN:298,(anonymous_24)
FN:317,(anonymous_25)
FN:328,(anonymous_26)
FN:351,(anonymous_27)
FN:457,(anonymous_28)
FN:477,(anonymous_29)
FN:478,(anonymous_30)
FN:490,(anonymous_31)
FN:517,(anonymous_32)
FN:519,(anonymous_33)
FN:520,(anonymous_34)
FN:528,(anonymous_35)
FN:546,(anonymous_36)
FN:557,(anonymous_37)
FN:567,(anonymous_38)
FN:580,(anonymous_39)
FN:589,(anonymous_40)
FN:599,(anonymous_41)
FN:611,(anonymous_42)
FN:619,(anonymous_43)
FN:626,(anonymous_44)
FN:635,(anonymous_45)
FN:647,(anonymous_46)
FN:654,(anonymous_47)
FN:668,(anonymous_48)
FN:688,(anonymous_49)
FN:709,(anonymous_50)
FN:737,(anonymous_51)
FN:758,(anonymous_52)
FN:807,(anonymous_53)
FN:821,(anonymous_54)
FN:851,(anonymous_55)
FN:862,(anonymous_56)
FN:874,(anonymous_57)
FN:881,(anonymous_58)
FN:887,(anonymous_59)
FN:895,(anonymous_60)
FN:918,(anonymous_61)
FN:940,(anonymous_62)
FN:957,(anonymous_63)
FN:990,(anonymous_64)
FN:992,(anonymous_65)
FN:995,(anonymous_66)
FN:1003,(anonymous_67)
FN:1021,(anonymous_68)
FN:1058,(anonymous_69)
FN:1080,(anonymous_70)
FN:1081,(anonymous_71)
FN:1110,(anonymous_72)
FN:1122,(anonymous_73)
FN:1141,(anonymous_74)
FN:1184,(anonymous_75)
FN:1189,(anonymous_76)
FN:1195,(anonymous_77)
FN:1198,(anonymous_78)
FN:1200,(anonymous_79)
FN:1201,(anonymous_80)
FN:1204,(anonymous_81)
FN:1208,(anonymous_82)
FN:1213,(anonymous_83)
FN:1216,(anonymous_84)
FN:1300,(anonymous_85)
FN:1347,(anonymous_86)
FN:1369,(anonymous_87)
FN:1393,(anonymous_88)
FN:1400,(anonymous_89)
FN:1419,(anonymous_90)
FN:1436,(anonymous_91)
FN:1493,(anonymous_92)
FN:1512,(anonymous_93)
FN:1518,(anonymous_94)
FN:1531,(anonymous_95)
FN:1537,(anonymous_96)
FN:1547,(anonymous_97)
FN:1564,(anonymous_98)
FN:1584,(anonymous_99)
FN:1658,(anonymous_100)
FN:1713,(anonymous_101)
FN:1719,(anonymous_102)
FN:1732,(anonymous_103)
FN:1738,(anonymous_104)
FN:1749,(anonymous_105)
FN:1786,(anonymous_106)
FN:1835,(anonymous_107)
FN:1839,(anonymous_108)
FN:1846,(anonymous_109)
FN:1853,(anonymous_110)
FN:1928,(anonymous_111)
FN:1963,(anonymous_112)
FN:1996,(anonymous_113)
FN:2013,(anonymous_114)
FN:2014,(anonymous_115)
FN:2016,(anonymous_116)
FN:2017,(anonymous_117)
FN:2018,(anonymous_118)
FN:2037,(anonymous_119)
FN:2046,(anonymous_120)
FN:2055,(anonymous_121)
FN:2066,(anonymous_122)
FN:2101,(anonymous_123)
FN:2111,(anonymous_124)
FN:2184,(anonymous_125)
FN:2216,(anonymous_126)
FN:2222,(anonymous_127)
FN:2316,(anonymous_128)
FN:2334,(anonymous_129)
FNF:125
FNH:95
FNDA:24,(anonymous_5)
FNDA:167,(anonymous_6)
FNDA:15,(anonymous_7)
FNDA:9,(anonymous_8)
FNDA:4,(anonymous_9)
FNDA:3,(anonymous_10)
FNDA:3,(anonymous_11)
FNDA:8,(anonymous_12)
FNDA:0,(anonymous_13)
FNDA:8,(anonymous_14)
FNDA:8,(anonymous_15)
FNDA:0,(anonymous_16)
FNDA:29,(anonymous_17)
FNDA:8,(anonymous_18)
FNDA:4,(anonymous_19)
FNDA:4,(anonymous_20)
FNDA:4,(anonymous_21)
FNDA:10,(anonymous_22)
FNDA:8,(anonymous_23)
FNDA:8,(anonymous_24)
FNDA:3,(anonymous_25)
FNDA:8,(anonymous_26)
FNDA:8,(anonymous_27)
FNDA:4,(anonymous_28)
FNDA:10,(anonymous_29)
FNDA:16,(anonymous_30)
FNDA:16,(anonymous_31)
FNDA:3,(anonymous_32)
FNDA:6,(anonymous_33)
FNDA:0,(anonymous_34)
FNDA:9,(anonymous_35)
FNDA:3,(anonymous_36)
FNDA:6,(anonymous_37)
FNDA:9,(anonymous_38)
FNDA:2,(anonymous_39)
FNDA:3,(anonymous_40)
FNDA:0,(anonymous_41)
FNDA:3,(anonymous_42)
FNDA:2,(anonymous_43)
FNDA:1,(anonymous_44)
FNDA:1,(anonymous_45)
FNDA:1,(anonymous_46)
FNDA:1,(anonymous_47)
FNDA:1,(anonymous_48)
FNDA:1,(anonymous_49)
FNDA:1,(anonymous_50)
FNDA:1,(anonymous_51)
FNDA:1,(anonymous_52)
FNDA:1,(anonymous_53)
FNDA:1,(anonymous_54)
FNDA:4,(anonymous_55)
FNDA:3,(anonymous_56)
FNDA:6,(anonymous_57)
FNDA:2,(anonymous_58)
FNDA:1,(anonymous_59)
FNDA:1,(anonymous_60)
FNDA:1,(anonymous_61)
FNDA:2,(anonymous_62)
FNDA:2,(anonymous_63)
FNDA:3,(anonymous_64)
FNDA:1,(anonymous_65)
FNDA:0,(anonymous_66)
FNDA:0,(anonymous_67)
FNDA:0,(anonymous_68)
FNDA:0,(anonymous_69)
FNDA:0,(anonymous_70)
FNDA:0,(anonymous_71)
FNDA:0,(anonymous_72)
FNDA:1,(anonymous_73)
FNDA:1,(anonymous_74)
FNDA:1,(anonymous_75)
FNDA:1,(anonymous_76)
FNDA:0,(anonymous_77)
FNDA:1,(anonymous_78)
FNDA:1,(anonymous_79)
FNDA:0,(anonymous_80)
FNDA:1,(anonymous_81)
FNDA:0,(anonymous_82)
FNDA:0,(anonymous_83)
FNDA:4,(anonymous_84)
FNDA:4,(anonymous_85)
FNDA:2,(anonymous_86)
FNDA:2,(anonymous_87)
FNDA:4,(anonymous_88)
FNDA:4,(anonymous_89)
FNDA:1,(anonymous_90)
FNDA:0,(anonymous_91)
FNDA:1,(anonymous_92)
FNDA:1,(anonymous_93)
FNDA:1,(anonymous_94)
FNDA:0,(anonymous_95)
FNDA:1,(anonymous_96)
FNDA:1,(anonymous_97)
FNDA:1,(anonymous_98)
FNDA:2,(anonymous_99)
FNDA:1,(anonymous_100)
FNDA:0,(anonymous_101)
FNDA:0,(anonymous_102)
FNDA:0,(anonymous_103)
FNDA:0,(anonymous_104)
FNDA:0,(anonymous_105)
FNDA:1,(anonymous_106)
FNDA:1,(anonymous_107)
FNDA:1,(anonymous_108)
FNDA:1,(anonymous_109)
FNDA:1,(anonymous_110)
FNDA:2,(anonymous_111)
FNDA:0,(anonymous_112)
FNDA:0,(anonymous_113)
FNDA:9,(anonymous_114)
FNDA:16,(anonymous_115)
FNDA:13,(anonymous_116)
FNDA:0,(anonymous_117)
FNDA:0,(anonymous_118)
FNDA:0,(anonymous_119)
FNDA:0,(anonymous_120)
FNDA:0,(anonymous_121)
FNDA:0,(anonymous_122)
FNDA:2,(anonymous_123)
FNDA:2,(anonymous_124)
FNDA:13,(anonymous_125)
FNDA:7,(anonymous_126)
FNDA:13,(anonymous_127)
FNDA:2,(anonymous_128)
FNDA:1,(anonymous_129)
DA:1,6
DA:7,6
DA:9,6
DA:10,6
DA:11,6
DA:12,6
DA:13,6
DA:16,6
DA:19,24
DA:20,24
DA:21,24
DA:22,24
DA:27,167
DA:28,108
DA:30,13
DA:31,9
DA:32,1
DA:33,1
DA:37,15
DA:41,9
DA:45,4
DA:46,2
DA:49,3
DA:55,3
DA:56,3
DA:57,0
DA:58,0
DA:60,3
DA:69,8
DA:71,0
DA:74,8
DA:76,8
DA:80,8
DA:81,8
DA:89,8
DA:95,0
DA:96,0
DA:99,8
DA:100,0
DA:101,0
DA:103,0
DA:106,8
DA:116,8
DA:117,8
DA:122,0
DA:124,8
DA:125,1
DA:127,7
DA:144,8
DA:145,8
DA:146,8
DA:147,8
DA:152,8
DA:158,8
DA:163,8
DA:167,8
DA:175,0
DA:176,0
DA:180,8
DA:182,8
DA:190,8
DA:206,0
DA:208,0
DA:209,0
DA:210,0
DA:212,0
DA:213,0
DA:214,0
DA:216,0
DA:228,29
DA:229,29
DA:233,8
DA:235,8
DA:239,8
DA:240,8
DA:242,4
DA:244,4
DA:246,8
DA:248,4
DA:249,3
DA:252,3
DA:256,8
DA:257,8
DA:258,10
DA:261,8
DA:278,8
DA:279,8
DA:280,4
DA:281,4
DA:282,4
DA:284,4
DA:288,4
DA:295,8
DA:306,8
DA:307,8
DA:308,8
DA:310,8
DA:311,4
DA:312,4
DA:313,3
DA:314,3
DA:317,8
DA:318,8
DA:319,10
DA:321,7
DA:322,7
DA:325,8
DA:335,8
DA:337,3
DA:339,3
DA:341,1
DA:356,8
DA:359,8
DA:361,8
DA:367,8
DA:371,8
DA:376,8
DA:381,8
DA:382,8
DA:384,8
DA:385,8
DA:389,8
DA:391,8
DA:397,8
DA:402,8
DA:410,8
DA:416,8
DA:421,8
DA:429,8
DA:464,4
DA:465,0
DA:467,4
DA:468,4
DA:470,3
DA:471,3
DA:472,3
DA:474,3
DA:478,10
DA:479,16
DA:480,16
DA:482,16
DA:483,16
DA:484,16
DA:487,10
DA:488,10
DA:489,10
DA:490,16
DA:494,10
DA:495,0
DA:501,10
DA:502,10
DA:503,16
DA:504,16
DA:505,16
DA:506,16
DA:510,10
DA:518,3
DA:519,6
DA:520,0
DA:529,9
DA:530,9
DA:531,14
DA:532,14
DA:533,14
DA:535,9
DA:536,9
DA:537,9
DA:538,9
DA:550,3
DA:555,3
DA:556,3
DA:557,6
DA:559,3
DA:560,3
DA:571,9
DA:572,9
DA:574,9
DA:576,2
DA:578,2
DA:579,2
DA:580,2
DA:582,2
DA:583,0
DA:586,2
DA:593,3
DA:594,3
DA:596,0
DA:598,0
DA:599,0
DA:601,0
DA:602,0
DA:603,0
DA:608,0
DA:612,3
DA:613,1
DA:623,2
DA:626,2
DA:628,2
DA:629,1
DA:640,1
DA:641,0
DA:646,1
DA:647,1
DA:649,1
DA:650,0
DA:655,1
DA:657,1
DA:658,1
DA:660,1
DA:661,2
DA:662,2
DA:665,1
DA:673,1
DA:674,1
DA:676,1
DA:677,0
DA:680,1
DA:681,1
DA:682,0
DA:685,1
DA:689,1
DA:690,1
DA:691,1
DA:710,1
DA:713,1
DA:716,1
DA:717,1
DA:720,1
DA:723,1
DA:727,1
DA:743,1
DA:744,0
DA:748,1
DA:752,0
DA:763,1
DA:764,0
DA:767,1
DA:768,1
DA:769,0
DA:773,1
DA:776,0
DA:782,0
DA:783,0
DA:786,0
DA:787,0
DA:788,0
DA:789,0
DA:792,0
DA:793,0
DA:796,0
DA:800,0
DA:804,0
DA:811,1
DA:812,1
DA:818,1
DA:828,1
DA:829,2
DA:830,2
DA:831,1
DA:839,1
DA:840,1
DA:841,0
DA:842,0
DA:852,4
DA:853,1
DA:857,3
DA:858,0
DA:867,3
DA:868,0
DA:873,3
DA:874,6
DA:876,3
DA:877,1
DA:882,2
DA:883,0
DA:888,1
DA:889,1
DA:890,2
DA:892,1
DA:900,1
DA:907,1
DA:908,1
DA:909,0
DA:922,1
DA:929,1
DA:930,1
DA:931,0
DA:944,2
DA:945,2
DA:946,0
DA:947,0
DA:951,0
DA:954,2
DA:962,2
DA:964,2
DA:965,4
DA:967,2
DA:968,2
DA:973,2
DA:975,0
DA:976,0
DA:977,0
DA:978,0
DA:991,3
DA:992,3
DA:996,0
DA:1008,0
DA:1010,0
DA:1011,0
DA:1013,0
DA:1014,0
DA:1016,0
DA:1027,0
DA:1029,0
DA:1030,0
DA:1033,0
DA:1038,0
DA:1040,0
DA:1041,0
DA:1042,0
DA:1044,0
DA:1045,0
DA:1050,0
DA:1062,0
DA:1063,0
DA:1064,0
DA:1067,0
DA:1068,0
DA:1071,0
DA:1075,0
DA:1076,0
DA:1081,0
DA:1082,0
DA:1084,0
DA:1088,0
DA:1091,0
DA:1097,0
DA:1111,0
DA:1127,1
DA:1132,1
DA:1133,0
DA:1135,1
DA:1136,0
DA:1138,1
DA:1142,1
DA:1143,1
DA:1144,1
DA:1145,1
DA:1146,1
DA:1147,1
DA:1149,1
DA:1150,1
DA:1151,1
DA:1152,1
DA:1154,1
DA:1155,1
DA:1158,1
DA:1159,1
DA:1160,1
DA:1161,1
DA:1165,1
DA:1166,1
DA:1168,0
DA:1169,0
DA:1170,0
DA:1171,0
DA:1174,1
DA:1188,1
DA:1189,1
DA:1195,0
DA:1199,1
DA:1200,1
DA:1201,0
DA:1207,1
DA:1208,0
DA:1213,0
DA:1217,4
DA:1220,4
DA:1222,3
DA:1223,3
DA:1224,0
DA:1226,3
DA:1227,3
DA:1228,2
DA:1230,1
DA:1231,1
DA:1232,1
DA:1238,1
DA:1239,1
DA:1241,1
DA:1242,1
DA:1243,1
DA:1252,1
DA:1253,1
DA:1259,1
DA:1265,1
DA:1285,1
DA:1287,1
DA:1288,1
DA:1297,1
DA:1306,4
DA:1307,4
DA:1308,4
DA:1310,3
DA:1311,3
DA:1312,3
DA:1314,3
DA:1315,3
DA:1316,3
DA:1317,2
DA:1319,2
DA:1320,2
DA:1322,2
DA:1329,2
DA:1330,1
DA:1331,1
DA:1332,1
DA:1333,1
DA:1336,1
DA:1338,1
DA:1339,1
DA:1340,1
DA:1343,1
DA:1344,1
DA:1357,2
DA:1358,0
DA:1360,2
DA:1362,2
DA:1366,2
DA:1367,2
DA:1368,2
DA:1369,2
DA:1371,2
DA:1373,2
DA:1379,2
DA:1386,2
DA:1387,2
DA:1388,2
DA:1389,2
DA:1390,2
DA:1392,2
DA:1394,4
DA:1401,4
DA:1429,1
DA:1430,0
DA:1432,1
DA:1434,1
DA:1435,1
DA:1436,0
DA:1438,1
DA:1441,1
DA:1444,1
DA:1445,1
DA:1446,0
DA:1450,1
DA:1451,1
DA:1452,1
DA:1453,1
DA:1455,1
DA:1469,1
DA:1470,1
DA:1471,1
DA:1474,1
DA:1493,1
DA:1494,1
DA:1501,1
DA:1513,1
DA:1514,1
DA:1515,1
DA:1519,1
DA:1520,1
DA:1521,1
DA:1526,0
DA:1527,0
DA:1530,0
DA:1531,0
DA:1532,0
DA:1534,0
DA:1538,1
DA:1539,1
DA:1540,1
DA:1544,1
DA:1548,1
DA:1549,1
DA:1552,1
DA:1555,1
DA:1557,1
DA:1560,1
DA:1561,1
DA:1565,1
DA:1566,1
DA:1567,1
DA:1573,1
DA:1574,1
DA:1575,1
DA:1597,2
DA:1598,2
DA:1599,0
DA:1601,2
DA:1602,2
DA:1603,2
DA:1605,0
DA:1606,0
DA:1608,0
DA:1609,0
DA:1610,0
DA:1615,0
DA:1621,0
DA:1624,0
DA:1626,0
DA:1627,0
DA:1628,0
DA:1630,0
DA:1644,0
DA:1646,0
DA:1662,1
DA:1663,1
DA:1664,0
DA:1666,1
DA:1667,1
DA:1668,0
DA:1671,1
DA:1673,1
DA:1684,1
DA:1688,1
DA:1691,1
DA:1692,1
DA:1696,1
DA:1697,1
DA:1699,1
DA:1714,0
DA:1715,0
DA:1716,0
DA:1718,0
DA:1719,0
DA:1720,0
DA:1722,0
DA:1731,0
DA:1733,0
DA:1734,0
DA:1736,0
DA:1737,0
DA:1738,0
DA:1741,0
DA:1744,0
DA:1748,0
DA:1751,0
DA:1752,0
DA:1756,0
DA:1758,0
DA:1759,0
DA:1761,0
DA:1776,0
DA:1787,1
DA:1789,1
DA:1793,1
DA:1794,1
DA:1795,1
DA:1796,1
DA:1797,1
DA:1798,1
DA:1799,1
DA:1801,1
DA:1802,1
DA:1803,1
DA:1804,1
DA:1805,1
DA:1806,0
DA:1807,0
DA:1808,0
DA:1809,0
DA:1810,0
DA:1811,0
DA:1815,1
DA:1836,1
DA:1837,1
DA:1838,1
DA:1839,1
DA:1845,1
DA:1846,1
DA:1849,1
DA:1850,0
DA:1853,1
DA:1855,1
DA:1873,1
DA:1874,1
DA:1875,1
DA:1876,1
DA:1892,1
DA:1893,1
DA:1894,1
DA:1895,1
DA:1896,1
DA:1897,1
DA:1898,1
DA:1900,1
DA:1901,1
DA:1902,1
DA:1903,1
DA:1904,1
DA:1905,0
DA:1906,0
DA:1907,0
DA:1908,0
DA:1909,0
DA:1910,0
DA:1914,1
DA:1915,1
DA:1921,1
DA:1939,2
DA:1941,2
DA:1943,2
DA:1944,0
DA:1949,2
DA:1954,2
DA:1955,2
DA:1956,2
DA:1957,2
DA:1958,2
DA:1959,2
DA:1960,2
DA:1961,2
DA:1962,2
DA:1963,0
DA:1967,2
DA:1983,2
DA:1984,1
DA:1996,1
DA:2012,1
DA:2014,16
DA:2016,13
DA:2018,0
DA:2022,1
DA:2030,1
DA:2031,1
DA:2032,1
DA:2033,1
DA:2034,1
DA:2036,1
DA:2038,0
DA:2039,0
DA:2040,0
DA:2045,1
DA:2047,0
DA:2048,0
DA:2049,0
DA:2054,1
DA:2056,0
DA:2057,0
DA:2058,0
DA:2063,1
DA:2064,1
DA:2065,1
DA:2066,0
DA:2069,1
DA:2070,1
DA:2077,1
DA:2078,1
DA:2079,1
DA:2084,1
DA:2089,1
DA:2090,1
DA:2092,1
DA:2093,1
DA:2095,1
DA:2096,1
DA:2097,1
DA:2098,1
DA:2099,1
DA:2101,1
DA:2102,2
DA:2103,2
DA:2104,2
DA:2109,2
DA:2111,1
DA:2112,2
DA:2113,2
DA:2114,2
DA:2121,1
DA:2122,1
DA:2123,1
DA:2124,1
DA:2125,1
DA:2126,1
DA:2128,1
DA:2129,1
DA:2130,0
DA:2131,0
DA:2132,0
DA:2133,0
DA:2136,1
DA:2137,1
DA:2138,1
DA:2139,1
DA:2140,1
DA:2141,1
DA:2143,1
DA:2144,1
DA:2145,0
DA:2146,0
DA:2147,0
DA:2148,0
DA:2151,1
DA:2152,1
DA:2153,1
DA:2154,1
DA:2155,1
DA:2156,1
DA:2158,1
DA:2159,1
DA:2160,0
DA:2161,0
DA:2162,0
DA:2163,0
DA:2166,1
DA:2167,1
DA:2168,1
DA:2183,1
DA:2184,1
DA:2185,13
DA:2188,1
DA:2189,1
DA:2190,1
DA:2195,1
DA:2200,1
DA:2201,1
DA:2202,1
DA:2203,1
DA:2204,1
DA:2205,1
DA:2206,1
DA:2207,1
DA:2208,1
DA:2209,1
DA:2210,1
DA:2211,1
DA:2212,1
DA:2213,1
DA:2214,1
DA:2216,1
DA:2217,7
DA:2220,1
DA:2221,1
DA:2222,1
DA:2223,13
DA:2224,13
DA:2225,13
DA:2226,13
DA:2231,13
DA:2232,13
DA:2240,1
DA:2241,1
DA:2242,0
DA:2258,0
DA:2259,0
DA:2261,0
DA:2262,0
DA:2263,0
DA:2264,0
DA:2272,0
DA:2275,1
DA:2290,1
DA:2291,1
DA:2292,1
DA:2293,13
DA:2300,1
DA:2305,1
DA:2306,1
DA:2321,2
DA:2327,2
DA:2328,2
DA:2335,1
DA:2338,1
DA:2339,1
LF:774
LH:570
BRDA:27,0,0,59
BRDA:27,0,1,108
BRDA:28,1,0,95
BRDA:28,1,1,13
BRDA:30,2,0,4
BRDA:30,2,1,9
BRDA:31,3,0,8
BRDA:31,3,1,1
BRDA:32,4,0,0
BRDA:32,4,1,1
BRDA:37,5,0,15
BRDA:37,5,1,0
BRDA:41,6,0,9
BRDA:41,6,1,0
BRDA:41,6,2,0
BRDA:45,7,0,2
BRDA:45,7,1,2
BRDA:55,8,0,0
BRDA:55,8,1,3
BRDA:56,9,0,0
BRDA:56,9,1,3
BRDA:58,10,0,0
BRDA:58,10,1,0
BRDA:69,11,0,0
BRDA:69,11,1,8
BRDA:71,12,0,0
BRDA:71,12,1,0
BRDA:76,13,0,8
BRDA:76,13,1,0
BRDA:76,13,2,0
BRDA:82,14,0,8
BRDA:82,14,1,8
BRDA:82,14,2,7
BRDA:84,15,0,0
BRDA:84,15,1,7
BRDA:84,16,0,7
BRDA:84,16,1,7
BRDA:85,17,0,0
BRDA:85,17,1,0
BRDA:89,18,0,0
BRDA:89,18,1,8
BRDA:90,19,0,8
BRDA:90,19,1,0
BRDA:90,19,2,0
BRDA:90,19,3,0
BRDA:99,20,0,0
BRDA:99,20,1,8
BRDA:99,21,0,8
BRDA:99,21,1,0
BRDA:100,22,0,0
BRDA:100,22,1,0
BRDA:100,23,0,0
BRDA:100,23,1,0
BRDA:116,24,0,0
BRDA:116,24,1,8
BRDA:117,25,0,0
BRDA:117,25,1,8
BRDA:118,26,0,8
BRDA:118,26,1,8
BRDA:118,26,2,8
BRDA:124,27,0,1
BRDA:124,27,1,7
BRDA:124,28,0,8
BRDA:124,28,1,7
BRDA:144,29,0,8
BRDA:144,29,1,8
BRDA:145,30,0,8
BRDA:145,30,1,8
BRDA:146,31,0,8
BRDA:146,31,1,8
BRDA:147,32,0,8
BRDA:147,32,1,7
BRDA:159,33,0,8
BRDA:159,33,1,8
BRDA:159,33,2,8
BRDA:161,34,0,0
BRDA:161,34,1,8
BRDA:164,35,0,8
BRDA:164,35,1,8
BRDA:164,35,2,8
BRDA:167,36,0,0
BRDA:167,36,1,8
BRDA:168,37,0,8
BRDA:168,37,1,8
BRDA:168,37,2,7
BRDA:168,37,3,7
BRDA:168,37,4,0
BRDA:168,37,5,0
BRDA:180,38,0,8
BRDA:180,38,1,8
BRDA:180,39,0,0
BRDA:180,39,1,8
BRDA:206,40,0,0
BRDA:206,40,1,0
BRDA:206,41,0,0
BRDA:206,41,1,0
BRDA:209,42,0,0
BRDA:209,42,1,0
BRDA:210,43,0,0
BRDA:210,43,1,0
BRDA:213,44,0,0
BRDA:213,44,1,0
BRDA:214,45,0,0
BRDA:214,45,1,0
BRDA:228,46,0,0
BRDA:228,46,1,29
BRDA:228,47,0,29
BRDA:228,47,1,29
BRDA:233,48,0,8
BRDA:233,48,1,0
BRDA:235,49,0,0
BRDA:235,49,1,8
BRDA:237,50,0,8
BRDA:237,50,1,0
BRDA:242,51,0,4
BRDA:242,51,1,0
BRDA:248,52,0,1
BRDA:248,52,1,3
BRDA:250,53,0,3
BRDA:250,53,1,0
BRDA:280,54,0,4
BRDA:280,54,1,4
BRDA:281,55,0,4
BRDA:281,55,1,1
BRDA:282,56,0,4
BRDA:282,56,1,0
BRDA:282,56,2,0
BRDA:284,57,0,4
BRDA:284,57,1,1
BRDA:284,57,2,1
BRDA:284,57,3,1
BRDA:292,58,0,4
BRDA:292,58,1,1
BRDA:292,58,2,1
BRDA:312,59,0,1
BRDA:312,59,1,3
BRDA:312,60,0,4
BRDA:312,60,1,4
BRDA:313,61,0,3
BRDA:313,61,1,1
BRDA:313,61,2,1
BRDA:319,62,0,3
BRDA:319,62,1,7
BRDA:321,63,0,7
BRDA:321,63,1,7
BRDA:321,63,2,6
BRDA:335,64,0,5
BRDA:335,64,1,3
BRDA:337,65,0,3
BRDA:337,65,1,2
BRDA:339,66,0,2
BRDA:339,66,1,1
BRDA:342,67,0,1
BRDA:342,67,1,0
BRDA:356,68,0,5
BRDA:356,68,1,3
BRDA:359,69,0,8
BRDA:359,69,1,1
BRDA:361,70,0,3
BRDA:361,70,1,5
BRDA:362,71,0,3
BRDA:362,71,1,3
BRDA:367,72,0,3
BRDA:367,72,1,5
BRDA:369,73,0,5
BRDA:369,73,1,5
BRDA:382,74,0,8
BRDA:382,74,1,7
BRDA:384,75,0,8
BRDA:384,75,1,8
BRDA:384,76,0,8
BRDA:384,76,1,8
BRDA:386,77,0,8
BRDA:386,77,1,8
BRDA:386,77,2,8
BRDA:389,78,0,8
BRDA:389,78,1,8
BRDA:389,78,2,8
BRDA:391,79,0,8
BRDA:391,79,1,8
BRDA:391,79,2,8
BRDA:391,79,3,8
BRDA:397,80,0,8
BRDA:397,80,1,8
BRDA:398,81,0,0
BRDA:398,81,1,8
BRDA:402,82,0,8
BRDA:402,82,1,8
BRDA:403,83,0,0
BRDA:403,83,1,8
BRDA:432,84,0,8
BRDA:432,84,1,7
BRDA:433,85,0,8
BRDA:433,85,1,8
BRDA:434,86,0,8
BRDA:434,86,1,8
BRDA:436,87,0,8
BRDA:436,87,1,7
BRDA:436,87,2,7
BRDA:437,88,0,8
BRDA:437,88,1,7
BRDA:439,89,0,8
BRDA:439,89,1,7
BRDA:440,90,0,8
BRDA:440,90,1,7
BRDA:445,91,0,8
BRDA:445,91,1,7
BRDA:464,92,0,0
BRDA:464,92,1,4
BRDA:464,93,0,4
BRDA:464,93,1,0
BRDA:464,94,0,0
BRDA:464,94,1,0
BRDA:467,95,0,4
BRDA:467,95,1,0
BRDA:468,96,0,1
BRDA:468,96,1,3
BRDA:468,97,0,4
BRDA:468,97,1,2
BRDA:471,98,0,0
BRDA:471,98,1,3
BRDA:471,99,0,3
BRDA:471,99,1,0
BRDA:471,99,2,0
BRDA:472,100,0,0
BRDA:472,100,1,3
BRDA:472,101,0,3
BRDA:472,101,1,0
BRDA:472,101,2,0
BRDA:478,102,0,10
BRDA:478,102,1,0
BRDA:479,103,0,16
BRDA:479,103,1,0
BRDA:480,104,0,0
BRDA:480,104,1,16
BRDA:482,105,0,16
BRDA:482,105,1,16
BRDA:483,106,0,0
BRDA:483,106,1,16
BRDA:488,107,0,10
BRDA:488,107,1,10
BRDA:494,108,0,0
BRDA:494,108,1,10
BRDA:494,109,0,10
BRDA:494,109,1,0
BRDA:494,109,2,0
BRDA:504,110,0,0
BRDA:504,110,1,16
BRDA:505,111,0,16
BRDA:505,111,1,0
BRDA:518,112,0,3
BRDA:518,112,1,0
BRDA:530,113,0,9
BRDA:530,113,1,0
BRDA:533,114,0,0
BRDA:533,114,1,14
BRDA:533,115,0,14
BRDA:533,115,1,14
BRDA:537,116,0,0
BRDA:537,116,1,9
BRDA:537,117,0,9
BRDA:537,117,1,0
BRDA:572,118,0,0
BRDA:572,118,1,9
BRDA:574,119,0,7
BRDA:574,119,1,2
BRDA:579,120,0,2
BRDA:579,120,1,0
BRDA:582,121,0,0
BRDA:582,121,1,2
BRDA:582,122,0,2
BRDA:582,122,1,2
BRDA:594,123,0,3
BRDA:594,123,1,0
BRDA:598,124,0,0
BRDA:598,124,1,0
BRDA:599,125,0,0
BRDA:599,125,1,0
BRDA:602,126,0,0
BRDA:602,126,1,0
BRDA:602,127,0,0
BRDA:602,127,1,0
BRDA:612,128,0,1
BRDA:612,128,1,2
BRDA:612,129,0,3
BRDA:612,129,1,3
BRDA:628,130,0,1
BRDA:628,130,1,1
BRDA:640,131,0,0
BRDA:640,131,1,1
BRDA:649,132,0,0
BRDA:649,132,1,1
BRDA:658,133,0,0
BRDA:658,133,1,1
BRDA:660,134,0,1
BRDA:660,134,1,0
BRDA:662,135,0,2
BRDA:662,135,1,0
BRDA:674,136,0,1
BRDA:674,136,1,1
BRDA:676,137,0,0
BRDA:676,137,1,1
BRDA:681,138,0,0
BRDA:681,138,1,1
BRDA:711,139,0,1
BRDA:711,139,1,1
BRDA:711,139,2,1
BRDA:714,140,0,1
BRDA:714,140,1,1
BRDA:716,141,0,1
BRDA:716,141,1,0
BRDA:718,142,0,1
BRDA:718,142,1,0
BRDA:718,142,2,0
BRDA:721,143,0,1
BRDA:721,143,1,1
BRDA:724,144,0,1
BRDA:724,144,1,1
BRDA:743,145,0,0
BRDA:743,145,1,1
BRDA:743,146,0,1
BRDA:743,146,1,1
BRDA:748,147,0,0
BRDA:748,147,1,1
BRDA:749,148,0,1
BRDA:749,148,1,0
BRDA:749,148,2,0
BRDA:763,149,0,0
BRDA:763,149,1,1
BRDA:763,150,0,1
BRDA:763,150,1,0
BRDA:767,151,0,1
BRDA:767,151,1,0
BRDA:768,152,0,0
BRDA:768,152,1,1
BRDA:782,153,0,0
BRDA:782,153,1,0
BRDA:788,154,0,0
BRDA:788,154,1,0
BRDA:788,155,0,0
BRDA:788,155,1,0
BRDA:792,156,0,0
BRDA:792,156,1,0
BRDA:793,157,0,0
BRDA:793,157,1,0
BRDA:796,158,0,0
BRDA:796,158,1,0
BRDA:797,159,0,0
BRDA:797,159,1,0
BRDA:830,160,0,1
BRDA:830,160,1,1
BRDA:830,161,0,2
BRDA:830,161,1,2
BRDA:841,162,0,0
BRDA:841,162,1,0
BRDA:852,163,0,1
BRDA:852,163,1,3
BRDA:857,164,0,0
BRDA:857,164,1,3
BRDA:867,165,0,0
BRDA:867,165,1,3
BRDA:876,166,0,1
BRDA:876,166,1,2
BRDA:882,167,0,0
BRDA:882,167,1,2
BRDA:890,168,0,2
BRDA:890,168,1,0
BRDA:946,169,0,0
BRDA:946,169,1,0
BRDA:947,170,0,0
BRDA:947,170,1,0
BRDA:948,171,0,0
BRDA:948,171,1,0
BRDA:962,172,0,0
BRDA:962,172,1,2
BRDA:965,173,0,2
BRDA:965,173,1,2
BRDA:967,174,0,2
BRDA:967,174,1,2
BRDA:973,175,0,2
BRDA:973,175,1,0
BRDA:1008,176,0,0
BRDA:1008,176,1,0
BRDA:1010,177,0,0
BRDA:1010,177,1,0
BRDA:1013,178,0,0
BRDA:1013,178,1,0
BRDA:1027,179,0,0
BRDA:1027,179,1,0
BRDA:1029,180,0,0
BRDA:1029,180,1,0
BRDA:1038,181,0,0
BRDA:1038,181,1,0
BRDA:1041,182,0,0
BRDA:1041,182,1,0
BRDA:1041,183,0,0
BRDA:1041,183,1,0
BRDA:1044,184,0,0
BRDA:1044,184,1,0
BRDA:1044,185,0,0
BRDA:1044,185,1,0
BRDA:1063,186,0,0
BRDA:1063,186,1,0
BRDA:1067,187,0,0
BRDA:1067,187,1,0
BRDA:1075,188,0,0
BRDA:1075,188,1,0
BRDA:1082,189,0,0
BRDA:1082,189,1,0
BRDA:1084,190,0,0
BRDA:1084,190,1,0
BRDA:1084,190,2,0
BRDA:1084,190,3,0
BRDA:1086,191,0,0
BRDA:1086,191,1,0
BRDA:1089,192,0,0
BRDA:1089,192,1,0
BRDA:1089,192,2,0
BRDA:1093,193,0,0
BRDA:1093,193,1,0
BRDA:1099,194,0,0
BRDA:1099,194,1,0
BRDA:1100,195,0,0
BRDA:1100,195,1,0
BRDA:1101,196,0,0
BRDA:1101,196,1,0
BRDA:1103,197,0,0
BRDA:1103,197,1,0
BRDA:1104,198,0,0
BRDA:1104,198,1,0
BRDA:1132,199,0,0
BRDA:1132,199,1,1
BRDA:1135,200,0,0
BRDA:1135,200,1,1
BRDA:1151,201,0,0
BRDA:1151,201,1,1
BRDA:1152,202,0,0
BRDA:1152,202,1,1
BRDA:1154,203,0,1
BRDA:1154,203,1,0
BRDA:1155,204,0,1
BRDA:1155,204,1,1
BRDA:1158,205,0,1
BRDA:1158,205,1,1
BRDA:1158,205,2,0
BRDA:1160,206,0,1
BRDA:1160,206,1,0
BRDA:1161,207,0,1
BRDA:1161,207,1,1
BRDA:1165,208,0,1
BRDA:1165,208,1,1
BRDA:1165,208,2,1
BRDA:1166,209,0,1
BRDA:1166,209,1,0
BRDA:1168,210,0,0
BRDA:1168,210,1,0
BRDA:1170,211,0,0
BRDA:1170,211,1,0
BRDA:1193,212,0,1
BRDA:1193,212,1,0
BRDA:1218,213,0,4
BRDA:1218,213,1,0
BRDA:1220,214,0,1
BRDA:1220,214,1,3
BRDA:1223,215,0,0
BRDA:1223,215,1,3
BRDA:1239,216,0,0
BRDA:1239,216,1,1
BRDA:1242,217,0,1
BRDA:1242,217,1,1
BRDA:1268,218,0,1
BRDA:1268,218,1,1
BRDA:1270,219,0,0
BRDA:1270,219,1,1
BRDA:1277,220,0,1
BRDA:1277,220,1,0
BRDA:1287,221,0,1
BRDA:1287,221,1,0
BRDA:1307,222,0,0
BRDA:1307,222,1,4
BRDA:1312,223,0,0
BRDA:1312,223,1,3
BRDA:1320,224,0,2
BRDA:1320,224,1,2
BRDA:1329,225,0,1
BRDA:1329,225,1,1
BRDA:1338,226,0,1
BRDA:1338,226,1,0
BRDA:1357,227,0,0
BRDA:1357,227,1,2
BRDA:1388,228,0,0
BRDA:1388,228,1,2
BRDA:1389,229,0,0
BRDA:1389,229,1,2
BRDA:1390,230,0,0
BRDA:1390,230,1,2
BRDA:1429,231,0,0
BRDA:1429,231,1,1
BRDA:1444,232,0,1
BRDA:1444,232,1,1
BRDA:1445,233,0,0
BRDA:1445,233,1,1
BRDA:1445,234,0,1
BRDA:1445,234,1,0
BRDA:1450,235,0,1
BRDA:1450,235,1,0
BRDA:1451,236,0,1
BRDA:1451,236,1,0
BRDA:1462,237,0,0
BRDA:1462,237,1,1
BRDA:1469,238,0,1
BRDA:1469,238,1,0
BRDA:1470,239,0,1
BRDA:1470,239,1,1
BRDA:1519,240,0,1
BRDA:1519,240,1,0
BRDA:1526,241,0,0
BRDA:1526,241,1,0
BRDA:1532,242,0,0
BRDA:1532,242,1,0
BRDA:1539,243,0,0
BRDA:1539,243,1,1
BRDA:1541,244,0,1
BRDA:1541,244,1,0
BRDA:1549,245,0,0
BRDA:1549,245,1,1
BRDA:1552,246,0,1
BRDA:1552,246,1,1
BRDA:1552,246,2,0
BRDA:1560,247,0,0
BRDA:1560,247,1,1
BRDA:1566,248,0,0
BRDA:1566,248,1,1
BRDA:1568,249,0,1
BRDA:1568,249,1,0
BRDA:1574,250,0,0
BRDA:1574,250,1,1
BRDA:1598,251,0,0
BRDA:1598,251,1,2
BRDA:1602,252,0,2
BRDA:1602,252,1,0
BRDA:1624,253,0,0
BRDA:1624,253,1,0
BRDA:1626,254,0,0
BRDA:1626,254,1,0
BRDA:1627,255,0,0
BRDA:1627,255,1,0
BRDA:1663,256,0,0
BRDA:1663,256,1,1
BRDA:1667,257,0,0
BRDA:1667,257,1,1
BRDA:1688,258,0,1
BRDA:1688,258,1,0
BRDA:1715,259,0,0
BRDA:1715,259,1,0
BRDA:1720,260,0,0
BRDA:1720,260,1,0
BRDA:1734,261,0,0
BRDA:1734,261,1,0
BRDA:1741,262,0,0
BRDA:1741,262,1,0
BRDA:1744,263,0,0
BRDA:1744,263,1,0
BRDA:1746,264,0,0
BRDA:1746,264,1,0
BRDA:1751,265,0,0
BRDA:1751,265,1,0
BRDA:1756,266,0,0
BRDA:1756,266,1,0
BRDA:1759,267,0,0
BRDA:1759,267,1,0
BRDA:1764,268,0,0
BRDA:1764,268,1,0
BRDA:1768,269,0,0
BRDA:1768,269,1,0
BRDA:1769,270,0,0
BRDA:1769,270,1,0
BRDA:1769,270,2,0
BRDA:1770,271,0,0
BRDA:1770,271,1,0
BRDA:1803,272,0,1
BRDA:1803,272,1,0
BRDA:1806,273,0,0
BRDA:1806,273,1,0
BRDA:1809,274,0,0
BRDA:1809,274,1,0
BRDA:1826,275,0,1
BRDA:1826,275,1,0
BRDA:1827,276,0,1
BRDA:1827,276,1,0
BRDA:1839,277,0,1
BRDA:1839,277,1,0
BRDA:1845,278,0,1
BRDA:1845,278,1,0
BRDA:1846,279,0,1
BRDA:1846,279,1,1
BRDA:1846,279,2,1
BRDA:1849,280,0,0
BRDA:1849,280,1,1
BRDA:1878,281,0,1
BRDA:1878,281,1,0
BRDA:1887,282,0,1
BRDA:1887,282,1,1
BRDA:1888,283,0,1
BRDA:1888,283,1,1
BRDA:1892,284,0,1
BRDA:1892,284,1,0
BRDA:1893,285,0,1
BRDA:1893,285,1,0
BRDA:1894,286,0,1
BRDA:1894,286,1,0
BRDA:1895,287,0,1
BRDA:1895,287,1,0
BRDA:1896,288,0,1
BRDA:1896,288,1,0
BRDA:1898,289,0,0
BRDA:1898,289,1,1
BRDA:1902,290,0,1
BRDA:1902,290,1,0
BRDA:1905,291,0,0
BRDA:1905,291,1,0
BRDA:1908,292,0,0
BRDA:1908,292,1,0
BRDA:1916,293,0,1
BRDA:1916,293,1,1
BRDA:1916,294,0,1
BRDA:1916,294,1,0
BRDA:1930,295,0,0
BRDA:1939,296,0,2
BRDA:1939,296,1,0
BRDA:1941,297,0,0
BRDA:1941,297,1,2
BRDA:1943,298,0,0
BRDA:1943,298,1,2
BRDA:1957,299,0,2
BRDA:1957,299,1,2
BRDA:1958,300,0,2
BRDA:1958,300,1,2
BRDA:1959,301,0,2
BRDA:1959,301,1,2
BRDA:1960,302,0,2
BRDA:1960,302,1,2
BRDA:1961,303,0,2
BRDA:1961,303,1,1
BRDA:1963,304,0,0
BRDA:1963,304,1,0
BRDA:1983,305,0,1
BRDA:1983,305,1,1
BRDA:1997,306,0,0
BRDA:1997,306,1,0
BRDA:1998,307,0,0
BRDA:1998,307,1,0
BRDA:1999,308,0,0
BRDA:1999,308,1,0
BRDA:2000,309,0,0
BRDA:2000,309,1,0
BRDA:2001,310,0,0
BRDA:2001,310,1,0
BRDA:2002,311,0,0
BRDA:2002,311,1,0
BRDA:2003,312,0,0
BRDA:2003,312,1,0
BRDA:2004,313,0,0
BRDA:2004,313,1,0
BRDA:2005,314,0,0
BRDA:2005,314,1,0
BRDA:2006,315,0,0
BRDA:2006,315,1,0
BRDA:2007,316,0,0
BRDA:2007,316,1,0
BRDA:2008,317,0,0
BRDA:2008,317,1,0
BRDA:2009,318,0,0
BRDA:2009,318,1,0
BRDA:2038,319,0,0
BRDA:2038,319,1,0
BRDA:2039,320,0,0
BRDA:2039,320,1,0
BRDA:2039,321,0,0
BRDA:2039,321,1,0
BRDA:2047,322,0,0
BRDA:2047,322,1,0
BRDA:2048,323,0,0
BRDA:2048,323,1,0
BRDA:2048,324,0,0
BRDA:2048,324,1,0
BRDA:2056,325,0,0
BRDA:2056,325,1,0
BRDA:2057,326,0,0
BRDA:2057,326,1,0
BRDA:2057,327,0,0
BRDA:2057,327,1,0
BRDA:2243,328,0,0
BRDA:2243,328,1,0
BRDA:2244,329,0,0
BRDA:2244,329,1,0
BRDA:2245,330,0,0
BRDA:2245,330,1,0
BRDA:2246,331,0,0
BRDA:2246,331,1,0
BRDA:2247,332,0,0
BRDA:2247,332,1,0
BRDA:2248,333,0,0
BRDA:2248,333,1,0
BRDA:2249,334,0,0
BRDA:2249,334,1,0
BRDA:2250,335,0,0
BRDA:2250,335,1,0
BRDA:2251,336,0,0
BRDA:2251,336,1,0
BRDA:2252,337,0,0
BRDA:2252,337,1,0
BRDA:2253,338,0,0
BRDA:2253,338,1,0
BRDA:2254,339,0,0
BRDA:2254,339,1,0
BRDA:2255,340,0,0
BRDA:2255,340,1,0
BRDA:2262,341,0,0
BRDA:2262,341,1,0
BRDA:2322,342,0,0
BRDA:2322,342,1,2
BRDA:2323,343,0,0
BRDA:2323,343,1,2
BRDA:2324,344,0,1
BRDA:2324,344,1,1
BRDA:2327,345,0,1
BRDA:2327,345,1,1
BRDA:2335,346,0,0
BRDA:2335,346,1,1
BRDA:2338,347,0,0
BRDA:2338,347,1,1
BRDA:19,348,0,6
BRDA:19,348,1,0
BRDA:19,349,0,6
BRDA:19,349,1,6
BRDA:19,350,0,6
BRDA:19,350,1,0
BRDA:19,351,0,6
BRDA:19,351,1,6
BRDA:20,352,0,6
BRDA:20,352,1,0
BRDA:20,353,0,6
BRDA:20,353,1,6
BRDA:21,354,0,6
BRDA:21,354,1,0
BRDA:21,355,0,6
BRDA:21,355,1,6
BRF:748
BRH:367
end_of_record
TN:
SF:src\finance\dto\create-spending.dto.ts
FN:26,(anonymous_2)
FN:48,(anonymous_3)
FN:51,(anonymous_4)
FN:54,(anonymous_5)
FN:71,(anonymous_6)
FNF:5
FNH:0
FNDA:0,(anonymous_2)
FNDA:0,(anonymous_3)
FNDA:0,(anonymous_4)
FNDA:0,(anonymous_5)
FNDA:0,(anonymous_6)
DA:1,5
DA:2,5
DA:18,5
DA:22,5
DA:25,5
DA:26,0
DA:29,5
DA:33,5
DA:38,5
DA:42,5
DA:46,5
DA:48,0
DA:51,0
DA:52,5
DA:54,0
DA:57,5
DA:61,5
DA:65,5
DA:69,5
DA:71,0
DA:74,5
DA:79,5
LF:22
LH:17
BRF:0
BRH:0
end_of_record
TN:
SF:src\finance\schemas\finance.schema.ts
FNF:0
FNH:0
DA:1,21
DA:2,21
DA:3,21
DA:4,21
DA:9,21
DA:11,21
DA:15,21
DA:18,21
DA:21,21
DA:24,21
DA:27,21
DA:29,21
DA:32,21
DA:35,21
DA:38,21
DA:41,21
DA:44,21
DA:47,21
DA:50,21
DA:53,21
DA:56,21
DA:59,21
DA:66,21
DA:69,21
DA:72,21
DA:75,21
DA:77,21
DA:80,21
DA:83,21
DA:86,21
LF:30
LH:30
BRDA:11,0,0,21
BRDA:11,0,1,0
BRDA:11,1,0,21
BRDA:11,1,1,21
BRDA:21,2,0,21
BRDA:21,2,1,0
BRDA:21,3,0,21
BRDA:21,3,1,21
BRDA:44,4,0,21
BRDA:44,4,1,0
BRDA:44,5,0,21
BRDA:44,5,1,21
BRDA:47,6,0,21
BRDA:47,6,1,0
BRDA:47,7,0,21
BRDA:47,7,1,21
BRDA:50,8,0,21
BRDA:50,8,1,0
BRDA:50,9,0,21
BRDA:50,9,1,21
BRDA:69,10,0,21
BRDA:69,10,1,0
BRDA:69,11,0,21
BRDA:69,11,1,21
BRDA:80,12,0,21
BRDA:80,12,1,0
BRDA:80,13,0,21
BRDA:80,13,1,21
BRF:28
BRH:21
end_of_record
TN:
SF:src\investments\investments.controller.ts
FN:15,(anonymous_4)
FN:18,(anonymous_5)
FN:23,(anonymous_6)
FN:28,(anonymous_7)
FN:33,(anonymous_8)
FN:50,(anonymous_9)
FN:61,(anonymous_10)
FNF:7
FNH:0
FNDA:0,(anonymous_4)
FNDA:0,(anonymous_5)
FNDA:0,(anonymous_6)
FNDA:0,(anonymous_7)
FNDA:0,(anonymous_8)
FNDA:0,(anonymous_9)
FNDA:0,(anonymous_10)
DA:1,4
DA:3,4
DA:4,4
DA:14,4
DA:15,0
DA:18,4
DA:19,0
DA:23,4
DA:24,0
DA:28,4
DA:29,0
DA:33,4
DA:38,0
DA:50,4
DA:54,0
DA:61,4
DA:62,0
LF:17
LH:10
BRDA:18,0,0,0
BRDA:18,0,1,4
BRDA:18,1,0,4
BRDA:18,1,1,0
BRDA:23,2,0,0
BRDA:23,2,1,4
BRDA:23,3,0,4
BRDA:23,3,1,0
BRDA:28,4,0,0
BRDA:28,4,1,4
BRDA:28,5,0,4
BRDA:28,5,1,0
BRDA:34,6,0,0
BRDA:34,6,1,4
BRDA:34,7,0,4
BRDA:34,7,1,0
BRDA:51,8,0,0
BRDA:51,8,1,4
BRDA:51,9,0,4
BRDA:51,9,1,0
BRDA:61,10,0,0
BRDA:61,10,1,4
BRDA:61,11,0,4
BRDA:61,11,1,0
BRDA:15,12,0,4
BRDA:15,12,1,0
BRDA:15,13,0,4
BRDA:15,13,1,4
BRF:28
BRH:15
end_of_record
TN:
SF:src\investments\investments.module.ts
FNF:0
FNH:0
DA:1,4
DA:2,4
DA:3,4
DA:4,4
DA:5,4
DA:6,4
DA:17,4
LF:7
LH:7
BRF:0
BRH:0
end_of_record
TN:
SF:src\investments\investments.service.ts
FN:8,(anonymous_4)
FN:13,(anonymous_5)
FN:31,(anonymous_6)
FN:33,(anonymous_7)
FN:61,(anonymous_8)
FN:70,(anonymous_9)
FN:71,(anonymous_10)
FN:77,(anonymous_11)
FN:90,(anonymous_12)
FN:127,(anonymous_13)
FN:135,(anonymous_14)
FN:171,(anonymous_15)
FN:177,(anonymous_16)
FN:183,(anonymous_17)
FN:203,(anonymous_18)
FN:218,(anonymous_19)
FN:230,(anonymous_20)
FN:240,(anonymous_21)
FN:242,(anonymous_22)
FN:263,(anonymous_23)
FN:270,(anonymous_24)
FN:273,(anonymous_25)
FN:279,(anonymous_26)
FN:292,(anonymous_27)
FN:329,(anonymous_28)
FNF:25
FNH:25
FNDA:84,(anonymous_4)
FNDA:23,(anonymous_5)
FNDA:14,(anonymous_6)
FNDA:14,(anonymous_7)
FNDA:100,(anonymous_8)
FNDA:400,(anonymous_9)
FNDA:400,(anonymous_10)
FNDA:403,(anonymous_11)
FNDA:402,(anonymous_12)
FNDA:100,(anonymous_13)
FNDA:100,(anonymous_14)
FNDA:500,(anonymous_15)
FNDA:51,(anonymous_16)
FNDA:50,(anonymous_17)
FNDA:25,(anonymous_18)
FNDA:25,(anonymous_19)
FNDA:1,(anonymous_20)
FNDA:2,(anonymous_21)
FNDA:2,(anonymous_22)
FNDA:1,(anonymous_23)
FNDA:1,(anonymous_24)
FNDA:3,(anonymous_25)
FNDA:2,(anonymous_26)
FNDA:2,(anonymous_27)
FNDA:2,(anonymous_28)
DA:1,5
DA:2,5
DA:3,5
DA:4,5
DA:7,5
DA:10,84
DA:14,23
DA:15,23
DA:16,23
DA:17,10
DA:19,9
DA:20,9
DA:21,9
DA:22,8
DA:23,8
DA:25,7
DA:26,7
DA:27,7
DA:28,7
DA:32,14
DA:33,14
DA:35,14
DA:37,14
DA:38,14
DA:39,14
DA:40,14
DA:42,14
DA:62,100
DA:71,400
DA:72,400
DA:73,400
DA:83,403
DA:103,402
DA:106,402
DA:110,402
DA:128,100
DA:129,100
DA:130,100
DA:131,100
DA:132,100
DA:133,100
DA:135,100
DA:136,100
DA:138,100
DA:139,200
DA:140,800
DA:142,800
DA:144,400
DA:149,400
DA:151,400
DA:157,400
DA:170,100
DA:172,500
DA:182,51
DA:183,51
DA:184,51
DA:185,1
DA:188,50
DA:189,50
DA:191,50
DA:192,25
DA:203,25
DA:209,25
DA:217,25
DA:218,25
DA:220,25
DA:222,25
DA:231,1
DA:237,1
DA:238,1
DA:240,1
DA:241,2
DA:242,2
DA:244,2
DA:245,2
DA:246,2
DA:248,2
DA:249,2
DA:250,2
DA:254,1
DA:264,1
DA:270,1
DA:274,3
DA:276,3
DA:278,2
DA:279,2
DA:281,2
DA:282,1
DA:284,1
DA:293,2
DA:294,2
DA:296,2
DA:297,1
DA:308,1
DA:309,1
DA:310,1
DA:311,1
DA:315,1
DA:316,1
DA:318,1
DA:329,2
DA:334,1
LF:102
LH:102
BRDA:14,0,0,11
BRDA:14,0,1,12
BRDA:15,1,0,23
BRDA:15,1,1,13
BRDA:16,2,0,13
BRDA:16,2,1,10
BRDA:16,3,0,23
BRDA:16,3,1,11
BRDA:17,4,0,1
BRDA:17,4,1,9
BRDA:21,5,0,1
BRDA:21,5,1,8
BRDA:23,6,0,1
BRDA:23,6,1,7
BRDA:23,7,0,8
BRDA:23,7,1,8
BRDA:25,8,0,3
BRDA:25,8,1,4
BRDA:35,9,0,14
BRDA:35,9,1,2
BRDA:37,10,0,13
BRDA:37,10,1,1
BRDA:38,11,0,14
BRDA:38,11,1,12
BRDA:50,12,0,12
BRDA:50,12,1,2
BRDA:53,13,0,13
BRDA:53,13,1,1
BRDA:84,14,0,403
BRDA:84,14,1,1
BRDA:84,14,2,1
BRDA:103,15,0,1
BRDA:103,15,1,401
BRDA:104,16,0,1
BRDA:104,16,1,0
BRDA:106,17,0,1
BRDA:106,17,1,401
BRDA:107,18,0,1
BRDA:107,18,1,0
BRDA:115,19,0,1
BRDA:115,19,1,401
BRDA:121,20,0,1
BRDA:121,20,1,401
BRDA:142,21,0,400
BRDA:142,21,1,400
BRDA:149,22,0,0
BRDA:149,22,1,400
BRDA:180,23,0,1
BRDA:184,24,0,1
BRDA:184,24,1,50
BRDA:189,25,0,50
BRDA:189,25,1,0
BRDA:191,26,0,25
BRDA:191,26,1,25
BRDA:196,27,0,25
BRDA:196,27,1,0
BRDA:197,28,0,25
BRDA:197,28,1,25
BRDA:198,29,0,25
BRDA:198,29,1,25
BRDA:199,30,0,25
BRDA:199,30,1,0
BRDA:202,31,0,25
BRDA:202,31,1,0
BRDA:217,32,0,25
BRDA:217,32,1,0
BRDA:220,33,0,25
BRDA:220,33,1,0
BRDA:220,34,0,25
BRDA:220,34,1,25
BRDA:220,35,0,25
BRDA:220,35,1,25
BRDA:220,36,0,25
BRDA:220,36,1,0
BRDA:244,37,0,2
BRDA:244,37,1,0
BRDA:244,38,0,2
BRDA:244,38,1,2
BRDA:248,39,0,2
BRDA:248,39,1,0
BRDA:258,40,0,1
BRDA:258,40,1,0
BRDA:276,41,0,1
BRDA:276,41,1,2
BRDA:281,42,0,1
BRDA:281,42,1,1
BRDA:292,43,0,1
BRDA:296,44,0,1
BRDA:296,44,1,1
BRDA:323,45,0,0
BRDA:323,45,1,1
BRDA:324,46,0,0
BRDA:324,46,1,1
BRDA:325,47,0,0
BRDA:325,47,1,1
BRDA:331,48,0,2
BRDA:331,48,1,0
BRDA:338,49,0,0
BRDA:338,49,1,1
BRDA:10,50,0,5
BRDA:10,50,1,0
BRDA:10,51,0,5
BRDA:10,51,1,5
BRF:103
BRH:84
end_of_record
TN:
SF:src\legal\legal.controller.ts
FN:6,(anonymous_2)
FN:9,(anonymous_3)
FN:14,(anonymous_4)
FNF:3
FNH:3
FNDA:2,(anonymous_2)
FNDA:1,(anonymous_3)
FNDA:1,(anonymous_4)
DA:1,5
DA:2,5
DA:5,5
DA:6,2
DA:9,5
DA:10,1
DA:14,5
DA:15,1
LF:8
LH:8
BRDA:6,0,0,5
BRDA:6,0,1,0
BRDA:6,1,0,5
BRDA:6,1,1,5
BRF:4
BRH:3
end_of_record
TN:
SF:src\legal\legal.module.ts
FNF:0
FNH:0
DA:1,4
DA:2,4
DA:3,4
DA:9,4
LF:4
LH:4
BRF:0
BRH:0
end_of_record
TN:
SF:src\legal\legal.service.ts
FN:5,(anonymous_1)
FN:16,(anonymous_2)
FNF:2
FNH:2
FNDA:1,(anonymous_1)
FNDA:1,(anonymous_2)
DA:1,6
DA:4,6
DA:6,1
DA:17,1
LF:4
LH:4
BRF:0
BRH:0
end_of_record
TN:
SF:src\modifications\modifications.controller.ts
FN:18,(anonymous_4)
FN:21,(anonymous_5)
FN:27,(anonymous_6)
FN:44,(anonymous_7)
FN:56,(anonymous_8)
FN:71,(anonymous_9)
FNF:6
FNH:3
FNDA:3,(anonymous_4)
FNDA:1,(anonymous_5)
FNDA:0,(anonymous_6)
FNDA:1,(anonymous_7)
FNDA:0,(anonymous_8)
FNDA:0,(anonymous_9)
DA:1,5
DA:11,5
DA:12,5
DA:13,5
DA:17,5
DA:18,3
DA:21,5
DA:22,1
DA:27,5
DA:33,0
DA:44,5
DA:45,1
DA:56,5
DA:61,0
DA:71,5
DA:72,0
LF:16
LH:13
BRDA:18,0,0,5
BRDA:18,0,1,0
BRDA:18,1,0,5
BRDA:18,1,1,5
BRF:4
BRH:3
end_of_record
TN:
SF:src\modifications\modifications.module.ts
FNF:0
FNH:0
DA:1,4
DA:2,4
DA:3,4
DA:4,4
DA:5,4
DA:9,4
DA:10,4
DA:23,4
LF:8
LH:8
BRF:0
BRH:0
end_of_record
TN:
SF:src\modifications\modifications.service.ts
FN:17,(anonymous_4)
FN:24,(anonymous_5)
FN:32,(anonymous_6)
FN:38,(anonymous_7)
FN:42,(anonymous_8)
FN:45,(anonymous_9)
FN:48,(anonymous_10)
FN:61,(anonymous_11)
FN:82,(anonymous_12)
FN:100,(anonymous_13)
FN:122,(anonymous_14)
FN:152,(anonymous_15)
FN:157,(anonymous_16)
FN:215,(anonymous_17)
FN:231,(anonymous_18)
FN:244,(anonymous_19)
FNF:16
FNH:16
FNDA:13,(anonymous_4)
FNDA:35,(anonymous_5)
FNDA:13,(anonymous_6)
FNDA:6,(anonymous_7)
FNDA:6,(anonymous_8)
FNDA:6,(anonymous_9)
FNDA:11,(anonymous_10)
FNDA:7,(anonymous_11)
FNDA:2,(anonymous_12)
FNDA:2,(anonymous_13)
FNDA:5,(anonymous_14)
FNDA:8,(anonymous_15)
FNDA:8,(anonymous_16)
FNDA:3,(anonymous_17)
FNDA:1,(anonymous_18)
FNDA:2,(anonymous_19)
DA:1,7
DA:6,7
DA:7,7
DA:8,7
DA:12,7
DA:13,7
DA:16,7
DA:19,13
DA:20,13
DA:21,13
DA:25,35
DA:26,26
DA:27,14
DA:28,1
DA:29,1
DA:33,13
DA:34,9
DA:35,0
DA:39,6
DA:40,6
DA:41,6
DA:42,6
DA:44,6
DA:45,6
DA:47,6
DA:48,11
DA:50,6
DA:51,6
DA:53,6
DA:62,7
DA:63,7
DA:64,7
DA:65,7
DA:66,7
DA:68,7
DA:83,2
DA:86,2
DA:88,1
DA:96,1
DA:99,1
DA:100,2
DA:103,1
DA:104,2
DA:105,2
DA:106,1
DA:115,1
DA:119,1
DA:129,5
DA:130,5
DA:133,5
DA:134,1
DA:138,4
DA:139,0
DA:144,4
DA:148,4
DA:151,4
DA:152,8
DA:154,4
DA:156,4
DA:157,8
DA:161,4
DA:165,4
DA:166,1
DA:168,3
DA:170,3
DA:171,1
DA:172,1
DA:173,1
DA:174,1
DA:175,1
DA:180,1
DA:181,1
DA:185,1
DA:188,2
DA:189,2
DA:190,2
DA:192,2
DA:198,2
DA:199,2
DA:200,3
DA:203,2
DA:204,1
DA:207,2
DA:208,2
DA:212,2
DA:216,3
DA:218,1
DA:219,1
DA:220,1
DA:222,1
DA:226,1
DA:231,1
DA:235,2
DA:239,1
DA:244,2
DA:248,1
LF:96
LH:94
BRDA:25,0,0,9
BRDA:25,0,1,26
BRDA:26,1,0,12
BRDA:26,1,1,14
BRDA:27,2,0,13
BRDA:27,2,1,1
BRDA:28,3,0,0
BRDA:28,3,1,1
BRDA:33,4,0,4
BRDA:33,4,1,9
BRDA:34,5,0,9
BRDA:34,5,1,0
BRDA:47,6,0,6
BRDA:47,6,1,1
BRDA:50,7,0,6
BRDA:50,7,1,1
BRDA:62,8,0,4
BRDA:62,8,1,3
BRDA:66,9,0,7
BRDA:66,9,1,7
BRDA:66,9,2,3
BRDA:71,10,0,7
BRDA:71,10,1,6
BRDA:72,11,0,7
BRDA:72,11,1,6
BRDA:73,12,0,7
BRDA:73,12,1,7
BRDA:75,13,0,7
BRDA:75,13,1,3
BRDA:78,14,0,5
BRDA:78,14,1,2
BRDA:84,15,0,2
BRDA:84,15,1,0
BRDA:86,16,0,1
BRDA:86,16,1,1
BRDA:99,17,0,1
BRDA:99,17,1,0
BRDA:105,18,0,1
BRDA:105,18,1,1
BRDA:105,19,0,2
BRDA:105,19,1,2
BRDA:109,20,0,1
BRDA:109,20,1,0
BRDA:130,21,0,0
BRDA:130,21,1,5
BRDA:133,22,0,1
BRDA:133,22,1,4
BRDA:138,23,0,0
BRDA:138,23,1,4
BRDA:148,24,0,0
BRDA:148,24,1,4
BRDA:151,25,0,4
BRDA:151,25,1,0
BRDA:162,26,0,4
BRDA:162,26,1,0
BRDA:165,27,0,1
BRDA:165,27,1,3
BRDA:165,28,0,4
BRDA:165,28,1,2
BRDA:168,29,0,0
BRDA:168,29,1,3
BRDA:170,30,0,1
BRDA:170,30,1,2
BRDA:174,31,0,1
BRDA:174,31,1,0
BRDA:174,32,0,1
BRDA:174,32,1,0
BRDA:200,33,0,3
BRDA:200,33,1,0
BRDA:203,34,0,1
BRDA:203,34,1,1
BRDA:216,35,0,1
BRDA:216,35,1,2
BRDA:218,36,0,1
BRDA:218,36,1,0
BRDA:220,37,0,0
BRDA:220,37,1,1
BRDA:235,38,0,1
BRDA:235,38,1,1
BRDA:236,39,0,2
BRDA:236,39,1,2
BRDA:237,40,0,2
BRDA:237,40,1,0
BRDA:19,41,0,7
BRDA:19,41,1,0
BRDA:19,42,0,7
BRDA:19,42,1,7
BRDA:19,43,0,7
BRDA:19,43,1,0
BRDA:19,44,0,7
BRDA:19,44,1,7
BRDA:20,45,0,7
BRDA:20,45,1,0
BRDA:20,46,0,7
BRDA:20,46,1,7
BRF:95
BRH:75
end_of_record
TN:
SF:src\modifications\dto\create-modification.dto.ts
FNF:0
FNH:0
DA:1,0
LF:1
LH:0
BRF:0
BRH:0
end_of_record
TN:
SF:src\modifications\dto\update-modification.dto.ts
FNF:0
FNH:0
DA:1,0
DA:2,0
DA:4,0
LF:3
LH:0
BRF:0
BRH:0
end_of_record
TN:
SF:src\modifications\entities\modification.entity.ts
FNF:0
FNH:0
DA:1,0
LF:1
LH:0
BRF:0
BRH:0
end_of_record
TN:
SF:src\modifications\schemas\modification-request.schema.ts
FNF:0
FNH:0
DA:1,15
DA:2,15
DA:3,15
DA:4,15
DA:9,15
DA:11,15
DA:14,15
DA:17,15
DA:20,15
DA:23,15
DA:25,15
DA:28,15
DA:31,15
DA:34,15
DA:37,15
DA:40,15
DA:47,15
DA:50,15
DA:53,15
DA:56,15
DA:59,15
DA:62,15
LF:22
LH:22
BRDA:11,0,0,15
BRDA:11,0,1,0
BRDA:11,1,0,15
BRDA:11,1,1,15
BRDA:17,2,0,15
BRDA:17,2,1,0
BRDA:17,3,0,15
BRDA:17,3,1,15
BRDA:25,4,0,15
BRDA:25,4,1,0
BRDA:25,5,0,15
BRDA:25,5,1,15
BRDA:40,6,0,15
BRDA:40,6,1,0
BRDA:40,7,0,15
BRDA:40,7,1,15
BRDA:50,8,0,15
BRDA:50,8,1,0
BRDA:50,9,0,15
BRDA:50,9,1,15
BRDA:53,10,0,15
BRDA:53,10,1,0
BRDA:53,11,0,15
BRDA:53,11,1,15
BRDA:59,12,0,15
BRDA:59,12,1,0
BRDA:59,13,0,15
BRDA:59,13,1,15
BRF:28
BRH:21
end_of_record
TN:
SF:src\notifications\notifications.controller.ts
FN:16,(anonymous_4)
FN:19,(anonymous_5)
FN:24,(anonymous_6)
FN:29,(anonymous_7)
FN:34,(anonymous_8)
FNF:5
FNH:5
FNDA:5,(anonymous_4)
FNDA:1,(anonymous_5)
FNDA:1,(anonymous_6)
FNDA:1,(anonymous_7)
FNDA:1,(anonymous_8)
DA:1,5
DA:10,5
DA:11,5
DA:15,5
DA:16,5
DA:19,5
DA:20,1
DA:24,5
DA:25,1
DA:29,5
DA:30,1
DA:34,5
DA:35,1
LF:13
LH:13
BRDA:16,0,0,5
BRDA:16,0,1,0
BRDA:16,1,0,5
BRDA:16,1,1,5
BRF:4
BRH:3
end_of_record
TN:
SF:src\notifications\notifications.module.ts
FNF:0
FNH:0
DA:1,4
DA:2,4
DA:3,4
DA:4,4
DA:5,4
DA:9,4
DA:22,4
LF:7
LH:7
BRF:0
BRH:0
end_of_record
TN:
SF:src\notifications\notifications.service.ts
FN:14,(anonymous_4)
FN:21,(anonymous_5)
FN:28,(anonymous_6)
FN:77,(anonymous_7)
FN:108,(anonymous_8)
FN:115,(anonymous_9)
FN:126,(anonymous_10)
FN:134,(anonymous_11)
FNF:8
FNH:7
FNDA:35,(anonymous_4)
FNDA:8,(anonymous_5)
FNDA:4,(anonymous_6)
FNDA:0,(anonymous_7)
FNDA:15,(anonymous_8)
FNDA:10,(anonymous_9)
FNDA:1,(anonymous_10)
FNDA:1,(anonymous_11)
DA:1,11
DA:2,11
DA:3,11
DA:4,11
DA:8,11
DA:11,11
DA:12,35
DA:16,35
DA:18,35
DA:22,8
DA:35,4
DA:41,4
DA:44,4
DA:50,4
DA:51,4
DA:52,1
DA:53,1
DA:60,3
DA:61,3
DA:77,2
DA:79,2
DA:80,1
DA:83,1
DA:91,1
DA:97,1
DA:100,1
DA:109,15
DA:116,10
DA:127,1
DA:131,1
DA:135,1
LF:31
LH:31
BRDA:23,0,0,8
BRDA:23,0,1,7
BRDA:32,1,0,4
BRDA:51,2,0,1
BRDA:51,2,1,3
BRDA:51,3,0,4
BRDA:51,3,1,3
BRDA:79,4,0,1
BRDA:79,4,1,1
BRDA:98,5,0,1
BRDA:98,5,1,0
BRDA:16,6,0,11
BRDA:16,6,1,0
BRDA:16,7,0,11
BRDA:16,7,1,11
BRDA:16,8,0,11
BRDA:16,8,1,0
BRDA:16,9,0,11
BRDA:16,9,1,11
BRF:19
BRH:16
end_of_record
TN:
SF:src\notifications\schemas\notification.schema.ts
FNF:0
FNH:0
DA:1,23
DA:2,23
DA:3,23
DA:8,23
DA:10,23
DA:13,23
DA:16,23
DA:19,23
DA:22,23
DA:25,23
LF:10
LH:10
BRDA:19,0,0,23
BRDA:19,0,1,0
BRDA:19,1,0,23
BRDA:19,1,1,23
BRF:4
BRH:3
end_of_record
TN:
SF:src\privacy\privacy.interceptor.ts
FN:16,(anonymous_2)
FN:18,(anonymous_3)
FN:26,(anonymous_4)
FN:46,(anonymous_5)
FN:50,(anonymous_6)
FN:63,(anonymous_7)
FN:72,(anonymous_8)
FN:81,(anonymous_9)
FN:92,(anonymous_10)
FN:98,(anonymous_11)
FN:108,(anonymous_12)
FNF:11
FNH:10
FNDA:4,(anonymous_2)
FNDA:4,(anonymous_3)
FNDA:3,(anonymous_4)
FNDA:7,(anonymous_5)
FNDA:7,(anonymous_6)
FNDA:9,(anonymous_7)
FNDA:7,(anonymous_8)
FNDA:1,(anonymous_9)
FNDA:7,(anonymous_10)
FNDA:0,(anonymous_11)
FNDA:7,(anonymous_12)
DA:1,5
DA:9,5
DA:10,5
DA:13,5
DA:14,4
DA:16,4
DA:19,4
DA:20,4
DA:23,4
DA:25,3
DA:27,3
DA:28,3
DA:31,1
DA:32,1
DA:35,1
DA:47,7
DA:51,7
DA:52,1
DA:54,6
DA:58,0
DA:60,6
DA:64,9
DA:73,7
DA:74,6
DA:76,6
DA:77,10
DA:79,10
DA:80,10
DA:81,1
DA:82,1
DA:84,9
DA:85,3
DA:89,6
DA:93,7
DA:95,7
DA:97,7
DA:98,0
DA:101,7
DA:102,7
DA:105,0
DA:109,7
DA:110,3
DA:112,3
DA:115,3
DA:122,4
LF:45
LH:42
BRDA:23,0,0,1
BRDA:23,0,1,3
BRDA:31,1,0,1
BRDA:31,1,1,0
BRDA:47,2,0,7
BRDA:47,2,1,7
BRDA:47,2,2,7
BRDA:51,3,0,1
BRDA:51,3,1,6
BRDA:54,4,0,0
BRDA:54,4,1,6
BRDA:55,5,0,6
BRDA:55,5,1,0
BRDA:65,6,0,9
BRDA:65,6,1,9
BRDA:65,6,2,4
BRDA:65,6,3,3
BRDA:77,7,0,0
BRDA:77,7,1,10
BRDA:77,8,0,10
BRDA:77,8,1,10
BRDA:77,8,2,10
BRDA:80,9,0,1
BRDA:80,9,1,9
BRDA:84,10,0,3
BRDA:84,10,1,6
BRDA:92,11,0,3
BRDA:93,12,0,0
BRDA:93,12,1,7
BRDA:97,13,0,0
BRDA:97,13,1,7
BRDA:101,14,0,7
BRDA:101,14,1,0
BRDA:101,15,0,7
BRDA:101,15,1,7
BRDA:109,16,0,3
BRDA:109,16,1,4
BRDA:109,17,0,7
BRDA:109,17,1,3
BRDA:112,18,0,3
BRDA:112,18,1,2
BRDA:112,18,2,2
BRDA:16,19,0,5
BRDA:16,19,1,0
BRDA:16,20,0,5
BRDA:16,20,1,5
BRF:46
BRH:38
end_of_record
TN:
SF:src\privacy\privacy.module.ts
FNF:0
FNH:0
DA:1,4
DA:2,4
DA:3,4
DA:4,4
DA:5,4
DA:19,4
LF:6
LH:6
BRF:0
BRH:0
end_of_record
TN:
SF:src\privacy\privacy.service.ts
FN:8,(anonymous_1)
FNF:1
FNH:1
FNDA:5,(anonymous_1)
DA:1,6
DA:4,6
DA:15,5
DA:16,1
DA:24,4
DA:25,4
DA:26,4
DA:29,4
DA:30,1
DA:39,3
DA:40,2
DA:55,1
LF:12
LH:12
BRDA:15,0,0,1
BRDA:15,0,1,4
BRDA:15,1,0,5
BRDA:15,1,1,4
BRDA:24,2,0,4
BRDA:24,2,1,0
BRDA:25,3,0,4
BRDA:25,3,1,0
BRDA:29,4,0,1
BRDA:29,4,1,3
BRDA:39,5,0,2
BRDA:39,5,1,1
BRDA:41,6,0,2
BRDA:41,6,1,2
BRDA:42,7,0,2
BRDA:42,7,1,1
BRDA:45,8,0,1
BRDA:45,8,1,1
BRF:18
BRH:16
end_of_record
TN:
SF:src\projects\project-analytics.service.ts
FN:6,(anonymous_2)
FN:8,(anonymous_3)
FN:15,(anonymous_4)
FN:19,(anonymous_5)
FN:22,(anonymous_6)
FN:29,(anonymous_7)
FN:39,(anonymous_8)
FN:47,(anonymous_9)
FNF:8
FNH:8
FNDA:2,(anonymous_2)
FNDA:2,(anonymous_3)
FNDA:3,(anonymous_4)
FNDA:3,(anonymous_5)
FNDA:3,(anonymous_6)
FNDA:24,(anonymous_7)
FNDA:3,(anonymous_8)
FNDA:3,(anonymous_9)
DA:1,6
DA:2,6
DA:5,6
DA:6,2
DA:9,2
DA:14,2
DA:15,3
DA:18,2
DA:19,3
DA:22,3
DA:23,2
DA:25,2
DA:29,2
DA:30,24
DA:31,24
DA:32,24
DA:38,2
DA:40,3
DA:41,3
DA:42,3
DA:47,3
DA:52,2
LF:22
LH:22
BRDA:15,0,0,3
BRDA:15,0,1,1
BRDA:19,1,0,3
BRDA:19,1,1,1
BRDA:19,1,2,1
BRDA:25,2,0,1
BRDA:25,2,1,1
BRDA:40,3,0,3
BRDA:40,3,1,0
BRDA:41,4,0,3
BRDA:41,4,1,3
BRDA:41,5,0,3
BRDA:41,5,1,1
BRDA:49,6,0,3
BRDA:49,6,1,0
BRDA:6,7,0,6
BRDA:6,7,1,0
BRDA:6,8,0,6
BRDA:6,8,1,6
BRF:19
BRH:16
end_of_record
TN:
SF:src\projects\projects.controller.ts
FN:23,(anonymous_4)
FN:28,(anonymous_5)
FN:34,(anonymous_6)
FN:39,(anonymous_7)
FN:44,(anonymous_8)
FN:49,(anonymous_9)
FN:59,(anonymous_10)
FN:68,(anonymous_11)
FN:73,(anonymous_12)
FN:79,(anonymous_13)
FN:85,(anonymous_14)
FN:90,(anonymous_15)
FN:99,(anonymous_16)
FN:104,(anonymous_17)
FN:114,(anonymous_18)
FN:123,(anonymous_19)
FN:133,(anonymous_20)
FN:138,(anonymous_21)
FN:148,(anonymous_22)
FN:153,(anonymous_23)
FN:158,(anonymous_24)
FNF:21
FNH:6
FNDA:10,(anonymous_4)
FNDA:5,(anonymous_5)
FNDA:0,(anonymous_6)
FNDA:1,(anonymous_7)
FNDA:1,(anonymous_8)
FNDA:0,(anonymous_9)
FNDA:0,(anonymous_10)
FNDA:0,(anonymous_11)
FNDA:0,(anonymous_12)
FNDA:0,(anonymous_13)
FNDA:0,(anonymous_14)
FNDA:0,(anonymous_15)
FNDA:1,(anonymous_16)
FNDA:0,(anonymous_17)
FNDA:0,(anonymous_18)
FNDA:0,(anonymous_19)
FNDA:0,(anonymous_20)
FNDA:0,(anonymous_21)
FNDA:1,(anonymous_22)
FNDA:0,(anonymous_23)
FNDA:0,(anonymous_24)
DA:1,5
DA:14,5
DA:15,5
DA:16,5
DA:17,5
DA:18,5
DA:19,5
DA:20,5
DA:23,10
DA:27,5
DA:29,5
DA:30,5
DA:34,5
DA:35,0
DA:39,5
DA:40,1
DA:44,5
DA:45,1
DA:49,5
DA:50,0
DA:59,5
DA:60,0
DA:68,5
DA:69,0
DA:73,5
DA:74,0
DA:79,5
DA:80,0
DA:85,5
DA:86,0
DA:90,5
DA:95,0
DA:99,5
DA:100,1
DA:104,5
DA:110,0
DA:114,5
DA:119,0
DA:123,5
DA:129,0
DA:133,5
DA:134,0
DA:138,5
DA:144,0
DA:148,5
DA:149,1
DA:153,5
DA:154,0
DA:158,5
DA:159,0
LF:50
LH:35
BRDA:39,0,0,5
BRDA:39,0,1,0
BRDA:39,1,0,5
BRDA:39,1,1,5
BRDA:79,2,0,5
BRDA:79,2,1,0
BRDA:79,3,0,5
BRDA:79,3,1,5
BRDA:85,4,0,5
BRDA:85,4,1,0
BRDA:85,5,0,5
BRDA:85,5,1,5
BRDA:29,6,0,5
BRDA:29,6,1,0
BRDA:29,7,0,5
BRDA:29,7,1,5
BRDA:29,8,0,5
BRDA:29,8,1,0
BRDA:29,9,0,5
BRDA:29,9,1,5
BRF:20
BRH:15
end_of_record
TN:
SF:src\projects\projects.module.ts
FNF:0
FNH:0
DA:1,4
DA:2,4
DA:3,4
DA:4,4
DA:5,4
DA:6,4
DA:7,4
DA:8,4
DA:12,4
DA:13,4
DA:14,4
DA:37,4
LF:12
LH:12
BRF:0
BRH:0
end_of_record
TN:
SF:src\projects\projects.service.ts
FN:47,(anonymous_5)
FN:63,(anonymous_6)
FN:72,(anonymous_7)
FN:79,(anonymous_8)
FN:89,(anonymous_9)
FN:136,(anonymous_10)
FN:153,(anonymous_11)
FN:180,(anonymous_12)
FN:181,(anonymous_13)
FN:184,(anonymous_14)
FN:185,(anonymous_15)
FN:188,(anonymous_16)
FN:189,(anonymous_17)
FN:192,(anonymous_18)
FN:207,(anonymous_19)
FN:214,(anonymous_20)
FN:221,(anonymous_21)
FN:237,(anonymous_22)
FN:241,(anonymous_23)
FN:244,(anonymous_24)
FN:247,(anonymous_25)
FN:331,(anonymous_26)
FN:335,(anonymous_27)
FN:336,(anonymous_28)
FN:340,(anonymous_29)
FN:341,(anonymous_30)
FN:370,(anonymous_31)
FN:380,(anonymous_32)
FN:386,(anonymous_33)
FN:394,(anonymous_34)
FN:406,(anonymous_35)
FN:417,(anonymous_36)
FN:441,(anonymous_37)
FN:459,(anonymous_38)
FN:459,(anonymous_39)
FN:461,(anonymous_40)
FN:462,(anonymous_41)
FN:463,(anonymous_42)
FN:463,(anonymous_43)
FN:465,(anonymous_44)
FN:466,(anonymous_45)
FN:467,(anonymous_46)
FN:467,(anonymous_47)
FN:469,(anonymous_48)
FN:470,(anonymous_49)
FN:471,(anonymous_50)
FN:471,(anonymous_51)
FN:473,(anonymous_52)
FN:474,(anonymous_53)
FN:475,(anonymous_54)
FN:475,(anonymous_55)
FN:477,(anonymous_56)
FN:478,(anonymous_57)
FN:479,(anonymous_58)
FN:479,(anonymous_59)
FN:496,(anonymous_60)
FN:505,(anonymous_61)
FN:619,(anonymous_62)
FN:658,(anonymous_63)
FN:687,(anonymous_64)
FN:715,(anonymous_65)
FN:745,(anonymous_66)
FN:794,(anonymous_67)
FN:816,(anonymous_68)
FN:818,(anonymous_69)
FN:826,(anonymous_70)
FN:834,(anonymous_71)
FN:844,(anonymous_72)
FN:859,(anonymous_73)
FN:864,(anonymous_74)
FN:887,(anonymous_75)
FN:910,(anonymous_76)
FN:912,(anonymous_77)
FN:917,(anonymous_78)
FN:929,(anonymous_79)
FN:934,(anonymous_80)
FN:967,(anonymous_81)
FN:989,(anonymous_82)
FN:991,(anonymous_83)
FN:995,(anonymous_84)
FN:1000,(anonymous_85)
FN:1008,(anonymous_86)
FN:1016,(anonymous_87)
FN:1037,(anonymous_88)
FN:1041,(anonymous_89)
FN:1197,(anonymous_90)
FN:1202,(anonymous_91)
FN:1206,(anonymous_92)
FN:1211,(anonymous_93)
FN:1215,(anonymous_94)
FN:1219,(anonymous_95)
FN:1223,(anonymous_96)
FN:1229,(anonymous_97)
FN:1235,(anonymous_98)
FN:1244,(anonymous_99)
FN:1251,(anonymous_100)
FN:1260,(anonymous_101)
FN:1285,(anonymous_102)
FN:1292,(anonymous_103)
FN:1302,(anonymous_104)
FN:1315,(anonymous_105)
FN:1362,(anonymous_106)
FN:1365,(anonymous_107)
FN:1401,(anonymous_108)
FN:1412,(anonymous_109)
FN:1417,(anonymous_110)
FN:1454,(anonymous_111)
FN:1471,(anonymous_112)
FN:1478,(anonymous_113)
FN:1514,(anonymous_114)
FN:1519,(anonymous_115)
FN:1529,(anonymous_116)
FN:1546,(anonymous_117)
FN:1570,(anonymous_118)
FN:1575,(anonymous_119)
FN:1585,(anonymous_120)
FN:1596,(anonymous_121)
FN:1614,(anonymous_122)
FN:1637,(anonymous_123)
FN:1642,(anonymous_124)
FN:1674,(anonymous_125)
FN:1685,(anonymous_126)
FN:1690,(anonymous_127)
FN:1706,(anonymous_128)
FN:1729,(anonymous_129)
FN:1734,(anonymous_130)
FN:1745,(anonymous_131)
FN:1758,(anonymous_132)
FN:1812,(anonymous_133)
FN:1822,(anonymous_134)
FN:1832,(anonymous_135)
FN:1845,(anonymous_136)
FNF:132
FNH:106
FNDA:119,(anonymous_5)
FNDA:4945,(anonymous_6)
FNDA:48,(anonymous_7)
FNDA:32,(anonymous_8)
FNDA:31,(anonymous_9)
FNDA:0,(anonymous_10)
FNDA:0,(anonymous_11)
FNDA:435,(anonymous_12)
FNDA:435,(anonymous_13)
FNDA:435,(anonymous_14)
FNDA:0,(anonymous_15)
FNDA:435,(anonymous_16)
FNDA:0,(anonymous_17)
FNDA:435,(anonymous_18)
FNDA:435,(anonymous_19)
FNDA:435,(anonymous_20)
FNDA:435,(anonymous_21)
FNDA:406,(anonymous_22)
FNDA:435,(anonymous_23)
FNDA:0,(anonymous_24)
FNDA:0,(anonymous_25)
FNDA:0,(anonymous_26)
FNDA:29,(anonymous_27)
FNDA:0,(anonymous_28)
FNDA:29,(anonymous_29)
FNDA:0,(anonymous_30)
FNDA:45,(anonymous_31)
FNDA:14,(anonymous_32)
FNDA:14,(anonymous_33)
FNDA:14,(anonymous_34)
FNDA:15,(anonymous_35)
FNDA:0,(anonymous_36)
FNDA:210,(anonymous_37)
FNDA:300,(anonymous_38)
FNDA:600,(anonymous_39)
FNDA:60,(anonymous_40)
FNDA:60,(anonymous_41)
FNDA:45,(anonymous_42)
FNDA:180,(anonymous_43)
FNDA:60,(anonymous_44)
FNDA:60,(anonymous_45)
FNDA:42,(anonymous_46)
FNDA:168,(anonymous_47)
FNDA:90,(anonymous_48)
FNDA:90,(anonymous_49)
FNDA:15,(anonymous_50)
FNDA:90,(anonymous_51)
FNDA:60,(anonymous_52)
FNDA:60,(anonymous_53)
FNDA:0,(anonymous_54)
FNDA:0,(anonymous_55)
FNDA:210,(anonymous_56)
FNDA:210,(anonymous_57)
FNDA:210,(anonymous_58)
FNDA:2940,(anonymous_59)
FNDA:4905,(anonymous_60)
FNDA:60,(anonymous_61)
FNDA:270,(anonymous_62)
FNDA:45,(anonymous_63)
FNDA:45,(anonymous_64)
FNDA:45,(anonymous_65)
FNDA:45,(anonymous_66)
FNDA:15,(anonymous_67)
FNDA:30,(anonymous_68)
FNDA:90,(anonymous_69)
FNDA:90,(anonymous_70)
FNDA:0,(anonymous_71)
FNDA:90,(anonymous_72)
FNDA:15,(anonymous_73)
FNDA:45,(anonymous_74)
FNDA:0,(anonymous_75)
FNDA:15,(anonymous_76)
FNDA:0,(anonymous_77)
FNDA:0,(anonymous_78)
FNDA:0,(anonymous_79)
FNDA:30,(anonymous_80)
FNDA:225,(anonymous_81)
FNDA:240,(anonymous_82)
FNDA:210,(anonymous_83)
FNDA:3150,(anonymous_84)
FNDA:0,(anonymous_85)
FNDA:0,(anonymous_86)
FNDA:1680,(anonymous_87)
FNDA:225,(anonymous_88)
FNDA:30,(anonymous_89)
FNDA:1,(anonymous_90)
FNDA:6,(anonymous_91)
FNDA:1,(anonymous_92)
FNDA:5,(anonymous_93)
FNDA:22,(anonymous_94)
FNDA:20,(anonymous_95)
FNDA:20,(anonymous_96)
FNDA:0,(anonymous_97)
FNDA:1369,(anonymous_98)
FNDA:3,(anonymous_99)
FNDA:3,(anonymous_100)
FNDA:2,(anonymous_101)
FNDA:4,(anonymous_102)
FNDA:3,(anonymous_103)
FNDA:11,(anonymous_104)
FNDA:2,(anonymous_105)
FNDA:1,(anonymous_106)
FNDA:2,(anonymous_107)
FNDA:1,(anonymous_108)
FNDA:0,(anonymous_109)
FNDA:1,(anonymous_110)
FNDA:2,(anonymous_111)
FNDA:1,(anonymous_112)
FNDA:0,(anonymous_113)
FNDA:1,(anonymous_114)
FNDA:1,(anonymous_115)
FNDA:1,(anonymous_116)
FNDA:0,(anonymous_117)
FNDA:1,(anonymous_118)
FNDA:1,(anonymous_119)
FNDA:1,(anonymous_120)
FNDA:1,(anonymous_121)
FNDA:1,(anonymous_122)
FNDA:0,(anonymous_123)
FNDA:2,(anonymous_124)
FNDA:1,(anonymous_125)
FNDA:0,(anonymous_126)
FNDA:2,(anonymous_127)
FNDA:2,(anonymous_128)
FNDA:0,(anonymous_129)
FNDA:1,(anonymous_130)
FNDA:1,(anonymous_131)
FNDA:2,(anonymous_132)
FNDA:1,(anonymous_133)
FNDA:1,(anonymous_134)
FNDA:1,(anonymous_135)
FNDA:1,(anonymous_136)
DA:1,15
DA:8,15
DA:9,15
DA:10,15
DA:11,15
DA:16,15
DA:20,15
DA:27,15
DA:28,15
DA:29,15
DA:37,15
DA:38,119
DA:40,119
DA:49,119
DA:51,119
DA:53,119
DA:54,119
DA:56,119
DA:58,119
DA:60,119
DA:64,4945
DA:65,4944
DA:66,4944
DA:67,3
DA:69,4941
DA:73,48
DA:80,32
DA:81,32
DA:86,32
DA:90,31
DA:91,31
DA:93,31
DA:94,1
DA:97,30
DA:98,30
DA:99,30
DA:100,0
DA:103,30
DA:107,30
DA:124,30
DA:135,30
DA:136,30
DA:137,0
DA:139,0
DA:141,0
DA:153,30
DA:154,30
DA:155,30
DA:165,30
DA:166,30
DA:167,30
DA:168,30
DA:169,30
DA:172,30
DA:173,30
DA:174,0
DA:175,0
DA:176,0
DA:179,30
DA:180,435
DA:181,435
DA:183,30
DA:184,435
DA:185,0
DA:187,30
DA:188,435
DA:189,0
DA:191,30
DA:192,435
DA:196,30
DA:197,30
DA:199,30
DA:201,30
DA:203,30
DA:207,435
DA:214,435
DA:221,435
DA:227,30
DA:231,30
DA:232,30
DA:234,30
DA:238,406
DA:242,435
DA:243,435
DA:244,0
DA:246,435
DA:247,0
DA:249,435
DA:251,435
DA:252,435
DA:253,435
DA:256,435
DA:262,435
DA:268,435
DA:274,435
DA:280,435
DA:288,435
DA:306,30
DA:307,435
DA:308,435
DA:313,435
DA:314,435
DA:315,435
DA:317,435
DA:318,435
DA:323,435
DA:324,435
DA:330,30
DA:331,0
DA:334,30
DA:335,29
DA:336,0
DA:339,30
DA:340,29
DA:341,0
DA:344,30
DA:345,15
DA:368,15
DA:369,15
DA:370,45
DA:377,15
DA:378,15
DA:379,15
DA:380,14
DA:386,14
DA:394,14
DA:404,15
DA:405,15
DA:406,15
DA:415,15
DA:416,15
DA:417,15
DA:424,15
DA:425,15
DA:441,210
DA:458,15
DA:459,600
DA:461,60
DA:462,60
DA:463,180
DA:465,60
DA:466,60
DA:467,168
DA:469,90
DA:470,90
DA:471,90
DA:473,60
DA:474,60
DA:475,0
DA:477,210
DA:478,210
DA:479,2940
DA:482,15
DA:490,15
DA:491,15
DA:492,15
DA:493,15
DA:494,15
DA:496,15
DA:497,4905
DA:505,15
DA:512,60
DA:513,150
DA:514,450
DA:519,15
DA:520,15
DA:529,15
DA:530,15
DA:531,15
DA:536,15
DA:540,15
DA:541,15
DA:542,15
DA:543,15
DA:544,15
DA:545,15
DA:547,15
DA:556,15
DA:557,15
DA:558,90
DA:559,90
DA:560,90
DA:561,90
DA:562,90
DA:566,90
DA:567,90
DA:572,90
DA:578,90
DA:579,15
DA:581,75
DA:584,90
DA:585,90
DA:589,90
DA:590,90
DA:591,90
DA:592,90
DA:593,90
DA:595,90
DA:598,15
DA:619,15
DA:620,270
DA:621,270
DA:622,270
DA:623,270
DA:624,270
DA:625,270
DA:629,270
DA:630,135
DA:635,135
DA:641,270
DA:642,270
DA:644,270
DA:645,270
DA:646,120
DA:648,270
DA:649,15
DA:653,15
DA:654,15
DA:655,15
DA:656,15
DA:657,15
DA:658,15
DA:659,45
DA:660,45
DA:661,45
DA:666,45
DA:669,15
DA:670,15
DA:671,45
DA:672,45
DA:673,45
DA:674,45
DA:675,45
DA:676,45
DA:677,45
DA:678,45
DA:680,15
DA:682,15
DA:683,15
DA:684,15
DA:685,15
DA:686,15
DA:687,15
DA:688,45
DA:689,45
DA:690,45
DA:695,45
DA:698,15
DA:699,15
DA:700,15
DA:701,15
DA:702,15
DA:703,15
DA:704,15
DA:705,15
DA:706,15
DA:708,15
DA:710,15
DA:711,15
DA:712,15
DA:713,15
DA:714,15
DA:715,15
DA:716,45
DA:717,45
DA:718,45
DA:723,45
DA:726,15
DA:727,15
DA:728,15
DA:729,15
DA:730,15
DA:732,15
DA:733,15
DA:734,15
DA:735,15
DA:736,15
DA:738,15
DA:740,15
DA:741,15
DA:742,15
DA:743,15
DA:744,15
DA:745,15
DA:746,45
DA:747,45
DA:748,45
DA:753,45
DA:756,15
DA:757,15
DA:758,15
DA:759,15
DA:760,15
DA:762,15
DA:763,15
DA:764,15
DA:765,15
DA:766,15
DA:768,15
DA:769,15
DA:770,15
DA:785,15
DA:786,15
DA:794,15
DA:795,15
DA:800,15
DA:801,15
DA:806,15
DA:810,15
DA:811,15
DA:812,15
DA:816,15
DA:817,30
DA:818,15
DA:819,90
DA:820,90
DA:823,15
DA:824,15
DA:825,15
DA:826,15
DA:827,90
DA:833,0
DA:834,0
DA:835,0
DA:843,15
DA:844,15
DA:845,90
DA:846,0
DA:855,15
DA:859,15
DA:863,15
DA:864,15
DA:865,45
DA:870,45
DA:872,15
DA:873,15
DA:880,15
DA:881,15
DA:887,15
DA:888,0
DA:895,15
DA:896,15
DA:901,15
DA:905,15
DA:906,15
DA:910,15
DA:911,15
DA:912,0
DA:913,0
DA:914,0
DA:916,0
DA:917,0
DA:918,0
DA:926,15
DA:929,0
DA:933,15
DA:934,15
DA:935,30
DA:940,30
DA:942,15
DA:943,15
DA:950,15
DA:951,15
DA:967,15
DA:968,225
DA:970,15
DA:971,15
DA:976,15
DA:981,15
DA:982,15
DA:983,15
DA:984,15
DA:985,15
DA:989,15
DA:990,240
DA:991,210
DA:992,15
DA:994,225
DA:995,225
DA:996,3150
DA:997,3150
DA:999,225
DA:1000,0
DA:1001,0
DA:1007,225
DA:1008,0
DA:1009,0
DA:1015,225
DA:1016,120
DA:1017,1680
DA:1025,225
DA:1026,225
DA:1027,225
DA:1028,0
DA:1029,0
DA:1030,0
DA:1031,0
DA:1035,15
DA:1037,225
DA:1040,15
DA:1041,15
DA:1042,30
DA:1047,30
DA:1049,15
DA:1050,15
DA:1051,15
DA:1066,15
DA:1067,15
DA:1085,119
DA:1149,119
DA:1198,1
DA:1199,1
DA:1201,1
DA:1202,6
DA:1207,1
DA:1208,1
DA:1210,1
DA:1211,5
DA:1216,22
DA:1220,20
DA:1221,20
DA:1223,18
DA:1224,20
DA:1225,20
DA:1227,18
DA:1229,2
DA:1230,0
DA:1231,0
DA:1236,1369
DA:1237,61
DA:1238,3
DA:1239,1
DA:1240,0
DA:1241,0
DA:1245,3
DA:1255,3
DA:1256,3
DA:1258,3
DA:1260,2
DA:1264,3
DA:1265,3
DA:1266,1
DA:1267,1
DA:1269,1
DA:1278,1
DA:1279,1
DA:1282,3
DA:1286,4
DA:1289,4
DA:1290,4
DA:1292,3
DA:1296,4
DA:1306,11
DA:1307,7
DA:1308,7
DA:1309,1
DA:1319,2
DA:1322,2
DA:1323,1
DA:1326,1
DA:1331,1
DA:1333,1
DA:1345,1
DA:1347,1
DA:1348,1
DA:1352,1
DA:1353,1
DA:1356,1
DA:1362,1
DA:1368,2
DA:1370,1
DA:1380,1
DA:1387,1
DA:1388,1
DA:1389,1
DA:1390,1
DA:1394,1
DA:1395,0
DA:1396,0
DA:1400,1
DA:1401,1
DA:1402,1
DA:1405,0
DA:1412,0
DA:1413,0
DA:1421,1
DA:1427,1
DA:1429,1
DA:1430,1
DA:1431,1
DA:1432,0
DA:1433,0
DA:1439,0
DA:1442,1
DA:1443,1
DA:1444,0
DA:1446,1
DA:1447,1
DA:1448,1
DA:1451,0
DA:1460,2
DA:1461,2
DA:1463,2
DA:1464,2
DA:1467,2
DA:1470,2
DA:1471,1
DA:1473,2
DA:1476,1
DA:1477,1
DA:1478,0
DA:1480,1
DA:1482,1
DA:1483,1
DA:1485,1
DA:1491,1
DA:1494,1
DA:1495,1
DA:1496,1
DA:1503,1
DA:1505,0
DA:1508,1
DA:1509,1
DA:1515,1
DA:1523,1
DA:1524,1
DA:1526,1
DA:1528,1
DA:1529,1
DA:1532,1
DA:1533,0
DA:1536,1
DA:1539,1
DA:1540,1
DA:1542,1
DA:1545,1
DA:1546,0
DA:1549,1
DA:1550,1
DA:1562,1
DA:1564,1
DA:1565,1
DA:1571,1
DA:1579,1
DA:1580,1
DA:1582,1
DA:1584,1
DA:1585,1
DA:1588,1
DA:1589,1
DA:1590,1
DA:1593,1
DA:1602,1
DA:1603,1
DA:1605,1
DA:1606,1
DA:1609,1
DA:1611,1
DA:1613,1
DA:1614,1
DA:1616,1
DA:1618,0
DA:1622,0
DA:1624,0
DA:1634,0
DA:1635,0
DA:1638,0
DA:1647,2
DA:1648,2
DA:1650,2
DA:1651,2
DA:1654,2
DA:1655,2
DA:1656,1
DA:1659,1
DA:1664,1
DA:1665,0
DA:1670,1
DA:1672,1
DA:1673,1
DA:1674,1
DA:1678,1
DA:1679,1
DA:1682,0
DA:1683,0
DA:1686,0
DA:1696,2
DA:1697,2
DA:1699,2
DA:1700,2
DA:1703,2
DA:1705,2
DA:1706,2
DA:1708,2
DA:1710,1
DA:1715,1
DA:1716,0
DA:1719,1
DA:1720,1
DA:1721,1
DA:1724,0
DA:1726,0
DA:1727,0
DA:1730,0
DA:1738,1
DA:1739,1
DA:1741,1
DA:1743,1
DA:1745,1
DA:1748,1
DA:1763,2
DA:1764,2
DA:1766,2
DA:1767,2
DA:1768,2
DA:1769,0
DA:1775,2
DA:1777,2
DA:1778,2
DA:1779,1
DA:1785,1
DA:1789,1
DA:1796,1
DA:1797,1
DA:1804,1
DA:1806,0
DA:1809,1
DA:1813,1
DA:1815,1
DA:1823,1
DA:1825,1
DA:1833,1
DA:1838,1
DA:1839,1
DA:1842,0
DA:1846,1
DA:1851,1
DA:1852,1
DA:1855,0
LF:639
LH:567
BRDA:64,0,0,1
BRDA:64,0,1,4944
BRDA:64,1,0,4945
BRDA:64,1,1,4944
BRDA:66,2,0,3
BRDA:66,2,1,4941
BRDA:74,3,0,48
BRDA:74,3,1,2
BRDA:74,3,2,2
BRDA:74,3,3,2
BRDA:81,4,0,32
BRDA:81,4,1,0
BRDA:81,5,0,32
BRDA:81,5,1,1
BRDA:89,6,0,0
BRDA:90,7,0,31
BRDA:90,7,1,0
BRDA:91,8,0,0
BRDA:91,8,1,31
BRDA:93,9,0,1
BRDA:93,9,1,30
BRDA:99,10,0,0
BRDA:99,10,1,30
BRDA:103,11,0,0
BRDA:103,11,1,30
BRDA:107,12,0,0
BRDA:107,12,1,30
BRDA:136,13,0,30
BRDA:136,13,1,0
BRDA:137,14,0,0
BRDA:137,14,1,0
BRDA:139,15,0,0
BRDA:139,15,1,0
BRDA:139,16,0,0
BRDA:139,16,1,0
BRDA:139,16,2,0
BRDA:139,16,3,0
BRDA:143,17,0,0
BRDA:143,17,1,0
BRDA:143,17,2,0
BRDA:144,18,0,0
BRDA:144,18,1,0
BRDA:145,19,0,0
BRDA:145,19,1,0
BRDA:146,20,0,0
BRDA:146,20,1,0
BRDA:148,21,0,0
BRDA:148,21,1,0
BRDA:148,21,2,0
BRDA:148,21,3,0
BRDA:154,22,0,30
BRDA:154,22,1,0
BRDA:154,23,0,30
BRDA:154,23,1,30
BRDA:156,24,0,30
BRDA:156,24,1,30
BRDA:156,24,2,30
BRDA:156,24,3,0
BRDA:157,25,0,30
BRDA:157,25,1,30
BRDA:158,26,0,30
BRDA:158,26,1,30
BRDA:167,27,0,30
BRDA:167,27,1,0
BRDA:168,28,0,0
BRDA:168,28,1,30
BRDA:169,29,0,30
BRDA:169,29,1,0
BRDA:173,30,0,30
BRDA:173,30,1,0
BRDA:174,31,0,0
BRDA:174,31,1,0
BRDA:175,32,0,0
BRDA:175,32,1,0
BRDA:176,33,0,0
BRDA:176,33,1,0
BRDA:180,34,0,435
BRDA:180,34,1,0
BRDA:181,35,0,435
BRDA:181,35,1,0
BRDA:184,36,0,435
BRDA:184,36,1,0
BRDA:185,37,0,0
BRDA:185,37,1,0
BRDA:188,38,0,435
BRDA:188,38,1,0
BRDA:189,39,0,0
BRDA:189,39,1,0
BRDA:192,40,0,435
BRDA:192,40,1,0
BRDA:196,41,0,30
BRDA:196,41,1,30
BRDA:197,42,0,30
BRDA:197,42,1,30
BRDA:199,43,0,0
BRDA:199,43,1,30
BRDA:201,44,0,29
BRDA:201,44,1,1
BRDA:207,45,0,435
BRDA:207,45,1,0
BRDA:214,46,0,435
BRDA:214,46,1,0
BRDA:221,47,0,435
BRDA:221,47,1,0
BRDA:238,48,0,406
BRDA:238,48,1,406
BRDA:239,49,0,406
BRDA:239,49,1,406
BRDA:242,50,0,435
BRDA:242,50,1,435
BRDA:244,51,0,0
BRDA:244,51,1,0
BRDA:247,52,0,0
BRDA:247,52,1,0
BRDA:256,53,0,435
BRDA:256,53,1,435
BRDA:256,53,2,435
BRDA:256,53,3,435
BRDA:257,54,0,435
BRDA:257,54,1,435
BRDA:262,55,0,435
BRDA:262,55,1,435
BRDA:262,55,2,435
BRDA:262,55,3,435
BRDA:263,56,0,435
BRDA:263,56,1,435
BRDA:268,57,0,435
BRDA:268,57,1,435
BRDA:268,57,2,435
BRDA:268,57,3,435
BRDA:269,58,0,435
BRDA:269,58,1,435
BRDA:274,59,0,435
BRDA:274,59,1,435
BRDA:275,60,0,0
BRDA:275,60,1,435
BRDA:280,61,0,435
BRDA:280,61,1,435
BRDA:281,62,0,0
BRDA:281,62,1,435
BRDA:291,63,0,435
BRDA:291,63,1,0
BRDA:292,64,0,435
BRDA:292,64,1,435
BRDA:293,65,0,435
BRDA:293,65,1,435
BRDA:294,66,0,435
BRDA:294,66,1,0
BRDA:296,67,0,435
BRDA:296,67,1,435
BRDA:299,68,0,435
BRDA:299,68,1,435
BRDA:300,69,0,435
BRDA:300,69,1,435
BRDA:301,70,0,435
BRDA:301,70,1,435
BRDA:307,71,0,435
BRDA:307,71,1,0
BRDA:307,71,2,0
BRDA:308,72,0,435
BRDA:308,72,1,29
BRDA:314,73,0,435
BRDA:314,73,1,0
BRDA:317,74,0,435
BRDA:317,74,1,435
BRDA:320,75,0,435
BRDA:320,75,1,29
BRDA:320,76,0,435
BRDA:320,76,1,0
BRDA:323,77,0,435
BRDA:323,77,1,435
BRDA:326,78,0,435
BRDA:326,78,1,29
BRDA:326,79,0,435
BRDA:326,79,1,0
BRDA:344,80,0,15
BRDA:344,80,1,15
BRDA:348,81,0,15
BRDA:348,81,1,0
BRDA:349,82,0,15
BRDA:349,82,1,15
BRDA:350,83,0,15
BRDA:350,83,1,15
BRDA:351,84,0,15
BRDA:351,84,1,15
BRDA:352,85,0,15
BRDA:352,85,1,15
BRDA:353,86,0,15
BRDA:353,86,1,15
BRDA:354,87,0,15
BRDA:354,87,1,15
BRDA:355,88,0,15
BRDA:355,88,1,15
BRDA:374,89,0,42
BRDA:374,89,1,3
BRDA:390,90,0,14
BRDA:390,90,1,0
BRDA:398,91,0,14
BRDA:398,91,1,0
BRDA:410,92,0,15
BRDA:410,92,1,15
BRDA:411,93,0,15
BRDA:411,93,1,0
BRDA:417,94,0,15
BRDA:417,94,1,0
BRDA:418,95,0,0
BRDA:418,95,1,0
BRDA:419,96,0,0
BRDA:419,96,1,0
BRDA:420,97,0,0
BRDA:420,97,1,0
BRDA:421,98,0,0
BRDA:421,98,1,0
BRDA:543,99,0,15
BRDA:543,99,1,0
BRDA:543,100,0,15
BRDA:543,100,1,15
BRDA:543,101,0,15
BRDA:543,101,1,15
BRDA:578,102,0,15
BRDA:578,102,1,75
BRDA:599,103,0,15
BRDA:599,103,1,0
BRDA:600,104,0,15
BRDA:600,104,1,15
BRDA:601,105,0,15
BRDA:601,105,1,15
BRDA:602,106,0,15
BRDA:602,106,1,15
BRDA:603,107,0,15
BRDA:603,107,1,15
BRDA:604,108,0,15
BRDA:604,108,1,15
BRDA:606,109,0,15
BRDA:606,109,1,15
BRDA:626,110,0,180
BRDA:626,110,1,90
BRDA:629,111,0,135
BRDA:629,111,1,135
BRDA:645,112,0,120
BRDA:645,112,1,150
BRDA:645,113,0,270
BRDA:645,113,1,180
BRDA:648,114,0,15
BRDA:648,114,1,255
BRDA:648,115,0,270
BRDA:648,115,1,180
BRDA:731,116,0,15
BRDA:731,116,1,0
BRDA:761,117,0,15
BRDA:761,117,1,0
BRDA:797,118,0,15
BRDA:797,118,1,0
BRDA:817,119,0,15
BRDA:817,119,1,15
BRDA:823,120,0,15
BRDA:823,120,1,0
BRDA:824,121,0,15
BRDA:824,121,1,0
BRDA:825,122,0,15
BRDA:825,122,1,0
BRDA:833,123,0,0
BRDA:833,123,1,0
BRDA:843,124,0,15
BRDA:843,124,1,0
BRDA:845,125,0,0
BRDA:845,125,1,90
BRDA:859,126,0,15
BRDA:859,126,1,15
BRDA:887,127,0,15
BRDA:887,127,1,0
BRDA:889,128,0,0
BRDA:889,128,1,0
BRDA:890,129,0,0
BRDA:890,129,1,0
BRDA:891,130,0,0
BRDA:891,130,1,0
BRDA:892,131,0,0
BRDA:892,131,1,0
BRDA:911,132,0,15
BRDA:911,132,1,0
BRDA:916,133,0,0
BRDA:916,133,1,0
BRDA:928,134,0,15
BRDA:928,134,1,0
BRDA:929,135,0,0
BRDA:929,135,1,0
BRDA:990,136,0,15
BRDA:990,136,1,225
BRDA:994,137,0,225
BRDA:994,137,1,0
BRDA:999,138,0,0
BRDA:999,138,1,225
BRDA:1007,139,0,0
BRDA:1007,139,1,225
BRDA:1015,140,0,120
BRDA:1015,140,1,105
BRDA:1026,141,0,225
BRDA:1026,141,1,0
BRDA:1028,142,0,0
BRDA:1028,142,1,0
BRDA:1030,143,0,0
BRDA:1030,143,1,0
BRDA:1037,144,0,225
BRDA:1037,144,1,0
BRDA:1199,145,0,0
BRDA:1199,145,1,1
BRDA:1208,146,0,0
BRDA:1208,146,1,1
BRDA:1216,147,0,22
BRDA:1216,147,1,2
BRDA:1221,148,0,2
BRDA:1221,148,1,18
BRDA:1223,149,0,18
BRDA:1223,149,1,0
BRDA:1227,150,0,16
BRDA:1227,150,1,2
BRDA:1229,151,0,2
BRDA:1229,151,1,1
BRDA:1236,152,0,1308
BRDA:1236,152,1,61
BRDA:1237,153,0,58
BRDA:1237,153,1,3
BRDA:1238,154,0,2
BRDA:1238,154,1,1
BRDA:1239,155,0,1
BRDA:1239,155,1,0
BRDA:1240,156,0,0
BRDA:1240,156,1,0
BRDA:1255,157,0,0
BRDA:1255,157,1,3
BRDA:1256,158,0,0
BRDA:1256,158,1,3
BRDA:1259,159,0,3
BRDA:1259,159,1,0
BRDA:1265,160,0,3
BRDA:1265,160,1,0
BRDA:1267,161,0,0
BRDA:1267,161,1,1
BRDA:1267,162,0,1
BRDA:1267,162,1,1
BRDA:1275,163,0,1
BRDA:1275,163,1,0
BRDA:1286,164,0,0
BRDA:1286,164,1,4
BRDA:1289,165,0,4
BRDA:1289,165,1,0
BRDA:1290,166,0,4
BRDA:1290,166,1,0
BRDA:1306,167,0,4
BRDA:1306,167,1,7
BRDA:1308,168,0,1
BRDA:1308,168,1,6
BRDA:1320,169,0,2
BRDA:1320,169,1,1
BRDA:1320,169,2,1
BRDA:1320,169,3,1
BRDA:1322,170,0,1
BRDA:1322,170,1,1
BRDA:1331,171,0,1
BRDA:1331,171,1,0
BRDA:1331,171,2,0
BRDA:1352,172,0,1
BRDA:1352,172,1,0
BRDA:1368,173,0,1
BRDA:1368,173,1,1
BRDA:1370,174,0,0
BRDA:1370,174,1,1
BRDA:1394,175,0,0
BRDA:1394,175,1,1
BRDA:1400,176,0,1
BRDA:1400,176,1,0
BRDA:1427,177,0,0
BRDA:1427,177,1,1
BRDA:1431,178,0,0
BRDA:1431,178,1,1
BRDA:1439,179,0,0
BRDA:1439,179,1,0
BRDA:1442,180,0,0
BRDA:1442,180,1,1
BRDA:1443,181,0,0
BRDA:1443,181,1,1
BRDA:1447,182,0,1
BRDA:1447,182,1,0
BRDA:1457,183,0,0
BRDA:1461,184,0,0
BRDA:1461,184,1,2
BRDA:1463,185,0,2
BRDA:1463,185,1,0
BRDA:1467,186,0,1
BRDA:1467,186,1,1
BRDA:1470,187,0,2
BRDA:1470,187,1,0
BRDA:1473,188,0,1
BRDA:1473,188,1,1
BRDA:1476,189,0,0
BRDA:1476,189,1,1
BRDA:1480,190,0,0
BRDA:1480,190,1,1
BRDA:1483,191,0,0
BRDA:1483,191,1,1
BRDA:1495,192,0,1
BRDA:1495,192,1,0
BRDA:1495,193,0,1
BRDA:1495,193,1,0
BRDA:1524,194,0,0
BRDA:1524,194,1,1
BRDA:1526,195,0,0
BRDA:1526,195,1,1
BRDA:1532,196,0,0
BRDA:1532,196,1,1
BRDA:1540,197,0,0
BRDA:1540,197,1,1
BRDA:1542,198,0,0
BRDA:1542,198,1,1
BRDA:1549,199,0,1
BRDA:1549,199,1,0
BRDA:1556,200,0,1
BRDA:1556,200,1,0
BRDA:1580,201,0,0
BRDA:1580,201,1,1
BRDA:1582,202,0,0
BRDA:1582,202,1,1
BRDA:1588,203,0,1
BRDA:1588,203,1,0
BRDA:1599,204,0,0
BRDA:1603,205,0,0
BRDA:1603,205,1,1
BRDA:1605,206,0,1
BRDA:1605,206,1,0
BRDA:1609,207,0,0
BRDA:1609,207,1,1
BRDA:1611,208,0,0
BRDA:1611,208,1,1
BRDA:1616,209,0,1
BRDA:1616,209,1,0
BRDA:1622,210,0,0
BRDA:1622,210,1,0
BRDA:1630,211,0,0
BRDA:1630,211,1,0
BRDA:1648,212,0,0
BRDA:1648,212,1,2
BRDA:1650,213,0,2
BRDA:1650,213,1,0
BRDA:1655,214,0,1
BRDA:1655,214,1,1
BRDA:1664,215,0,0
BRDA:1664,215,1,1
BRDA:1670,216,0,1
BRDA:1670,216,1,0
BRDA:1672,217,0,1
BRDA:1672,217,1,0
BRDA:1678,218,0,1
BRDA:1678,218,1,0
BRDA:1678,219,0,1
BRDA:1678,219,1,0
BRDA:1697,220,0,0
BRDA:1697,220,1,2
BRDA:1699,221,0,2
BRDA:1699,221,1,0
BRDA:1703,222,0,1
BRDA:1703,222,1,1
BRDA:1708,223,0,1
BRDA:1708,223,1,1
BRDA:1715,224,0,0
BRDA:1715,224,1,1
BRDA:1715,225,0,1
BRDA:1715,225,1,0
BRDA:1720,226,0,1
BRDA:1720,226,1,0
BRDA:1720,227,0,1
BRDA:1720,227,1,1
BRDA:1739,228,0,0
BRDA:1739,228,1,1
BRDA:1745,229,0,1
BRDA:1745,229,1,0
BRDA:1764,230,0,0
BRDA:1764,230,1,2
BRDA:1766,231,0,2
BRDA:1766,231,1,0
BRDA:1766,232,0,2
BRDA:1766,232,1,2
BRDA:1768,233,0,0
BRDA:1768,233,1,2
BRDA:1775,234,0,2
BRDA:1775,234,1,0
BRDA:1775,235,0,2
BRDA:1775,235,1,2
BRDA:1778,236,0,1
BRDA:1778,236,1,1
BRDA:1789,237,0,1
BRDA:1789,237,1,0
BRDA:1790,238,0,1
BRDA:1790,238,1,1
BRDA:1790,238,2,1
BRDA:1790,238,3,1
BRDA:1838,239,0,1
BRDA:1838,239,1,0
BRDA:1851,240,0,1
BRDA:1851,240,1,0
BRDA:49,241,0,15
BRDA:49,241,1,0
BRDA:49,242,0,15
BRDA:49,242,1,15
BRDA:49,243,0,15
BRDA:49,243,1,0
BRDA:49,244,0,15
BRDA:49,244,1,15
BRDA:51,245,0,15
BRDA:51,245,1,0
BRDA:51,246,0,15
BRDA:51,246,1,15
BRDA:53,247,0,15
BRDA:53,247,1,0
BRDA:53,248,0,15
BRDA:53,248,1,15
BRDA:54,249,0,15
BRDA:54,249,1,0
BRDA:54,250,0,15
BRDA:54,250,1,15
BRDA:56,251,0,15
BRDA:56,251,1,0
BRDA:56,252,0,15
BRDA:56,252,1,15
BRDA:58,253,0,15
BRDA:58,253,1,0
BRDA:58,254,0,15
BRDA:58,254,1,15
BRF:528
BRH:327
end_of_record
TN:
SF:src\projects\dto\create-project.dto.ts
FNF:0
FNH:0
DA:1,5
DA:9,5
DA:12,5
DA:16,5
DA:20,5
DA:24,5
DA:28,5
DA:32,5
DA:36,5
DA:40,5
LF:10
LH:10
BRF:0
BRH:0
end_of_record
TN:
SF:src\projects\dto\update-market-news-item.dto.ts
FNF:0
FNH:0
DA:1,5
DA:3,5
DA:6,5
DA:10,5
DA:14,5
DA:18,5
DA:22,5
DA:28,5
DA:32,5
LF:9
LH:9
BRF:0
BRH:0
end_of_record
TN:
SF:src\projects\dto\update-market-price.dto.ts
FNF:0
FNH:0
DA:1,5
DA:3,5
DA:6,5
DA:10,5
DA:14,5
DA:18,5
DA:22,5
DA:26,5
DA:32,5
DA:36,5
LF:10
LH:10
BRF:0
BRH:0
end_of_record
TN:
SF:src\projects\schemas\market-news-item.schema.ts
FNF:0
FNH:0
DA:1,15
DA:7,15
DA:9,15
DA:12,15
DA:15,15
DA:18,15
DA:21,15
DA:24,15
DA:27,15
DA:30,15
LF:10
LH:10
BRF:0
BRH:0
end_of_record
TN:
SF:src\projects\schemas\market-price.schema.ts
FNF:0
FNH:0
DA:1,15
DA:7,15
DA:9,15
DA:12,15
DA:15,15
DA:18,15
DA:21,15
DA:24,15
DA:27,15
DA:30,15
DA:33,15
LF:11
LH:11
BRF:0
BRH:0
end_of_record
TN:
SF:src\projects\schemas\project.schema.ts
FN:7,(anonymous_2)
FNF:1
FNH:1
FNDA:22,(anonymous_2)
DA:1,22
DA:2,22
DA:3,22
DA:7,22
DA:8,22
DA:9,22
DA:10,22
DA:11,22
DA:15,22
DA:17,22
DA:20,22
DA:23,22
DA:26,22
DA:29,22
DA:33,22
DA:35,22
DA:38,22
DA:41,22
DA:44,22
DA:47,22
DA:50,22
DA:53,22
DA:56,22
DA:59,22
DA:62,22
DA:65,22
DA:68,22
DA:71,22
DA:74,22
DA:77,22
DA:80,22
DA:83,22
DA:86,22
DA:89,22
DA:92,22
DA:95,22
LF:36
LH:36
BRDA:7,0,0,22
BRDA:7,0,1,22
BRDA:17,1,0,22
BRDA:17,1,1,0
BRDA:17,2,0,22
BRDA:17,2,1,22
BRDA:41,3,0,22
BRDA:41,3,1,0
BRDA:41,4,0,22
BRDA:41,4,1,22
BRDA:86,5,0,22
BRDA:86,5,1,0
BRDA:86,6,0,22
BRDA:86,6,1,22
BRF:14
BRH:11
end_of_record
TN:
SF:src\uploads\uploads.controller.ts
FN:37,(anonymous_4)
FN:27,(anonymous_5)
FN:30,(anonymous_6)
FNF:3
FNH:1
FNDA:2,(anonymous_4)
FNDA:0,(anonymous_5)
FNDA:0,(anonymous_6)
DA:1,5
DA:9,5
DA:10,5
DA:11,5
DA:12,5
DA:16,5
DA:28,0
DA:30,0
DA:32,0
DA:37,5
DA:39,2
DA:41,1
DA:44,1
LF:13
LH:10
BRDA:39,0,0,2
BRDA:39,0,1,0
BRDA:39,0,2,0
BRDA:41,1,0,1
BRDA:41,1,1,0
BRDA:41,1,2,0
BRDA:37,2,0,0
BRDA:37,2,1,5
BRDA:37,3,0,5
BRDA:37,3,1,0
BRDA:37,3,2,0
BRF:11
BRH:4
end_of_record
TN:
SF:src\uploads\uploads.module.ts
FNF:0
FNH:0
DA:1,4
DA:2,4
DA:3,4
DA:9,4
LF:4
LH:4
BRF:0
BRH:0
end_of_record
TN:
SF:src\users\users.controller.ts
FN:19,(anonymous_4)
FN:24,(anonymous_5)
FN:30,(anonymous_6)
FN:38,(anonymous_7)
FN:60,(anonymous_8)
FN:85,(anonymous_9)
FN:88,(anonymous_10)
FN:88,(anonymous_11)
FN:92,(anonymous_12)
FN:98,(anonymous_13)
FN:117,(anonymous_14)
FN:130,(anonymous_15)
FN:136,(anonymous_16)
FN:146,(anonymous_17)
FN:166,(anonymous_18)
FN:181,(anonymous_19)
FN:191,(anonymous_20)
FN:200,(anonymous_21)
FN:211,(anonymous_22)
FN:26,(anonymous_23)
FNF:20
FNH:20
FNDA:5,(anonymous_4)
FNDA:14,(anonymous_5)
FNDA:4,(anonymous_6)
FNDA:6,(anonymous_7)
FNDA:1,(anonymous_8)
FNDA:1,(anonymous_9)
FNDA:1,(anonymous_10)
FNDA:1,(anonymous_11)
FNDA:1,(anonymous_12)
FNDA:1,(anonymous_13)
FNDA:1,(anonymous_14)
FNDA:1,(anonymous_15)
FNDA:1,(anonymous_16)
FNDA:2,(anonymous_17)
FNDA:1,(anonymous_18)
FNDA:1,(anonymous_19)
FNDA:1,(anonymous_20)
FNDA:1,(anonymous_21)
FNDA:1,(anonymous_22)
FNDA:14,(anonymous_23)
DA:1,5
DA:14,5
DA:15,5
DA:16,5
DA:17,5
DA:19,5
DA:23,5
DA:25,14
DA:26,14
DA:27,14
DA:31,4
DA:32,4
DA:33,4
DA:34,4
DA:35,4
DA:39,6
DA:40,6
DA:41,6
DA:43,6
DA:61,1
DA:62,1
DA:63,1
DA:65,1
DA:85,5
DA:86,1
DA:88,1
DA:92,5
DA:93,1
DA:94,1
DA:98,5
DA:99,1
DA:100,1
DA:113,1
DA:117,5
DA:119,1
DA:120,1
DA:121,1
DA:122,1
DA:123,1
DA:124,1
DA:125,1
DA:126,1
DA:130,5
DA:131,1
DA:132,1
DA:136,5
DA:137,1
DA:138,1
DA:142,1
DA:146,5
DA:147,2
DA:154,2
DA:158,2
DA:166,5
DA:167,1
DA:168,1
DA:181,5
DA:182,1
DA:183,1
DA:191,5
DA:192,1
DA:200,5
DA:201,1
DA:202,1
DA:211,5
DA:212,1
LF:66
LH:66
BRDA:31,0,0,0
BRDA:31,0,1,4
BRDA:32,1,0,0
BRDA:32,1,1,4
BRDA:39,2,0,6
BRDA:39,2,1,0
BRDA:40,3,0,6
BRDA:40,3,1,1
BRDA:41,4,0,2
BRDA:41,4,1,4
BRDA:44,5,0,1
BRDA:44,5,1,5
BRDA:46,6,0,6
BRDA:46,6,1,5
BRDA:46,6,2,5
BRDA:47,7,0,6
BRDA:47,7,1,5
BRDA:48,8,0,6
BRDA:48,8,1,5
BRDA:50,9,0,6
BRDA:50,9,1,3
BRDA:50,9,2,1
BRDA:51,10,0,6
BRDA:51,10,1,3
BRDA:51,10,2,1
BRDA:53,11,0,6
BRDA:53,11,1,5
BRDA:53,11,2,3
BRDA:55,12,0,6
BRDA:55,12,1,5
BRDA:55,12,2,3
BRDA:61,13,0,1
BRDA:61,13,1,0
BRDA:62,14,0,1
BRDA:62,14,1,1
BRDA:63,15,0,1
BRDA:63,15,1,0
BRDA:66,16,0,1
BRDA:66,16,1,0
BRDA:68,17,0,1
BRDA:68,17,1,1
BRDA:68,17,2,1
BRDA:69,18,0,1
BRDA:69,18,1,1
BRDA:70,19,0,1
BRDA:70,19,1,1
BRDA:72,20,0,1
BRDA:72,20,1,1
BRDA:72,20,2,1
BRDA:73,21,0,1
BRDA:73,21,1,1
BRDA:73,21,2,1
BRDA:75,22,0,1
BRDA:75,22,1,1
BRDA:75,22,2,1
BRDA:77,23,0,1
BRDA:77,23,1,1
BRDA:77,23,2,1
BRDA:113,24,0,1
BRDA:113,24,1,1
BRDA:121,25,0,1
BRDA:121,25,1,0
BRDA:122,26,0,1
BRDA:122,26,1,0
BRDA:123,27,0,0
BRDA:123,27,1,1
BRDA:124,28,0,0
BRDA:124,28,1,1
BRDA:142,29,0,1
BRDA:142,29,1,0
BRDA:148,30,0,2
BRDA:148,30,1,1
BRDA:148,30,2,0
BRDA:149,31,0,2
BRDA:149,31,1,1
BRDA:149,31,2,0
BRDA:151,32,0,2
BRDA:151,32,1,2
BRDA:151,32,2,1
BRDA:152,33,0,2
BRDA:152,33,1,2
BRDA:152,33,2,1
BRDA:159,34,0,2
BRDA:159,34,1,0
BRDA:160,35,0,2
BRDA:160,35,1,0
BRDA:25,36,0,5
BRDA:25,36,1,0
BRDA:25,37,0,5
BRDA:25,37,1,5
BRDA:25,38,0,5
BRDA:25,38,1,0
BRDA:25,39,0,5
BRDA:25,39,1,5
BRF:94
BRH:77
end_of_record
TN:
SF:src\users\users.module.ts
FN:27,(anonymous_1)
FNF:1
FNH:0
FNDA:0,(anonymous_1)
DA:1,4
DA:2,4
DA:3,4
DA:4,4
DA:5,4
DA:6,4
DA:7,4
DA:8,4
DA:9,4
DA:13,4
DA:27,0
DA:33,4
LF:12
LH:11
BRF:0
BRH:0
end_of_record
TN:
SF:src\users\users.service.ts
FN:23,(anonymous_13)
FN:35,(anonymous_14)
FN:60,(anonymous_15)
FN:70,(anonymous_16)
FN:90,(anonymous_17)
FN:98,(anonymous_18)
FN:102,(anonymous_19)
FN:106,(anonymous_20)
FN:112,(anonymous_21)
FN:118,(anonymous_22)
FN:129,(anonymous_23)
FN:138,(anonymous_24)
FN:144,(anonymous_25)
FN:150,(anonymous_26)
FN:158,(anonymous_27)
FN:211,(anonymous_28)
FN:283,(anonymous_29)
FN:285,(anonymous_30)
FN:319,(anonymous_31)
FN:337,(anonymous_32)
FNF:20
FNH:19
FNDA:69,(anonymous_13)
FNDA:1,(anonymous_14)
FNDA:1,(anonymous_15)
FNDA:26,(anonymous_16)
FNDA:2,(anonymous_17)
FNDA:0,(anonymous_18)
FNDA:1,(anonymous_19)
FNDA:1,(anonymous_20)
FNDA:1,(anonymous_21)
FNDA:1,(anonymous_22)
FNDA:1,(anonymous_23)
FNDA:1,(anonymous_24)
FNDA:1,(anonymous_25)
FNDA:1,(anonymous_26)
FNDA:3,(anonymous_27)
FNDA:28,(anonymous_28)
FNDA:301,(anonymous_29)
FNDA:1,(anonymous_30)
FNDA:2,(anonymous_31)
FNDA:1,(anonymous_32)
DA:1,13
DA:6,13
DA:7,13
DA:8,13
DA:9,13
DA:10,13
DA:11,13
DA:12,13
DA:16,13
DA:22,13
DA:24,69
DA:26,69
DA:28,69
DA:30,69
DA:32,69
DA:36,1
DA:37,1
DA:38,1
DA:40,1
DA:43,1
DA:46,1
DA:50,1
DA:57,1
DA:61,1
DA:71,26
DA:72,26
DA:74,26
DA:75,26
DA:76,26
DA:78,26
DA:94,2
DA:95,2
DA:99,0
DA:103,1
DA:107,1
DA:113,1
DA:124,1
DA:133,1
DA:139,1
DA:145,1
DA:151,1
DA:162,3
DA:163,3
DA:166,2
DA:167,2
DA:168,1
DA:174,1
DA:175,1
DA:180,1
DA:195,1
DA:203,1
DA:205,1
DA:212,28
DA:213,28
DA:215,26
DA:216,26
DA:226,26
DA:283,26
DA:284,301
DA:285,1
DA:287,301
DA:298,26
DA:323,2
DA:330,2
DA:338,1
LF:65
LH:64
BRDA:40,0,0,1
BRDA:40,0,1,0
BRDA:43,1,0,1
BRDA:43,1,1,0
BRDA:46,2,0,1
BRDA:46,2,1,0
BRDA:63,3,0,1
BRDA:63,3,1,0
BRDA:71,4,0,26
BRDA:71,4,1,0
BRDA:72,5,0,0
BRDA:72,5,1,26
BRDA:94,6,0,1
BRDA:94,6,1,1
BRDA:95,7,0,2
BRDA:95,7,1,0
BRDA:163,8,0,1
BRDA:163,8,1,2
BRDA:167,9,0,1
BRDA:167,9,1,1
BRDA:213,10,0,2
BRDA:213,10,1,26
BRDA:215,11,0,26
BRDA:215,11,1,0
BRDA:284,12,0,301
BRDA:284,12,1,0
BRDA:292,13,0,301
BRDA:292,13,1,300
BRDA:293,14,0,301
BRDA:293,14,1,300
BRDA:294,15,0,301
BRDA:294,15,1,301
BRDA:294,15,2,300
BRDA:24,16,0,13
BRDA:24,16,1,0
BRDA:24,17,0,13
BRDA:24,17,1,13
BRDA:24,18,0,13
BRDA:24,18,1,0
BRDA:24,19,0,13
BRDA:24,19,1,13
BRDA:26,20,0,13
BRDA:26,20,1,0
BRDA:26,21,0,13
BRDA:26,21,1,13
BRDA:28,22,0,13
BRDA:28,22,1,0
BRDA:28,23,0,13
BRDA:28,23,1,13
BRDA:30,24,0,13
BRDA:30,24,1,0
BRDA:30,25,0,13
BRDA:30,25,1,13
BRF:53
BRH:39
end_of_record
TN:
SF:src\users\schemas\user.schema.ts
FN:6,(anonymous_2)
FNF:1
FNH:1
FNDA:25,(anonymous_2)
DA:1,25
DA:6,25
DA:7,25
DA:8,25
DA:9,25
DA:10,25
DA:11,25
DA:15,25
DA:17,25
DA:20,25
DA:23,25
DA:26,25
DA:29,25
DA:32,25
DA:35,25
DA:38,25
DA:41,25
DA:44,25
DA:47,25
DA:50,25
DA:53,25
DA:56,25
DA:59,25
DA:62,25
LF:24
LH:24
BRDA:6,0,0,25
BRDA:6,0,1,25
BRDA:38,1,0,0
BRDA:38,1,1,25
BRDA:38,2,0,25
BRDA:38,2,1,0
BRDA:41,3,0,0
BRDA:41,3,1,25
BRDA:41,4,0,25
BRDA:41,4,1,0
BRDA:44,5,0,0
BRDA:44,5,1,25
BRDA:44,6,0,25
BRDA:44,6,1,0
BRDA:59,7,0,25
BRDA:59,7,1,0
BRDA:59,8,0,25
BRDA:59,8,1,25
BRF:18
BRH:11
end_of_record
