{"C:\\Users\\Hassa\\Documents\\Magnus_Copo_documents\\Magnus_Copo_Workspace_Files\\Split_flow_final_prod\\Investor_app\\src\\components\\Badge.js": {"path":"C:\\Users\\Hassa\\Documents\\Magnus_Copo_documents\\Magnus_Copo_Workspace_Files\\Split_flow_final_prod\\Investor_app\\src\\components\\Badge.js","statementMap":{"0":{"start":{"line":17,"column":26},"end":{"line":24,"column":5}},"1":{"start":{"line":26,"column":23},"end":{"line":30,"column":5}},"2":{"start":{"line":32,"column":19},"end":{"line":32,"column":66}},"3":{"start":{"line":33,"column":19},"end":{"line":33,"column":56}},"4":{"start":{"line":36,"column":4},"end":{"line":47,"column":5}},"5":{"start":{"line":37,"column":8},"end":{"line":46,"column":10}},"6":{"start":{"line":49,"column":4},"end":{"line":74,"column":6}},"7":{"start":{"line":77,"column":0},"end":{"line":83,"column":2}},"8":{"start":{"line":89,"column":25},"end":{"line":96,"column":5}},"9":{"start":{"line":98,"column":19},"end":{"line":98,"column":80}},"10":{"start":{"line":100,"column":4},"end":{"line":100,"column":80}},"11":{"start":{"line":103,"column":0},"end":{"line":105,"column":2}},"12":{"start":{"line":111,"column":23},"end":{"line":116,"column":5}},"13":{"start":{"line":118,"column":19},"end":{"line":118,"column":74}},"14":{"start":{"line":120,"column":4},"end":{"line":120,"column":80}},"15":{"start":{"line":123,"column":0},"end":{"line":125,"column":2}},"16":{"start":{"line":127,"column":15},"end":{"line":166,"column":2}}},"fnMap":{"0":{"name":"Badge","decl":{"start":{"line":10,"column":16},"end":{"line":10,"column":21}},"loc":{"start":{"line":16,"column":3},"end":{"line":75,"column":1}},"line":16},"1":{"name":"StatusBadge","decl":{"start":{"line":88,"column":16},"end":{"line":88,"column":27}},"loc":{"start":{"line":88,"column":40},"end":{"line":101,"column":1}},"line":88},"2":{"name":"RoleBadge","decl":{"start":{"line":110,"column":16},"end":{"line":110,"column":25}},"loc":{"start":{"line":110,"column":36},"end":{"line":121,"column":1}},"line":110}},"branchMap":{"0":{"loc":{"start":{"line":12,"column":4},"end":{"line":12,"column":23}},"type":"default-arg","locations":[{"start":{"line":12,"column":14},"end":{"line":12,"column":23}}],"line":12},"1":{"loc":{"start":{"line":13,"column":4},"end":{"line":13,"column":19}},"type":"default-arg","locations":[{"start":{"line":13,"column":11},"end":{"line":13,"column":19}}],"line":13},"2":{"loc":{"start":{"line":32,"column":19},"end":{"line":32,"column":66}},"type":"binary-expr","locations":[{"start":{"line":32,"column":19},"end":{"line":32,"column":41}},{"start":{"line":32,"column":45},"end":{"line":32,"column":66}}],"line":32},"3":{"loc":{"start":{"line":33,"column":19},"end":{"line":33,"column":56}},"type":"binary-expr","locations":[{"start":{"line":33,"column":19},"end":{"line":33,"column":35}},{"start":{"line":33,"column":39},"end":{"line":33,"column":56}}],"line":33},"4":{"loc":{"start":{"line":36,"column":4},"end":{"line":47,"column":5}},"type":"if","locations":[{"start":{"line":36,"column":4},"end":{"line":47,"column":5}},{"start":{},"end":{}}],"line":36},"5":{"loc":{"start":{"line":36,"column":8},"end":{"line":36,"column":37}},"type":"binary-expr","locations":[{"start":{"line":36,"column":8},"end":{"line":36,"column":27}},{"start":{"line":36,"column":31},"end":{"line":36,"column":37}}],"line":36},"6":{"loc":{"start":{"line":43,"column":21},"end":{"line":43,"column":47}},"type":"cond-expr","locations":[{"start":{"line":43,"column":34},"end":{"line":43,"column":39}},{"start":{"line":43,"column":42},"end":{"line":43,"column":47}}],"line":43},"7":{"loc":{"start":{"line":58,"column":13},"end":{"line":58,"column":65}},"type":"binary-expr","locations":[{"start":{"line":58,"column":13},"end":{"line":58,"column":17}},{"start":{"line":58,"column":21},"end":{"line":58,"column":65}}],"line":58},"8":{"loc":{"start":{"line":68,"column":13},"end":{"line":72,"column":13}},"type":"binary-expr","locations":[{"start":{"line":68,"column":13},"end":{"line":68,"column":32}},{"start":{"line":69,"column":16},"end":{"line":71,"column":23}}],"line":68},"9":{"loc":{"start":{"line":70,"column":57},"end":{"line":70,"column":83}},"type":"cond-expr","locations":[{"start":{"line":70,"column":70},"end":{"line":70,"column":75}},{"start":{"line":70,"column":78},"end":{"line":70,"column":83}}],"line":70},"10":{"loc":{"start":{"line":98,"column":19},"end":{"line":98,"column":80}},"type":"binary-expr","locations":[{"start":{"line":98,"column":19},"end":{"line":98,"column":39}},{"start":{"line":98,"column":43},"end":{"line":98,"column":80}}],"line":98},"11":{"loc":{"start":{"line":118,"column":19},"end":{"line":118,"column":74}},"type":"binary-expr","locations":[{"start":{"line":118,"column":19},"end":{"line":118,"column":35}},{"start":{"line":118,"column":39},"end":{"line":118,"column":74}}],"line":118}},"s":{"0":7,"1":7,"2":7,"3":7,"4":7,"5":1,"6":6,"7":1,"8":2,"9":2,"10":2,"11":1,"12":3,"13":3,"14":3,"15":1,"16":1},"f":{"0":7,"1":2,"2":3},"b":{"0":[1],"1":[2],"2":[7,0],"3":[7,0],"4":[1,6],"5":[7,2],"6":[1,0],"7":[6,0],"8":[6,1],"9":[0,1],"10":[2,1],"11":[3,0]},"_coverageSchema":"1a1c01bbd47fc00a2c39e90264f33305004495a9","hash":"c7b22411db8e1c51a673bea3aff0a99c38591201"}
,"C:\\Users\\Hassa\\Documents\\Magnus_Copo_documents\\Magnus_Copo_Workspace_Files\\Split_flow_final_prod\\Investor_app\\src\\components\\Card.js": {"path":"C:\\Users\\Hassa\\Documents\\Magnus_Copo_documents\\Magnus_Copo_Workspace_Files\\Split_flow_final_prod\\Investor_app\\src\\components\\Card.js","statementMap":{"0":{"start":{"line":17,"column":25},"end":{"line":21,"column":5}},"1":{"start":{"line":23,"column":26},"end":{"line":28,"column":5}},"2":{"start":{"line":30,"column":4},"end":{"line":39,"column":6}},"3":{"start":{"line":42,"column":0},"end":{"line":48,"column":2}},"4":{"start":{"line":54,"column":4},"end":{"line":67,"column":6}},"5":{"start":{"line":72,"column":0},"end":{"line":77,"column":2}},"6":{"start":{"line":83,"column":4},"end":{"line":96,"column":6}},"7":{"start":{"line":99,"column":0},"end":{"line":104,"column":2}},"8":{"start":{"line":106,"column":15},"end":{"line":184,"column":2}}},"fnMap":{"0":{"name":"Card","decl":{"start":{"line":10,"column":16},"end":{"line":10,"column":20}},"loc":{"start":{"line":16,"column":3},"end":{"line":40,"column":1}},"line":16},"1":{"name":"CardHeader","decl":{"start":{"line":53,"column":16},"end":{"line":53,"column":26}},"loc":{"start":{"line":53,"column":62},"end":{"line":68,"column":1}},"line":53},"2":{"name":"CardRow","decl":{"start":{"line":82,"column":16},"end":{"line":82,"column":23}},"loc":{"start":{"line":82,"column":60},"end":{"line":97,"column":1}},"line":82}},"branchMap":{"0":{"loc":{"start":{"line":12,"column":4},"end":{"line":12,"column":23}},"type":"default-arg","locations":[{"start":{"line":12,"column":14},"end":{"line":12,"column":23}}],"line":12},"1":{"loc":{"start":{"line":13,"column":4},"end":{"line":13,"column":22}},"type":"default-arg","locations":[{"start":{"line":13,"column":14},"end":{"line":13,"column":22}}],"line":13},"2":{"loc":{"start":{"line":15,"column":4},"end":{"line":15,"column":21}},"type":"default-arg","locations":[{"start":{"line":15,"column":16},"end":{"line":15,"column":21}}],"line":15},"3":{"loc":{"start":{"line":17,"column":25},"end":{"line":21,"column":5}},"type":"cond-expr","locations":[{"start":{"line":17,"column":37},"end":{"line":17,"column":38}},{"start":{"line":18,"column":8},"end":{"line":20,"column":45}}],"line":17},"4":{"loc":{"start":{"line":18,"column":8},"end":{"line":20,"column":45}},"type":"cond-expr","locations":[{"start":{"line":18,"column":30},"end":{"line":18,"column":32}},{"start":{"line":19,"column":12},"end":{"line":20,"column":45}}],"line":18},"5":{"loc":{"start":{"line":19,"column":12},"end":{"line":20,"column":45}},"type":"cond-expr","locations":[{"start":{"line":19,"column":35},"end":{"line":19,"column":37}},{"start":{"line":20,"column":16},"end":{"line":20,"column":45}}],"line":19},"6":{"loc":{"start":{"line":20,"column":16},"end":{"line":20,"column":45}},"type":"cond-expr","locations":[{"start":{"line":20,"column":38},"end":{"line":20,"column":40}},{"start":{"line":20,"column":43},"end":{"line":20,"column":45}}],"line":20},"7":{"loc":{"start":{"line":57,"column":17},"end":{"line":57,"column":74}},"type":"binary-expr","locations":[{"start":{"line":57,"column":17},"end":{"line":57,"column":21}},{"start":{"line":57,"column":25},"end":{"line":57,"column":74}}],"line":57},"8":{"loc":{"start":{"line":60,"column":21},"end":{"line":62,"column":21}},"type":"binary-expr","locations":[{"start":{"line":60,"column":21},"end":{"line":60,"column":29}},{"start":{"line":61,"column":24},"end":{"line":61,"column":99}}],"line":60},"9":{"loc":{"start":{"line":65,"column":13},"end":{"line":65,"column":76}},"type":"binary-expr","locations":[{"start":{"line":65,"column":13},"end":{"line":65,"column":19}},{"start":{"line":65,"column":23},"end":{"line":65,"column":76}}],"line":65},"10":{"loc":{"start":{"line":86,"column":17},"end":{"line":86,"column":71}},"type":"binary-expr","locations":[{"start":{"line":86,"column":17},"end":{"line":86,"column":21}},{"start":{"line":86,"column":25},"end":{"line":86,"column":71}}],"line":86},"11":{"loc":{"start":{"line":90,"column":45},"end":{"line":90,"column":80}},"type":"binary-expr","locations":[{"start":{"line":90,"column":45},"end":{"line":90,"column":55}},{"start":{"line":90,"column":59},"end":{"line":90,"column":80}}],"line":90}},"s":{"0":1,"1":1,"2":1,"3":1,"4":1,"5":1,"6":1,"7":1,"8":1},"f":{"0":1,"1":1,"2":1},"b":{"0":[1],"1":[1],"2":[1],"3":[0,1],"4":[0,1],"5":[1,0],"6":[0,0],"7":[1,1],"8":[1,1],"9":[1,1],"10":[1,1],"11":[1,0]},"_coverageSchema":"1a1c01bbd47fc00a2c39e90264f33305004495a9","hash":"6b5fdf6ff21ea540cfae6d8711b9c629aea0db09"}
,"C:\\Users\\Hassa\\Documents\\Magnus_Copo_documents\\Magnus_Copo_Workspace_Files\\Split_flow_final_prod\\Investor_app\\src\\components\\ErrorBoundary.js": {"path":"C:\\Users\\Hassa\\Documents\\Magnus_Copo_documents\\Magnus_Copo_Workspace_Files\\Split_flow_final_prod\\Investor_app\\src\\components\\ErrorBoundary.js","statementMap":{"0":{"start":{"line":8,"column":8},"end":{"line":8,"column":21}},"1":{"start":{"line":9,"column":8},"end":{"line":9,"column":54}},"2":{"start":{"line":12,"column":23},"end":{"line":14,"column":5}},"3":{"start":{"line":17,"column":8},"end":{"line":17,"column":41}},"4":{"start":{"line":22,"column":8},"end":{"line":22,"column":59}},"5":{"start":{"line":25,"column":18},"end":{"line":29,"column":5}},"6":{"start":{"line":26,"column":8},"end":{"line":26,"column":56}},"7":{"start":{"line":32,"column":8},"end":{"line":54,"column":9}},"8":{"start":{"line":33,"column":12},"end":{"line":53,"column":14}},"9":{"start":{"line":56,"column":8},"end":{"line":56,"column":35}},"10":{"start":{"line":60,"column":15},"end":{"line":113,"column":2}}},"fnMap":{"0":{"name":"(anonymous_0)","decl":{"start":{"line":7,"column":4},"end":{"line":7,"column":5}},"loc":{"start":{"line":7,"column":23},"end":{"line":10,"column":5}},"line":7},"1":{"name":"(anonymous_1)","decl":{"start":{"line":16,"column":4},"end":{"line":16,"column":5}},"loc":{"start":{"line":16,"column":43},"end":{"line":18,"column":5}},"line":16},"2":{"name":"(anonymous_2)","decl":{"start":{"line":20,"column":4},"end":{"line":20,"column":5}},"loc":{"start":{"line":20,"column":40},"end":{"line":23,"column":5}},"line":20},"3":{"name":"(anonymous_3)","decl":{"start":{"line":25,"column":18},"end":{"line":25,"column":19}},"loc":{"start":{"line":25,"column":24},"end":{"line":29,"column":5}},"line":25},"4":{"name":"(anonymous_4)","decl":{"start":{"line":31,"column":4},"end":{"line":31,"column":5}},"loc":{"start":{"line":31,"column":13},"end":{"line":57,"column":5}},"line":31}},"branchMap":{"0":{"loc":{"start":{"line":32,"column":8},"end":{"line":54,"column":9}},"type":"if","locations":[{"start":{"line":32,"column":8},"end":{"line":54,"column":9}},{"start":{},"end":{}}],"line":32},"1":{"loc":{"start":{"line":41,"column":25},"end":{"line":47,"column":25}},"type":"binary-expr","locations":[{"start":{"line":41,"column":25},"end":{"line":41,"column":41}},{"start":{"line":42,"column":28},"end":{"line":46,"column":35}}],"line":41}},"s":{"0":2,"1":2,"2":1,"3":1,"4":1,"5":2,"6":1,"7":5,"8":2,"9":3,"10":1},"f":{"0":2,"1":1,"2":1,"3":1,"4":5},"b":{"0":[2,3],"1":[2,2]},"_coverageSchema":"1a1c01bbd47fc00a2c39e90264f33305004495a9","hash":"06f4028e3b021cf9e00f1d4b1d57a9ce59bcca1e"}
,"C:\\Users\\Hassa\\Documents\\Magnus_Copo_documents\\Magnus_Copo_Workspace_Files\\Split_flow_final_prod\\Investor_app\\src\\components\\ProfileMenu.js": {"path":"C:\\Users\\Hassa\\Documents\\Magnus_Copo_documents\\Magnus_Copo_Workspace_Files\\Split_flow_final_prod\\Investor_app\\src\\components\\ProfileMenu.js","statementMap":{"0":{"start":{"line":31,"column":22},"end":{"line":69,"column":5}},"1":{"start":{"line":36,"column":16},"end":{"line":36,"column":26}},"2":{"start":{"line":37,"column":16},"end":{"line":37,"column":30}},"3":{"start":{"line":45,"column":16},"end":{"line":45,"column":26}},"4":{"start":{"line":46,"column":16},"end":{"line":46,"column":28}},"5":{"start":{"line":54,"column":16},"end":{"line":54,"column":26}},"6":{"start":{"line":55,"column":16},"end":{"line":55,"column":31}},"7":{"start":{"line":63,"column":16},"end":{"line":63,"column":26}},"8":{"start":{"line":64,"column":16},"end":{"line":64,"column":29}},"9":{"start":{"line":71,"column":4},"end":{"line":157,"column":6}},"10":{"start":{"line":80,"column":62},"end":{"line":80,"column":81}},"11":{"start":{"line":89,"column":70},"end":{"line":89,"column":74}},"12":{"start":{"line":113,"column":36},"end":{"line":144,"column":55}},"13":{"start":{"line":160,"column":0},"end":{"line":168,"column":2}},"14":{"start":{"line":170,"column":15},"end":{"line":278,"column":2}}},"fnMap":{"0":{"name":"ProfileMenu","decl":{"start":{"line":22,"column":24},"end":{"line":22,"column":35}},"loc":{"start":{"line":30,"column":3},"end":{"line":158,"column":1}},"line":30},"1":{"name":"(anonymous_1)","decl":{"start":{"line":35,"column":21},"end":{"line":35,"column":22}},"loc":{"start":{"line":35,"column":27},"end":{"line":38,"column":13}},"line":35},"2":{"name":"(anonymous_2)","decl":{"start":{"line":44,"column":21},"end":{"line":44,"column":22}},"loc":{"start":{"line":44,"column":27},"end":{"line":47,"column":13}},"line":44},"3":{"name":"(anonymous_3)","decl":{"start":{"line":53,"column":21},"end":{"line":53,"column":22}},"loc":{"start":{"line":53,"column":27},"end":{"line":56,"column":13}},"line":53},"4":{"name":"(anonymous_4)","decl":{"start":{"line":62,"column":21},"end":{"line":62,"column":22}},"loc":{"start":{"line":62,"column":27},"end":{"line":65,"column":13}},"line":62},"5":{"name":"(anonymous_5)","decl":{"start":{"line":80,"column":55},"end":{"line":80,"column":56}},"loc":{"start":{"line":80,"column":62},"end":{"line":80,"column":81}},"line":80},"6":{"name":"(anonymous_6)","decl":{"start":{"line":89,"column":65},"end":{"line":89,"column":66}},"loc":{"start":{"line":89,"column":70},"end":{"line":89,"column":74}},"line":89},"7":{"name":"(anonymous_7)","decl":{"start":{"line":112,"column":47},"end":{"line":112,"column":48}},"loc":{"start":{"line":113,"column":36},"end":{"line":144,"column":55}},"line":113}},"branchMap":{"0":{"loc":{"start":{"line":29,"column":4},"end":{"line":29,"column":21}},"type":"default-arg","locations":[{"start":{"line":29,"column":15},"end":{"line":29,"column":21}}],"line":29},"1":{"loc":{"start":{"line":117,"column":44},"end":{"line":117,"column":82}},"type":"binary-expr","locations":[{"start":{"line":117,"column":44},"end":{"line":117,"column":57}},{"start":{"line":117,"column":61},"end":{"line":117,"column":82}}],"line":117},"2":{"loc":{"start":{"line":118,"column":44},"end":{"line":118,"column":97}},"type":"binary-expr","locations":[{"start":{"line":118,"column":44},"end":{"line":118,"column":74}},{"start":{"line":118,"column":78},"end":{"line":118,"column":97}}],"line":118},"3":{"loc":{"start":{"line":135,"column":44},"end":{"line":135,"column":87}},"type":"binary-expr","locations":[{"start":{"line":135,"column":44},"end":{"line":135,"column":57}},{"start":{"line":135,"column":61},"end":{"line":135,"column":87}}],"line":135}},"s":{"0":4,"1":1,"2":1,"3":1,"4":1,"5":1,"6":1,"7":1,"8":1,"9":4,"10":1,"11":5,"12":16,"13":1,"14":1},"f":{"0":4,"1":1,"2":1,"3":1,"4":1,"5":1,"6":5,"7":16},"b":{"0":[0],"1":[16,4],"2":[16,4],"3":[16,4]},"_coverageSchema":"1a1c01bbd47fc00a2c39e90264f33305004495a9","hash":"1d2b841e9d8e2657e9374b1abba0975c18d4794b"}
,"C:\\Users\\Hassa\\Documents\\Magnus_Copo_documents\\Magnus_Copo_Workspace_Files\\Split_flow_final_prod\\Investor_app\\src\\components\\Theme.js": {"path":"C:\\Users\\Hassa\\Documents\\Magnus_Copo_documents\\Magnus_Copo_Workspace_Files\\Split_flow_final_prod\\Investor_app\\src\\components\\Theme.js","statementMap":{"0":{"start":{"line":7,"column":21},"end":{"line":253,"column":1}},"1":{"start":{"line":256,"column":30},"end":{"line":274,"column":1}},"2":{"start":{"line":257,"column":22},"end":{"line":257,"column":38}},"3":{"start":{"line":260,"column":4},"end":{"line":268,"column":5}},"4":{"start":{"line":261,"column":8},"end":{"line":261,"column":62}},"5":{"start":{"line":262,"column":11},"end":{"line":268,"column":5}},"6":{"start":{"line":263,"column":8},"end":{"line":263,"column":59}},"7":{"start":{"line":264,"column":11},"end":{"line":268,"column":5}},"8":{"start":{"line":265,"column":8},"end":{"line":265,"column":57}},"9":{"start":{"line":267,"column":8},"end":{"line":267,"column":60}},"10":{"start":{"line":270,"column":4},"end":{"line":272,"column":5}},"11":{"start":{"line":271,"column":8},"end":{"line":271,"column":62}},"12":{"start":{"line":273,"column":4},"end":{"line":273,"column":21}},"13":{"start":{"line":277,"column":30},"end":{"line":293,"column":1}},"14":{"start":{"line":278,"column":4},"end":{"line":292,"column":5}},"15":{"start":{"line":282,"column":12},"end":{"line":282,"column":40}},"16":{"start":{"line":285,"column":12},"end":{"line":285,"column":40}},"17":{"start":{"line":289,"column":12},"end":{"line":289,"column":39}},"18":{"start":{"line":291,"column":12},"end":{"line":291,"column":46}},"19":{"start":{"line":296,"column":32},"end":{"line":312,"column":1}},"20":{"start":{"line":297,"column":4},"end":{"line":311,"column":5}},"21":{"start":{"line":301,"column":12},"end":{"line":301,"column":45}},"22":{"start":{"line":304,"column":12},"end":{"line":304,"column":45}},"23":{"start":{"line":308,"column":12},"end":{"line":308,"column":44}},"24":{"start":{"line":310,"column":12},"end":{"line":310,"column":43}}},"fnMap":{"0":{"name":"(anonymous_0)","decl":{"start":{"line":256,"column":30},"end":{"line":256,"column":31}},"loc":{"start":{"line":256,"column":60},"end":{"line":274,"column":1}},"line":256},"1":{"name":"(anonymous_1)","decl":{"start":{"line":277,"column":30},"end":{"line":277,"column":31}},"loc":{"start":{"line":277,"column":42},"end":{"line":293,"column":1}},"line":277},"2":{"name":"(anonymous_2)","decl":{"start":{"line":296,"column":32},"end":{"line":296,"column":33}},"loc":{"start":{"line":296,"column":44},"end":{"line":312,"column":1}},"line":296}},"branchMap":{"0":{"loc":{"start":{"line":187,"column":23},"end":{"line":187,"column":56}},"type":"cond-expr","locations":[{"start":{"line":187,"column":51},"end":{"line":187,"column":52}},{"start":{"line":187,"column":55},"end":{"line":187,"column":56}}],"line":187},"1":{"loc":{"start":{"line":194,"column":23},"end":{"line":194,"column":56}},"type":"cond-expr","locations":[{"start":{"line":194,"column":51},"end":{"line":194,"column":52}},{"start":{"line":194,"column":55},"end":{"line":194,"column":56}}],"line":194},"2":{"loc":{"start":{"line":201,"column":23},"end":{"line":201,"column":56}},"type":"cond-expr","locations":[{"start":{"line":201,"column":51},"end":{"line":201,"column":52}},{"start":{"line":201,"column":55},"end":{"line":201,"column":56}}],"line":201},"3":{"loc":{"start":{"line":208,"column":23},"end":{"line":208,"column":58}},"type":"cond-expr","locations":[{"start":{"line":208,"column":51},"end":{"line":208,"column":53}},{"start":{"line":208,"column":56},"end":{"line":208,"column":58}}],"line":208},"4":{"loc":{"start":{"line":215,"column":23},"end":{"line":215,"column":58}},"type":"cond-expr","locations":[{"start":{"line":215,"column":51},"end":{"line":215,"column":53}},{"start":{"line":215,"column":56},"end":{"line":215,"column":58}}],"line":215},"5":{"loc":{"start":{"line":222,"column":23},"end":{"line":222,"column":56}},"type":"cond-expr","locations":[{"start":{"line":222,"column":51},"end":{"line":222,"column":52}},{"start":{"line":222,"column":55},"end":{"line":222,"column":56}}],"line":222},"6":{"loc":{"start":{"line":229,"column":23},"end":{"line":229,"column":56}},"type":"cond-expr","locations":[{"start":{"line":229,"column":51},"end":{"line":229,"column":52}},{"start":{"line":229,"column":55},"end":{"line":229,"column":56}}],"line":229},"7":{"loc":{"start":{"line":236,"column":23},"end":{"line":236,"column":56}},"type":"cond-expr","locations":[{"start":{"line":236,"column":51},"end":{"line":236,"column":52}},{"start":{"line":236,"column":55},"end":{"line":236,"column":56}}],"line":236},"8":{"loc":{"start":{"line":243,"column":23},"end":{"line":243,"column":58}},"type":"cond-expr","locations":[{"start":{"line":243,"column":51},"end":{"line":243,"column":53}},{"start":{"line":243,"column":56},"end":{"line":243,"column":58}}],"line":243},"9":{"loc":{"start":{"line":250,"column":23},"end":{"line":250,"column":57}},"type":"cond-expr","locations":[{"start":{"line":250,"column":51},"end":{"line":250,"column":53}},{"start":{"line":250,"column":56},"end":{"line":250,"column":57}}],"line":250},"10":{"loc":{"start":{"line":256,"column":39},"end":{"line":256,"column":55}},"type":"default-arg","locations":[{"start":{"line":256,"column":50},"end":{"line":256,"column":55}}],"line":256},"11":{"loc":{"start":{"line":260,"column":4},"end":{"line":268,"column":5}},"type":"if","locations":[{"start":{"line":260,"column":4},"end":{"line":268,"column":5}},{"start":{"line":262,"column":11},"end":{"line":268,"column":5}}],"line":260},"12":{"loc":{"start":{"line":262,"column":11},"end":{"line":268,"column":5}},"type":"if","locations":[{"start":{"line":262,"column":11},"end":{"line":268,"column":5}},{"start":{"line":264,"column":11},"end":{"line":268,"column":5}}],"line":262},"13":{"loc":{"start":{"line":264,"column":11},"end":{"line":268,"column":5}},"type":"if","locations":[{"start":{"line":264,"column":11},"end":{"line":268,"column":5}},{"start":{"line":266,"column":11},"end":{"line":268,"column":5}}],"line":264},"14":{"loc":{"start":{"line":270,"column":4},"end":{"line":272,"column":5}},"type":"if","locations":[{"start":{"line":270,"column":4},"end":{"line":272,"column":5}},{"start":{},"end":{}}],"line":270},"15":{"loc":{"start":{"line":270,"column":8},"end":{"line":270,"column":32}},"type":"binary-expr","locations":[{"start":{"line":270,"column":8},"end":{"line":270,"column":16}},{"start":{"line":270,"column":20},"end":{"line":270,"column":32}}],"line":270},"16":{"loc":{"start":{"line":271,"column":15},"end":{"line":271,"column":61}},"type":"cond-expr","locations":[{"start":{"line":271,"column":28},"end":{"line":271,"column":43}},{"start":{"line":271,"column":46},"end":{"line":271,"column":61}}],"line":271},"17":{"loc":{"start":{"line":278,"column":4},"end":{"line":292,"column":5}},"type":"switch","locations":[{"start":{"line":279,"column":8},"end":{"line":279,"column":22}},{"start":{"line":280,"column":8},"end":{"line":280,"column":25}},{"start":{"line":281,"column":8},"end":{"line":282,"column":40}},{"start":{"line":283,"column":8},"end":{"line":283,"column":23}},{"start":{"line":284,"column":8},"end":{"line":285,"column":40}},{"start":{"line":286,"column":8},"end":{"line":286,"column":23}},{"start":{"line":287,"column":8},"end":{"line":287,"column":24}},{"start":{"line":288,"column":8},"end":{"line":289,"column":39}},{"start":{"line":290,"column":8},"end":{"line":291,"column":46}}],"line":278},"18":{"loc":{"start":{"line":297,"column":4},"end":{"line":311,"column":5}},"type":"switch","locations":[{"start":{"line":298,"column":8},"end":{"line":298,"column":22}},{"start":{"line":299,"column":8},"end":{"line":299,"column":25}},{"start":{"line":300,"column":8},"end":{"line":301,"column":45}},{"start":{"line":302,"column":8},"end":{"line":302,"column":23}},{"start":{"line":303,"column":8},"end":{"line":304,"column":45}},{"start":{"line":305,"column":8},"end":{"line":305,"column":23}},{"start":{"line":306,"column":8},"end":{"line":306,"column":24}},{"start":{"line":307,"column":8},"end":{"line":308,"column":44}},{"start":{"line":309,"column":8},"end":{"line":310,"column":43}}],"line":297}},"s":{"0":6,"1":6,"2":6,"3":6,"4":1,"5":5,"6":1,"7":4,"8":3,"9":1,"10":6,"11":2,"12":4,"13":6,"14":4,"15":1,"16":1,"17":1,"18":1,"19":6,"20":4,"21":1,"22":1,"23":1,"24":1},"f":{"0":6,"1":4,"2":4},"b":{"0":[0,6],"1":[0,6],"2":[0,6],"3":[0,6],"4":[0,6],"5":[0,6],"6":[0,6],"7":[0,6],"8":[0,6],"9":[0,6],"10":[4],"11":[1,5],"12":[1,4],"13":[3,1],"14":[2,4],"15":[6,2],"16":[1,1],"17":[1,1,1,1,1,0,1,1,1],"18":[0,0,1,0,1,0,0,1,1]},"_coverageSchema":"1a1c01bbd47fc00a2c39e90264f33305004495a9","hash":"200431a973d52dffb19a099fb5d6d51a7a8f76d1"}
,"C:\\Users\\Hassa\\Documents\\Magnus_Copo_documents\\Magnus_Copo_Workspace_Files\\Split_flow_final_prod\\Investor_app\\src\\components\\Tooltip.js": {"path":"C:\\Users\\Hassa\\Documents\\Magnus_Copo_documents\\Magnus_Copo_Workspace_Files\\Split_flow_final_prod\\Investor_app\\src\\components\\Tooltip.js","statementMap":{"0":{"start":{"line":7,"column":32},"end":{"line":7,"column":56}},"1":{"start":{"line":14,"column":34},"end":{"line":14,"column":49}},"2":{"start":{"line":16,"column":4},"end":{"line":54,"column":6}},"3":{"start":{"line":19,"column":31},"end":{"line":19,"column":47}},"4":{"start":{"line":34,"column":38},"end":{"line":34,"column":55}},"5":{"start":{"line":36,"column":57},"end":{"line":36,"column":74}},"6":{"start":{"line":38,"column":66},"end":{"line":38,"column":85}},"7":{"start":{"line":44,"column":51},"end":{"line":44,"column":68}},"8":{"start":{"line":57,"column":0},"end":{"line":62,"column":2}},"9":{"start":{"line":68,"column":4},"end":{"line":74,"column":6}},"10":{"start":{"line":77,"column":0},"end":{"line":80,"column":2}},"11":{"start":{"line":86,"column":4},"end":{"line":93,"column":6}},"12":{"start":{"line":96,"column":0},"end":{"line":100,"column":2}},"13":{"start":{"line":105,"column":32},"end":{"line":130,"column":1}},"14":{"start":{"line":132,"column":15},"end":{"line":193,"column":2}}},"fnMap":{"0":{"name":"Tooltip","decl":{"start":{"line":13,"column":16},"end":{"line":13,"column":23}},"loc":{"start":{"line":13,"column":75},"end":{"line":55,"column":1}},"line":13},"1":{"name":"(anonymous_1)","decl":{"start":{"line":19,"column":25},"end":{"line":19,"column":26}},"loc":{"start":{"line":19,"column":31},"end":{"line":19,"column":47}},"line":19},"2":{"name":"(anonymous_2)","decl":{"start":{"line":34,"column":32},"end":{"line":34,"column":33}},"loc":{"start":{"line":34,"column":38},"end":{"line":34,"column":55}},"line":34},"3":{"name":"(anonymous_3)","decl":{"start":{"line":36,"column":51},"end":{"line":36,"column":52}},"loc":{"start":{"line":36,"column":57},"end":{"line":36,"column":74}},"line":36},"4":{"name":"(anonymous_4)","decl":{"start":{"line":38,"column":59},"end":{"line":38,"column":60}},"loc":{"start":{"line":38,"column":66},"end":{"line":38,"column":85}},"line":38},"5":{"name":"(anonymous_5)","decl":{"start":{"line":44,"column":45},"end":{"line":44,"column":46}},"loc":{"start":{"line":44,"column":51},"end":{"line":44,"column":68}},"line":44},"6":{"name":"InfoTooltip","decl":{"start":{"line":67,"column":16},"end":{"line":67,"column":27}},"loc":{"start":{"line":67,"column":48},"end":{"line":75,"column":1}},"line":67},"7":{"name":"LabelWithHelp","decl":{"start":{"line":85,"column":16},"end":{"line":85,"column":29}},"loc":{"start":{"line":85,"column":62},"end":{"line":94,"column":1}},"line":85}},"branchMap":{"0":{"loc":{"start":{"line":13,"column":52},"end":{"line":13,"column":71}},"type":"default-arg","locations":[{"start":{"line":13,"column":63},"end":{"line":13,"column":71}}],"line":13},"1":{"loc":{"start":{"line":23,"column":17},"end":{"line":27,"column":17}},"type":"binary-expr","locations":[{"start":{"line":23,"column":17},"end":{"line":23,"column":25}},{"start":{"line":24,"column":20},"end":{"line":26,"column":27}}],"line":23},"2":{"loc":{"start":{"line":40,"column":33},"end":{"line":40,"column":90}},"type":"binary-expr","locations":[{"start":{"line":40,"column":33},"end":{"line":40,"column":38}},{"start":{"line":40,"column":42},"end":{"line":40,"column":90}}],"line":40}},"s":{"0":1,"1":11,"2":11,"3":4,"4":1,"5":1,"6":1,"7":1,"8":1,"9":1,"10":1,"11":1,"12":1,"13":1,"14":1},"f":{"0":11,"1":4,"2":1,"3":1,"4":1,"5":1,"6":1,"7":1},"b":{"0":[11],"1":[11,0],"2":[11,11]},"_coverageSchema":"1a1c01bbd47fc00a2c39e90264f33305004495a9","hash":"bca9721dd37668522c433586b1ebf006d7ffcbce"}
,"C:\\Users\\Hassa\\Documents\\Magnus_Copo_documents\\Magnus_Copo_Workspace_Files\\Split_flow_final_prod\\Investor_app\\src\\context\\AuthContext.js": {"path":"C:\\Users\\Hassa\\Documents\\Magnus_Copo_documents\\Magnus_Copo_Workspace_Files\\Split_flow_final_prod\\Investor_app\\src\\context\\AuthContext.js","statementMap":{"0":{"start":{"line":9,"column":21},"end":{"line":9,"column":48}},"1":{"start":{"line":12,"column":20},"end":{"line":12,"column":39}},"2":{"start":{"line":15,"column":21},"end":{"line":20,"column":1}},"3":{"start":{"line":26,"column":28},"end":{"line":26,"column":42}},"4":{"start":{"line":27,"column":50},"end":{"line":27,"column":65}},"5":{"start":{"line":28,"column":42},"end":{"line":28,"column":57}},"6":{"start":{"line":29,"column":46},"end":{"line":29,"column":61}},"7":{"start":{"line":30,"column":50},"end":{"line":30,"column":65}},"8":{"start":{"line":31,"column":56},"end":{"line":31,"column":71}},"9":{"start":{"line":32,"column":52},"end":{"line":32,"column":67}},"10":{"start":{"line":33,"column":46},"end":{"line":33,"column":60}},"11":{"start":{"line":36,"column":4},"end":{"line":50,"column":11}},"12":{"start":{"line":37,"column":31},"end":{"line":48,"column":9}},"13":{"start":{"line":38,"column":12},"end":{"line":47,"column":13}},"14":{"start":{"line":39,"column":52},"end":{"line":39,"column":90}},"15":{"start":{"line":40,"column":16},"end":{"line":40,"column":49}},"16":{"start":{"line":41,"column":16},"end":{"line":41,"column":55}},"17":{"start":{"line":43,"column":32},"end":{"line":43,"column":90}},"18":{"start":{"line":44,"column":16},"end":{"line":44,"column":56}},"19":{"start":{"line":46,"column":16},"end":{"line":46,"column":45}},"20":{"start":{"line":49,"column":8},"end":{"line":49,"column":25}},"21":{"start":{"line":55,"column":28},"end":{"line":87,"column":10}},"22":{"start":{"line":56,"column":8},"end":{"line":86,"column":9}},"23":{"start":{"line":57,"column":34},"end":{"line":57,"column":72}},"24":{"start":{"line":58,"column":12},"end":{"line":60,"column":13}},"25":{"start":{"line":59,"column":16},"end":{"line":59,"column":99}},"26":{"start":{"line":63,"column":32},"end":{"line":66,"column":14}},"27":{"start":{"line":68,"column":12},"end":{"line":70,"column":13}},"28":{"start":{"line":69,"column":16},"end":{"line":69,"column":86}},"29":{"start":{"line":73,"column":26},"end":{"line":73,"column":61}},"30":{"start":{"line":74,"column":28},"end":{"line":74,"column":108}},"31":{"start":{"line":75,"column":12},"end":{"line":75,"column":84}},"32":{"start":{"line":76,"column":12},"end":{"line":76,"column":79}},"33":{"start":{"line":77,"column":12},"end":{"line":77,"column":38}},"34":{"start":{"line":80,"column":12},"end":{"line":80,"column":76}},"35":{"start":{"line":82,"column":12},"end":{"line":82,"column":37}},"36":{"start":{"line":84,"column":12},"end":{"line":84,"column":61}},"37":{"start":{"line":85,"column":12},"end":{"line":85,"column":82}},"38":{"start":{"line":92,"column":29},"end":{"line":106,"column":10}},"39":{"start":{"line":93,"column":8},"end":{"line":105,"column":9}},"40":{"start":{"line":94,"column":12},"end":{"line":94,"column":78}},"41":{"start":{"line":95,"column":12},"end":{"line":95,"column":80}},"42":{"start":{"line":96,"column":12},"end":{"line":96,"column":39}},"43":{"start":{"line":99,"column":12},"end":{"line":99,"column":77}},"44":{"start":{"line":101,"column":12},"end":{"line":101,"column":37}},"45":{"start":{"line":103,"column":12},"end":{"line":103,"column":62}},"46":{"start":{"line":104,"column":12},"end":{"line":104,"column":38}},"47":{"start":{"line":111,"column":31},"end":{"line":148,"column":10}},"48":{"start":{"line":112,"column":8},"end":{"line":147,"column":9}},"49":{"start":{"line":114,"column":28},"end":{"line":114,"column":86}},"50":{"start":{"line":115,"column":12},"end":{"line":117,"column":13}},"51":{"start":{"line":116,"column":16},"end":{"line":116,"column":84}},"52":{"start":{"line":119,"column":28},"end":{"line":119,"column":90}},"53":{"start":{"line":120,"column":12},"end":{"line":122,"column":13}},"54":{"start":{"line":121,"column":16},"end":{"line":121,"column":109}},"55":{"start":{"line":125,"column":32},"end":{"line":128,"column":14}},"56":{"start":{"line":130,"column":12},"end":{"line":132,"column":13}},"57":{"start":{"line":131,"column":16},"end":{"line":131,"column":86}},"58":{"start":{"line":135,"column":28},"end":{"line":135,"column":114}},"59":{"start":{"line":136,"column":40},"end":{"line":136,"column":59}},"60":{"start":{"line":137,"column":29},"end":{"line":137,"column":61}},"61":{"start":{"line":139,"column":12},"end":{"line":143,"column":13}},"62":{"start":{"line":140,"column":16},"end":{"line":140,"column":62}},"63":{"start":{"line":142,"column":16},"end":{"line":142,"column":86}},"64":{"start":{"line":145,"column":12},"end":{"line":145,"column":60}},"65":{"start":{"line":146,"column":12},"end":{"line":146,"column":98}},"66":{"start":{"line":153,"column":31},"end":{"line":160,"column":10}},"67":{"start":{"line":154,"column":8},"end":{"line":159,"column":9}},"68":{"start":{"line":155,"column":38},"end":{"line":155,"column":99}},"69":{"start":{"line":156,"column":12},"end":{"line":156,"column":48}},"70":{"start":{"line":158,"column":12},"end":{"line":158,"column":24}},"71":{"start":{"line":165,"column":27},"end":{"line":171,"column":10}},"72":{"start":{"line":166,"column":8},"end":{"line":170,"column":9}},"73":{"start":{"line":167,"column":12},"end":{"line":167,"column":82}},"74":{"start":{"line":169,"column":12},"end":{"line":169,"column":60}},"75":{"start":{"line":176,"column":29},"end":{"line":180,"column":24}},"76":{"start":{"line":177,"column":8},"end":{"line":177,"column":32}},"77":{"start":{"line":178,"column":8},"end":{"line":178,"column":34}},"78":{"start":{"line":179,"column":8},"end":{"line":179,"column":31}},"79":{"start":{"line":183,"column":34},"end":{"line":183,"column":56}},"80":{"start":{"line":188,"column":34},"end":{"line":197,"column":10}},"81":{"start":{"line":189,"column":8},"end":{"line":196,"column":9}},"82":{"start":{"line":190,"column":24},"end":{"line":190,"column":59}},"83":{"start":{"line":191,"column":43},"end":{"line":191,"column":74}},"84":{"start":{"line":192,"column":12},"end":{"line":192,"column":53}},"85":{"start":{"line":194,"column":12},"end":{"line":194,"column":68}},"86":{"start":{"line":195,"column":12},"end":{"line":195,"column":24}},"87":{"start":{"line":202,"column":18},"end":{"line":245,"column":51}},"88":{"start":{"line":204,"column":23},"end":{"line":204,"column":52}},"89":{"start":{"line":207,"column":28},"end":{"line":207,"column":54}},"90":{"start":{"line":208,"column":8},"end":{"line":208,"column":40}},"91":{"start":{"line":211,"column":26},"end":{"line":211,"column":61}},"92":{"start":{"line":212,"column":8},"end":{"line":212,"column":34}},"93":{"start":{"line":214,"column":29},"end":{"line":220,"column":9}},"94":{"start":{"line":222,"column":8},"end":{"line":222,"column":30}},"95":{"start":{"line":223,"column":8},"end":{"line":223,"column":33}},"96":{"start":{"line":226,"column":8},"end":{"line":237,"column":11}},"97":{"start":{"line":227,"column":47},"end":{"line":227,"column":51}},"98":{"start":{"line":228,"column":43},"end":{"line":228,"column":47}},"99":{"start":{"line":230,"column":12},"end":{"line":232,"column":13}},"100":{"start":{"line":231,"column":16},"end":{"line":231,"column":85}},"101":{"start":{"line":231,"column":33},"end":{"line":231,"column":82}},"102":{"start":{"line":234,"column":12},"end":{"line":236,"column":13}},"103":{"start":{"line":235,"column":16},"end":{"line":235,"column":51}},"104":{"start":{"line":240,"column":8},"end":{"line":242,"column":9}},"105":{"start":{"line":241,"column":12},"end":{"line":241,"column":35}},"106":{"start":{"line":244,"column":8},"end":{"line":244,"column":53}},"107":{"start":{"line":250,"column":4},"end":{"line":265,"column":33}},"108":{"start":{"line":251,"column":24},"end":{"line":251,"column":29}},"109":{"start":{"line":252,"column":24},"end":{"line":262,"column":9}},"110":{"start":{"line":253,"column":12},"end":{"line":261,"column":13}},"111":{"start":{"line":254,"column":30},"end":{"line":254,"column":65}},"112":{"start":{"line":255,"column":16},"end":{"line":258,"column":17}},"113":{"start":{"line":256,"column":37},"end":{"line":256,"column":59}},"114":{"start":{"line":257,"column":20},"end":{"line":257,"column":58}},"115":{"start":{"line":257,"column":36},"end":{"line":257,"column":58}},"116":{"start":{"line":260,"column":16},"end":{"line":260,"column":66}},"117":{"start":{"line":263,"column":8},"end":{"line":263,"column":18}},"118":{"start":{"line":264,"column":8},"end":{"line":264,"column":43}},"119":{"start":{"line":264,"column":23},"end":{"line":264,"column":40}},"120":{"start":{"line":271,"column":19},"end":{"line":275,"column":10}},"121":{"start":{"line":272,"column":8},"end":{"line":272,"column":47}},"122":{"start":{"line":273,"column":8},"end":{"line":273,"column":22}},"123":{"start":{"line":274,"column":8},"end":{"line":274,"column":34}},"124":{"start":{"line":280,"column":28},"end":{"line":283,"column":14}},"125":{"start":{"line":281,"column":8},"end":{"line":281,"column":32}},"126":{"start":{"line":281,"column":19},"end":{"line":281,"column":32}},"127":{"start":{"line":282,"column":8},"end":{"line":282,"column":52}},"128":{"start":{"line":288,"column":30},"end":{"line":291,"column":14}},"129":{"start":{"line":289,"column":8},"end":{"line":289,"column":32}},"130":{"start":{"line":289,"column":19},"end":{"line":289,"column":32}},"131":{"start":{"line":290,"column":8},"end":{"line":290,"column":48}},"132":{"start":{"line":297,"column":27},"end":{"line":301,"column":14}},"133":{"start":{"line":298,"column":8},"end":{"line":298,"column":38}},"134":{"start":{"line":298,"column":19},"end":{"line":298,"column":38}},"135":{"start":{"line":299,"column":8},"end":{"line":299,"column":73}},"136":{"start":{"line":299,"column":46},"end":{"line":299,"column":73}},"137":{"start":{"line":300,"column":8},"end":{"line":300,"column":25}},"138":{"start":{"line":306,"column":31},"end":{"line":318,"column":14}},"139":{"start":{"line":307,"column":8},"end":{"line":317,"column":9}},"140":{"start":{"line":308,"column":12},"end":{"line":314,"column":13}},"141":{"start":{"line":309,"column":28},"end":{"line":309,"column":64}},"142":{"start":{"line":310,"column":16},"end":{"line":310,"column":56}},"143":{"start":{"line":311,"column":16},"end":{"line":311,"column":37}},"144":{"start":{"line":313,"column":16},"end":{"line":313,"column":70}},"145":{"start":{"line":316,"column":12},"end":{"line":316,"column":33}},"146":{"start":{"line":320,"column":18},"end":{"line":349,"column":290}},"147":{"start":{"line":320,"column":39},"end":{"line":349,"column":5}},"148":{"start":{"line":348,"column":39},"end":{"line":348,"column":66}},"149":{"start":{"line":351,"column":4},"end":{"line":355,"column":6}},"150":{"start":{"line":358,"column":0},"end":{"line":360,"column":2}},"151":{"start":{"line":366,"column":20},"end":{"line":366,"column":43}},"152":{"start":{"line":367,"column":4},"end":{"line":369,"column":5}},"153":{"start":{"line":368,"column":8},"end":{"line":368,"column":71}},"154":{"start":{"line":370,"column":4},"end":{"line":370,"column":19}},"155":{"start":{"line":377,"column":32},"end":{"line":377,"column":41}},"156":{"start":{"line":379,"column":4},"end":{"line":381,"column":5}},"157":{"start":{"line":380,"column":8},"end":{"line":380,"column":24}},"158":{"start":{"line":383,"column":4},"end":{"line":383,"column":20}},"159":{"start":{"line":386,"column":0},"end":{"line":390,"column":2}}},"fnMap":{"0":{"name":"AuthProvider","decl":{"start":{"line":25,"column":16},"end":{"line":25,"column":28}},"loc":{"start":{"line":25,"column":43},"end":{"line":356,"column":1}},"line":25},"1":{"name":"(anonymous_1)","decl":{"start":{"line":36,"column":14},"end":{"line":36,"column":15}},"loc":{"start":{"line":36,"column":20},"end":{"line":50,"column":5}},"line":36},"2":{"name":"(anonymous_2)","decl":{"start":{"line":37,"column":31},"end":{"line":37,"column":32}},"loc":{"start":{"line":37,"column":43},"end":{"line":48,"column":9}},"line":37},"3":{"name":"(anonymous_3)","decl":{"start":{"line":55,"column":40},"end":{"line":55,"column":41}},"loc":{"start":{"line":55,"column":67},"end":{"line":87,"column":5}},"line":55},"4":{"name":"(anonymous_4)","decl":{"start":{"line":80,"column":65},"end":{"line":80,"column":66}},"loc":{"start":{"line":80,"column":71},"end":{"line":80,"column":74}},"line":80},"5":{"name":"(anonymous_5)","decl":{"start":{"line":92,"column":41},"end":{"line":92,"column":42}},"loc":{"start":{"line":92,"column":53},"end":{"line":106,"column":5}},"line":92},"6":{"name":"(anonymous_6)","decl":{"start":{"line":99,"column":66},"end":{"line":99,"column":67}},"loc":{"start":{"line":99,"column":72},"end":{"line":99,"column":75}},"line":99},"7":{"name":"(anonymous_7)","decl":{"start":{"line":111,"column":43},"end":{"line":111,"column":44}},"loc":{"start":{"line":111,"column":55},"end":{"line":148,"column":5}},"line":111},"8":{"name":"(anonymous_8)","decl":{"start":{"line":153,"column":43},"end":{"line":153,"column":44}},"loc":{"start":{"line":153,"column":55},"end":{"line":160,"column":5}},"line":153},"9":{"name":"(anonymous_9)","decl":{"start":{"line":165,"column":39},"end":{"line":165,"column":40}},"loc":{"start":{"line":165,"column":51},"end":{"line":171,"column":5}},"line":165},"10":{"name":"(anonymous_10)","decl":{"start":{"line":176,"column":41},"end":{"line":176,"column":42}},"loc":{"start":{"line":176,"column":53},"end":{"line":180,"column":5}},"line":176},"11":{"name":"(anonymous_11)","decl":{"start":{"line":188,"column":46},"end":{"line":188,"column":47}},"loc":{"start":{"line":188,"column":64},"end":{"line":197,"column":5}},"line":188},"12":{"name":"(anonymous_12)","decl":{"start":{"line":202,"column":30},"end":{"line":202,"column":31}},"loc":{"start":{"line":202,"column":50},"end":{"line":245,"column":5}},"line":202},"13":{"name":"(anonymous_13)","decl":{"start":{"line":227,"column":41},"end":{"line":227,"column":42}},"loc":{"start":{"line":227,"column":47},"end":{"line":227,"column":51}},"line":227},"14":{"name":"(anonymous_14)","decl":{"start":{"line":228,"column":37},"end":{"line":228,"column":38}},"loc":{"start":{"line":228,"column":43},"end":{"line":228,"column":47}},"line":228},"15":{"name":"(anonymous_15)","decl":{"start":{"line":229,"column":16},"end":{"line":229,"column":17}},"loc":{"start":{"line":229,"column":46},"end":{"line":237,"column":9}},"line":229},"16":{"name":"(anonymous_16)","decl":{"start":{"line":231,"column":24},"end":{"line":231,"column":25}},"loc":{"start":{"line":231,"column":33},"end":{"line":231,"column":82}},"line":231},"17":{"name":"(anonymous_17)","decl":{"start":{"line":250,"column":14},"end":{"line":250,"column":15}},"loc":{"start":{"line":250,"column":20},"end":{"line":265,"column":5}},"line":250},"18":{"name":"(anonymous_18)","decl":{"start":{"line":252,"column":24},"end":{"line":252,"column":25}},"loc":{"start":{"line":252,"column":36},"end":{"line":262,"column":9}},"line":252},"19":{"name":"(anonymous_19)","decl":{"start":{"line":264,"column":15},"end":{"line":264,"column":16}},"loc":{"start":{"line":264,"column":21},"end":{"line":264,"column":42}},"line":264},"20":{"name":"(anonymous_20)","decl":{"start":{"line":271,"column":31},"end":{"line":271,"column":32}},"loc":{"start":{"line":271,"column":43},"end":{"line":275,"column":5}},"line":271},"21":{"name":"(anonymous_21)","decl":{"start":{"line":280,"column":40},"end":{"line":280,"column":41}},"loc":{"start":{"line":280,"column":56},"end":{"line":283,"column":5}},"line":280},"22":{"name":"(anonymous_22)","decl":{"start":{"line":288,"column":42},"end":{"line":288,"column":43}},"loc":{"start":{"line":288,"column":55},"end":{"line":291,"column":5}},"line":288},"23":{"name":"(anonymous_23)","decl":{"start":{"line":297,"column":39},"end":{"line":297,"column":40}},"loc":{"start":{"line":297,"column":52},"end":{"line":301,"column":5}},"line":297},"24":{"name":"(anonymous_24)","decl":{"start":{"line":306,"column":43},"end":{"line":306,"column":44}},"loc":{"start":{"line":306,"column":55},"end":{"line":318,"column":5}},"line":306},"25":{"name":"(anonymous_25)","decl":{"start":{"line":320,"column":32},"end":{"line":320,"column":33}},"loc":{"start":{"line":320,"column":39},"end":{"line":349,"column":5}},"line":320},"26":{"name":"(anonymous_26)","decl":{"start":{"line":348,"column":23},"end":{"line":348,"column":24}},"loc":{"start":{"line":348,"column":39},"end":{"line":348,"column":66}},"line":348},"27":{"name":"useAuth","decl":{"start":{"line":365,"column":16},"end":{"line":365,"column":23}},"loc":{"start":{"line":365,"column":26},"end":{"line":371,"column":1}},"line":365},"28":{"name":"ProtectedComponent","decl":{"start":{"line":376,"column":16},"end":{"line":376,"column":34}},"loc":{"start":{"line":376,"column":78},"end":{"line":384,"column":1}},"line":376}},"branchMap":{"0":{"loc":{"start":{"line":41,"column":33},"end":{"line":41,"column":53}},"type":"binary-expr","locations":[{"start":{"line":41,"column":33},"end":{"line":41,"column":45}},{"start":{"line":41,"column":49},"end":{"line":41,"column":53}}],"line":41},"1":{"loc":{"start":{"line":58,"column":12},"end":{"line":60,"column":13}},"type":"if","locations":[{"start":{"line":58,"column":12},"end":{"line":60,"column":13}},{"start":{},"end":{}}],"line":58},"2":{"loc":{"start":{"line":68,"column":12},"end":{"line":70,"column":13}},"type":"if","locations":[{"start":{"line":68,"column":12},"end":{"line":70,"column":13}},{"start":{},"end":{}}],"line":68},"3":{"loc":{"start":{"line":74,"column":28},"end":{"line":74,"column":108}},"type":"cond-expr","locations":[{"start":{"line":74,"column":46},"end":{"line":74,"column":68}},{"start":{"line":74,"column":71},"end":{"line":74,"column":108}}],"line":74},"4":{"loc":{"start":{"line":115,"column":12},"end":{"line":117,"column":13}},"type":"if","locations":[{"start":{"line":115,"column":12},"end":{"line":117,"column":13}},{"start":{},"end":{}}],"line":115},"5":{"loc":{"start":{"line":120,"column":12},"end":{"line":122,"column":13}},"type":"if","locations":[{"start":{"line":120,"column":12},"end":{"line":122,"column":13}},{"start":{},"end":{}}],"line":120},"6":{"loc":{"start":{"line":130,"column":12},"end":{"line":132,"column":13}},"type":"if","locations":[{"start":{"line":130,"column":12},"end":{"line":132,"column":13}},{"start":{},"end":{}}],"line":130},"7":{"loc":{"start":{"line":135,"column":28},"end":{"line":135,"column":114}},"type":"cond-expr","locations":[{"start":{"line":135,"column":46},"end":{"line":135,"column":70}},{"start":{"line":135,"column":73},"end":{"line":135,"column":114}}],"line":135},"8":{"loc":{"start":{"line":139,"column":12},"end":{"line":143,"column":13}},"type":"if","locations":[{"start":{"line":139,"column":12},"end":{"line":143,"column":13}},{"start":{"line":141,"column":19},"end":{"line":143,"column":13}}],"line":139},"9":{"loc":{"start":{"line":142,"column":48},"end":{"line":142,"column":83}},"type":"binary-expr","locations":[{"start":{"line":142,"column":48},"end":{"line":142,"column":64}},{"start":{"line":142,"column":68},"end":{"line":142,"column":83}}],"line":142},"10":{"loc":{"start":{"line":204,"column":23},"end":{"line":204,"column":52}},"type":"binary-expr","locations":[{"start":{"line":204,"column":23},"end":{"line":204,"column":36}},{"start":{"line":204,"column":40},"end":{"line":204,"column":52}}],"line":204},"11":{"loc":{"start":{"line":217,"column":18},"end":{"line":217,"column":49}},"type":"binary-expr","locations":[{"start":{"line":217,"column":18},"end":{"line":217,"column":31}},{"start":{"line":217,"column":35},"end":{"line":217,"column":49}}],"line":217},"12":{"loc":{"start":{"line":218,"column":43},"end":{"line":218,"column":74}},"type":"binary-expr","locations":[{"start":{"line":218,"column":43},"end":{"line":218,"column":56}},{"start":{"line":218,"column":60},"end":{"line":218,"column":74}}],"line":218},"13":{"loc":{"start":{"line":230,"column":12},"end":{"line":232,"column":13}},"type":"if","locations":[{"start":{"line":230,"column":12},"end":{"line":232,"column":13}},{"start":{},"end":{}}],"line":230},"14":{"loc":{"start":{"line":234,"column":12},"end":{"line":236,"column":13}},"type":"if","locations":[{"start":{"line":234,"column":12},"end":{"line":236,"column":13}},{"start":{},"end":{}}],"line":234},"15":{"loc":{"start":{"line":240,"column":8},"end":{"line":242,"column":9}},"type":"if","locations":[{"start":{"line":240,"column":8},"end":{"line":242,"column":9}},{"start":{},"end":{}}],"line":240},"16":{"loc":{"start":{"line":255,"column":16},"end":{"line":258,"column":17}},"type":"if","locations":[{"start":{"line":255,"column":16},"end":{"line":258,"column":17}},{"start":{},"end":{}}],"line":255},"17":{"loc":{"start":{"line":255,"column":20},"end":{"line":255,"column":59}},"type":"binary-expr","locations":[{"start":{"line":255,"column":20},"end":{"line":255,"column":25}},{"start":{"line":255,"column":29},"end":{"line":255,"column":45}},{"start":{"line":255,"column":49},"end":{"line":255,"column":59}}],"line":255},"18":{"loc":{"start":{"line":257,"column":20},"end":{"line":257,"column":58}},"type":"if","locations":[{"start":{"line":257,"column":20},"end":{"line":257,"column":58}},{"start":{},"end":{}}],"line":257},"19":{"loc":{"start":{"line":281,"column":8},"end":{"line":281,"column":32}},"type":"if","locations":[{"start":{"line":281,"column":8},"end":{"line":281,"column":32}},{"start":{},"end":{}}],"line":281},"20":{"loc":{"start":{"line":289,"column":8},"end":{"line":289,"column":32}},"type":"if","locations":[{"start":{"line":289,"column":8},"end":{"line":289,"column":32}},{"start":{},"end":{}}],"line":289},"21":{"loc":{"start":{"line":298,"column":8},"end":{"line":298,"column":38}},"type":"if","locations":[{"start":{"line":298,"column":8},"end":{"line":298,"column":38}},{"start":{},"end":{}}],"line":298},"22":{"loc":{"start":{"line":299,"column":8},"end":{"line":299,"column":73}},"type":"if","locations":[{"start":{"line":299,"column":8},"end":{"line":299,"column":73}},{"start":{},"end":{}}],"line":299},"23":{"loc":{"start":{"line":307,"column":8},"end":{"line":317,"column":9}},"type":"if","locations":[{"start":{"line":307,"column":8},"end":{"line":317,"column":9}},{"start":{"line":315,"column":15},"end":{"line":317,"column":9}}],"line":307},"24":{"loc":{"start":{"line":367,"column":4},"end":{"line":369,"column":5}},"type":"if","locations":[{"start":{"line":367,"column":4},"end":{"line":369,"column":5}},{"start":{},"end":{}}],"line":367},"25":{"loc":{"start":{"line":376,"column":49},"end":{"line":376,"column":64}},"type":"default-arg","locations":[{"start":{"line":376,"column":60},"end":{"line":376,"column":64}}],"line":376},"26":{"loc":{"start":{"line":379,"column":4},"end":{"line":381,"column":5}},"type":"if","locations":[{"start":{"line":379,"column":4},"end":{"line":381,"column":5}},{"start":{},"end":{}}],"line":379}},"s":{"0":1,"1":1,"2":1,"3":49,"4":49,"5":49,"6":49,"7":49,"8":49,"9":49,"10":49,"11":49,"12":9,"13":9,"14":9,"15":0,"16":0,"17":0,"18":0,"19":9,"20":9,"21":49,"22":0,"23":0,"24":0,"25":0,"26":0,"27":0,"28":0,"29":0,"30":0,"31":0,"32":0,"33":0,"34":0,"35":0,"36":0,"37":0,"38":49,"39":1,"40":1,"41":1,"42":1,"43":1,"44":1,"45":0,"46":0,"47":49,"48":2,"49":2,"50":2,"51":1,"52":1,"53":1,"54":1,"55":0,"56":0,"57":0,"58":0,"59":0,"60":0,"61":0,"62":0,"63":0,"64":0,"65":0,"66":49,"67":6,"68":6,"69":6,"70":0,"71":49,"72":1,"73":1,"74":0,"75":49,"76":1,"77":1,"78":1,"79":49,"80":49,"81":6,"82":6,"83":6,"84":6,"85":0,"86":0,"87":49,"88":6,"89":6,"90":6,"91":6,"92":6,"93":6,"94":6,"95":6,"96":6,"97":0,"98":0,"99":6,"100":6,"101":6,"102":6,"103":6,"104":6,"105":6,"106":6,"107":49,"108":16,"109":16,"110":16,"111":16,"112":16,"113":1,"114":1,"115":1,"116":0,"117":16,"118":16,"119":16,"120":49,"121":1,"122":1,"123":1,"124":49,"125":2,"126":0,"127":2,"128":49,"129":1,"130":0,"131":1,"132":49,"133":1,"134":0,"135":1,"136":1,"137":0,"138":49,"139":1,"140":1,"141":1,"142":1,"143":1,"144":0,"145":0,"146":49,"147":43,"148":1,"149":49,"150":1,"151":45,"152":44,"153":1,"154":43,"155":0,"156":0,"157":0,"158":0,"159":1},"f":{"0":49,"1":9,"2":9,"3":0,"4":0,"5":1,"6":0,"7":2,"8":6,"9":1,"10":1,"11":6,"12":6,"13":0,"14":0,"15":6,"16":6,"17":16,"18":16,"19":16,"20":1,"21":2,"22":1,"23":1,"24":1,"25":43,"26":1,"27":45,"28":0},"b":{"0":[0,0],"1":[0,0],"2":[0,0],"3":[0,0],"4":[1,1],"5":[1,0],"6":[0,0],"7":[0,0],"8":[0,0],"9":[0,0],"10":[6,0],"11":[6,0],"12":[6,0],"13":[6,0],"14":[6,0],"15":[6,0],"16":[1,15],"17":[16,2,1],"18":[1,0],"19":[0,2],"20":[0,1],"21":[0,1],"22":[1,0],"23":[1,0],"24":[1,43],"25":[0],"26":[0,0]},"_coverageSchema":"1a1c01bbd47fc00a2c39e90264f33305004495a9","hash":"ec636b0e6104793950ca29667a876d4b62f420cb"}
,"C:\\Users\\Hassa\\Documents\\Magnus_Copo_documents\\Magnus_Copo_Workspace_Files\\Split_flow_final_prod\\Investor_app\\src\\hooks\\useLedgerLogic.js": {"path":"C:\\Users\\Hassa\\Documents\\Magnus_Copo_documents\\Magnus_Copo_Workspace_Files\\Split_flow_final_prod\\Investor_app\\src\\hooks\\useLedgerLogic.js","statementMap":{"0":{"start":{"line":5,"column":30},"end":{"line":173,"column":1}},"1":{"start":{"line":13,"column":34},"end":{"line":13,"column":46}},"2":{"start":{"line":16,"column":62},"end":{"line":16,"column":77}},"3":{"start":{"line":17,"column":68},"end":{"line":17,"column":83}},"4":{"start":{"line":20,"column":54},"end":{"line":20,"column":66}},"5":{"start":{"line":21,"column":46},"end":{"line":21,"column":58}},"6":{"start":{"line":22,"column":52},"end":{"line":22,"column":64}},"7":{"start":{"line":23,"column":36},"end":{"line":23,"column":51}},"8":{"start":{"line":26,"column":30},"end":{"line":26,"column":74}},"9":{"start":{"line":26,"column":48},"end":{"line":26,"column":73}},"10":{"start":{"line":28,"column":34},"end":{"line":31,"column":5}},"11":{"start":{"line":29,"column":24},"end":{"line":29,"column":58}},"12":{"start":{"line":29,"column":46},"end":{"line":29,"column":57}},"13":{"start":{"line":30,"column":8},"end":{"line":30,"column":28}},"14":{"start":{"line":33,"column":33},"end":{"line":36,"column":5}},"15":{"start":{"line":34,"column":24},"end":{"line":34,"column":83}},"16":{"start":{"line":34,"column":44},"end":{"line":34,"column":81}},"17":{"start":{"line":35,"column":8},"end":{"line":35,"column":28}},"18":{"start":{"line":38,"column":25},"end":{"line":52,"column":35}},"19":{"start":{"line":39,"column":26},"end":{"line":39,"column":53}},"20":{"start":{"line":40,"column":8},"end":{"line":43,"column":9}},"21":{"start":{"line":41,"column":12},"end":{"line":41,"column":27}},"22":{"start":{"line":42,"column":12},"end":{"line":42,"column":19}},"23":{"start":{"line":45,"column":8},"end":{"line":51,"column":9}},"24":{"start":{"line":46,"column":25},"end":{"line":46,"column":56}},"25":{"start":{"line":47,"column":12},"end":{"line":47,"column":35}},"26":{"start":{"line":49,"column":12},"end":{"line":49,"column":60}},"27":{"start":{"line":50,"column":12},"end":{"line":50,"column":27}},"28":{"start":{"line":54,"column":4},"end":{"line":56,"column":23}},"29":{"start":{"line":55,"column":8},"end":{"line":55,"column":23}},"30":{"start":{"line":59,"column":28},"end":{"line":81,"column":5}},"31":{"start":{"line":60,"column":8},"end":{"line":60,"column":42}},"32":{"start":{"line":60,"column":35},"end":{"line":60,"column":42}},"33":{"start":{"line":62,"column":26},"end":{"line":62,"column":53}},"34":{"start":{"line":63,"column":8},"end":{"line":66,"column":9}},"35":{"start":{"line":64,"column":12},"end":{"line":64,"column":75}},"36":{"start":{"line":65,"column":12},"end":{"line":65,"column":19}},"37":{"start":{"line":68,"column":8},"end":{"line":80,"column":9}},"38":{"start":{"line":69,"column":28},"end":{"line":73,"column":14}},"39":{"start":{"line":74,"column":12},"end":{"line":74,"column":53}},"40":{"start":{"line":74,"column":33},"end":{"line":74,"column":51}},"41":{"start":{"line":75,"column":12},"end":{"line":75,"column":33}},"42":{"start":{"line":76,"column":12},"end":{"line":76,"column":65}},"43":{"start":{"line":78,"column":12},"end":{"line":78,"column":58}},"44":{"start":{"line":79,"column":12},"end":{"line":79,"column":83}},"45":{"start":{"line":83,"column":31},"end":{"line":105,"column":5}},"46":{"start":{"line":84,"column":8},"end":{"line":104,"column":11}},"47":{"start":{"line":90,"column":20},"end":{"line":101,"column":21}},"48":{"start":{"line":91,"column":24},"end":{"line":91,"column":51}},"49":{"start":{"line":92,"column":24},"end":{"line":92,"column":50}},"50":{"start":{"line":94,"column":24},"end":{"line":97,"column":25}},"51":{"start":{"line":95,"column":28},"end":{"line":95,"column":52}},"52":{"start":{"line":96,"column":28},"end":{"line":96,"column":53}},"53":{"start":{"line":99,"column":24},"end":{"line":99,"column":70}},"54":{"start":{"line":100,"column":24},"end":{"line":100,"column":98}},"55":{"start":{"line":107,"column":31},"end":{"line":129,"column":5}},"56":{"start":{"line":108,"column":8},"end":{"line":108,"column":66}},"57":{"start":{"line":108,"column":59},"end":{"line":108,"column":66}},"58":{"start":{"line":110,"column":25},"end":{"line":110,"column":71}},"59":{"start":{"line":110,"column":45},"end":{"line":110,"column":70}},"60":{"start":{"line":111,"column":8},"end":{"line":111,"column":30}},"61":{"start":{"line":111,"column":23},"end":{"line":111,"column":30}},"62":{"start":{"line":113,"column":8},"end":{"line":116,"column":9}},"63":{"start":{"line":114,"column":12},"end":{"line":114,"column":69}},"64":{"start":{"line":115,"column":12},"end":{"line":115,"column":19}},"65":{"start":{"line":118,"column":34},"end":{"line":118,"column":91}},"66":{"start":{"line":120,"column":8},"end":{"line":128,"column":9}},"67":{"start":{"line":121,"column":34},"end":{"line":121,"column":109}},"68":{"start":{"line":122,"column":12},"end":{"line":122,"column":99}},"69":{"start":{"line":122,"column":33},"end":{"line":122,"column":97}},"70":{"start":{"line":122,"column":50},"end":{"line":122,"column":95}},"71":{"start":{"line":123,"column":12},"end":{"line":123,"column":36}},"72":{"start":{"line":124,"column":12},"end":{"line":124,"column":69}},"73":{"start":{"line":126,"column":12},"end":{"line":126,"column":59}},"74":{"start":{"line":127,"column":12},"end":{"line":127,"column":87}},"75":{"start":{"line":131,"column":34},"end":{"line":157,"column":5}},"76":{"start":{"line":132,"column":8},"end":{"line":156,"column":11}},"77":{"start":{"line":138,"column":37},"end":{"line":138,"column":83}},"78":{"start":{"line":138,"column":57},"end":{"line":138,"column":82}},"79":{"start":{"line":139,"column":20},"end":{"line":139,"column":42}},"80":{"start":{"line":139,"column":35},"end":{"line":139,"column":42}},"81":{"start":{"line":141,"column":46},"end":{"line":141,"column":102}},"82":{"start":{"line":141,"column":88},"end":{"line":141,"column":101}},"83":{"start":{"line":143,"column":20},"end":{"line":153,"column":21}},"84":{"start":{"line":144,"column":46},"end":{"line":144,"column":121}},"85":{"start":{"line":145,"column":24},"end":{"line":145,"column":78}},"86":{"start":{"line":147,"column":24},"end":{"line":149,"column":25}},"87":{"start":{"line":148,"column":28},"end":{"line":148,"column":53}},"88":{"start":{"line":151,"column":24},"end":{"line":151,"column":74}},"89":{"start":{"line":152,"column":24},"end":{"line":152,"column":102}},"90":{"start":{"line":159,"column":4},"end":{"line":172,"column":6}}},"fnMap":{"0":{"name":"(anonymous_0)","decl":{"start":{"line":5,"column":30},"end":{"line":5,"column":31}},"loc":{"start":{"line":11,"column":5},"end":{"line":173,"column":1}},"line":11},"1":{"name":"(anonymous_1)","decl":{"start":{"line":26,"column":43},"end":{"line":26,"column":44}},"loc":{"start":{"line":26,"column":48},"end":{"line":26,"column":73}},"line":26},"2":{"name":"(anonymous_2)","decl":{"start":{"line":28,"column":34},"end":{"line":28,"column":35}},"loc":{"start":{"line":28,"column":42},"end":{"line":31,"column":5}},"line":28},"3":{"name":"(anonymous_3)","decl":{"start":{"line":29,"column":39},"end":{"line":29,"column":40}},"loc":{"start":{"line":29,"column":46},"end":{"line":29,"column":57}},"line":29},"4":{"name":"(anonymous_4)","decl":{"start":{"line":33,"column":33},"end":{"line":33,"column":34}},"loc":{"start":{"line":33,"column":62},"end":{"line":36,"column":5}},"line":33},"5":{"name":"(anonymous_5)","decl":{"start":{"line":34,"column":36},"end":{"line":34,"column":37}},"loc":{"start":{"line":34,"column":44},"end":{"line":34,"column":81}},"line":34},"6":{"name":"(anonymous_6)","decl":{"start":{"line":38,"column":37},"end":{"line":38,"column":38}},"loc":{"start":{"line":38,"column":49},"end":{"line":52,"column":5}},"line":38},"7":{"name":"(anonymous_7)","decl":{"start":{"line":54,"column":14},"end":{"line":54,"column":15}},"loc":{"start":{"line":54,"column":20},"end":{"line":56,"column":5}},"line":54},"8":{"name":"(anonymous_8)","decl":{"start":{"line":59,"column":28},"end":{"line":59,"column":29}},"loc":{"start":{"line":59,"column":40},"end":{"line":81,"column":5}},"line":59},"9":{"name":"(anonymous_9)","decl":{"start":{"line":74,"column":23},"end":{"line":74,"column":24}},"loc":{"start":{"line":74,"column":33},"end":{"line":74,"column":51}},"line":74},"10":{"name":"(anonymous_10)","decl":{"start":{"line":83,"column":31},"end":{"line":83,"column":32}},"loc":{"start":{"line":83,"column":39},"end":{"line":105,"column":5}},"line":83},"11":{"name":"(anonymous_11)","decl":{"start":{"line":89,"column":25},"end":{"line":89,"column":26}},"loc":{"start":{"line":89,"column":37},"end":{"line":102,"column":17}},"line":89},"12":{"name":"(anonymous_12)","decl":{"start":{"line":107,"column":31},"end":{"line":107,"column":32}},"loc":{"start":{"line":107,"column":43},"end":{"line":129,"column":5}},"line":107},"13":{"name":"(anonymous_13)","decl":{"start":{"line":110,"column":38},"end":{"line":110,"column":39}},"loc":{"start":{"line":110,"column":45},"end":{"line":110,"column":70}},"line":110},"14":{"name":"(anonymous_14)","decl":{"start":{"line":122,"column":23},"end":{"line":122,"column":24}},"loc":{"start":{"line":122,"column":33},"end":{"line":122,"column":97}},"line":122},"15":{"name":"(anonymous_15)","decl":{"start":{"line":122,"column":42},"end":{"line":122,"column":43}},"loc":{"start":{"line":122,"column":50},"end":{"line":122,"column":95}},"line":122},"16":{"name":"(anonymous_16)","decl":{"start":{"line":131,"column":34},"end":{"line":131,"column":35}},"loc":{"start":{"line":131,"column":47},"end":{"line":157,"column":5}},"line":131},"17":{"name":"(anonymous_17)","decl":{"start":{"line":137,"column":25},"end":{"line":137,"column":26}},"loc":{"start":{"line":137,"column":37},"end":{"line":154,"column":17}},"line":137},"18":{"name":"(anonymous_18)","decl":{"start":{"line":138,"column":50},"end":{"line":138,"column":51}},"loc":{"start":{"line":138,"column":57},"end":{"line":138,"column":82}},"line":138},"19":{"name":"(anonymous_19)","decl":{"start":{"line":141,"column":81},"end":{"line":141,"column":82}},"loc":{"start":{"line":141,"column":88},"end":{"line":141,"column":101}},"line":141}},"branchMap":{"0":{"loc":{"start":{"line":34,"column":44},"end":{"line":34,"column":81}},"type":"cond-expr","locations":[{"start":{"line":34,"column":64},"end":{"line":34,"column":77}},{"start":{"line":34,"column":80},"end":{"line":34,"column":81}}],"line":34},"1":{"loc":{"start":{"line":39,"column":26},"end":{"line":39,"column":53}},"type":"binary-expr","locations":[{"start":{"line":39,"column":26},"end":{"line":39,"column":38}},{"start":{"line":39,"column":42},"end":{"line":39,"column":53}}],"line":39},"2":{"loc":{"start":{"line":40,"column":8},"end":{"line":43,"column":9}},"type":"if","locations":[{"start":{"line":40,"column":8},"end":{"line":43,"column":9}},{"start":{},"end":{}}],"line":40},"3":{"loc":{"start":{"line":47,"column":23},"end":{"line":47,"column":33}},"type":"binary-expr","locations":[{"start":{"line":47,"column":23},"end":{"line":47,"column":27}},{"start":{"line":47,"column":31},"end":{"line":47,"column":33}}],"line":47},"4":{"loc":{"start":{"line":60,"column":8},"end":{"line":60,"column":42}},"type":"if","locations":[{"start":{"line":60,"column":8},"end":{"line":60,"column":42}},{"start":{},"end":{}}],"line":60},"5":{"loc":{"start":{"line":62,"column":26},"end":{"line":62,"column":53}},"type":"binary-expr","locations":[{"start":{"line":62,"column":26},"end":{"line":62,"column":38}},{"start":{"line":62,"column":42},"end":{"line":62,"column":53}}],"line":62},"6":{"loc":{"start":{"line":63,"column":8},"end":{"line":66,"column":9}},"type":"if","locations":[{"start":{"line":63,"column":8},"end":{"line":66,"column":9}},{"start":{},"end":{}}],"line":63},"7":{"loc":{"start":{"line":79,"column":33},"end":{"line":79,"column":81}},"type":"binary-expr","locations":[{"start":{"line":79,"column":33},"end":{"line":79,"column":54}},{"start":{"line":79,"column":58},"end":{"line":79,"column":81}}],"line":79},"8":{"loc":{"start":{"line":94,"column":24},"end":{"line":97,"column":25}},"type":"if","locations":[{"start":{"line":94,"column":24},"end":{"line":97,"column":25}},{"start":{},"end":{}}],"line":94},"9":{"loc":{"start":{"line":100,"column":45},"end":{"line":100,"column":96}},"type":"binary-expr","locations":[{"start":{"line":100,"column":45},"end":{"line":100,"column":66}},{"start":{"line":100,"column":70},"end":{"line":100,"column":96}}],"line":100},"10":{"loc":{"start":{"line":108,"column":8},"end":{"line":108,"column":66}},"type":"if","locations":[{"start":{"line":108,"column":8},"end":{"line":108,"column":66}},{"start":{},"end":{}}],"line":108},"11":{"loc":{"start":{"line":108,"column":12},"end":{"line":108,"column":57}},"type":"binary-expr","locations":[{"start":{"line":108,"column":12},"end":{"line":108,"column":29}},{"start":{"line":108,"column":33},"end":{"line":108,"column":57}}],"line":108},"12":{"loc":{"start":{"line":111,"column":8},"end":{"line":111,"column":30}},"type":"if","locations":[{"start":{"line":111,"column":8},"end":{"line":111,"column":30}},{"start":{},"end":{}}],"line":111},"13":{"loc":{"start":{"line":113,"column":8},"end":{"line":116,"column":9}},"type":"if","locations":[{"start":{"line":113,"column":8},"end":{"line":116,"column":9}},{"start":{},"end":{}}],"line":113},"14":{"loc":{"start":{"line":118,"column":39},"end":{"line":118,"column":64}},"type":"binary-expr","locations":[{"start":{"line":118,"column":39},"end":{"line":118,"column":58}},{"start":{"line":118,"column":62},"end":{"line":118,"column":64}}],"line":118},"15":{"loc":{"start":{"line":122,"column":50},"end":{"line":122,"column":95}},"type":"cond-expr","locations":[{"start":{"line":122,"column":78},"end":{"line":122,"column":91}},{"start":{"line":122,"column":94},"end":{"line":122,"column":95}}],"line":122},"16":{"loc":{"start":{"line":127,"column":33},"end":{"line":127,"column":85}},"type":"binary-expr","locations":[{"start":{"line":127,"column":33},"end":{"line":127,"column":54}},{"start":{"line":127,"column":58},"end":{"line":127,"column":85}}],"line":127},"17":{"loc":{"start":{"line":139,"column":20},"end":{"line":139,"column":42}},"type":"if","locations":[{"start":{"line":139,"column":20},"end":{"line":139,"column":42}},{"start":{},"end":{}}],"line":139},"18":{"loc":{"start":{"line":141,"column":47},"end":{"line":141,"column":72}},"type":"binary-expr","locations":[{"start":{"line":141,"column":47},"end":{"line":141,"column":66}},{"start":{"line":141,"column":70},"end":{"line":141,"column":72}}],"line":141},"19":{"loc":{"start":{"line":147,"column":24},"end":{"line":149,"column":25}},"type":"if","locations":[{"start":{"line":147,"column":24},"end":{"line":149,"column":25}},{"start":{},"end":{}}],"line":147},"20":{"loc":{"start":{"line":152,"column":45},"end":{"line":152,"column":100}},"type":"binary-expr","locations":[{"start":{"line":152,"column":45},"end":{"line":152,"column":66}},{"start":{"line":152,"column":70},"end":{"line":152,"column":100}}],"line":152}},"s":{"0":1,"1":24,"2":24,"3":24,"4":24,"5":24,"6":24,"7":24,"8":24,"9":15,"10":24,"11":1,"12":1,"13":1,"14":24,"15":1,"16":1,"17":1,"18":24,"19":7,"20":7,"21":1,"22":1,"23":6,"24":6,"25":5,"26":1,"27":1,"28":24,"29":7,"30":24,"31":2,"32":0,"33":2,"34":2,"35":1,"36":1,"37":1,"38":1,"39":1,"40":1,"41":1,"42":1,"43":0,"44":0,"45":24,"46":1,"47":1,"48":1,"49":1,"50":1,"51":1,"52":1,"53":0,"54":0,"55":24,"56":2,"57":0,"58":2,"59":2,"60":2,"61":0,"62":2,"63":1,"64":1,"65":1,"66":1,"67":1,"68":1,"69":1,"70":1,"71":1,"72":1,"73":0,"74":0,"75":24,"76":1,"77":1,"78":1,"79":1,"80":0,"81":1,"82":2,"83":1,"84":1,"85":1,"86":1,"87":1,"88":0,"89":0,"90":24},"f":{"0":24,"1":15,"2":1,"3":1,"4":1,"5":1,"6":7,"7":7,"8":2,"9":1,"10":1,"11":1,"12":2,"13":2,"14":1,"15":1,"16":1,"17":1,"18":1,"19":2},"b":{"0":[1,0],"1":[7,1],"2":[1,6],"3":[5,0],"4":[0,2],"5":[2,1],"6":[1,1],"7":[0,0],"8":[1,0],"9":[0,0],"10":[0,2],"11":[2,2],"12":[0,2],"13":[1,1],"14":[1,0],"15":[1,0],"16":[0,0],"17":[0,1],"18":[1,0],"19":[1,0],"20":[0,0]},"_coverageSchema":"1a1c01bbd47fc00a2c39e90264f33305004495a9","hash":"75fc7bd19f571a3061381a6d7ef7b3bca4e462e5"}
,"C:\\Users\\Hassa\\Documents\\Magnus_Copo_documents\\Magnus_Copo_Workspace_Files\\Split_flow_final_prod\\Investor_app\\src\\hooks\\useSpendingLogic.js": {"path":"C:\\Users\\Hassa\\Documents\\Magnus_Copo_documents\\Magnus_Copo_Workspace_Files\\Split_flow_final_prod\\Investor_app\\src\\hooks\\useSpendingLogic.js","statementMap":{"0":{"start":{"line":5,"column":32},"end":{"line":5,"column":44}},"1":{"start":{"line":7,"column":32},"end":{"line":251,"column":1}},"2":{"start":{"line":17,"column":44},"end":{"line":17,"column":59}},"3":{"start":{"line":20,"column":48},"end":{"line":20,"column":60}},"4":{"start":{"line":21,"column":58},"end":{"line":21,"column":70}},"5":{"start":{"line":22,"column":52},"end":{"line":22,"column":64}},"6":{"start":{"line":23,"column":44},"end":{"line":23,"column":92}},"7":{"start":{"line":24,"column":48},"end":{"line":24,"column":63}},"8":{"start":{"line":27,"column":44},"end":{"line":27,"column":56}},"9":{"start":{"line":28,"column":42},"end":{"line":28,"column":54}},"10":{"start":{"line":29,"column":44},"end":{"line":29,"column":56}},"11":{"start":{"line":32,"column":48},"end":{"line":32,"column":64}},"12":{"start":{"line":33,"column":48},"end":{"line":33,"column":62}},"13":{"start":{"line":36,"column":52},"end":{"line":36,"column":64}},"14":{"start":{"line":37,"column":54},"end":{"line":37,"column":66}},"15":{"start":{"line":40,"column":48},"end":{"line":40,"column":62}},"16":{"start":{"line":41,"column":32},"end":{"line":41,"column":44}},"17":{"start":{"line":43,"column":25},"end":{"line":46,"column":5}},"18":{"start":{"line":44,"column":8},"end":{"line":44,"column":45}},"19":{"start":{"line":45,"column":8},"end":{"line":45,"column":56}},"20":{"start":{"line":45,"column":25},"end":{"line":45,"column":48}},"21":{"start":{"line":48,"column":25},"end":{"line":59,"column":5}},"22":{"start":{"line":49,"column":8},"end":{"line":49,"column":30}},"23":{"start":{"line":49,"column":20},"end":{"line":49,"column":30}},"24":{"start":{"line":50,"column":22},"end":{"line":50,"column":54}},"25":{"start":{"line":51,"column":22},"end":{"line":51,"column":38}},"26":{"start":{"line":52,"column":26},"end":{"line":52,"column":34}},"27":{"start":{"line":53,"column":8},"end":{"line":57,"column":9}},"28":{"start":{"line":54,"column":30},"end":{"line":54,"column":75}},"29":{"start":{"line":55,"column":33},"end":{"line":55,"column":81}},"30":{"start":{"line":56,"column":12},"end":{"line":56,"column":98}},"31":{"start":{"line":58,"column":8},"end":{"line":58,"column":77}},"32":{"start":{"line":61,"column":31},"end":{"line":81,"column":5}},"33":{"start":{"line":62,"column":40},"end":{"line":64,"column":9}},"34":{"start":{"line":66,"column":34},"end":{"line":66,"column":88}},"35":{"start":{"line":67,"column":35},"end":{"line":67,"column":39}},"36":{"start":{"line":68,"column":8},"end":{"line":74,"column":9}},"37":{"start":{"line":69,"column":12},"end":{"line":73,"column":13}},"38":{"start":{"line":70,"column":16},"end":{"line":70,"column":52}},"39":{"start":{"line":72,"column":16},"end":{"line":72,"column":70}},"40":{"start":{"line":76,"column":8},"end":{"line":80,"column":10}},"41":{"start":{"line":83,"column":30},"end":{"line":170,"column":5}},"42":{"start":{"line":84,"column":30},"end":{"line":84,"column":71}},"43":{"start":{"line":85,"column":29},"end":{"line":85,"column":61}},"44":{"start":{"line":90,"column":12},"end":{"line":90,"column":32}},"45":{"start":{"line":91,"column":39},"end":{"line":91,"column":63}},"46":{"start":{"line":94,"column":8},"end":{"line":97,"column":9}},"47":{"start":{"line":95,"column":12},"end":{"line":95,"column":88}},"48":{"start":{"line":96,"column":12},"end":{"line":96,"column":19}},"49":{"start":{"line":98,"column":8},"end":{"line":101,"column":9}},"50":{"start":{"line":99,"column":12},"end":{"line":99,"column":93}},"51":{"start":{"line":100,"column":12},"end":{"line":100,"column":19}},"52":{"start":{"line":102,"column":8},"end":{"line":105,"column":9}},"53":{"start":{"line":103,"column":12},"end":{"line":103,"column":79}},"54":{"start":{"line":104,"column":12},"end":{"line":104,"column":19}},"55":{"start":{"line":106,"column":8},"end":{"line":109,"column":9}},"56":{"start":{"line":107,"column":12},"end":{"line":107,"column":102}},"57":{"start":{"line":108,"column":12},"end":{"line":108,"column":19}},"58":{"start":{"line":110,"column":8},"end":{"line":113,"column":9}},"59":{"start":{"line":111,"column":12},"end":{"line":111,"column":95}},"60":{"start":{"line":112,"column":12},"end":{"line":112,"column":19}},"61":{"start":{"line":114,"column":8},"end":{"line":117,"column":9}},"62":{"start":{"line":115,"column":12},"end":{"line":115,"column":92}},"63":{"start":{"line":116,"column":12},"end":{"line":116,"column":19}},"64":{"start":{"line":120,"column":29},"end":{"line":138,"column":9}},"65":{"start":{"line":140,"column":8},"end":{"line":140,"column":30}},"66":{"start":{"line":141,"column":8},"end":{"line":169,"column":15}},"67":{"start":{"line":143,"column":16},"end":{"line":143,"column":39}},"68":{"start":{"line":144,"column":16},"end":{"line":148,"column":17}},"69":{"start":{"line":145,"column":20},"end":{"line":145,"column":100}},"70":{"start":{"line":147,"column":20},"end":{"line":147,"column":88}},"71":{"start":{"line":151,"column":16},"end":{"line":151,"column":38}},"72":{"start":{"line":152,"column":16},"end":{"line":152,"column":43}},"73":{"start":{"line":153,"column":16},"end":{"line":153,"column":40}},"74":{"start":{"line":154,"column":16},"end":{"line":154,"column":36}},"75":{"start":{"line":155,"column":16},"end":{"line":155,"column":35}},"76":{"start":{"line":156,"column":16},"end":{"line":156,"column":36}},"77":{"start":{"line":157,"column":16},"end":{"line":157,"column":40}},"78":{"start":{"line":158,"column":16},"end":{"line":158,"column":41}},"79":{"start":{"line":159,"column":16},"end":{"line":159,"column":42}},"80":{"start":{"line":160,"column":16},"end":{"line":160,"column":40}},"81":{"start":{"line":162,"column":16},"end":{"line":162,"column":43}},"82":{"start":{"line":162,"column":31},"end":{"line":162,"column":43}},"83":{"start":{"line":165,"column":16},"end":{"line":165,"column":39}},"84":{"start":{"line":166,"column":16},"end":{"line":166,"column":59}},"85":{"start":{"line":167,"column":32},"end":{"line":167,"column":113}},"86":{"start":{"line":168,"column":16},"end":{"line":168,"column":46}},"87":{"start":{"line":172,"column":34},"end":{"line":184,"column":5}},"88":{"start":{"line":173,"column":8},"end":{"line":183,"column":9}},"89":{"start":{"line":174,"column":12},"end":{"line":174,"column":34}},"90":{"start":{"line":175,"column":12},"end":{"line":175,"column":76}},"91":{"start":{"line":176,"column":12},"end":{"line":176,"column":35}},"92":{"start":{"line":177,"column":12},"end":{"line":177,"column":59}},"93":{"start":{"line":178,"column":12},"end":{"line":178,"column":39}},"94":{"start":{"line":178,"column":27},"end":{"line":178,"column":39}},"95":{"start":{"line":180,"column":12},"end":{"line":180,"column":35}},"96":{"start":{"line":181,"column":12},"end":{"line":181,"column":59}},"97":{"start":{"line":182,"column":12},"end":{"line":182,"column":64}},"98":{"start":{"line":186,"column":33},"end":{"line":211,"column":5}},"99":{"start":{"line":187,"column":8},"end":{"line":210,"column":10}},"100":{"start":{"line":196,"column":24},"end":{"line":206,"column":25}},"101":{"start":{"line":197,"column":28},"end":{"line":197,"column":50}},"102":{"start":{"line":198,"column":28},"end":{"line":198,"column":92}},"103":{"start":{"line":199,"column":28},"end":{"line":199,"column":51}},"104":{"start":{"line":200,"column":28},"end":{"line":200,"column":74}},"105":{"start":{"line":201,"column":28},"end":{"line":201,"column":55}},"106":{"start":{"line":201,"column":43},"end":{"line":201,"column":55}},"107":{"start":{"line":203,"column":28},"end":{"line":203,"column":51}},"108":{"start":{"line":204,"column":28},"end":{"line":204,"column":74}},"109":{"start":{"line":205,"column":28},"end":{"line":205,"column":79}},"110":{"start":{"line":213,"column":4},"end":{"line":250,"column":6}},"111":{"start":{"line":232,"column":12},"end":{"line":232,"column":36}},"112":{"start":{"line":233,"column":12},"end":{"line":233,"column":32}},"113":{"start":{"line":234,"column":12},"end":{"line":234,"column":31}},"114":{"start":{"line":235,"column":12},"end":{"line":235,"column":32}},"115":{"start":{"line":239,"column":12},"end":{"line":239,"column":42}},"116":{"start":{"line":240,"column":12},"end":{"line":245,"column":13}},"117":{"start":{"line":241,"column":16},"end":{"line":241,"column":36}},"118":{"start":{"line":242,"column":19},"end":{"line":245,"column":13}},"119":{"start":{"line":243,"column":16},"end":{"line":243,"column":36}},"120":{"start":{"line":244,"column":16},"end":{"line":244,"column":35}}},"fnMap":{"0":{"name":"(anonymous_0)","decl":{"start":{"line":7,"column":32},"end":{"line":7,"column":33}},"loc":{"start":{"line":16,"column":6},"end":{"line":251,"column":1}},"line":16},"1":{"name":"(anonymous_1)","decl":{"start":{"line":43,"column":25},"end":{"line":43,"column":26}},"loc":{"start":{"line":43,"column":44},"end":{"line":46,"column":5}},"line":43},"2":{"name":"(anonymous_2)","decl":{"start":{"line":45,"column":19},"end":{"line":45,"column":20}},"loc":{"start":{"line":45,"column":25},"end":{"line":45,"column":48}},"line":45},"3":{"name":"(anonymous_3)","decl":{"start":{"line":48,"column":25},"end":{"line":48,"column":26}},"loc":{"start":{"line":48,"column":36},"end":{"line":59,"column":5}},"line":48},"4":{"name":"(anonymous_4)","decl":{"start":{"line":61,"column":31},"end":{"line":61,"column":32}},"loc":{"start":{"line":61,"column":37},"end":{"line":81,"column":5}},"line":61},"5":{"name":"(anonymous_5)","decl":{"start":{"line":83,"column":30},"end":{"line":83,"column":31}},"loc":{"start":{"line":83,"column":36},"end":{
[...]
tart":{"line":99,"column":18},"end":{"line":99,"column":31}}],"line":99},"13":{"loc":{"start":{"line":106,"column":4},"end":{"line":108,"column":5}},"type":"if","locations":[{"start":{"line":106,"column":4},"end":{"line":108,"column":5}},{"start":{},"end":{}}],"line":106},"14":{"loc":{"start":{"line":112,"column":4},"end":{"line":114,"column":5}},"type":"if","locations":[{"start":{"line":112,"column":4},"end":{"line":114,"column":5}},{"start":{},"end":{}}],"line":112},"15":{"loc":{"start":{"line":119,"column":4},"end":{"line":121,"column":5}},"type":"if","locations":[{"start":{"line":119,"column":4},"end":{"line":121,"column":5}},{"start":{},"end":{}}],"line":119},"16":{"loc":{"start":{"line":119,"column":8},"end":{"line":119,"column":44}},"type":"binary-expr","locations":[{"start":{"line":119,"column":8},"end":{"line":119,"column":18}},{"start":{"line":119,"column":22},"end":{"line":119,"column":44}}],"line":119},"17":{"loc":{"start":{"line":123,"column":4},"end":{"line":125,"column":5}},"type":"if","locations":[{"start":{"line":123,"column":4},"end":{"line":125,"column":5}},{"start":{},"end":{}}],"line":123},"18":{"loc":{"start":{"line":127,"column":4},"end":{"line":129,"column":5}},"type":"if","locations":[{"start":{"line":127,"column":4},"end":{"line":129,"column":5}},{"start":{},"end":{}}],"line":127},"19":{"loc":{"start":{"line":131,"column":4},"end":{"line":133,"column":5}},"type":"if","locations":[{"start":{"line":131,"column":4},"end":{"line":133,"column":5}},{"start":{},"end":{}}],"line":131},"20":{"loc":{"start":{"line":136,"column":4},"end":{"line":138,"column":5}},"type":"if","locations":[{"start":{"line":136,"column":4},"end":{"line":138,"column":5}},{"start":{},"end":{}}],"line":136},"21":{"loc":{"start":{"line":141,"column":4},"end":{"line":143,"column":5}},"type":"if","locations":[{"start":{"line":141,"column":4},"end":{"line":143,"column":5}},{"start":{},"end":{}}],"line":141},"22":{"loc":{"start":{"line":141,"column":8},"end":{"line":141,"column":46}},"type":"binary-expr","locations":[{"start":{"line":141,"column":8},"end":{"line":141,"column":19}},{"start":{"line":141,"column":23},"end":{"line":141,"column":46}}],"line":141},"23":{"loc":{"start":{"line":146,"column":4},"end":{"line":148,"column":5}},"type":"if","locations":[{"start":{"line":146,"column":4},"end":{"line":148,"column":5}},{"start":{},"end":{}}],"line":146},"24":{"loc":{"start":{"line":154,"column":4},"end":{"line":156,"column":5}},"type":"if","locations":[{"start":{"line":154,"column":4},"end":{"line":156,"column":5}},{"start":{},"end":{}}],"line":154},"25":{"loc":{"start":{"line":162,"column":8},"end":{"line":164,"column":9}},"type":"if","locations":[{"start":{"line":162,"column":8},"end":{"line":164,"column":9}},{"start":{},"end":{}}],"line":162},"26":{"loc":{"start":{"line":162,"column":12},"end":{"line":162,"column":38}},"type":"binary-expr","locations":[{"start":{"line":162,"column":12},"end":{"line":162,"column":17}},{"start":{"line":162,"column":21},"end":{"line":162,"column":38}}],"line":162},"27":{"loc":{"start":{"line":167,"column":8},"end":{"line":169,"column":9}},"type":"if","locations":[{"start":{"line":167,"column":8},"end":{"line":169,"column":9}},{"start":{},"end":{}}],"line":167},"28":{"loc":{"start":{"line":172,"column":8},"end":{"line":174,"column":9}},"type":"if","locations":[{"start":{"line":172,"column":8},"end":{"line":174,"column":9}},{"start":{},"end":{}}],"line":172},"29":{"loc":{"start":{"line":172,"column":12},"end":{"line":172,"column":76}},"type":"binary-expr","locations":[{"start":{"line":172,"column":12},"end":{"line":172,"column":57}},{"start":{"line":172,"column":61},"end":{"line":172,"column":76}}],"line":172},"30":{"loc":{"start":{"line":177,"column":8},"end":{"line":179,"column":9}},"type":"if","locations":[{"start":{"line":177,"column":8},"end":{"line":179,"column":9}},{"start":{},"end":{}}],"line":177},"31":{"loc":{"start":{"line":177,"column":12},"end":{"line":177,"column":57}},"type":"binary-expr","locations":[{"start":{"line":177,"column":12},"end":{"line":177,"column":29}},{"start":{"line":177,"column":33},"end":{"line":177,"column":57}}],"line":177},"32":{"loc":{"start":{"line":182,"column":8},"end":{"line":184,"column":9}},"type":"if","locations":[{"start":{"line":182,"column":8},"end":{"line":184,"column":9}},{"start":{},"end":{}}],"line":182},"33":{"loc":{"start":{"line":187,"column":8},"end":{"line":189,"column":9}},"type":"if","locations":[{"start":{"line":187,"column":8},"end":{"line":189,"column":9}},{"start":{},"end":{}}],"line":187},"34":{"loc":{"start":{"line":187,"column":12},"end":{"line":187,"column":54}},"type":"binary-expr","locations":[{"start":{"line":187,"column":12},"end":{"line":187,"column":32}},{"start":{"line":187,"column":36},"end":{"line":187,"column":54}}],"line":187},"35":{"loc":{"start":{"line":195,"column":4},"end":{"line":197,"column":5}},"type":"if","locations":[{"start":{"line":195,"column":4},"end":{"line":197,"column":5}},{"start":{},"end":{}}],"line":195},"36":{"loc":{"start":{"line":195,"column":8},"end":{"line":195,"column":30}},"type":"binary-expr","locations":[{"start":{"line":195,"column":8},"end":{"line":195,"column":12}},{"start":{"line":195,"column":16},"end":{"line":195,"column":30}}],"line":195},"37":{"loc":{"start":{"line":199,"column":4},"end":{"line":201,"column":5}},"type":"if","locations":[{"start":{"line":199,"column":4},"end":{"line":201,"column":5}},{"start":{},"end":{}}],"line":199},"38":{"loc":{"start":{"line":203,"column":4},"end":{"line":205,"column":5}},"type":"if","locations":[{"start":{"line":203,"column":4},"end":{"line":205,"column":5}},{"start":{},"end":{}}],"line":203},"39":{"loc":{"start":{"line":208,"column":4},"end":{"line":210,"column":5}},"type":"if","locations":[{"start":{"line":208,"column":4},"end":{"line":210,"column":5}},{"start":{},"end":{}}],"line":208},"40":{"loc":{"start":{"line":212,"column":4},"end":{"line":214,"column":5}},"type":"if","locations":[{"start":{"line":212,"column":4},"end":{"line":214,"column":5}},{"start":{},"end":{}}],"line":212},"41":{"loc":{"start":{"line":217,"column":4},"end":{"line":219,"column":5}},"type":"if","locations":[{"start":{"line":217,"column":4},"end":{"line":219,"column":5}},{"start":{},"end":{}}],"line":217},"42":{"loc":{"start":{"line":231,"column":43},"end":{"line":231,"column":53}},"type":"default-arg","locations":[{"start":{"line":231,"column":51},"end":{"line":231,"column":53}}],"line":231},"43":{"loc":{"start":{"line":231,"column":55},"end":{"line":231,"column":64}},"type":"default-arg","locations":[{"start":{"line":231,"column":62},"end":{"line":231,"column":64}}],"line":231},"44":{"loc":{"start":{"line":246,"column":4},"end":{"line":253,"column":5}},"type":"if","locations":[{"start":{"line":246,"column":4},"end":{"line":253,"column":5}},{"start":{},"end":{}}],"line":246},"45":{"loc":{"start":{"line":257,"column":4},"end":{"line":264,"column":5}},"type":"if","locations":[{"start":{"line":257,"column":4},"end":{"line":264,"column":5}},{"start":{},"end":{}}],"line":257},"46":{"loc":{"start":{"line":268,"column":4},"end":{"line":275,"column":5}},"type":"if","locations":[{"start":{"line":268,"column":4},"end":{"line":275,"column":5}},{"start":{},"end":{}}],"line":268},"47":{"loc":{"start":{"line":279,"column":4},"end":{"line":286,"column":5}},"type":"if","locations":[{"start":{"line":279,"column":4},"end":{"line":286,"column":5}},{"start":{},"end":{}}],"line":279},"48":{"loc":{"start":{"line":307,"column":22},"end":{"line":307,"column":68}},"type":"cond-expr","locations":[{"start":{"line":307,"column":30},"end":{"line":307,"column":63}},{"start":{"line":307,"column":66},"end":{"line":307,"column":68}}],"line":307},"49":{"loc":{"start":{"line":308,"column":22},"end":{"line":308,"column":63}},"type":"cond-expr","locations":[{"start":{"line":308,"column":29},"end":{"line":308,"column":58}},{"start":{"line":308,"column":61},"end":{"line":308,"column":63}}],"line":308},"50":{"loc":{"start":{"line":311,"column":4},"end":{"line":313,"column":5}},"type":"if","locations":[{"start":{"line":311,"column":4},"end":{"line":313,"column":5}},{"start":{},"end":{}}],"line":311},"51":{"loc":{"start":{"line":311,"column":8},"end":{"line":311,"column":78}},"type":"binary-expr","locations":[{"start":{"line":311,"column":8},"end":{"line":311,"column":17}},{"start":{"line":311,"column":21},"end":{"line":311,"column":41}},{"start":{"line":311,"column":45},"end":{"line":311,"column":78}}],"line":311},"52":{"loc":{"start":{"line":314,"column":4},"end":{"line":316,"column":5}},"type":"if","locations":[{"start":{"line":314,"column":4},"end":{"line":316,"column":5}},{"start":{},"end":{}}],"line":314},"53":{"loc":{"start":{"line":314,"column":31},"end":{"line":314,"column":78}},"type":"binary-expr","locations":[{"start":{"line":314,"column":31},"end":{"line":314,"column":46}},{"start":{"line":314,"column":50},"end":{"line":314,"column":78}}],"line":314},"54":{"loc":{"start":{"line":330,"column":4},"end":{"line":334,"column":5}},"type":"if","locations":[{"start":{"line":330,"column":4},"end":{"line":334,"column":5}},{"start":{"line":332,"column":11},"end":{"line":334,"column":5}}],"line":330},"55":{"loc":{"start":{"line":332,"column":11},"end":{"line":334,"column":5}},"type":"if","locations":[{"start":{"line":332,"column":11},"end":{"line":334,"column":5}},{"start":{},"end":{}}],"line":332},"56":{"loc":{"start":{"line":338,"column":4},"end":{"line":338,"column":78}},"type":"if","locations":[{"start":{"line":338,"column":4},"end":{"line":338,"column":78}},{"start":{},"end":{}}],"line":338},"57":{"loc":{"start":{"line":339,"column":4},"end":{"line":339,"column":78}},"type":"if","locations":[{"start":{"line":339,"column":4},"end":{"line":339,"column":78}},{"start":{},"end":{}}],"line":339},"58":{"loc":{"start":{"line":340,"column":4},"end":{"line":340,"column":65}},"type":"if","locations":[{"start":{"line":340,"column":4},"end":{"line":340,"column":65}},{"start":{},"end":{}}],"line":340},"59":{"loc":{"start":{"line":341,"column":4},"end":{"line":341,"column":82}},"type":"if","locations":[{"start":{"line":341,"column":4},"end":{"line":341,"column":82}},{"start":{},"end":{}}],"line":341},"60":{"loc":{"start":{"line":342,"column":4},"end":{"line":342,"column":71}},"type":"if","locations":[{"start":{"line":342,"column":4},"end":{"line":342,"column":71}},{"start":{},"end":{}}],"line":342},"61":{"loc":{"start":{"line":343,"column":4},"end":{"line":343,"column":84}},"type":"if","locations":[{"start":{"line":343,"column":4},"end":{"line":343,"column":84}},{"start":{},"end":{}}],"line":343},"62":{"loc":{"start":{"line":344,"column":4},"end":{"line":344,"column":93}},"type":"if","locations":[{"start":{"line":344,"column":4},"end":{"line":344,"column":93}},{"start":{},"end":{}}],"line":344},"63":{"loc":{"start":{"line":345,"column":4},"end":{"line":345,"column":91}},"type":"if","locations":[{"start":{"line":345,"column":4},"end":{"line":345,"column":91}},{"start":{},"end":{}}],"line":345},"64":{"loc":{"start":{"line":347,"column":4},"end":{"line":354,"column":5}},"type":"if","locations":[{"start":{"line":347,"column":4},"end":{"line":354,"column":5}},{"start":{},"end":{}}],"line":347},"65":{"loc":{"start":{"line":350,"column":79},"end":{"line":350,"column":109}},"type":"cond-expr","locations":[{"start":{"line":350,"column":99},"end":{"line":350,"column":104}},{"start":{"line":350,"column":107},"end":{"line":350,"column":109}}],"line":350},"66":{"loc":{"start":{"line":378,"column":12},"end":{"line":380,"column":13}},"type":"if","locations":[{"start":{"line":378,"column":12},"end":{"line":380,"column":13}},{"start":{},"end":{}}],"line":378},"67":{"loc":{"start":{"line":382,"column":12},"end":{"line":384,"column":13}},"type":"if","locations":[{"start":{"line":382,"column":12},"end":{"line":384,"column":13}},{"start":{},"end":{}}],"line":382},"68":{"loc":{"start":{"line":404,"column":4},"end":{"line":406,"column":5}},"type":"if","locations":[{"start":{"line":404,"column":4},"end":{"line":406,"column":5}},{"start":{},"end":{}}],"line":404},"69":{"loc":{"start":{"line":404,"column":8},"end":{"line":404,"column":29}},"type":"binary-expr","locations":[{"start":{"line":404,"column":8},"end":{"line":404,"column":13}},{"start":{"line":404,"column":17},"end":{"line":404,"column":29}}],"line":404},"70":{"loc":{"start":{"line":411,"column":4},"end":{"line":413,"column":5}},"type":"if","locations":[{"start":{"line":411,"column":4},"end":{"line":413,"column":5}},{"start":{},"end":{}}],"line":411},"71":{"loc":{"start":{"line":416,"column":4},"end":{"line":418,"column":5}},"type":"if","locations":[{"start":{"line":416,"column":4},"end":{"line":418,"column":5}},{"start":{},"end":{}}],"line":416},"72":{"loc":{"start":{"line":421,"column":4},"end":{"line":423,"column":5}},"type":"if","locations":[{"start":{"line":421,"column":4},"end":{"line":423,"column":5}},{"start":{},"end":{}}],"line":421},"73":{"loc":{"start":{"line":426,"column":4},"end":{"line":428,"column":5}},"type":"if","locations":[{"start":{"line":426,"column":4},"end":{"line":428,"column":5}},{"start":{},"end":{}}],"line":426},"74":{"loc":{"start":{"line":431,"column":4},"end":{"line":433,"column":5}},"type":"if","locations":[{"start":{"line":431,"column":4},"end":{"line":433,"column":5}},{"start":{},"end":{}}],"line":431},"75":{"loc":{"start":{"line":436,"column":4},"end":{"line":438,"column":5}},"type":"if","locations":[{"start":{"line":436,"column":4},"end":{"line":438,"column":5}},{"start":{},"end":{}}],"line":436},"76":{"loc":{"start":{"line":442,"column":4},"end":{"line":444,"column":5}},"type":"if","locations":[{"start":{"line":442,"column":4},"end":{"line":444,"column":5}},{"start":{},"end":{}}],"line":442},"77":{"loc":{"start":{"line":447,"column":4},"end":{"line":449,"column":5}},"type":"if","locations":[{"start":{"line":447,"column":4},"end":{"line":449,"column":5}},{"start":{},"end":{}}],"line":447},"78":{"loc":{"start":{"line":453,"column":8},"end":{"line":455,"column":9}},"type":"if","locations":[{"start":{"line":453,"column":8},"end":{"line":455,"column":9}},{"start":{},"end":{}}],"line":453},"79":{"loc":{"start":{"line":459,"column":4},"end":{"line":461,"column":5}},"type":"if","locations":[{"start":{"line":459,"column":4},"end":{"line":461,"column":5}},{"start":{},"end":{}}],"line":459},"80":{"loc":{"start":{"line":476,"column":4},"end":{"line":478,"column":5}},"type":"if","locations":[{"start":{"line":476,"column":4},"end":{"line":478,"column":5}},{"start":{},"end":{}}],"line":476},"81":{"loc":{"start":{"line":480,"column":4},"end":{"line":482,"column":5}},"type":"if","locations":[{"start":{"line":480,"column":4},"end":{"line":482,"column":5}},{"start":{},"end":{}}],"line":480},"82":{"loc":{"start":{"line":493,"column":4},"end":{"line":501,"column":5}},"type":"switch","locations":[{"start":{"line":494,"column":8},"end":{"line":495,"column":29}},{"start":{"line":496,"column":8},"end":{"line":497,"column":29}},{"start":{"line":498,"column":8},"end":{"line":498,"column":20}},{"start":{"line":499,"column":8},"end":{"line":500,"column":29}}],"line":493},"83":{"loc":{"start":{"line":510,"column":4},"end":{"line":518,"column":5}},"type":"switch","locations":[{"start":{"line":511,"column":8},"end":{"line":512,"column":37}},{"start":{"line":513,"column":8},"end":{"line":514,"column":37}},{"start":{"line":515,"column":8},"end":{"line":515,"column":20}},{"start":{"line":516,"column":8},"end":{"line":517,"column":35}}],"line":510},"84":{"loc":{"start":{"line":530,"column":4},"end":{"line":532,"column":5}},"type":"if","locations":[{"start":{"line":530,"column":4},"end":{"line":532,"column":5}},{"start":{},"end":{}}],"line":530},"85":{"loc":{"start":{"line":535,"column":4},"end":{"line":537,"column":5}},"type":"if","locations":[{"start":{"line":535,"column":4},"end":{"line":537,"column":5}},{"start":{},"end":{}}],"line":535},"86":{"loc":{"start":{"line":540,"column":4},"end":{"line":542,"column":5}},"type":"if","locations":[{"start":{"line":540,"column":4},"end":{"line":542,"column":5}},{"start":{},"end":{}}],"line":540},"87":{"loc":{"start":{"line":545,"column":4},"end":{"line":547,"column":5}},"type":"if","locations":[{"start":{"line":545,"column":4},"end":{"line":547,"column":5}},{"start":{},"end":{}}],"line":545},"88":{"loc":{"start":{"line":563,"column":4},"end":{"line":565,"column":5}},"type":"if","locations":[{"start":{"line":563,"column":4},"end":{"line":565,"column":5}},{"start":{},"end":{}}],"line":563},"89":{"loc":{"start":{"line":563,"column":8},"end":{"line":563,"column":49}},"type":"binary-expr","locations":[{"start":{"line":563,"column":8},"end":{"line":563,"column":23}},{"start":{"line":563,"column":27},"end":{"line":563,"column":49}}],"line":563},"90":{"loc":{"start":{"line":567,"column":4},"end":{"line":569,"column":5}},"type":"if","locations":[{"start":{"line":567,"column":4},"end":{"line":569,"column":5}},{"start":{},"end":{}}],"line":567}},"s":{"0":3,"1":3,"2":3,"3":3,"4":3,"5":3,"6":3,"7":3,"8":3,"9":3,"10":3,"11":3,"12":3,"13":3,"14":3,"15":3,"16":3,"17":3,"18":2,"19":1,"20":1,"21":1,"22":1,"23":1,"24":1,"25":1,"26":1,"27":1,"28":1,"29":1,"30":1,"31":1,"32":1,"33":1,"34":1,"35":1,"36":1,"37":1,"38":3,"39":23,"40":23,"41":23,"42":23,"43":23,"44":23,"45":3,"46":3,"47":3,"48":3,"49":8,"50":1,"51":7,"52":7,"53":2,"54":5,"55":5,"56":0,"57":5,"58":5,"59":0,"60":5,"61":0,"62":5,"63":0,"64":5,"65":0,"66":5,"67":0,"68":5,"69":0,"70":5,"71":0,"72":5,"73":5,"74":0,"75":5,"76":5,"77":5,"78":5,"79":0,"80":5,"81":0,"82":5,"83":0,"84":5,"85":0,"86":5,"87":0,"88":5,"89":0,"90":5,"91":5,"92":1,"93":4,"94":1,"95":3,"96":0,"97":3,"98":0,"99":3,"100":0,"101":3,"102":1,"103":2,"104":3,"105":7,"106":7,"107":0,"108":7,"109":7,"110":2,"111":5,"112":5,"113":0,"114":5,"115":5,"116":0,"117":5,"118":5,"119":5,"120":5,"121":5,"122":59,"123":5,"124":5,"125":5,"126":5,"127":5,"128":0,"129":5,"130":5,"131":1,"132":5,"133":5,"134":5,"135":5,"136":5,"137":5,"138":2,"139":3,"140":2,"141":5,"142":5,"143":1,"144":5,"145":0,"146":5,"147":1,"148":5,"149":1,"150":5,"151":2,"152":5,"153":1,"154":5,"155":1,"156":5,"157":1,"158":5,"159":3,"160":2,"161":5,"162":5,"163":37,"164":37,"165":349,"166":349,"167":1,"168":348,"169":0,"170":4,"171":5,"172":5,"173":3,"174":6,"175":1,"176":5,"177":5,"178":0,"179":5,"180":0,"181":5,"182":1,"183":4,"184":0,"185":4,"186":0,"187":4,"188":0,"189":4,"190":6,"191":4,"192":2,"193":2,"194":4,"195":0,"196":2,"197":4,"198":0,"199":2,"200":0,"201":2,"202":3,"203":4,"204":0,"205":4,"206":2,"207":2,"208":3,"209":3,"210":1,"211":1,"212":1,"213":3,"214":3,"215":1,"216":1,"217":1,"218":3,"219":2,"220":2,"221":2,"222":1,"223":2,"224":2,"225":1,"226":2,"227":2,"228":1,"229":2,"230":2,"231":1,"232":2,"233":3,"234":4,"235":4,"236":2,"237":4,"238":2,"239":4},"f":{"0":2,"1":1,"2":23,"3":8,"4":7,"5":59,"6":5,"7":5,"8":5,"9":6,"10":6,"11":4,"12":4,"13":3,"14":3,"15":2,"16":4},"b":{"0":[1,1],"1":[1,0],"2":[1,0],"3":[1,0],"4":[1,0],"5":[1,0],"6":[1,0],"7":[1,0],"8":[1,0],"9":[1,1],"10":[1,0],"11":[1,7],"12":[8,7],"13":[2,5],"14":[0,5],"15":[0,5],"16":[5,5],"17":[0,5],"18":[0,5],"19":[0,5],"20":[0,5],"21":[0,5],"22":[5,5],"23":[0,5],"24":[0,5],"25":[0,5],"26":[5,5],"27":[0,5],"28":[0,5],"29":[5,0],"30":[0,5],"31":[5,0],"32":[0,5],"33":[0,5],"34":[5,5],"35":[1,4],"36":[5,5],"37":[1,3],"38":[0,3],"39":[0,3],"40":[0,3],"41":[1,2],"42":[1],"43":[1],"44":[0,7],"45":[2,5],"46":[0,5],"47":[0,5],"48":[3,2],"49":[3,2],"50":[0,5],"51":[5,3,3],"52":[1,4],"53":[5,5],"54":[2,3],"55":[2,1],"56":[1,4],"57":[0,5],"58":[1,4],"59":[1,4],"60":[2,3],"61":[1,4],"62":[1,4],"63":[1,4],"64":[3,2],"65":[1,2],"66":[1,348],"67":[0,348],"68":[1,5],"69":[6,5],"70":[0,5],"71":[0,5],"72":[1,4],"73":[0,4],"74":[0,4],"75":[0,4],"76":[2,2],"77":[0,2],"78":[0,4],"79":[0,2],"80":[0,4],"81":[2,2],"82":[1,1,1,1],"83":[1,1,1,1],"84":[1,1],"85":[1,1],"86":[1,1],"87":[1,1],"88":[2,2],"89":[4,2],"90":[2,2]},"_coverageSchema":"1a1c01bbd47fc00a2c39e90264f33305004495a9","hash":"5d7d310e0fe0021aafbf8df4885d8be2716f46db"}
}
