TN:
SF:src\components\Badge.js
FN:10,Badge
FN:88,StatusBadge
FN:110,RoleBadge
FNF:3
FNH:3
FNDA:7,Badge
FNDA:2,StatusBadge
FNDA:3,RoleBadge
DA:17,7
DA:26,7
DA:32,7
DA:33,7
DA:36,7
DA:37,1
DA:49,6
DA:77,1
DA:89,2
DA:98,2
DA:100,2
DA:103,1
DA:111,3
DA:118,3
DA:120,3
DA:123,1
DA:127,1
LF:17
LH:17
BRDA:12,0,0,1
BRDA:13,1,0,2
BRDA:32,2,0,7
BRDA:32,2,1,0
BRDA:33,3,0,7
BRDA:33,3,1,0
BRDA:36,4,0,1
BRDA:36,4,1,6
BRDA:36,5,0,7
BRDA:36,5,1,2
BRDA:43,6,0,1
BRDA:43,6,1,0
BRDA:58,7,0,6
BRDA:58,7,1,0
BRDA:68,8,0,6
BRDA:68,8,1,1
BRDA:70,9,0,0
BRDA:70,9,1,1
BRDA:98,10,0,2
BRDA:98,10,1,1
BRDA:118,11,0,3
BRDA:118,11,1,0
BRF:22
BRH:16
end_of_record
TN:
SF:src\components\Card.js
FN:10,Card
FN:53,CardHeader
FN:82,CardRow
FNF:3
FNH:3
FNDA:1,Card
FNDA:1,CardHeader
FNDA:1,CardRow
DA:17,1
DA:23,1
DA:30,1
DA:42,1
DA:54,1
DA:72,1
DA:83,1
DA:99,1
DA:106,1
LF:9
LH:9
BRDA:12,0,0,1
BRDA:13,1,0,1
BRDA:15,2,0,1
BRDA:17,3,0,0
BRDA:17,3,1,1
BRDA:18,4,0,0
BRDA:18,4,1,1
BRDA:19,5,0,1
BRDA:19,5,1,0
BRDA:20,6,0,0
BRDA:20,6,1,0
BRDA:57,7,0,1
BRDA:57,7,1,1
BRDA:60,8,0,1
BRDA:60,8,1,1
BRDA:65,9,0,1
BRDA:65,9,1,1
BRDA:86,10,0,1
BRDA:86,10,1,1
BRDA:90,11,0,1
BRDA:90,11,1,0
BRF:21
BRH:15
end_of_record
TN:
SF:src\components\ErrorBoundary.js
FN:7,(anonymous_0)
FN:16,(anonymous_1)
FN:20,(anonymous_2)
FN:25,(anonymous_3)
FN:31,(anonymous_4)
FNF:5
FNH:5
FNDA:2,(anonymous_0)
FNDA:1,(anonymous_1)
FNDA:1,(anonymous_2)
FNDA:1,(anonymous_3)
FNDA:5,(anonymous_4)
DA:8,2
DA:9,2
DA:12,1
DA:17,1
DA:22,1
DA:25,2
DA:26,1
DA:32,5
DA:33,2
DA:56,3
DA:60,1
LF:11
LH:11
BRDA:32,0,0,2
BRDA:32,0,1,3
BRDA:41,1,0,2
BRDA:41,1,1,2
BRF:4
BRH:4
end_of_record
TN:
SF:src\components\ProfileMenu.js
FN:22,ProfileMenu
FN:35,(anonymous_1)
FN:44,(anonymous_2)
FN:53,(anonymous_3)
FN:62,(anonymous_4)
FN:80,(anonymous_5)
FN:89,(anonymous_6)
FN:112,(anonymous_7)
FNF:8
FNH:8
FNDA:4,ProfileMenu
FNDA:1,(anonymous_1)
FNDA:1,(anonymous_2)
FNDA:1,(anonymous_3)
FNDA:1,(anonymous_4)
FNDA:1,(anonymous_5)
FNDA:5,(anonymous_6)
FNDA:16,(anonymous_7)
DA:31,4
DA:36,1
DA:37,1
DA:45,1
DA:46,1
DA:54,1
DA:55,1
DA:63,1
DA:64,1
DA:71,4
DA:80,1
DA:89,5
DA:113,16
DA:160,1
DA:170,1
LF:15
LH:15
BRDA:29,0,0,0
BRDA:117,1,0,16
BRDA:117,1,1,4
BRDA:118,2,0,16
BRDA:118,2,1,4
BRDA:135,3,0,16
BRDA:135,3,1,4
BRF:7
BRH:6
end_of_record
TN:
SF:src\components\Theme.js
FN:256,(anonymous_0)
FN:277,(anonymous_1)
FN:296,(anonymous_2)
FNF:3
FNH:3
FNDA:6,(anonymous_0)
FNDA:4,(anonymous_1)
FNDA:4,(anonymous_2)
DA:7,6
DA:256,6
DA:257,6
DA:260,6
DA:261,1
DA:262,5
DA:263,1
DA:264,4
DA:265,3
DA:267,1
DA:270,6
DA:271,2
DA:273,4
DA:277,6
DA:278,4
DA:282,1
DA:285,1
DA:289,1
DA:291,1
DA:296,6
DA:297,4
DA:301,1
DA:304,1
DA:308,1
DA:310,1
LF:25
LH:25
BRDA:187,0,0,0
BRDA:187,0,1,6
BRDA:194,1,0,0
BRDA:194,1,1,6
BRDA:201,2,0,0
BRDA:201,2,1,6
BRDA:208,3,0,0
BRDA:208,3,1,6
BRDA:215,4,0,0
BRDA:215,4,1,6
BRDA:222,5,0,0
BRDA:222,5,1,6
BRDA:229,6,0,0
BRDA:229,6,1,6
BRDA:236,7,0,0
BRDA:236,7,1,6
BRDA:243,8,0,0
BRDA:243,8,1,6
BRDA:250,9,0,0
BRDA:250,9,1,6
BRDA:256,10,0,4
BRDA:260,11,0,1
BRDA:260,11,1,5
BRDA:262,12,0,1
BRDA:262,12,1,4
BRDA:264,13,0,3
BRDA:264,13,1,1
BRDA:270,14,0,2
BRDA:270,14,1,4
BRDA:270,15,0,6
BRDA:270,15,1,2
BRDA:271,16,0,1
BRDA:271,16,1,1
BRDA:278,17,0,1
BRDA:278,17,1,1
BRDA:278,17,2,1
BRDA:278,17,3,1
BRDA:278,17,4,1
BRDA:278,17,5,0
BRDA:278,17,6,1
BRDA:278,17,7,1
BRDA:278,17,8,1
BRDA:297,18,0,0
BRDA:297,18,1,0
BRDA:297,18,2,1
BRDA:297,18,3,0
BRDA:297,18,4,1
BRDA:297,18,5,0
BRDA:297,18,6,0
BRDA:297,18,7,1
BRDA:297,18,8,1
BRF:51
BRH:35
end_of_record
TN:
SF:src\components\Tooltip.js
FN:13,Tooltip
FN:19,(anonymous_1)
FN:34,(anonymous_2)
FN:36,(anonymous_3)
FN:38,(anonymous_4)
FN:44,(anonymous_5)
FN:67,InfoTooltip
FN:85,LabelWithHelp
FNF:8
FNH:8
FNDA:11,Tooltip
FNDA:4,(anonymous_1)
FNDA:1,(anonymous_2)
FNDA:1,(anonymous_3)
FNDA:1,(anonymous_4)
FNDA:1,(anonymous_5)
FNDA:1,InfoTooltip
FNDA:1,LabelWithHelp
DA:7,1
DA:14,11
DA:16,11
DA:19,4
DA:34,1
DA:36,1
DA:38,1
DA:44,1
DA:57,1
DA:68,1
DA:77,1
DA:86,1
DA:96,1
DA:105,1
DA:132,1
LF:15
LH:15
BRDA:13,0,0,11
BRDA:23,1,0,11
BRDA:23,1,1,0
BRDA:40,2,0,11
BRDA:40,2,1,11
BRF:5
BRH:4
end_of_record
TN:
SF:src\context\AuthContext.js
FN:25,AuthProvider
FN:36,(anonymous_1)
FN:37,(anonymous_2)
FN:55,(anonymous_3)
FN:80,(anonymous_4)
FN:92,(anonymous_5)
FN:99,(anonymous_6)
FN:111,(anonymous_7)
FN:153,(anonymous_8)
FN:165,(anonymous_9)
FN:176,(anonymous_10)
FN:188,(anonymous_11)
FN:202,(anonymous_12)
FN:227,(anonymous_13)
FN:228,(anonymous_14)
FN:229,(anonymous_15)
FN:231,(anonymous_16)
FN:250,(anonymous_17)
FN:252,(anonymous_18)
FN:264,(anonymous_19)
FN:271,(anonymous_20)
FN:280,(anonymous_21)
FN:288,(anonymous_22)
FN:297,(anonymous_23)
FN:306,(anonymous_24)
FN:320,(anonymous_25)
FN:348,(anonymous_26)
FN:365,useAuth
FN:376,ProtectedComponent
FNF:29
FNH:23
FNDA:49,AuthProvider
FNDA:9,(anonymous_1)
FNDA:9,(anonymous_2)
FNDA:0,(anonymous_3)
FNDA:0,(anonymous_4)
FNDA:1,(anonymous_5)
FNDA:0,(anonymous_6)
FNDA:2,(anonymous_7)
FNDA:6,(anonymous_8)
FNDA:1,(anonymous_9)
FNDA:1,(anonymous_10)
FNDA:6,(anonymous_11)
FNDA:6,(anonymous_12)
FNDA:0,(anonymous_13)
FNDA:0,(anonymous_14)
FNDA:6,(anonymous_15)
FNDA:6,(anonymous_16)
FNDA:16,(anonymous_17)
FNDA:16,(anonymous_18)
FNDA:16,(anonymous_19)
FNDA:1,(anonymous_20)
FNDA:2,(anonymous_21)
FNDA:1,(anonymous_22)
FNDA:1,(anonymous_23)
FNDA:1,(anonymous_24)
FNDA:43,(anonymous_25)
FNDA:1,(anonymous_26)
FNDA:45,useAuth
FNDA:0,ProtectedComponent
DA:9,1
DA:12,1
DA:15,1
DA:26,49
DA:27,49
DA:28,49
DA:29,49
DA:30,49
DA:31,49
DA:32,49
DA:33,49
DA:36,49
DA:37,9
DA:38,9
DA:39,9
DA:40,0
DA:41,0
DA:43,0
DA:44,0
DA:46,9
DA:49,9
DA:55,49
DA:56,0
DA:57,0
DA:58,0
DA:59,0
DA:63,0
DA:68,0
DA:69,0
DA:73,0
DA:74,0
DA:75,0
DA:76,0
DA:77,0
DA:80,0
DA:82,0
DA:84,0
DA:85,0
DA:92,49
DA:93,1
DA:94,1
DA:95,1
DA:96,1
DA:99,1
DA:101,1
DA:103,0
DA:104,0
DA:111,49
DA:112,2
DA:114,2
DA:115,2
DA:116,1
DA:119,1
DA:120,1
DA:121,1
DA:125,0
DA:130,0
DA:131,0
DA:135,0
DA:136,0
DA:137,0
DA:139,0
DA:140,0
DA:142,0
DA:145,0
DA:146,0
DA:153,49
DA:154,6
DA:155,6
DA:156,6
DA:158,0
DA:165,49
DA:166,1
DA:167,1
DA:169,0
DA:176,49
DA:177,1
DA:178,1
DA:179,1
DA:183,49
DA:188,49
DA:189,6
DA:190,6
DA:191,6
DA:192,6
DA:194,0
DA:195,0
DA:202,49
DA:204,6
DA:207,6
DA:208,6
DA:211,6
DA:212,6
DA:214,6
DA:222,6
DA:223,6
DA:226,6
DA:227,0
DA:228,0
DA:230,6
DA:231,6
DA:234,6
DA:235,6
DA:240,6
DA:241,6
DA:244,6
DA:250,49
DA:251,16
DA:252,16
DA:253,16
DA:254,16
DA:255,16
DA:256,1
DA:257,1
DA:260,0
DA:263,16
DA:264,16
DA:271,49
DA:272,1
DA:273,1
DA:274,1
DA:280,49
DA:281,2
DA:282,2
DA:288,49
DA:289,1
DA:290,1
DA:297,49
DA:298,1
DA:299,1
DA:300,0
DA:306,49
DA:307,1
DA:308,1
DA:309,1
DA:310,1
DA:311,1
DA:313,0
DA:316,0
DA:320,49
DA:348,1
DA:351,49
DA:358,1
DA:366,45
DA:367,44
DA:368,1
DA:370,43
DA:377,0
DA:379,0
DA:380,0
DA:383,0
DA:386,1
LF:152
LH:105
BRDA:41,0,0,0
BRDA:41,0,1,0
BRDA:58,1,0,0
BRDA:58,1,1,0
BRDA:68,2,0,0
BRDA:68,2,1,0
BRDA:74,3,0,0
BRDA:74,3,1,0
BRDA:115,4,0,1
BRDA:115,4,1,1
BRDA:120,5,0,1
BRDA:120,5,1,0
BRDA:130,6,0,0
BRDA:130,6,1,0
BRDA:135,7,0,0
BRDA:135,7,1,0
BRDA:139,8,0,0
BRDA:139,8,1,0
BRDA:142,9,0,0
BRDA:142,9,1,0
BRDA:204,10,0,6
BRDA:204,10,1,0
BRDA:217,11,0,6
BRDA:217,11,1,0
BRDA:218,12,0,6
BRDA:218,12,1,0
BRDA:230,13,0,6
BRDA:230,13,1,0
BRDA:234,14,0,6
BRDA:234,14,1,0
BRDA:240,15,0,6
BRDA:240,15,1,0
BRDA:255,16,0,1
BRDA:255,16,1,15
BRDA:255,17,0,16
BRDA:255,17,1,2
BRDA:255,17,2,1
BRDA:257,18,0,1
BRDA:257,18,1,0
BRDA:281,19,0,0
BRDA:281,19,1,2
BRDA:289,20,0,0
BRDA:289,20,1,1
BRDA:298,21,0,0
BRDA:298,21,1,1
BRDA:299,22,0,1
BRDA:299,22,1,0
BRDA:307,23,0,1
BRDA:307,23,1,0
BRDA:367,24,0,1
BRDA:367,24,1,43
BRDA:376,25,0,0
BRDA:379,26,0,0
BRDA:379,26,1,0
BRF:54
BRH:22
end_of_record
TN:
SF:src\hooks\useLedgerLogic.js
FN:5,(anonymous_0)
FN:26,(anonymous_1)
FN:28,(anonymous_2)
FN:29,(anonymous_3)
FN:33,(anonymous_4)
FN:34,(anonymous_5)
FN:38,(anonymous_6)
FN:54,(anonymous_7)
FN:59,(anonymous_8)
FN:74,(anonymous_9)
FN:83,(anonymous_10)
FN:89,(anonymous_11)
FN:107,(anonymous_12)
FN:110,(anonymous_13)
FN:122,(anonymous_14)
FN:122,(anonymous_15)
FN:131,(anonymous_16)
FN:137,(anonymous_17)
FN:138,(anonymous_18)
FN:141,(anonymous_19)
FNF:20
FNH:20
FNDA:24,(anonymous_0)
FNDA:15,(anonymous_1)
FNDA:1,(anonymous_2)
FNDA:1,(anonymous_3)
FNDA:1,(anonymous_4)
FNDA:1,(anonymous_5)
FNDA:7,(anonymous_6)
FNDA:7,(anonymous_7)
FNDA:2,(anonymous_8)
FNDA:1,(anonymous_9)
FNDA:1,(anonymous_10)
FNDA:1,(anonymous_11)
FNDA:2,(anonymous_12)
FNDA:2,(anonymous_13)
FNDA:1,(anonymous_14)
FNDA:1,(anonymous_15)
FNDA:1,(anonymous_16)
FNDA:1,(anonymous_17)
FNDA:1,(anonymous_18)
FNDA:2,(anonymous_19)
DA:5,1
DA:13,24
DA:16,24
DA:17,24
DA:20,24
DA:21,24
DA:22,24
DA:23,24
DA:26,24
DA:28,24
DA:29,1
DA:30,1
DA:33,24
DA:34,1
DA:35,1
DA:38,24
DA:39,7
DA:40,7
DA:41,1
DA:42,1
DA:45,6
DA:46,6
DA:47,5
DA:49,1
DA:50,1
DA:54,24
DA:55,7
DA:59,24
DA:60,2
DA:62,2
DA:63,2
DA:64,1
DA:65,1
DA:68,1
DA:69,1
DA:74,1
DA:75,1
DA:76,1
DA:78,0
DA:79,0
DA:83,24
DA:84,1
DA:90,1
DA:91,1
DA:92,1
DA:94,1
DA:95,1
DA:96,1
DA:99,0
DA:100,0
DA:107,24
DA:108,2
DA:110,2
DA:111,2
DA:113,2
DA:114,1
DA:115,1
DA:118,1
DA:120,1
DA:121,1
DA:122,1
DA:123,1
DA:124,1
DA:126,0
DA:127,0
DA:131,24
DA:132,1
DA:138,1
DA:139,1
DA:141,2
DA:143,1
DA:144,1
DA:145,1
DA:147,1
DA:148,1
DA:151,0
DA:152,0
DA:159,24
LF:78
LH:70
BRDA:34,0,0,1
BRDA:34,0,1,0
BRDA:39,1,0,7
BRDA:39,1,1,1
BRDA:40,2,0,1
BRDA:40,2,1,6
BRDA:47,3,0,5
BRDA:47,3,1,0
BRDA:60,4,0,0
BRDA:60,4,1,2
BRDA:62,5,0,2
BRDA:62,5,1,1
BRDA:63,6,0,1
BRDA:63,6,1,1
BRDA:79,7,0,0
BRDA:79,7,1,0
BRDA:94,8,0,1
BRDA:94,8,1,0
BRDA:100,9,0,0
BRDA:100,9,1,0
BRDA:108,10,0,0
BRDA:108,10,1,2
BRDA:108,11,0,2
BRDA:108,11,1,2
BRDA:111,12,0,0
BRDA:111,12,1,2
BRDA:113,13,0,1
BRDA:113,13,1,1
BRDA:118,14,0,1
BRDA:118,14,1,0
BRDA:122,15,0,1
BRDA:122,15,1,0
BRDA:127,16,0,0
BRDA:127,16,1,0
BRDA:139,17,0,0
BRDA:139,17,1,1
BRDA:141,18,0,1
BRDA:141,18,1,0
BRDA:147,19,0,1
BRDA:147,19,1,0
BRDA:152,20,0,0
BRDA:152,20,1,0
BRF:42
BRH:23
end_of_record
TN:
SF:src\hooks\useSpendingLogic.js
FN:7,(anonymous_0)
FN:43,(anonymous_1)
FN:45,(anonymous_2)
FN:48,(anonymous_3)
FN:61,(anonymous_4)
FN:83,(anonymous_5)
FN:142,(anonymous_6)
FN:164,(anonymous_7)
FN:172,(anonymous_8)
FN:186,(anonymous_9)
FN:195,(anonymous_10)
FN:231,(anonymous_11)
FN:238,(anonymous_12)
FNF:13
FNH:10
FNDA:39,(anonymous_0)
FNDA:2,(anonymous_1)
FNDA:0,(anonymous_2)
FNDA:0,(anonymous_3)
FNDA:5,(anonymous_4)
FNDA:5,(anonymous_5)
FNDA:2,(anonymous_6)
FNDA:1,(anonymous_7)
FNDA:1,(anonymous_8)
FNDA:1,(anonymous_9)
FNDA:1,(anonymous_10)
FNDA:0,(anonymous_11)
FNDA:2,(anonymous_12)
DA:5,1
DA:7,1
DA:17,39
DA:20,39
DA:21,39
DA:22,39
DA:23,39
DA:24,39
DA:27,39
DA:28,39
DA:29,39
DA:32,39
DA:33,39
DA:36,39
DA:37,39
DA:40,39
DA:41,39
DA:43,39
DA:44,2
DA:45,2
DA:48,39
DA:49,0
DA:50,0
DA:51,0
DA:52,0
DA:53,0
DA:54,0
DA:55,0
DA:56,0
DA:58,0
DA:61,39
DA:62,5
DA:66,5
DA:67,5
DA:68,5
DA:69,4
DA:70,0
DA:72,4
DA:76,5
DA:83,39
DA:84,5
DA:85,5
DA:90,5
DA:91,5
DA:94,5
DA:95,1
DA:96,1
DA:98,4
DA:99,0
DA:100,0
DA:102,4
DA:103,1
DA:104,1
DA:106,3
DA:107,0
DA:108,0
DA:110,3
DA:111,0
DA:112,0
DA:114,3
DA:115,0
DA:116,0
DA:120,3
DA:140,3
DA:141,3
DA:143,2
DA:144,2
DA:145,1
DA:147,1
DA:151,2
DA:152,2
DA:153,2
DA:154,2
DA:155,2
DA:156,2
DA:157,2
DA:158,2
DA:159,2
DA:160,2
DA:162,2
DA:165,1
DA:166,1
DA:167,1
DA:168,1
DA:172,39
DA:173,1
DA:174,1
DA:175,1
DA:176,1
DA:177,1
DA:178,1
DA:180,0
DA:181,0
DA:182,0
DA:186,39
DA:187,1
DA:196,1
DA:197,1
DA:198,1
DA:199,1
DA:200,1
DA:201,1
DA:203,0
DA:204,0
DA:205,0
DA:213,39
DA:232,0
DA:233,0
DA:234,0
DA:235,0
DA:239,2
DA:240,2
DA:241,1
DA:242,1
DA:243,1
DA:244,1
LF:116
LH:88
BRDA:49,0,0,0
BRDA:49,0,1,0
BRDA:53,1,0,0
BRDA:53,1,1,0
BRDA:58,2,0,0
BRDA:58,2,1,0
BRDA:63,3,0,5
BRDA:63,3,1,4
BRDA:66,4,0,1
BRDA:66,4,1,4
BRDA:68,5,0,4
BRDA:68,5,1,1
BRDA:69,6,0,0
BRDA:69,6,1,4
BRDA:72,7,0,4
BRDA:72,7,1,1
BRDA:94,8,0,1
BRDA:94,8,1,4
BRDA:94,9,0,5
BRDA:94,9,1,5
BRDA:94,9,2,5
BRDA:98,10,0,0
BRDA:98,10,1,4
BRDA:102,11,0,1
BRDA:102,11,1,3
BRDA:102,12,0,4
BRDA:102,12,1,1
BRDA:106,13,0,0
BRDA:106,13,1,3
BRDA:106,14,0,3
BRDA:106,14,1,0
BRDA:106,14,2,0
BRDA:106,14,3,0
BRDA:110,15,0,0
BRDA:110,15,1,3
BRDA:110,16,0,3
BRDA:110,16,1,0
BRDA:110,16,2,0
BRDA:114,17,0,0
BRDA:114,17,1,3
BRDA:114,18,0,3
BRDA:114,18,1,0
BRDA:125,19,0,3
BRDA:125,19,1,0
BRDA:126,20,0,0
BRDA:126,20,1,3
BRDA:126,21,0,3
BRDA:126,21,1,0
BRDA:131,22,0,3
BRDA:131,22,1,0
BRDA:131,23,0,3
BRDA:131,23,1,0
BRDA:132,24,0,3
BRDA:132,24,1,0
BRDA:133,25,0,3
BRDA:133,25,1,0
BRDA:133,26,0,3
BRDA:133,26,1,0
BRDA:134,27,0,3
BRDA:134,27,1,0
BRDA:135,28,0,3
BRDA:135,28,1,0
BRDA:136,29,0,0
BRDA:136,29,1,0
BRDA:136,29,2,0
BRDA:144,30,0,1
BRDA:144,30,1,1
BRDA:162,31,0,2
BRDA:162,31,1,0
BRDA:167,32,0,1
BRDA:167,32,1,0
BRDA:167,32,2,0
BRDA:175,33,0,1
BRDA:175,33,1,0
BRDA:178,34,0,1
BRDA:178,34,1,0
BRDA:198,35,0,1
BRDA:198,35,1,0
BRDA:201,36,0,1
BRDA:201,36,1,0
BRDA:240,37,0,1
BRDA:240,37,1,1
BRDA:242,38,0,1
BRDA:242,38,1,0
BRF:84
BRH:46
end_of_record
TN:
SF:src\screens\LoginScreen.js
FN:30,LoginScreen
FN:45,(anonymous_1)
FN:52,(anonymous_2)
FN:68,(anonymous_3)
FN:96,(anonymous_4)
FN:156,(anonymous_5)
FN:163,(anonymous_6)
FN:195,(anonymous_7)
FN:196,(anonymous_8)
FN:216,(anonymous_9)
FN:217,(anonymous_10)
FN:220,(anonymous_11)
FN:281,(anonymous_12)
FN:289,(anonymous_13)
FN:296,(anonymous_14)
FNF:15
FNH:9
FNDA:26,LoginScreen
FNDA:1,(anonymous_1)
FNDA:1,(anonymous_2)
FNDA:5,(anonymous_3)
FNDA:4,(anonymous_4)
FNDA:0,(anonymous_5)
FNDA:1,(anonymous_6)
FNDA:0,(anonymous_7)
FNDA:0,(anonymous_8)
FNDA:0,(anonymous_9)
FNDA:0,(anonymous_10)
FNDA:0,(anonymous_11)
FNDA:1,(anonymous_12)
FNDA:1,(anonymous_13)
FNDA:1,(anonymous_14)
DA:25,1
DA:31,26
DA:33,26
DA:34,26
DA:35,26
DA:36,26
DA:37,26
DA:38,26
DA:39,26
DA:42,26
DA:45,26
DA:46,1
DA:47,1
DA:48,1
DA:49,1
DA:52,26
DA:53,1
DA:54,1
DA:55,1
DA:56,1
DA:57,1
DA:58,0
DA:59,0
DA:62,0
DA:64,1
DA:68,26
DA:69,5
DA:70,0
DA:76,5
DA:77,1
DA:78,1
DA:79,0
DA:82,4
DA:85,5
DA:86,1
DA:87,1
DA:88,1
DA:89,1
DA:92,4
DA:93,4
DA:96,4
DA:97,4
DA:98,4
DA:99,2
DA:101,2
DA:102,2
DA:103,2
DA:104,1
DA:105,1
DA:108,1
DA:110,0
DA:113,2
DA:114,2
DA:115,2
DA:116,1
DA:118,1
DA:126,4
DA:129,26
DA:156,0
DA:163,1
DA:195,0
DA:196,0
DA:216,0
DA:217,0
DA:220,0
DA:281,1
DA:289,1
DA:296,1
DA:321,1
DA:326,1
LF:70
LH:58
BRDA:56,0,0,1
BRDA:56,0,1,0
BRDA:58,1,0,0
BRDA:58,1,1,0
BRDA:58,2,0,0
BRDA:58,2,1,0
BRDA:69,3,0,0
BRDA:69,3,1,5
BRDA:76,4,0,1
BRDA:76,4,1,4
BRDA:76,5,0,5
BRDA:76,5,1,4
BRDA:78,6,0,0
BRDA:78,6,1,1
BRDA:85,7,0,1
BRDA:85,7,1,4
BRDA:101,8,0,2
BRDA:101,8,1,0
BRDA:102,9,0,2
BRDA:102,9,1,0
BRDA:103,10,0,1
BRDA:103,10,1,1
BRDA:103,11,0,2
BRDA:103,11,1,1
BRDA:103,11,2,1
BRDA:110,12,0,0
BRDA:110,12,1,0
BRDA:114,13,0,2
BRDA:114,13,1,0
BRDA:115,14,0,1
BRDA:115,14,1,1
BRDA:133,15,0,26
BRDA:133,15,1,0
BRDA:155,16,0,26
BRDA:155,16,1,22
BRDA:159,17,0,26
BRDA:159,17,1,22
BRDA:162,18,0,26
BRDA:162,18,1,4
BRDA:166,19,0,26
BRDA:166,19,1,4
BRDA:172,20,0,4
BRDA:172,20,1,22
BRDA:174,21,0,4
BRDA:174,21,1,22
BRDA:178,22,0,26
BRDA:178,22,1,0
BRDA:182,23,0,0
BRDA:182,23,1,26
BRDA:201,24,0,26
BRDA:201,24,1,0
BRDA:205,25,0,0
BRDA:205,25,1,26
BRDA:224,26,0,0
BRDA:224,26,1,26
BRDA:239,27,0,5
BRDA:239,27,1,21
BRDA:253,28,0,26
BRDA:253,28,1,22
BRDA:253,28,2,3
BRDA:253,28,3,3
BRDA:278,29,0,26
BRDA:278,29,1,22
BRF:63
BRH:45
end_of_record
TN:
SF:src\services\api.js
FN:5,(anonymous_0)
FN:11,(anonymous_1)
FN:19,(anonymous_2)
FN:42,(anonymous_3)
FN:51,(anonymous_4)
FN:57,(anonymous_5)
FN:63,(anonymous_6)
FN:69,(anonymous_7)
FN:99,(anonymous_8)
FN:120,(anonymous_9)
FN:141,(anonymous_10)
FN:142,(anonymous_11)
FN:144,(anonymous_12)
FN:167,(anonymous_13)
FN:173,(anonymous_14)
FN:195,(anonymous_15)
FN:237,(anonymous_16)
FN:243,(anonymous_17)
FN:247,(anonymous_18)
FN:257,(anonymous_19)
FN:265,(anonymous_20)
FN:285,(anonymous_21)
FN:305,(anonymous_22)
FN:332,(anonymous_23)
FN:339,(anonymous_24)
FN:359,(anonymous_25)
FN:372,(anonymous_26)
FN:377,(anonymous_27)
FN:382,(anonymous_28)
FN:390,(anonymous_29)
FN:403,(anonymous_30)
FN:414,(anonymous_31)
FN:422,(anonymous_32)
FN:427,(anonymous_33)
FN:432,(anonymous_34)
FN:447,(anonymous_35)
FN:455,(anonymous_36)
FN:458,(anonymous_37)
FN:465,(anonymous_38)
FN:470,(anonymous_39)
FN:470,(anonymous_40)
FN:475,(anonymous_41)
FN:476,(anonymous_42)
FN:479,(anonymous_43)
FN:487,(anonymous_44)
FN:492,(anonymous_45)
FN:500,(anonymous_46)
FN:505,(anonymous_47)
FN:510,(anonymous_48)
FN:518,(anonymous_49)
FN:523,(anonymous_50)
FN:539,(anonymous_51)
FN:544,(anonymous_52)
FN:552,(anonymous_53)
FN:557,(anonymous_54)
FN:562,(anonymous_55)
FN:567,(anonymous_56)
FN:572,(anonymous_57)
FN:580,(anonymous_58)
FN:585,(anonymous_59)
FN:590,(anonymous_60)
FN:595,(anonymous_61)
FN:600,(anonymous_62)
FN:605,(anonymous_63)
FN:613,(anonymous_64)
FN:618,(anonymous_65)
FN:623,(anonymous_66)
FN:628,(anonymous_67)
FN:633,(anonymous_68)
FN:638,(anonymous_69)
FN:648,(anonymous_70)
FN:653,(anonymous_71)
FN:669,(anonymous_72)
FN:693,(anonymous_73)
FN:698,(anonymous_74)
FN:703,(anonymous_75)
FN:708,(anonymous_76)
FN:713,(anonymous_77)
FN:718,(anonymous_78)
FN:728,(anonymous_79)
FN:735,(anonymous_80)
FN:741,(anonymous_81)
FN:747,(anonymous_82)
FN:752,(anonymous_83)
FN:757,(anonymous_84)
FN:763,(anonymous_85)
FN:773,(anonymous_86)
FN:790,(anonymous_87)
FN:801,(anonymous_88)
FN:807,(anonymous_89)
FN:814,(anonymous_90)
FN:824,(anonymous_91)
FN:839,(anonymous_92)
FN:847,(anonymous_93)
FN:857,(anonymous_94)
FN:862,(anonymous_95)
FN:867,(anonymous_96)
FN:875,(anonymous_97)
FN:885,(anonymous_98)
FN:893,(anonymous_99)
FN:898,(anonymous_100)
FN:903,(anonymous_101)
FN:908,(anonymous_102)
FN:913,(anonymous_103)
FN:919,(anonymous_104)
FNF:105
FNH:59
FNDA:1,(anonymous_0)
FNDA:0,(anonymous_1)
FNDA:1,(anonymous_2)
FNDA:3,(anonymous_3)
FNDA:5,(anonymous_4)
FNDA:3563,(anonymous_5)
FNDA:986,(anonymous_6)
FNDA:5,(anonymous_7)
FNDA:1,(anonymous_8)
FNDA:484,(anonymous_9)
FNDA:962,(anonymous_10)
FNDA:962,(anonymous_11)
FNDA:1440,(anonymous_12)
FNDA:4,(anonymous_13)
FNDA:502,(anonymous_14)
FNDA:501,(anonymous_15)
FNDA:1,(anonymous_16)
FNDA:0,(anonymous_17)
FNDA:1,(anonymous_18)
FNDA:6,(anonymous_19)
FNDA:0,(anonymous_20)
FNDA:4,(anonymous_21)
FNDA:4,(anonymous_22)
FNDA:1,(anonymous_23)
FNDA:1,(anonymous_24)
FNDA:1,(anonymous_25)
FNDA:1,(anonymous_26)
FNDA:1,(anonymous_27)
FNDA:1,(anonymous_28)
FNDA:2,(anonymous_29)
FNDA:1,(anonymous_30)
FNDA:0,(anonymous_31)
FNDA:0,(anonymous_32)
FNDA:0,(anonymous_33)
FNDA:1,(anonymous_34)
FNDA:0,(anonymous_35)
FNDA:3,(anonymous_36)
FNDA:1,(anonymous_37)
FNDA:82,(anonymous_38)
FNDA:82,(anonymous_39)
FNDA:483,(anonymous_40)
FNDA:82,(anonymous_41)
FNDA:82,(anonymous_42)
FNDA:483,(anonymous_43)
FNDA:0,(anonymous_44)
FNDA:0,(anonymous_45)
FNDA:0,(anonymous_46)
FNDA:0,(anonymous_47)
FNDA:0,(anonymous_48)
FNDA:0,(anonymous_49)
FNDA:1,(anonymous_50)
FNDA:0,(anonymous_51)
FNDA:0,(anonymous_52)
FNDA:0,(anonymous_53)
FNDA:0,(anonymous_54)
FNDA:0,(anonymous_55)
FNDA:0,(anonymous_56)
FNDA:0,(anonymous_57)
FNDA:1,(anonymous_58)
FNDA:1,(anonymous_59)
FNDA:1,(anonymous_60)
FNDA:1,(anonymous_61)
FNDA:0,(anonymous_62)
FNDA:0,(anonymous_63)
FNDA:0,(anonymous_64)
FNDA:0,(anonymous_65)
FNDA:0,(anonymous_66)
FNDA:0,(anonymous_67)
FNDA:0,(anonymous_68)
FNDA:0,(anonymous_69)
FNDA:1,(anonymous_70)
FNDA:1,(anonymous_71)
FNDA:1,(anonymous_72)
FNDA:0,(anonymous_73)
FNDA:1,(anonymous_74)
FNDA:1,(anonymous_75)
FNDA:1,(anonymous_76)
FNDA:1,(anonymous_77)
FNDA:0,(anonymous_78)
FNDA:1,(anonymous_79)
FNDA:0,(anonymous_80)
FNDA:0,(anonymous_81)
FNDA:0,(anonymous_82)
FNDA:1,(anonymous_83)
FNDA:1,(anonymous_84)
FNDA:0,(anonymous_85)
FNDA:0,(anonymous_86)
FNDA:0,(anonymous_87)
FNDA:0,(anonymous_88)
FNDA:0,(anonymous_89)
FNDA:2,(anonymous_90)
FNDA:0,(anonymous_91)
FNDA:0,(anonymous_92)
FNDA:0,(anonymous_93)
FNDA:0,(anonymous_94)
FNDA:0,(anonymous_95)
FNDA:0,(anonymous_96)
FNDA:0,(anonymous_97)
FNDA:0,(anonymous_98)
FNDA:1,(anonymous_99)
FNDA:1,(anonymous_100)
FNDA:1,(anonymous_101)
FNDA:1,(anonymous_102)
FNDA:1,(anonymous_103)
FNDA:2,(anonymous_104)
DA:5,4
DA:6,1
DA:7,1
DA:10,4
DA:11,4
DA:12,0
DA:13,0
DA:14,0
DA:17,4
DA:19,4
DA:20,1
DA:21,1
DA:22,1
DA:23,1
DA:26,4
DA:27,4
DA:28,4
DA:30,4
DA:39,4
DA:40,4
DA:42,4
DA:43,3
DA:44,3
DA:46,3
DA:47,3
DA:51,4
DA:52,5
DA:55,4
DA:57,4
DA:58,3563
DA:59,3560
DA:60,3557
DA:63,4
DA:64,986
DA:65,982
DA:66,982
DA:69,4
DA:70,5
DA:71,5
DA:76,0
DA:78,5
DA:80,5
DA:84,5
DA:99,4
DA:100,1
DA:101,1
DA:102,1
DA:106,1
DA:120,4
DA:121,484
DA:127,0
DA:138,484
DA:139,484
DA:141,962
DA:142,962
DA:144,1440
DA:145,484
DA:146,484
DA:148,484
DA:149,484
DA:150,484
DA:152,484
DA:167,4
DA:173,4
DA:174,502
DA:183,0
DA:186,502
DA:187,502
DA:188,502
DA:191,502
DA:192,502
DA:194,502
DA:196,501
DA:197,501
DA:198,501
DA:207,502
DA:208,502
DA:209,502
DA:210,501
DA:211,501
DA:212,501
DA:214,501
DA:215,501
DA:219,502
DA:237,4
DA:238,1
DA:239,1
DA:240,1
DA:242,1
DA:243,0
DA:246,4
DA:248,1
DA:249,1
DA:250,1
DA:251,1
DA:253,1
DA:255,1
DA:258,6
DA:260,6
DA:261,6
DA:262,0
DA:263,0
DA:264,0
DA:265,0
DA:267,0
DA:268,0
DA:269,0
DA:270,0
DA:271,0
DA:275,6
DA:276,6
DA:277,6
DA:281,6
DA:282,5
DA:283,5
DA:284,5
DA:285,4
DA:286,4
DA:287,4
DA:288,0
DA:291,4
DA:292,3
DA:293,3
DA:295,3
DA:296,1
DA:299,2
DA:304,2
DA:306,4
DA:310,5
DA:311,3
DA:312,3
DA:313,3
DA:315,2
DA:316,2
DA:320,1
DA:324,1
DA:325,1
DA:327,1
DA:331,4
DA:333,1
DA:334,1
DA:340,1
DA:341,1
DA:346,1
DA:347,1
DA:352,1
DA:360,1
DA:361,1
DA:363,0
DA:365,1
DA:366,1
DA:373,1
DA:374,1
DA:378,1
DA:379,1
DA:383,1
DA:384,1
DA:391,2
DA:400,2
DA:404,1
DA:409,1
DA:410,1
DA:411,1
DA:415,0
DA:416,0
DA:423,0
DA:424,0
DA:428,0
DA:429,0
DA:433,1
DA:443,1
DA:444,1
DA:448,0
DA:449,0
DA:456,3
DA:457,1
DA:458,1
DA:461,2
DA:462,2
DA:464,2
DA:466,82
DA:467,82
DA:468,82
DA:470,483
DA:474,2
DA:475,82
DA:476,82
DA:478,2
DA:479,2
DA:480,483
DA:481,483
DA:484,2
DA:488,0
DA:489,0
DA:493,0
DA:494,0
DA:501,0
DA:502,0
DA:506,0
DA:507,0
DA:511,0
DA:512,0
DA:519,0
DA:520,0
DA:524,1
DA:532,1
DA:536,1
DA:540,0
DA:541,0
DA:545,0
DA:546,0
DA:553,0
DA:554,0
DA:558,0
DA:559,0
DA:563,0
DA:564,0
DA:568,0
DA:569,0
DA:573,0
DA:574,0
DA:581,1
DA:582,1
DA:586,1
DA:587,1
DA:591,1
DA:592,1
DA:596,1
DA:597,1
DA:601,0
DA:602,0
DA:606,0
DA:607,0
DA:614,0
DA:615,0
DA:619,0
DA:620,0
DA:624,0
DA:625,0
DA:629,0
DA:630,0
DA:634,0
DA:635,0
DA:639,0
DA:642,0
DA:649,1
DA:650,1
DA:654,1
DA:655,1
DA:656,1
DA:659,1
DA:664,1
DA:665,1
DA:666,1
DA:670,1
DA:671,1
DA:672,1
DA:677,1
DA:684,1
DA:685,1
DA:687,1
DA:694,0
DA:695,0
DA:699,1
DA:700,1
DA:704,1
DA:705,1
DA:709,1
DA:710,1
DA:714,1
DA:715,1
DA:719,0
DA:720,0
DA:729,1
DA:730,1
DA:731,1
DA:736,0
DA:737,0
DA:742,0
DA:743,0
DA:748,0
DA:749,0
DA:753,1
DA:754,1
DA:758,1
DA:759,1
DA:764,0
DA:765,0
DA:774,0
DA:786,0
DA:791,0
DA:797,0
DA:802,0
DA:803,0
DA:808,0
DA:811,0
DA:815,2
DA:816,2
DA:817,1
DA:820,1
DA:825,0
DA:835,0
DA:840,0
DA:843,0
DA:848,0
DA:851,0
DA:858,0
DA:859,0
DA:863,0
DA:864,0
DA:868,0
DA:869,0
DA:876,0
DA:879,0
DA:886,0
DA:887,0
DA:894,1
DA:895,1
DA:899,1
DA:900,1
DA:904,1
DA:905,1
DA:909,1
DA:910,1
DA:914,1
DA:915,1
DA:919,2
LF:327
LH:223
BRDA:6,0,0,0
BRDA:6,0,1,1
BRDA:20,1,0,0
BRDA:20,1,1,1
BRDA:20,2,0,1
BRDA:20,2,1,1
BRDA:43,3,0,3
BRDA:43,3,1,0
BRDA:46,4,0,3
BRDA:46,4,1,0
BRDA:58,5,0,3
BRDA:58,5,1,3560
BRDA:59,6,0,3
BRDA:59,6,1,3557
BRDA:60,7,0,3557
BRDA:60,7,1,0
BRDA:60,7,2,0
BRDA:64,8,0,4
BRDA:64,8,1,982
BRDA:65,9,0,0
BRDA:65,9,1,982
BRDA:70,10,0,5
BRDA:70,10,1,0
BRDA:71,11,0,0
BRDA:71,11,1,5
BRDA:72,12,0,5
BRDA:72,12,1,0
BRDA:72,12,2,0
BRDA:78,13,0,5
BRDA:78,13,1,0
BRDA:80,14,0,0
BRDA:80,14,1,5
BRDA:85,15,0,2
BRDA:85,15,1,3
BRDA:87,16,0,5
BRDA:87,16,1,5
BRDA:87,16,2,3
BRDA:88,17,0,5
BRDA:88,17,1,3
BRDA:89,18,0,5
BRDA:89,18,1,3
BRDA:91,19,0,5
BRDA:91,19,1,4
BRDA:91,19,2,0
BRDA:92,20,0,5
BRDA:92,20,1,4
BRDA:92,20,2,0
BRDA:93,21,0,5
BRDA:93,21,1,4
BRDA:93,21,2,0
BRDA:94,22,0,5
BRDA:94,22,1,4
BRDA:94,22,2,0
BRDA:100,23,0,1
BRDA:100,23,1,0
BRDA:101,24,0,1
BRDA:101,24,1,0
BRDA:102,25,0,1
BRDA:102,25,1,0
BRDA:108,26,0,1
BRDA:108,26,1,0
BRDA:108,26,2,0
BRDA:109,27,0,1
BRDA:109,27,1,0
BRDA:110,28,0,1
BRDA:110,28,1,0
BRDA:112,29,0,1
BRDA:112,29,1,0
BRDA:112,29,2,0
BRDA:113,30,0,1
BRDA:113,30,1,0
BRDA:113,30,2,0
BRDA:114,31,0,1
BRDA:114,31,1,0
BRDA:114,31,2,0
BRDA:115,32,0,1
BRDA:115,32,1,0
BRDA:115,32,2,0
BRDA:120,33,0,1
BRDA:121,34,0,0
BRDA:121,34,1,484
BRDA:122,35,0,484
BRDA:122,35,1,0
BRDA:122,35,2,0
BRDA:122,35,3,0
BRDA:138,36,0,484
BRDA:138,36,1,0
BRDA:144,37,0,484
BRDA:144,37,1,4
BRDA:145,38,0,484
BRDA:145,38,1,4
BRDA:149,39,0,484
BRDA:149,39,1,0
BRDA:150,40,0,484
BRDA:150,40,1,484
BRDA:150,40,2,3
BRDA:150,40,3,0
BRDA:170,41,0,4
BRDA:170,41,1,0
BRDA:174,42,0,0
BRDA:174,42,1,502
BRDA:175,43,0,502
BRDA:175,43,1,0
BRDA:175,43,2,0
BRDA:175,43,3,0
BRDA:175,43,4,0
BRDA:175,43,5,0
BRDA:175,43,6,0
BRDA:187,44,0,502
BRDA:187,44,1,2
BRDA:188,45,0,502
BRDA:188,45,1,0
BRDA:191,46,0,501
BRDA:191,46,1,1
BRDA:191,47,0,502
BRDA:191,47,1,502
BRDA:191,48,0,1
BRDA:191,48,1,1
BRDA:192,49,0,500
BRDA:192,49,1,2
BRDA:192,50,0,502
BRDA:192,50,1,500
BRDA:192,51,0,2
BRDA:192,51,1,2
BRDA:196,52,0,501
BRDA:196,52,1,0
BRDA:197,53,0,501
BRDA:197,53,1,0
BRDA:197,54,0,501
BRDA:197,54,1,501
BRDA:197,55,0,0
BRDA:197,55,1,0
BRDA:207,56,0,502
BRDA:207,56,1,502
BRDA:208,57,0,502
BRDA:208,57,1,502
BRDA:209,58,0,501
BRDA:209,58,1,1
BRDA:211,59,0,501
BRDA:211,59,1,0
BRDA:214,60,0,501
BRDA:214,60,1,0
BRDA:222,61,0,502
BRDA:222,61,1,502
BRDA:222,61,2,502
BRDA:223,62,0,502
BRDA:223,62,1,1
BRDA:223,62,2,1
BRDA:224,63,0,502
BRDA:224,63,1,0
BRDA:239,64,0,1
BRDA:239,64,1,0
BRDA:249,65,0,1
BRDA:249,65,1,0
BRDA:250,66,0,1
BRDA:250,66,1,0
BRDA:260,67,0,6
BRDA:260,67,1,0
BRDA:261,68,0,0
BRDA:261,68,1,6
BRDA:263,69,0,0
BRDA:263,69,1,0
BRDA:264,70,0,0
BRDA:264,70,1,0
BRDA:267,71,0,0
BRDA:267,71,1,0
BRDA:275,72,0,6
BRDA:275,72,1,0
BRDA:275,73,0,6
BRDA:275,73,1,6
BRDA:275,73,2,6
BRDA:276,74,0,6
BRDA:276,74,1,0
BRDA:277,75,0,6
BRDA:277,75,1,5
BRDA:277,75,2,5
BRDA:281,76,0,5
BRDA:281,76,1,1
BRDA:284,77,0,4
BRDA:284,77,1,1
BRDA:287,78,0,0
BRDA:287,78,1,4
BRDA:295,79,0,1
BRDA:295,79,1,2
BRDA:295,80,0,3
BRDA:295,80,1,3
BRDA:311,81,0,3
BRDA:311,81,1,0
BRDA:324,82,0,1
BRDA:324,82,1,0
BRDA:324,82,2,0
BRDA:340,83,0,1
BRDA:340,83,1,0
BRDA:346,84,0,1
BRDA:346,84,1,0
BRDA:346,85,0,1
BRDA:346,85,1,0
BRDA:354,86,0,1
BRDA:354,86,1,0
BRDA:390,87,0,1
BRDA:400,88,0,2
BRDA:400,88,1,0
BRDA:406,89,0,1
BRDA:406,89,1,1
BRDA:406,89,2,0
BRDA:407,90,0,1
BRDA:407,90,1,0
BRDA:436,91,0,1
BRDA:436,91,1,1
BRDA:437,92,0,1
BRDA:437,92,1,1
BRDA:437,92,2,0
BRDA:438,93,0,1
BRDA:438,93,1,1
BRDA:440,94,0,1
BRDA:440,94,1,1
BRDA:456,95,0,1
BRDA:456,95,1,2
BRDA:458,96,0,1
BRDA:458,96,1,0
BRDA:462,97,0,2
BRDA:462,97,1,0
BRDA:467,98,0,0
BRDA:467,98,1,82
BRDA:470,99,0,82
BRDA:470,99,1,0
BRDA:476,100,0,82
BRDA:476,100,1,0
BRDA:480,101,0,483
BRDA:480,101,1,0
BRDA:481,102,0,483
BRDA:481,102,1,0
BRDA:518,103,0,0
BRDA:524,104,0,0
BRDA:524,104,1,1
BRDA:533,105,0,1
BRDA:533,105,1,0
BRDA:534,106,0,1
BRDA:534,106,1,0
BRDA:638,107,0,0
BRDA:656,108,0,1
BRDA:656,108,1,0
BRDA:666,109,0,1
BRDA:666,109,1,0
BRDA:685,110,0,1
BRDA:685,110,1,0
BRDA:685,110,2,0
BRDA:703,111,0,0
BRDA:773,112,0,0
BRDA:790,113,0,0
BRDA:814,114,0,0
BRDA:815,115,0,2
BRDA:815,115,1,0
BRDA:816,116,0,1
BRDA:816,116,1,1
BRDA:824,117,0,0
BRDA:824,118,0,0
BRDA:839,119,0,0
BRDA:847,120,0,0
BRDA:895,121,0,1
BRDA:895,121,1,0
BRF:261
BRH:155
end_of_record
TN:
SF:src\services\notificationService.js
FN:9,(anonymous_0)
FN:30,(anonymous_1)
FN:34,(anonymous_2)
FN:43,(anonymous_3)
FN:47,(anonymous_4)
FN:52,(anonymous_5)
FN:57,(anonymous_6)
FN:61,(anonymous_7)
FN:65,(anonymous_8)
FN:69,(anonymous_9)
FN:74,(anonymous_10)
FN:79,(anonymous_11)
FN:83,(anonymous_12)
FN:92,(anonymous_13)
FN:101,(anonymous_14)
FN:110,(anonymous_15)
FN:119,(anonymous_16)
FN:128,(anonymous_17)
FN:137,(anonymous_18)
FN:146,(anonymous_19)
FNF:20
FNH:19
FNDA:3,(anonymous_0)
FNDA:0,(anonymous_1)
FNDA:1,(anonymous_2)
FNDA:1,(anonymous_3)
FNDA:1,(anonymous_4)
FNDA:1,(anonymous_5)
FNDA:1,(anonymous_6)
FNDA:1,(anonymous_7)
FNDA:1,(anonymous_8)
FNDA:1,(anonymous_9)
FNDA:1,(anonymous_10)
FNDA:1,(anonymous_11)
FNDA:1,(anonymous_12)
FNDA:1,(anonymous_13)
FNDA:1,(anonymous_14)
FNDA:1,(anonymous_15)
FNDA:1,(anonymous_16)
FNDA:1,(anonymous_17)
FNDA:1,(anonymous_18)
FNDA:2,(anonymous_19)
DA:5,1
DA:6,1
DA:7,1
DA:10,3
DA:11,3
DA:12,2
DA:13,1
DA:14,1
DA:17,1
DA:19,1
DA:20,1
DA:23,1
DA:25,1
DA:26,1
DA:31,0
DA:35,1
DA:36,1
DA:38,0
DA:39,0
DA:44,1
DA:48,1
DA:49,1
DA:53,1
DA:54,1
DA:58,1
DA:62,1
DA:66,1
DA:70,1
DA:71,1
DA:75,1
DA:76,1
DA:80,1
DA:84,1
DA:93,1
DA:102,1
DA:111,1
DA:120,1
DA:129,1
DA:138,1
DA:147,2
DA:149,1
DA:150,1
DA:152,1
LF:43
LH:40
BRDA:12,0,0,1
BRDA:12,0,1,1
BRDA:19,1,0,1
BRDA:19,1,1,0
BRDA:47,2,0,1
BRDA:47,3,0,1
BRDA:52,4,0,1
BRDA:70,5,0,1
BRDA:70,5,1,0
BRDA:71,6,0,1
BRDA:71,6,1,0
BRDA:137,7,0,0
BRDA:137,8,0,0
BRDA:147,9,0,1
BRDA:147,9,1,1
BRF:15
BRH:10
end_of_record
TN:
SF:src\utils\apiConfig.js
FN:1,(anonymous_0)
FN:8,(anonymous_1)
FN:16,(anonymous_2)
FN:18,(anonymous_3)
FN:31,(anonymous_4)
FNF:5
FNH:5
FNDA:26,(anonymous_0)
FNDA:13,(anonymous_1)
FNDA:13,(anonymous_2)
FNDA:13,(anonymous_3)
FNDA:6,(anonymous_4)
DA:1,7
DA:2,26
DA:3,8
DA:4,8
DA:5,8
DA:8,7
DA:9,13
DA:10,23
DA:11,23
DA:13,8
DA:16,13
DA:18,7
DA:19,13
DA:20,13
DA:24,13
DA:31,7
LF:16
LH:16
BRDA:2,0,0,18
BRDA:2,0,1,8
BRDA:4,1,0,0
BRDA:4,1,1,8
BRDA:11,2,0,5
BRDA:11,2,1,18
BRDA:31,3,0,6
BRDA:31,3,1,0
BRF:8
BRH:6
end_of_record
TN:
SF:src\utils\dateTimeUtils.js
FN:1,(anonymous_0)
FN:32,(anonymous_1)
FNF:2
FNH:2
FNDA:10,(anonymous_0)
FNDA:5,(anonymous_1)
DA:1,1
DA:2,10
DA:4,9
DA:5,9
DA:7,8
DA:8,8
DA:9,8
DA:11,8
DA:13,7
DA:21,7
DA:22,22
DA:23,6
DA:24,5
DA:28,1
DA:29,1
DA:32,1
DA:33,5
DA:35,4
DA:36,4
DA:38,3
DA:39,3
DA:40,3
LF:22
LH:22
BRDA:2,0,0,1
BRDA:2,0,1,9
BRDA:5,1,0,1
BRDA:5,1,1,8
BRDA:11,2,0,1
BRDA:11,2,1,7
BRDA:22,3,0,6
BRDA:22,3,1,16
BRDA:23,4,0,1
BRDA:23,4,1,5
BRDA:24,5,0,1
BRDA:24,5,1,4
BRDA:29,6,0,0
BRDA:29,6,1,1
BRDA:33,7,0,1
BRDA:33,7,1,4
BRDA:36,8,0,1
BRDA:36,8,1,3
BRF:18
BRH:17
end_of_record
TN:
SF:src\utils\fileExport.js
FN:6,(anonymous_0)
FN:13,(anonymous_1)
FNF:2
FNH:2
FNDA:2,(anonymous_0)
FNDA:3,(anonymous_1)
DA:3,1
DA:4,1
DA:6,1
DA:7,2
DA:8,2
DA:9,2
DA:10,2
DA:13,1
DA:14,3
DA:16,3
DA:17,3
DA:18,3
DA:19,2
DA:20,1
DA:23,1
DA:27,1
LF:16
LH:16
BRDA:6,0,0,1
BRDA:7,1,0,2
BRDA:7,1,1,0
BRDA:9,2,0,2
BRDA:9,2,1,0
BRDA:9,3,0,1
BRDA:9,3,1,1
BRDA:14,4,0,0
BRDA:14,4,1,3
BRDA:19,5,0,1
BRDA:19,5,1,1
BRDA:23,6,0,1
BRDA:23,6,1,0
BRF:13
BRH:9
end_of_record
TN:
SF:src\utils\fileShare.js
FN:3,(anonymous_0)
FN:7,(anonymous_1)
FNF:2
FNH:2
FNDA:3,(anonymous_0)
FNDA:2,(anonymous_1)
DA:3,1
DA:4,3
DA:7,1
DA:8,2
DA:9,2
DA:11,2
DA:12,2
DA:16,2
DA:23,1
DA:24,1
DA:27,1
LF:11
LH:11
BRDA:7,0,0,1
BRDA:9,1,0,0
BRDA:9,1,1,2
BRDA:12,2,0,1
BRDA:12,2,1,1
BRDA:12,3,0,2
BRDA:12,3,1,0
BRDA:14,4,0,1
BRDA:14,4,1,0
BRDA:18,5,0,1
BRDA:18,5,1,1
BRDA:23,6,0,1
BRDA:23,6,1,0
BRF:13
BRH:9
end_of_record
TN:
SF:src\utils\permissions.js
FN:93,(anonymous_0)
FN:121,(anonymous_1)
FN:131,(anonymous_2)
FN:146,(anonymous_3)
FN:157,(anonymous_4)
FNF:5
FNH:5
FNDA:11,(anonymous_0)
FNDA:9,(anonymous_1)
FNDA:32,(anonymous_2)
FNDA:7,(anonymous_3)
FNDA:3,(anonymous_4)
DA:7,2
DA:15,2
DA:23,2
DA:53,2
DA:93,2
DA:94,11
DA:97,9
DA:100,7
DA:103,7
DA:108,3
DA:109,1
DA:110,1
DA:113,2
DA:121,2
DA:122,9
DA:123,1
DA:126,8
DA:129,8
DA:131,8
DA:132,32
DA:133,9
DA:137,8
DA:146,2
DA:147,7
DA:148,5
DA:157,2
DA:158,3
DA:159,3
LF:28
LH:28
BRDA:94,0,0,2
BRDA:94,0,1,9
BRDA:94,1,0,11
BRDA:94,1,1,10
BRDA:97,2,0,2
BRDA:97,2,1,7
BRDA:100,3,0,7
BRDA:100,3,1,1
BRDA:103,4,0,4
BRDA:103,4,1,3
BRDA:108,5,0,1
BRDA:108,5,1,2
BRDA:109,6,0,1
BRDA:109,6,1,0
BRDA:110,7,0,1
BRDA:110,7,1,0
BRDA:122,8,0,1
BRDA:122,8,1,8
BRDA:126,9,0,8
BRDA:126,9,1,0
BRDA:129,10,0,8
BRDA:129,10,1,0
BRDA:132,11,0,9
BRDA:132,11,1,23
BRDA:132,12,0,32
BRDA:132,12,1,9
BRDA:147,13,0,2
BRDA:147,13,1,5
BRDA:147,14,0,7
BRDA:147,14,1,6
BRDA:148,15,0,5
BRDA:148,15,1,4
BRDA:158,16,0,0
BRDA:158,16,1,3
BRDA:158,17,0,3
BRDA:158,17,1,3
BRF:36
BRH:31
end_of_record
TN:
SF:src\utils\validationUtils.js
FN:54,(anonymous_0)
FN:67,(anonymous_1)
FN:78,(anonymous_2)
FN:98,(anonymous_3)
FN:231,(anonymous_4)
FN:301,(anonymous_5)
FN:314,(anonymous_6)
FN:362,hasSequentialChars
FN:393,hasRepeatingChars
FN:403,(anonymous_9)
FN:441,(anonymous_10)
FN:447,(anonymous_11)
FN:475,(anonymous_12)
FN:492,(anonymous_13)
FN:509,(anonymous_14)
FN:526,(anonymous_15)
FN:560,(anonymous_16)
FNF:17
FNH:17
FNDA:2,(anonymous_0)
FNDA:1,(anonymous_1)
FNDA:23,(anonymous_2)
FNDA:8,(anonymous_3)
FNDA:7,(anonymous_4)
FNDA:59,(anonymous_5)
FNDA:5,(anonymous_6)
FNDA:5,hasSequentialChars
FNDA:5,hasRepeatingChars
FNDA:6,(anonymous_9)
FNDA:6,(anonymous_10)
FNDA:4,(anonymous_11)
FNDA:4,(anonymous_12)
FNDA:3,(anonymous_13)
FNDA:3,(anonymous_14)
FNDA:2,(anonymous_15)
FNDA:4,(anonymous_16)
DA:9,3
DA:10,3
DA:11,3
DA:14,3
DA:23,3
DA:30,3
DA:31,3
DA:32,3
DA:33,3
DA:34,3
DA:35,3
DA:36,3
DA:37,3
DA:38,3
DA:39,3
DA:40,3
DA:43,3
DA:54,3
DA:55,2
DA:56,1
DA:57,1
DA:58,1
DA:59,1
DA:60,1
DA:61,1
DA:62,1
DA:63,1
DA:65,1
DA:67,1
DA:68,1
DA:69,1
DA:78,3
DA:79,23
DA:80,23
DA:81,23
DA:82,23
DA:83,23
DA:84,23
DA:89,3
DA:90,3
DA:91,3
DA:98,3
DA:99,8
DA:100,1
DA:103,7
DA:106,7
DA:107,2
DA:111,5
DA:112,5
DA:113,0
DA:116,5
DA:119,5
DA:120,0
DA:123,5
DA:124,0
DA:127,5
DA:128,0
DA:131,5
DA:132,0
DA:136,5
DA:137,0
DA:141,5
DA:142,0
DA:146,5
DA:147,0
DA:151,5
DA:154,5
DA:155,0
DA:159,5
DA:160,5
DA:162,5
DA:163,0
DA:167,5
DA:168,0
DA:172,5
DA:173,0
DA:177,5
DA:178,0
DA:182,5
DA:183,0
DA:187,5
DA:188,0
DA:193,5
DA:195,5
DA:196,1
DA:199,4
DA:200,1
DA:203,3
DA:204,0
DA:208,3
DA:209,0
DA:212,3
DA:213,0
DA:217,3
DA:218,1
DA:221,2
DA:231,3
DA:232,7
DA:246,7
DA:247,0
DA:256,7
DA:257,7
DA:258,2
DA:267,5
DA:268,5
DA:269,0
DA:278,5
DA:279,5
DA:280,0
DA:289,5
DA:292,5
DA:295,5
DA:298,5
DA:301,5
DA:302,59
DA:306,5
DA:307,5
DA:308,5
DA:310,5
DA:311,5
DA:312,0
DA:314,5
DA:315,1
DA:319,5
DA:322,5
DA:325,5
DA:326,5
DA:329,5
DA:330,5
DA:331,2
DA:332,3
DA:333,2
DA:337,5
DA:338,5
DA:339,5
DA:340,5
DA:341,5
DA:342,5
DA:343,5
DA:344,5
DA:345,5
DA:347,5
DA:348,3
DA:356,2
DA:363,5
DA:375,5
DA:376,37
DA:377,349
DA:378,349
DA:379,1
DA:382,348
DA:383,0
DA:387,4
DA:394,5
DA:395,5
DA:403,3
DA:404,6
DA:405,1
DA:408,5
DA:411,5
DA:412,0
DA:416,5
DA:417,0
DA:421,5
DA:422,1
DA:426,4
DA:427,0
DA:431,4
DA:432,0
DA:436,4
DA:437,0
DA:441,6
DA:442,4
DA:443,2
DA:447,4
DA:448,0
DA:452,2
DA:453,4
DA:454,0
DA:459,2
DA:460,0
DA:466,2
DA:475,3
DA:476,4
DA:477,0
DA:480,4
DA:481,2
DA:484,2
DA:492,3
DA:493,3
DA:495,1
DA:497,1
DA:500,1
DA:509,3
DA:510,3
DA:512,1
DA:514,1
DA:517,1
DA:526,3
DA:527,2
DA:529,2
DA:530,2
DA:531,1
DA:534,2
DA:535,2
DA:536,1
DA:539,2
DA:540,2
DA:541,1
DA:544,2
DA:545,2
DA:546,1
DA:549,2
DA:560,3
DA:561,4
DA:563,4
DA:564,2
DA:567,4
DA:568,2
DA:571,4
LF:220
LH:188
BRDA:55,0,0,1
BRDA:55,0,1,1
BRDA:56,1,0,1
BRDA:56,1,1,0
BRDA:58,2,0,1
BRDA:58,2,1,0
BRDA:59,3,0,1
BRDA:59,3,1,0
BRDA:60,4,0,1
BRDA:60,4,1,0
BRDA:61,5,0,1
BRDA:61,5,1,0
BRDA:62,6,0,1
BRDA:62,6,1,0
BRDA:63,7,0,1
BRDA:63,7,1,0
BRDA:65,8,0,1
BRDA:65,8,1,0
BRDA:65,9,0,1
BRDA:65,9,1,1
BRDA:68,10,0,1
BRDA:68,10,1,0
BRDA:99,11,0,1
BRDA:99,11,1,7
BRDA:99,12,0,8
BRDA:99,12,1,7
BRDA:106,13,0,2
BRDA:106,13,1,5
BRDA:112,14,0,0
BRDA:112,14,1,5
BRDA:119,15,0,0
BRDA:119,15,1,5
BRDA:119,16,0,5
BRDA:119,16,1,5
BRDA:123,17,0,0
BRDA:123,17,1,5
BRDA:127,18,0,0
BRDA:127,18,1,5
BRDA:131,19,0,0
BRDA:131,19,1,5
BRDA:136,20,0,0
BRDA:136,20,1,5
BRDA:141,21,0,0
BRDA:141,21,1,5
BRDA:141,22,0,5
BRDA:141,22,1,5
BRDA:146,23,0,0
BRDA:146,23,1,5
BRDA:154,24,0,0
BRDA:154,24,1,5
BRDA:162,25,0,0
BRDA:162,25,1,5
BRDA:162,26,0,5
BRDA:162,26,1,5
BRDA:167,27,0,0
BRDA:167,27,1,5
BRDA:172,28,0,0
BRDA:172,28,1,5
BRDA:172,29,0,5
BRDA:172,29,1,0
BRDA:177,30,0,0
BRDA:177,30,1,5
BRDA:177,31,0,5
BRDA:177,31,1,0
BRDA:182,32,0,0
BRDA:182,32,1,5
BRDA:187,33,0,0
BRDA:187,33,1,5
BRDA:187,34,0,5
BRDA:187,34,1,5
BRDA:195,35,0,1
BRDA:195,35,1,4
BRDA:195,36,0,5
BRDA:195,36,1,5
BRDA:199,37,0,1
BRDA:199,37,1,3
BRDA:203,38,0,0
BRDA:203,38,1,3
BRDA:208,39,0,0
BRDA:208,39,1,3
BRDA:212,40,0,0
BRDA:212,40,1,3
BRDA:217,41,0,1
BRDA:217,41,1,2
BRDA:231,42,0,1
BRDA:231,43,0,1
BRDA:246,44,0,0
BRDA:246,44,1,7
BRDA:257,45,0,2
BRDA:257,45,1,5
BRDA:268,46,0,0
BRDA:268,46,1,5
BRDA:279,47,0,0
BRDA:279,47,1,5
BRDA:307,48,0,3
BRDA:307,48,1,2
BRDA:308,49,0,3
BRDA:308,49,1,2
BRDA:311,50,0,0
BRDA:311,50,1,5
BRDA:311,51,0,5
BRDA:311,51,1,3
BRDA:311,51,2,3
BRDA:314,52,0,1
BRDA:314,52,1,4
BRDA:314,53,0,5
BRDA:314,53,1,5
BRDA:330,54,0,2
BRDA:330,54,1,3
BRDA:332,55,0,2
BRDA:332,55,1,1
BRDA:338,56,0,1
BRDA:338,56,1,4
BRDA:339,57,0,0
BRDA:339,57,1,5
BRDA:340,58,0,1
BRDA:340,58,1,4
BRDA:341,59,0,1
BRDA:341,59,1,4
BRDA:342,60,0,2
BRDA:342,60,1,3
BRDA:343,61,0,1
BRDA:343,61,1,4
BRDA:344,62,0,1
BRDA:344,62,1,4
BRDA:345,63,0,1
BRDA:345,63,1,4
BRDA:347,64,0,3
BRDA:347,64,1,2
BRDA:350,65,0,1
BRDA:350,65,1,2
BRDA:378,66,0,1
BRDA:378,66,1,348
BRDA:382,67,0,0
BRDA:382,67,1,348
BRDA:404,68,0,1
BRDA:404,68,1,5
BRDA:404,69,0,6
BRDA:404,69,1,5
BRDA:411,70,0,0
BRDA:411,70,1,5
BRDA:416,71,0,0
BRDA:416,71,1,5
BRDA:421,72,0,1
BRDA:421,72,1,4
BRDA:426,73,0,0
BRDA:426,73,1,4
BRDA:431,74,0,0
BRDA:431,74,1,4
BRDA:436,75,0,0
BRDA:436,75,1,4
BRDA:442,76,0,2
BRDA:442,76,1,2
BRDA:447,77,0,0
BRDA:447,77,1,2
BRDA:453,78,0,0
BRDA:453,78,1,4
BRDA:459,79,0,0
BRDA:459,79,1,2
BRDA:476,80,0,0
BRDA:476,80,1,4
BRDA:480,81,0,2
BRDA:480,81,1,2
BRDA:493,82,0,1
BRDA:493,82,1,1
BRDA:493,82,2,1
BRDA:493,82,3,1
BRDA:510,83,0,1
BRDA:510,83,1,1
BRDA:510,83,2,1
BRDA:510,83,3,1
BRDA:530,84,0,1
BRDA:530,84,1,1
BRDA:535,85,0,1
BRDA:535,85,1,1
BRDA:540,86,0,1
BRDA:540,86,1,1
BRDA:545,87,0,1
BRDA:545,87,1,1
BRDA:563,88,0,2
BRDA:563,88,1,2
BRDA:563,89,0,4
BRDA:563,89,1,2
BRDA:567,90,0,2
BRDA:567,90,1,2
BRF:185
BRH:141
end_of_record
